ERROR - 2024-07-21 03:13:23 --> mysqli_sql_exception: Unknown column 'createdAt' in 'field list' in C:\xampp\htdocs\assurance\system\Database\MySQLi\Connection.php:306
Stack trace:
#0 C:\xampp\htdocs\assurance\system\Database\MySQLi\Connection.php(306): mysqli->query('INSERT INTO `ra...', 0)
#1 C:\xampp\htdocs\assurance\system\Database\BaseConnection.php(693): CodeIgniter\Database\MySQLi\Connection->execute('INSERT INTO `ra...')
#2 C:\xampp\htdocs\assurance\system\Database\BaseConnection.php(607): CodeIgniter\Database\BaseConnection->simpleQuery('INSERT INTO `ra...')
#3 C:\xampp\htdocs\assurance\system\Database\BaseBuilder.php(2308): CodeIgniter\Database\BaseConnection->query('INSERT INTO `ra...', Array, false)
#4 C:\xampp\htdocs\assurance\system\Model.php(319): CodeIgniter\Database\BaseBuilder->insert()
#5 C:\xampp\htdocs\assurance\system\BaseModel.php(788): CodeIgniter\Model->doInsert(Array)
#6 C:\xampp\htdocs\assurance\system\Model.php(715): CodeIgniter\BaseModel->insert(Array, false)
#7 C:\xampp\htdocs\assurance\system\BaseModel.php(698): CodeIgniter\Model->insert(Array, false)
#8 C:\xampp\htdocs\assurance\app\Controllers\examen\ExamenCont.php(24): CodeIgniter\BaseModel->save(Array)
#9 C:\xampp\htdocs\assurance\system\CodeIgniter.php(942): App\Controllers\examen\ExamenCont->ajout_examen()
#10 C:\xampp\htdocs\assurance\system\CodeIgniter.php(502): CodeIgniter\CodeIgniter->runController(Object(App\Controllers\examen\ExamenCont))
#11 C:\xampp\htdocs\assurance\system\CodeIgniter.php(361): CodeIgniter\CodeIgniter->handleRequest(NULL, Object(Config\Cache), false)
#12 C:\xampp\htdocs\assurance\index.php(79): CodeIgniter\CodeIgniter->run()
#13 {main}
ERROR - 2024-07-21 03:29:29 --> mysqli_sql_exception: Unknown column 'createdAt' in 'field list' in C:\xampp\htdocs\assurance\system\Database\MySQLi\Connection.php:306
Stack trace:
#0 C:\xampp\htdocs\assurance\system\Database\MySQLi\Connection.php(306): mysqli->query('INSERT INTO `ra...', 0)
#1 C:\xampp\htdocs\assurance\system\Database\BaseConnection.php(693): CodeIgniter\Database\MySQLi\Connection->execute('INSERT INTO `ra...')
#2 C:\xampp\htdocs\assurance\system\Database\BaseConnection.php(607): CodeIgniter\Database\BaseConnection->simpleQuery('INSERT INTO `ra...')
#3 C:\xampp\htdocs\assurance\system\Database\BaseBuilder.php(2308): CodeIgniter\Database\BaseConnection->query('INSERT INTO `ra...', Array, false)
#4 C:\xampp\htdocs\assurance\system\Model.php(319): CodeIgniter\Database\BaseBuilder->insert()
#5 C:\xampp\htdocs\assurance\system\BaseModel.php(788): CodeIgniter\Model->doInsert(Array)
#6 C:\xampp\htdocs\assurance\system\Model.php(715): CodeIgniter\BaseModel->insert(Array, false)
#7 C:\xampp\htdocs\assurance\system\BaseModel.php(698): CodeIgniter\Model->insert(Array, false)
#8 C:\xampp\htdocs\assurance\app\Controllers\examen\ExamenCont.php(24): CodeIgniter\BaseModel->save(Array)
#9 C:\xampp\htdocs\assurance\system\CodeIgniter.php(942): App\Controllers\examen\ExamenCont->ajout_examen()
#10 C:\xampp\htdocs\assurance\system\CodeIgniter.php(502): CodeIgniter\CodeIgniter->runController(Object(App\Controllers\examen\ExamenCont))
#11 C:\xampp\htdocs\assurance\system\CodeIgniter.php(361): CodeIgniter\CodeIgniter->handleRequest(NULL, Object(Config\Cache), false)
#12 C:\xampp\htdocs\assurance\index.php(79): CodeIgniter\CodeIgniter->run()
#13 {main}
