ERROR - 2024-10-11 18:12:48 --> Error connecting to the database: mysqli_sql_exception: Access denied for user 'root'@'localhost' (using password: NO) in E:\Wamp64\www\Assurance\system\Database\MySQLi\Connection.php:184
Stack trace:
#0 E:\Wamp64\www\Assurance\system\Database\MySQLi\Connection.php(184): mysqli->real_connect('localhost', 'root', Object(SensitiveParameterValue), 'assurance', 3306, '', 0)
#1 E:\Wamp64\www\Assurance\system\Database\BaseConnection.php(392): CodeIgniter\Database\MySQLi\Connection->connect(false)
#2 E:\Wamp64\www\Assurance\system\Database\BaseConnection.php(575): CodeIgniter\Database\BaseConnection->initialize()
#3 E:\Wamp64\www\Assurance\system\Database\BaseBuilder.php(1615): CodeIgniter\Database\BaseConnection->query('SELECT `role`.`...', Array, false)
#4 E:\Wamp64\www\Assurance\system\Model.php(264): CodeIgniter\Database\BaseBuilder->get()
#5 E:\Wamp64\www\Assurance\system\BaseModel.php(662): CodeIgniter\Model->doFirst()
#6 E:\Wamp64\www\Assurance\app\Controllers\login\LoginCont.php(58): CodeIgniter\BaseModel->first()
#7 E:\Wamp64\www\Assurance\system\CodeIgniter.php(942): App\Controllers\login\LoginCont->authentifier()
#8 E:\Wamp64\www\Assurance\system\CodeIgniter.php(502): CodeIgniter\CodeIgniter->runController(Object(App\Controllers\login\LoginCont))
#9 E:\Wamp64\www\Assurance\system\CodeIgniter.php(361): CodeIgniter\CodeIgniter->handleRequest(NULL, Object(Config\Cache), false)
#10 E:\Wamp64\www\Assurance\index.php(79): CodeIgniter\CodeIgniter->run()
#11 {main}

Next CodeIgniter\Database\Exceptions\DatabaseException: Access denied for user '****'@'localhost' (using password: NO) in E:\Wamp64\www\Assurance\system\Database\MySQLi\Connection.php:229
Stack trace:
#0 E:\Wamp64\www\Assurance\system\Database\BaseConnection.php(392): CodeIgniter\Database\MySQLi\Connection->connect(false)
#1 E:\Wamp64\www\Assurance\system\Database\BaseConnection.php(575): CodeIgniter\Database\BaseConnection->initialize()
#2 E:\Wamp64\www\Assurance\system\Database\BaseBuilder.php(1615): CodeIgniter\Database\BaseConnection->query('SELECT `role`.`...', Array, false)
#3 E:\Wamp64\www\Assurance\system\Model.php(264): CodeIgniter\Database\BaseBuilder->get()
#4 E:\Wamp64\www\Assurance\system\BaseModel.php(662): CodeIgniter\Model->doFirst()
#5 E:\Wamp64\www\Assurance\app\Controllers\login\LoginCont.php(58): CodeIgniter\BaseModel->first()
#6 E:\Wamp64\www\Assurance\system\CodeIgniter.php(942): App\Controllers\login\LoginCont->authentifier()
#7 E:\Wamp64\www\Assurance\system\CodeIgniter.php(502): CodeIgniter\CodeIgniter->runController(Object(App\Controllers\login\LoginCont))
#8 E:\Wamp64\www\Assurance\system\CodeIgniter.php(361): CodeIgniter\CodeIgniter->handleRequest(NULL, Object(Config\Cache), false)
#9 E:\Wamp64\www\Assurance\index.php(79): CodeIgniter\CodeIgniter->run()
#10 {main}
ERROR - 2024-10-11 18:12:53 --> Error connecting to the database: mysqli_sql_exception: Access denied for user 'root'@'localhost' (using password: NO) in E:\Wamp64\www\Assurance\system\Database\MySQLi\Connection.php:184
Stack trace:
#0 E:\Wamp64\www\Assurance\system\Database\MySQLi\Connection.php(184): mysqli->real_connect('localhost', 'root', Object(SensitiveParameterValue), 'assurance', 3306, '', 0)
#1 E:\Wamp64\www\Assurance\system\Database\BaseConnection.php(392): CodeIgniter\Database\MySQLi\Connection->connect(false)
#2 E:\Wamp64\www\Assurance\system\Database\BaseConnection.php(575): CodeIgniter\Database\BaseConnection->initialize()
#3 E:\Wamp64\www\Assurance\system\Database\BaseBuilder.php(1615): CodeIgniter\Database\BaseConnection->query('SELECT `role`.`...', Array, false)
#4 E:\Wamp64\www\Assurance\system\Model.php(264): CodeIgniter\Database\BaseBuilder->get()
#5 E:\Wamp64\www\Assurance\system\BaseModel.php(662): CodeIgniter\Model->doFirst()
#6 E:\Wamp64\www\Assurance\app\Controllers\login\LoginCont.php(58): CodeIgniter\BaseModel->first()
#7 E:\Wamp64\www\Assurance\system\CodeIgniter.php(942): App\Controllers\login\LoginCont->authentifier()
#8 E:\Wamp64\www\Assurance\system\CodeIgniter.php(502): CodeIgniter\CodeIgniter->runController(Object(App\Controllers\login\LoginCont))
#9 E:\Wamp64\www\Assurance\system\CodeIgniter.php(361): CodeIgniter\CodeIgniter->handleRequest(NULL, Object(Config\Cache), false)
#10 E:\Wamp64\www\Assurance\index.php(79): CodeIgniter\CodeIgniter->run()
#11 {main}

Next CodeIgniter\Database\Exceptions\DatabaseException: Access denied for user '****'@'localhost' (using password: NO) in E:\Wamp64\www\Assurance\system\Database\MySQLi\Connection.php:229
Stack trace:
#0 E:\Wamp64\www\Assurance\system\Database\BaseConnection.php(392): CodeIgniter\Database\MySQLi\Connection->connect(false)
#1 E:\Wamp64\www\Assurance\system\Database\BaseConnection.php(575): CodeIgniter\Database\BaseConnection->initialize()
#2 E:\Wamp64\www\Assurance\system\Database\BaseBuilder.php(1615): CodeIgniter\Database\BaseConnection->query('SELECT `role`.`...', Array, false)
#3 E:\Wamp64\www\Assurance\system\Model.php(264): CodeIgniter\Database\BaseBuilder->get()
#4 E:\Wamp64\www\Assurance\system\BaseModel.php(662): CodeIgniter\Model->doFirst()
#5 E:\Wamp64\www\Assurance\app\Controllers\login\LoginCont.php(58): CodeIgniter\BaseModel->first()
#6 E:\Wamp64\www\Assurance\system\CodeIgniter.php(942): App\Controllers\login\LoginCont->authentifier()
#7 E:\Wamp64\www\Assurance\system\CodeIgniter.php(502): CodeIgniter\CodeIgniter->runController(Object(App\Controllers\login\LoginCont))
#8 E:\Wamp64\www\Assurance\system\CodeIgniter.php(361): CodeIgniter\CodeIgniter->handleRequest(NULL, Object(Config\Cache), false)
#9 E:\Wamp64\www\Assurance\index.php(79): CodeIgniter\CodeIgniter->run()
#10 {main}
ERROR - 2024-10-11 18:13:55 --> Error connecting to the database: mysqli_sql_exception: Access denied for user 'root'@'localhost' (using password: NO) in E:\Wamp64\www\Assurance\system\Database\MySQLi\Connection.php:184
Stack trace:
#0 E:\Wamp64\www\Assurance\system\Database\MySQLi\Connection.php(184): mysqli->real_connect('localhost', 'root', Object(SensitiveParameterValue), 'assurance', 3306, '', 0)
#1 E:\Wamp64\www\Assurance\system\Database\BaseConnection.php(392): CodeIgniter\Database\MySQLi\Connection->connect(false)
#2 E:\Wamp64\www\Assurance\system\Database\BaseConnection.php(575): CodeIgniter\Database\BaseConnection->initialize()
#3 E:\Wamp64\www\Assurance\system\Database\BaseBuilder.php(1615): CodeIgniter\Database\BaseConnection->query('SELECT `role`.`...', Array, false)
#4 E:\Wamp64\www\Assurance\system\Model.php(264): CodeIgniter\Database\BaseBuilder->get()
#5 E:\Wamp64\www\Assurance\system\BaseModel.php(662): CodeIgniter\Model->doFirst()
#6 E:\Wamp64\www\Assurance\app\Controllers\login\LoginCont.php(58): CodeIgniter\BaseModel->first()
#7 E:\Wamp64\www\Assurance\system\CodeIgniter.php(942): App\Controllers\login\LoginCont->authentifier()
#8 E:\Wamp64\www\Assurance\system\CodeIgniter.php(502): CodeIgniter\CodeIgniter->runController(Object(App\Controllers\login\LoginCont))
#9 E:\Wamp64\www\Assurance\system\CodeIgniter.php(361): CodeIgniter\CodeIgniter->handleRequest(NULL, Object(Config\Cache), false)
#10 E:\Wamp64\www\Assurance\index.php(79): CodeIgniter\CodeIgniter->run()
#11 {main}

Next CodeIgniter\Database\Exceptions\DatabaseException: Access denied for user '****'@'localhost' (using password: NO) in E:\Wamp64\www\Assurance\system\Database\MySQLi\Connection.php:229
Stack trace:
#0 E:\Wamp64\www\Assurance\system\Database\BaseConnection.php(392): CodeIgniter\Database\MySQLi\Connection->connect(false)
#1 E:\Wamp64\www\Assurance\system\Database\BaseConnection.php(575): CodeIgniter\Database\BaseConnection->initialize()
#2 E:\Wamp64\www\Assurance\system\Database\BaseBuilder.php(1615): CodeIgniter\Database\BaseConnection->query('SELECT `role`.`...', Array, false)
#3 E:\Wamp64\www\Assurance\system\Model.php(264): CodeIgniter\Database\BaseBuilder->get()
#4 E:\Wamp64\www\Assurance\system\BaseModel.php(662): CodeIgniter\Model->doFirst()
#5 E:\Wamp64\www\Assurance\app\Controllers\login\LoginCont.php(58): CodeIgniter\BaseModel->first()
#6 E:\Wamp64\www\Assurance\system\CodeIgniter.php(942): App\Controllers\login\LoginCont->authentifier()
#7 E:\Wamp64\www\Assurance\system\CodeIgniter.php(502): CodeIgniter\CodeIgniter->runController(Object(App\Controllers\login\LoginCont))
#8 E:\Wamp64\www\Assurance\system\CodeIgniter.php(361): CodeIgniter\CodeIgniter->handleRequest(NULL, Object(Config\Cache), false)
#9 E:\Wamp64\www\Assurance\index.php(79): CodeIgniter\CodeIgniter->run()
#10 {main}
ERROR - 2024-10-11 18:14:03 --> Error connecting to the database: mysqli_sql_exception: Access denied for user 'root'@'localhost' (using password: NO) in E:\Wamp64\www\Assurance\system\Database\MySQLi\Connection.php:184
Stack trace:
#0 E:\Wamp64\www\Assurance\system\Database\MySQLi\Connection.php(184): mysqli->real_connect('localhost', 'root', Object(SensitiveParameterValue), 'assurance', 3306, '', 0)
#1 E:\Wamp64\www\Assurance\system\Database\BaseConnection.php(392): CodeIgniter\Database\MySQLi\Connection->connect(false)
#2 E:\Wamp64\www\Assurance\system\Database\BaseConnection.php(575): CodeIgniter\Database\BaseConnection->initialize()
#3 E:\Wamp64\www\Assurance\system\Database\BaseBuilder.php(1615): CodeIgniter\Database\BaseConnection->query('SELECT `role`.`...', Array, false)
#4 E:\Wamp64\www\Assurance\system\Model.php(264): CodeIgniter\Database\BaseBuilder->get()
#5 E:\Wamp64\www\Assurance\system\BaseModel.php(662): CodeIgniter\Model->doFirst()
#6 E:\Wamp64\www\Assurance\app\Controllers\login\LoginCont.php(58): CodeIgniter\BaseModel->first()
#7 E:\Wamp64\www\Assurance\system\CodeIgniter.php(942): App\Controllers\login\LoginCont->authentifier()
#8 E:\Wamp64\www\Assurance\system\CodeIgniter.php(502): CodeIgniter\CodeIgniter->runController(Object(App\Controllers\login\LoginCont))
#9 E:\Wamp64\www\Assurance\system\CodeIgniter.php(361): CodeIgniter\CodeIgniter->handleRequest(NULL, Object(Config\Cache), false)
#10 E:\Wamp64\www\Assurance\index.php(79): CodeIgniter\CodeIgniter->run()
#11 {main}

Next CodeIgniter\Database\Exceptions\DatabaseException: Access denied for user '****'@'localhost' (using password: NO) in E:\Wamp64\www\Assurance\system\Database\MySQLi\Connection.php:229
Stack trace:
#0 E:\Wamp64\www\Assurance\system\Database\BaseConnection.php(392): CodeIgniter\Database\MySQLi\Connection->connect(false)
#1 E:\Wamp64\www\Assurance\system\Database\BaseConnection.php(575): CodeIgniter\Database\BaseConnection->initialize()
#2 E:\Wamp64\www\Assurance\system\Database\BaseBuilder.php(1615): CodeIgniter\Database\BaseConnection->query('SELECT `role`.`...', Array, false)
#3 E:\Wamp64\www\Assurance\system\Model.php(264): CodeIgniter\Database\BaseBuilder->get()
#4 E:\Wamp64\www\Assurance\system\BaseModel.php(662): CodeIgniter\Model->doFirst()
#5 E:\Wamp64\www\Assurance\app\Controllers\login\LoginCont.php(58): CodeIgniter\BaseModel->first()
#6 E:\Wamp64\www\Assurance\system\CodeIgniter.php(942): App\Controllers\login\LoginCont->authentifier()
#7 E:\Wamp64\www\Assurance\system\CodeIgniter.php(502): CodeIgniter\CodeIgniter->runController(Object(App\Controllers\login\LoginCont))
#8 E:\Wamp64\www\Assurance\system\CodeIgniter.php(361): CodeIgniter\CodeIgniter->handleRequest(NULL, Object(Config\Cache), false)
#9 E:\Wamp64\www\Assurance\index.php(79): CodeIgniter\CodeIgniter->run()
#10 {main}
ERROR - 2024-10-11 18:14:04 --> Error connecting to the database: mysqli_sql_exception: Access denied for user 'root'@'localhost' (using password: NO) in E:\Wamp64\www\Assurance\system\Database\MySQLi\Connection.php:184
Stack trace:
#0 E:\Wamp64\www\Assurance\system\Database\MySQLi\Connection.php(184): mysqli->real_connect('localhost', 'root', Object(SensitiveParameterValue), 'assurance', 3306, '', 0)
#1 E:\Wamp64\www\Assurance\system\Database\BaseConnection.php(392): CodeIgniter\Database\MySQLi\Connection->connect(false)
#2 E:\Wamp64\www\Assurance\system\Database\BaseConnection.php(575): CodeIgniter\Database\BaseConnection->initialize()
#3 E:\Wamp64\www\Assurance\system\Database\BaseBuilder.php(1615): CodeIgniter\Database\BaseConnection->query('SELECT `role`.`...', Array, false)
#4 E:\Wamp64\www\Assurance\system\Model.php(264): CodeIgniter\Database\BaseBuilder->get()
#5 E:\Wamp64\www\Assurance\system\BaseModel.php(662): CodeIgniter\Model->doFirst()
#6 E:\Wamp64\www\Assurance\app\Controllers\login\LoginCont.php(58): CodeIgniter\BaseModel->first()
#7 E:\Wamp64\www\Assurance\system\CodeIgniter.php(942): App\Controllers\login\LoginCont->authentifier()
#8 E:\Wamp64\www\Assurance\system\CodeIgniter.php(502): CodeIgniter\CodeIgniter->runController(Object(App\Controllers\login\LoginCont))
#9 E:\Wamp64\www\Assurance\system\CodeIgniter.php(361): CodeIgniter\CodeIgniter->handleRequest(NULL, Object(Config\Cache), false)
#10 E:\Wamp64\www\Assurance\index.php(79): CodeIgniter\CodeIgniter->run()
#11 {main}

Next CodeIgniter\Database\Exceptions\DatabaseException: Access denied for user '****'@'localhost' (using password: NO) in E:\Wamp64\www\Assurance\system\Database\MySQLi\Connection.php:229
Stack trace:
#0 E:\Wamp64\www\Assurance\system\Database\BaseConnection.php(392): CodeIgniter\Database\MySQLi\Connection->connect(false)
#1 E:\Wamp64\www\Assurance\system\Database\BaseConnection.php(575): CodeIgniter\Database\BaseConnection->initialize()
#2 E:\Wamp64\www\Assurance\system\Database\BaseBuilder.php(1615): CodeIgniter\Database\BaseConnection->query('SELECT `role`.`...', Array, false)
#3 E:\Wamp64\www\Assurance\system\Model.php(264): CodeIgniter\Database\BaseBuilder->get()
#4 E:\Wamp64\www\Assurance\system\BaseModel.php(662): CodeIgniter\Model->doFirst()
#5 E:\Wamp64\www\Assurance\app\Controllers\login\LoginCont.php(58): CodeIgniter\BaseModel->first()
#6 E:\Wamp64\www\Assurance\system\CodeIgniter.php(942): App\Controllers\login\LoginCont->authentifier()
#7 E:\Wamp64\www\Assurance\system\CodeIgniter.php(502): CodeIgniter\CodeIgniter->runController(Object(App\Controllers\login\LoginCont))
#8 E:\Wamp64\www\Assurance\system\CodeIgniter.php(361): CodeIgniter\CodeIgniter->handleRequest(NULL, Object(Config\Cache), false)
#9 E:\Wamp64\www\Assurance\index.php(79): CodeIgniter\CodeIgniter->run()
#10 {main}
ERROR - 2024-10-11 18:14:09 --> Error connecting to the database: mysqli_sql_exception: Access denied for user 'root'@'localhost' (using password: NO) in E:\Wamp64\www\Assurance\system\Database\MySQLi\Connection.php:184
Stack trace:
#0 E:\Wamp64\www\Assurance\system\Database\MySQLi\Connection.php(184): mysqli->real_connect('localhost', 'root', Object(SensitiveParameterValue), 'assurance', 3306, '', 0)
#1 E:\Wamp64\www\Assurance\system\Database\BaseConnection.php(392): CodeIgniter\Database\MySQLi\Connection->connect(false)
#2 E:\Wamp64\www\Assurance\system\Database\BaseConnection.php(575): CodeIgniter\Database\BaseConnection->initialize()
#3 E:\Wamp64\www\Assurance\system\Database\BaseBuilder.php(1615): CodeIgniter\Database\BaseConnection->query('SELECT `role`.`...', Array, false)
#4 E:\Wamp64\www\Assurance\system\Model.php(264): CodeIgniter\Database\BaseBuilder->get()
#5 E:\Wamp64\www\Assurance\system\BaseModel.php(662): CodeIgniter\Model->doFirst()
#6 E:\Wamp64\www\Assurance\app\Controllers\login\LoginCont.php(58): CodeIgniter\BaseModel->first()
#7 E:\Wamp64\www\Assurance\system\CodeIgniter.php(942): App\Controllers\login\LoginCont->authentifier()
#8 E:\Wamp64\www\Assurance\system\CodeIgniter.php(502): CodeIgniter\CodeIgniter->runController(Object(App\Controllers\login\LoginCont))
#9 E:\Wamp64\www\Assurance\system\CodeIgniter.php(361): CodeIgniter\CodeIgniter->handleRequest(NULL, Object(Config\Cache), false)
#10 E:\Wamp64\www\Assurance\index.php(79): CodeIgniter\CodeIgniter->run()
#11 {main}

Next CodeIgniter\Database\Exceptions\DatabaseException: Access denied for user '****'@'localhost' (using password: NO) in E:\Wamp64\www\Assurance\system\Database\MySQLi\Connection.php:229
Stack trace:
#0 E:\Wamp64\www\Assurance\system\Database\BaseConnection.php(392): CodeIgniter\Database\MySQLi\Connection->connect(false)
#1 E:\Wamp64\www\Assurance\system\Database\BaseConnection.php(575): CodeIgniter\Database\BaseConnection->initialize()
#2 E:\Wamp64\www\Assurance\system\Database\BaseBuilder.php(1615): CodeIgniter\Database\BaseConnection->query('SELECT `role`.`...', Array, false)
#3 E:\Wamp64\www\Assurance\system\Model.php(264): CodeIgniter\Database\BaseBuilder->get()
#4 E:\Wamp64\www\Assurance\system\BaseModel.php(662): CodeIgniter\Model->doFirst()
#5 E:\Wamp64\www\Assurance\app\Controllers\login\LoginCont.php(58): CodeIgniter\BaseModel->first()
#6 E:\Wamp64\www\Assurance\system\CodeIgniter.php(942): App\Controllers\login\LoginCont->authentifier()
#7 E:\Wamp64\www\Assurance\system\CodeIgniter.php(502): CodeIgniter\CodeIgniter->runController(Object(App\Controllers\login\LoginCont))
#8 E:\Wamp64\www\Assurance\system\CodeIgniter.php(361): CodeIgniter\CodeIgniter->handleRequest(NULL, Object(Config\Cache), false)
#9 E:\Wamp64\www\Assurance\index.php(79): CodeIgniter\CodeIgniter->run()
#10 {main}
ERROR - 2024-10-11 18:14:10 --> Error connecting to the database: mysqli_sql_exception: Access denied for user 'root'@'localhost' (using password: NO) in E:\Wamp64\www\Assurance\system\Database\MySQLi\Connection.php:184
Stack trace:
#0 E:\Wamp64\www\Assurance\system\Database\MySQLi\Connection.php(184): mysqli->real_connect('localhost', 'root', Object(SensitiveParameterValue), 'assurance', 3306, '', 0)
#1 E:\Wamp64\www\Assurance\system\Database\BaseConnection.php(392): CodeIgniter\Database\MySQLi\Connection->connect(false)
#2 E:\Wamp64\www\Assurance\system\Database\BaseConnection.php(575): CodeIgniter\Database\BaseConnection->initialize()
#3 E:\Wamp64\www\Assurance\system\Database\BaseBuilder.php(1615): CodeIgniter\Database\BaseConnection->query('SELECT `role`.`...', Array, false)
#4 E:\Wamp64\www\Assurance\system\Model.php(264): CodeIgniter\Database\BaseBuilder->get()
#5 E:\Wamp64\www\Assurance\system\BaseModel.php(662): CodeIgniter\Model->doFirst()
#6 E:\Wamp64\www\Assurance\app\Controllers\login\LoginCont.php(58): CodeIgniter\BaseModel->first()
#7 E:\Wamp64\www\Assurance\system\CodeIgniter.php(942): App\Controllers\login\LoginCont->authentifier()
#8 E:\Wamp64\www\Assurance\system\CodeIgniter.php(502): CodeIgniter\CodeIgniter->runController(Object(App\Controllers\login\LoginCont))
#9 E:\Wamp64\www\Assurance\system\CodeIgniter.php(361): CodeIgniter\CodeIgniter->handleRequest(NULL, Object(Config\Cache), false)
#10 E:\Wamp64\www\Assurance\index.php(79): CodeIgniter\CodeIgniter->run()
#11 {main}

Next CodeIgniter\Database\Exceptions\DatabaseException: Access denied for user '****'@'localhost' (using password: NO) in E:\Wamp64\www\Assurance\system\Database\MySQLi\Connection.php:229
Stack trace:
#0 E:\Wamp64\www\Assurance\system\Database\BaseConnection.php(392): CodeIgniter\Database\MySQLi\Connection->connect(false)
#1 E:\Wamp64\www\Assurance\system\Database\BaseConnection.php(575): CodeIgniter\Database\BaseConnection->initialize()
#2 E:\Wamp64\www\Assurance\system\Database\BaseBuilder.php(1615): CodeIgniter\Database\BaseConnection->query('SELECT `role`.`...', Array, false)
#3 E:\Wamp64\www\Assurance\system\Model.php(264): CodeIgniter\Database\BaseBuilder->get()
#4 E:\Wamp64\www\Assurance\system\BaseModel.php(662): CodeIgniter\Model->doFirst()
#5 E:\Wamp64\www\Assurance\app\Controllers\login\LoginCont.php(58): CodeIgniter\BaseModel->first()
#6 E:\Wamp64\www\Assurance\system\CodeIgniter.php(942): App\Controllers\login\LoginCont->authentifier()
#7 E:\Wamp64\www\Assurance\system\CodeIgniter.php(502): CodeIgniter\CodeIgniter->runController(Object(App\Controllers\login\LoginCont))
#8 E:\Wamp64\www\Assurance\system\CodeIgniter.php(361): CodeIgniter\CodeIgniter->handleRequest(NULL, Object(Config\Cache), false)
#9 E:\Wamp64\www\Assurance\index.php(79): CodeIgniter\CodeIgniter->run()
#10 {main}
ERROR - 2024-10-11 18:14:10 --> Error connecting to the database: mysqli_sql_exception: Access denied for user 'root'@'localhost' (using password: NO) in E:\Wamp64\www\Assurance\system\Database\MySQLi\Connection.php:184
Stack trace:
#0 E:\Wamp64\www\Assurance\system\Database\MySQLi\Connection.php(184): mysqli->real_connect('localhost', 'root', Object(SensitiveParameterValue), 'assurance', 3306, '', 0)
#1 E:\Wamp64\www\Assurance\system\Database\BaseConnection.php(392): CodeIgniter\Database\MySQLi\Connection->connect(false)
#2 E:\Wamp64\www\Assurance\system\Database\BaseConnection.php(575): CodeIgniter\Database\BaseConnection->initialize()
#3 E:\Wamp64\www\Assurance\system\Database\BaseBuilder.php(1615): CodeIgniter\Database\BaseConnection->query('SELECT `role`.`...', Array, false)
#4 E:\Wamp64\www\Assurance\system\Model.php(264): CodeIgniter\Database\BaseBuilder->get()
#5 E:\Wamp64\www\Assurance\system\BaseModel.php(662): CodeIgniter\Model->doFirst()
#6 E:\Wamp64\www\Assurance\app\Controllers\login\LoginCont.php(58): CodeIgniter\BaseModel->first()
#7 E:\Wamp64\www\Assurance\system\CodeIgniter.php(942): App\Controllers\login\LoginCont->authentifier()
#8 E:\Wamp64\www\Assurance\system\CodeIgniter.php(502): CodeIgniter\CodeIgniter->runController(Object(App\Controllers\login\LoginCont))
#9 E:\Wamp64\www\Assurance\system\CodeIgniter.php(361): CodeIgniter\CodeIgniter->handleRequest(NULL, Object(Config\Cache), false)
#10 E:\Wamp64\www\Assurance\index.php(79): CodeIgniter\CodeIgniter->run()
#11 {main}

Next CodeIgniter\Database\Exceptions\DatabaseException: Access denied for user '****'@'localhost' (using password: NO) in E:\Wamp64\www\Assurance\system\Database\MySQLi\Connection.php:229
Stack trace:
#0 E:\Wamp64\www\Assurance\system\Database\BaseConnection.php(392): CodeIgniter\Database\MySQLi\Connection->connect(false)
#1 E:\Wamp64\www\Assurance\system\Database\BaseConnection.php(575): CodeIgniter\Database\BaseConnection->initialize()
#2 E:\Wamp64\www\Assurance\system\Database\BaseBuilder.php(1615): CodeIgniter\Database\BaseConnection->query('SELECT `role`.`...', Array, false)
#3 E:\Wamp64\www\Assurance\system\Model.php(264): CodeIgniter\Database\BaseBuilder->get()
#4 E:\Wamp64\www\Assurance\system\BaseModel.php(662): CodeIgniter\Model->doFirst()
#5 E:\Wamp64\www\Assurance\app\Controllers\login\LoginCont.php(58): CodeIgniter\BaseModel->first()
#6 E:\Wamp64\www\Assurance\system\CodeIgniter.php(942): App\Controllers\login\LoginCont->authentifier()
#7 E:\Wamp64\www\Assurance\system\CodeIgniter.php(502): CodeIgniter\CodeIgniter->runController(Object(App\Controllers\login\LoginCont))
#8 E:\Wamp64\www\Assurance\system\CodeIgniter.php(361): CodeIgniter\CodeIgniter->handleRequest(NULL, Object(Config\Cache), false)
#9 E:\Wamp64\www\Assurance\index.php(79): CodeIgniter\CodeIgniter->run()
#10 {main}
ERROR - 2024-10-11 18:14:10 --> Error connecting to the database: mysqli_sql_exception: Access denied for user 'root'@'localhost' (using password: NO) in E:\Wamp64\www\Assurance\system\Database\MySQLi\Connection.php:184
Stack trace:
#0 E:\Wamp64\www\Assurance\system\Database\MySQLi\Connection.php(184): mysqli->real_connect('localhost', 'root', Object(SensitiveParameterValue), 'assurance', 3306, '', 0)
#1 E:\Wamp64\www\Assurance\system\Database\BaseConnection.php(392): CodeIgniter\Database\MySQLi\Connection->connect(false)
#2 E:\Wamp64\www\Assurance\system\Database\BaseConnection.php(575): CodeIgniter\Database\BaseConnection->initialize()
#3 E:\Wamp64\www\Assurance\system\Database\BaseBuilder.php(1615): CodeIgniter\Database\BaseConnection->query('SELECT `role`.`...', Array, false)
#4 E:\Wamp64\www\Assurance\system\Model.php(264): CodeIgniter\Database\BaseBuilder->get()
#5 E:\Wamp64\www\Assurance\system\BaseModel.php(662): CodeIgniter\Model->doFirst()
#6 E:\Wamp64\www\Assurance\app\Controllers\login\LoginCont.php(58): CodeIgniter\BaseModel->first()
#7 E:\Wamp64\www\Assurance\system\CodeIgniter.php(942): App\Controllers\login\LoginCont->authentifier()
#8 E:\Wamp64\www\Assurance\system\CodeIgniter.php(502): CodeIgniter\CodeIgniter->runController(Object(App\Controllers\login\LoginCont))
#9 E:\Wamp64\www\Assurance\system\CodeIgniter.php(361): CodeIgniter\CodeIgniter->handleRequest(NULL, Object(Config\Cache), false)
#10 E:\Wamp64\www\Assurance\index.php(79): CodeIgniter\CodeIgniter->run()
#11 {main}

Next CodeIgniter\Database\Exceptions\DatabaseException: Access denied for user '****'@'localhost' (using password: NO) in E:\Wamp64\www\Assurance\system\Database\MySQLi\Connection.php:229
Stack trace:
#0 E:\Wamp64\www\Assurance\system\Database\BaseConnection.php(392): CodeIgniter\Database\MySQLi\Connection->connect(false)
#1 E:\Wamp64\www\Assurance\system\Database\BaseConnection.php(575): CodeIgniter\Database\BaseConnection->initialize()
#2 E:\Wamp64\www\Assurance\system\Database\BaseBuilder.php(1615): CodeIgniter\Database\BaseConnection->query('SELECT `role`.`...', Array, false)
#3 E:\Wamp64\www\Assurance\system\Model.php(264): CodeIgniter\Database\BaseBuilder->get()
#4 E:\Wamp64\www\Assurance\system\BaseModel.php(662): CodeIgniter\Model->doFirst()
#5 E:\Wamp64\www\Assurance\app\Controllers\login\LoginCont.php(58): CodeIgniter\BaseModel->first()
#6 E:\Wamp64\www\Assurance\system\CodeIgniter.php(942): App\Controllers\login\LoginCont->authentifier()
#7 E:\Wamp64\www\Assurance\system\CodeIgniter.php(502): CodeIgniter\CodeIgniter->runController(Object(App\Controllers\login\LoginCont))
#8 E:\Wamp64\www\Assurance\system\CodeIgniter.php(361): CodeIgniter\CodeIgniter->handleRequest(NULL, Object(Config\Cache), false)
#9 E:\Wamp64\www\Assurance\index.php(79): CodeIgniter\CodeIgniter->run()
#10 {main}
ERROR - 2024-10-11 18:14:11 --> Error connecting to the database: mysqli_sql_exception: Access denied for user 'root'@'localhost' (using password: NO) in E:\Wamp64\www\Assurance\system\Database\MySQLi\Connection.php:184
Stack trace:
#0 E:\Wamp64\www\Assurance\system\Database\MySQLi\Connection.php(184): mysqli->real_connect('localhost', 'root', Object(SensitiveParameterValue), 'assurance', 3306, '', 0)
#1 E:\Wamp64\www\Assurance\system\Database\BaseConnection.php(392): CodeIgniter\Database\MySQLi\Connection->connect(false)
#2 E:\Wamp64\www\Assurance\system\Database\BaseConnection.php(575): CodeIgniter\Database\BaseConnection->initialize()
#3 E:\Wamp64\www\Assurance\system\Database\BaseBuilder.php(1615): CodeIgniter\Database\BaseConnection->query('SELECT `role`.`...', Array, false)
#4 E:\Wamp64\www\Assurance\system\Model.php(264): CodeIgniter\Database\BaseBuilder->get()
#5 E:\Wamp64\www\Assurance\system\BaseModel.php(662): CodeIgniter\Model->doFirst()
#6 E:\Wamp64\www\Assurance\app\Controllers\login\LoginCont.php(58): CodeIgniter\BaseModel->first()
#7 E:\Wamp64\www\Assurance\system\CodeIgniter.php(942): App\Controllers\login\LoginCont->authentifier()
#8 E:\Wamp64\www\Assurance\system\CodeIgniter.php(502): CodeIgniter\CodeIgniter->runController(Object(App\Controllers\login\LoginCont))
#9 E:\Wamp64\www\Assurance\system\CodeIgniter.php(361): CodeIgniter\CodeIgniter->handleRequest(NULL, Object(Config\Cache), false)
#10 E:\Wamp64\www\Assurance\index.php(79): CodeIgniter\CodeIgniter->run()
#11 {main}

Next CodeIgniter\Database\Exceptions\DatabaseException: Access denied for user '****'@'localhost' (using password: NO) in E:\Wamp64\www\Assurance\system\Database\MySQLi\Connection.php:229
Stack trace:
#0 E:\Wamp64\www\Assurance\system\Database\BaseConnection.php(392): CodeIgniter\Database\MySQLi\Connection->connect(false)
#1 E:\Wamp64\www\Assurance\system\Database\BaseConnection.php(575): CodeIgniter\Database\BaseConnection->initialize()
#2 E:\Wamp64\www\Assurance\system\Database\BaseBuilder.php(1615): CodeIgniter\Database\BaseConnection->query('SELECT `role`.`...', Array, false)
#3 E:\Wamp64\www\Assurance\system\Model.php(264): CodeIgniter\Database\BaseBuilder->get()
#4 E:\Wamp64\www\Assurance\system\BaseModel.php(662): CodeIgniter\Model->doFirst()
#5 E:\Wamp64\www\Assurance\app\Controllers\login\LoginCont.php(58): CodeIgniter\BaseModel->first()
#6 E:\Wamp64\www\Assurance\system\CodeIgniter.php(942): App\Controllers\login\LoginCont->authentifier()
#7 E:\Wamp64\www\Assurance\system\CodeIgniter.php(502): CodeIgniter\CodeIgniter->runController(Object(App\Controllers\login\LoginCont))
#8 E:\Wamp64\www\Assurance\system\CodeIgniter.php(361): CodeIgniter\CodeIgniter->handleRequest(NULL, Object(Config\Cache), false)
#9 E:\Wamp64\www\Assurance\index.php(79): CodeIgniter\CodeIgniter->run()
#10 {main}
ERROR - 2024-10-11 18:14:11 --> Error connecting to the database: mysqli_sql_exception: Access denied for user 'root'@'localhost' (using password: NO) in E:\Wamp64\www\Assurance\system\Database\MySQLi\Connection.php:184
Stack trace:
#0 E:\Wamp64\www\Assurance\system\Database\MySQLi\Connection.php(184): mysqli->real_connect('localhost', 'root', Object(SensitiveParameterValue), 'assurance', 3306, '', 0)
#1 E:\Wamp64\www\Assurance\system\Database\BaseConnection.php(392): CodeIgniter\Database\MySQLi\Connection->connect(false)
#2 E:\Wamp64\www\Assurance\system\Database\BaseConnection.php(575): CodeIgniter\Database\BaseConnection->initialize()
#3 E:\Wamp64\www\Assurance\system\Database\BaseBuilder.php(1615): CodeIgniter\Database\BaseConnection->query('SELECT `role`.`...', Array, false)
#4 E:\Wamp64\www\Assurance\system\Model.php(264): CodeIgniter\Database\BaseBuilder->get()
#5 E:\Wamp64\www\Assurance\system\BaseModel.php(662): CodeIgniter\Model->doFirst()
#6 E:\Wamp64\www\Assurance\app\Controllers\login\LoginCont.php(58): CodeIgniter\BaseModel->first()
#7 E:\Wamp64\www\Assurance\system\CodeIgniter.php(942): App\Controllers\login\LoginCont->authentifier()
#8 E:\Wamp64\www\Assurance\system\CodeIgniter.php(502): CodeIgniter\CodeIgniter->runController(Object(App\Controllers\login\LoginCont))
#9 E:\Wamp64\www\Assurance\system\CodeIgniter.php(361): CodeIgniter\CodeIgniter->handleRequest(NULL, Object(Config\Cache), false)
#10 E:\Wamp64\www\Assurance\index.php(79): CodeIgniter\CodeIgniter->run()
#11 {main}

Next CodeIgniter\Database\Exceptions\DatabaseException: Access denied for user '****'@'localhost' (using password: NO) in E:\Wamp64\www\Assurance\system\Database\MySQLi\Connection.php:229
Stack trace:
#0 E:\Wamp64\www\Assurance\system\Database\BaseConnection.php(392): CodeIgniter\Database\MySQLi\Connection->connect(false)
#1 E:\Wamp64\www\Assurance\system\Database\BaseConnection.php(575): CodeIgniter\Database\BaseConnection->initialize()
#2 E:\Wamp64\www\Assurance\system\Database\BaseBuilder.php(1615): CodeIgniter\Database\BaseConnection->query('SELECT `role`.`...', Array, false)
#3 E:\Wamp64\www\Assurance\system\Model.php(264): CodeIgniter\Database\BaseBuilder->get()
#4 E:\Wamp64\www\Assurance\system\BaseModel.php(662): CodeIgniter\Model->doFirst()
#5 E:\Wamp64\www\Assurance\app\Controllers\login\LoginCont.php(58): CodeIgniter\BaseModel->first()
#6 E:\Wamp64\www\Assurance\system\CodeIgniter.php(942): App\Controllers\login\LoginCont->authentifier()
#7 E:\Wamp64\www\Assurance\system\CodeIgniter.php(502): CodeIgniter\CodeIgniter->runController(Object(App\Controllers\login\LoginCont))
#8 E:\Wamp64\www\Assurance\system\CodeIgniter.php(361): CodeIgniter\CodeIgniter->handleRequest(NULL, Object(Config\Cache), false)
#9 E:\Wamp64\www\Assurance\index.php(79): CodeIgniter\CodeIgniter->run()
#10 {main}
ERROR - 2024-10-11 18:14:11 --> Error connecting to the database: mysqli_sql_exception: Access denied for user 'root'@'localhost' (using password: NO) in E:\Wamp64\www\Assurance\system\Database\MySQLi\Connection.php:184
Stack trace:
#0 E:\Wamp64\www\Assurance\system\Database\MySQLi\Connection.php(184): mysqli->real_connect('localhost', 'root', Object(SensitiveParameterValue), 'assurance', 3306, '', 0)
#1 E:\Wamp64\www\Assurance\system\Database\BaseConnection.php(392): CodeIgniter\Database\MySQLi\Connection->connect(false)
#2 E:\Wamp64\www\Assurance\system\Database\BaseConnection.php(575): CodeIgniter\Database\BaseConnection->initialize()
#3 E:\Wamp64\www\Assurance\system\Database\BaseBuilder.php(1615): CodeIgniter\Database\BaseConnection->query('SELECT `role`.`...', Array, false)
#4 E:\Wamp64\www\Assurance\system\Model.php(264): CodeIgniter\Database\BaseBuilder->get()
#5 E:\Wamp64\www\Assurance\system\BaseModel.php(662): CodeIgniter\Model->doFirst()
#6 E:\Wamp64\www\Assurance\app\Controllers\login\LoginCont.php(58): CodeIgniter\BaseModel->first()
#7 E:\Wamp64\www\Assurance\system\CodeIgniter.php(942): App\Controllers\login\LoginCont->authentifier()
#8 E:\Wamp64\www\Assurance\system\CodeIgniter.php(502): CodeIgniter\CodeIgniter->runController(Object(App\Controllers\login\LoginCont))
#9 E:\Wamp64\www\Assurance\system\CodeIgniter.php(361): CodeIgniter\CodeIgniter->handleRequest(NULL, Object(Config\Cache), false)
#10 E:\Wamp64\www\Assurance\index.php(79): CodeIgniter\CodeIgniter->run()
#11 {main}

Next CodeIgniter\Database\Exceptions\DatabaseException: Access denied for user '****'@'localhost' (using password: NO) in E:\Wamp64\www\Assurance\system\Database\MySQLi\Connection.php:229
Stack trace:
#0 E:\Wamp64\www\Assurance\system\Database\BaseConnection.php(392): CodeIgniter\Database\MySQLi\Connection->connect(false)
#1 E:\Wamp64\www\Assurance\system\Database\BaseConnection.php(575): CodeIgniter\Database\BaseConnection->initialize()
#2 E:\Wamp64\www\Assurance\system\Database\BaseBuilder.php(1615): CodeIgniter\Database\BaseConnection->query('SELECT `role`.`...', Array, false)
#3 E:\Wamp64\www\Assurance\system\Model.php(264): CodeIgniter\Database\BaseBuilder->get()
#4 E:\Wamp64\www\Assurance\system\BaseModel.php(662): CodeIgniter\Model->doFirst()
#5 E:\Wamp64\www\Assurance\app\Controllers\login\LoginCont.php(58): CodeIgniter\BaseModel->first()
#6 E:\Wamp64\www\Assurance\system\CodeIgniter.php(942): App\Controllers\login\LoginCont->authentifier()
#7 E:\Wamp64\www\Assurance\system\CodeIgniter.php(502): CodeIgniter\CodeIgniter->runController(Object(App\Controllers\login\LoginCont))
#8 E:\Wamp64\www\Assurance\system\CodeIgniter.php(361): CodeIgniter\CodeIgniter->handleRequest(NULL, Object(Config\Cache), false)
#9 E:\Wamp64\www\Assurance\index.php(79): CodeIgniter\CodeIgniter->run()
#10 {main}
ERROR - 2024-10-11 18:14:11 --> Error connecting to the database: mysqli_sql_exception: Access denied for user 'root'@'localhost' (using password: NO) in E:\Wamp64\www\Assurance\system\Database\MySQLi\Connection.php:184
Stack trace:
#0 E:\Wamp64\www\Assurance\system\Database\MySQLi\Connection.php(184): mysqli->real_connect('localhost', 'root', Object(SensitiveParameterValue), 'assurance', 3306, '', 0)
#1 E:\Wamp64\www\Assurance\system\Database\BaseConnection.php(392): CodeIgniter\Database\MySQLi\Connection->connect(false)
#2 E:\Wamp64\www\Assurance\system\Database\BaseConnection.php(575): CodeIgniter\Database\BaseConnection->initialize()
#3 E:\Wamp64\www\Assurance\system\Database\BaseBuilder.php(1615): CodeIgniter\Database\BaseConnection->query('SELECT `role`.`...', Array, false)
#4 E:\Wamp64\www\Assurance\system\Model.php(264): CodeIgniter\Database\BaseBuilder->get()
#5 E:\Wamp64\www\Assurance\system\BaseModel.php(662): CodeIgniter\Model->doFirst()
#6 E:\Wamp64\www\Assurance\app\Controllers\login\LoginCont.php(58): CodeIgniter\BaseModel->first()
#7 E:\Wamp64\www\Assurance\system\CodeIgniter.php(942): App\Controllers\login\LoginCont->authentifier()
#8 E:\Wamp64\www\Assurance\system\CodeIgniter.php(502): CodeIgniter\CodeIgniter->runController(Object(App\Controllers\login\LoginCont))
#9 E:\Wamp64\www\Assurance\system\CodeIgniter.php(361): CodeIgniter\CodeIgniter->handleRequest(NULL, Object(Config\Cache), false)
#10 E:\Wamp64\www\Assurance\index.php(79): CodeIgniter\CodeIgniter->run()
#11 {main}

Next CodeIgniter\Database\Exceptions\DatabaseException: Access denied for user '****'@'localhost' (using password: NO) in E:\Wamp64\www\Assurance\system\Database\MySQLi\Connection.php:229
Stack trace:
#0 E:\Wamp64\www\Assurance\system\Database\BaseConnection.php(392): CodeIgniter\Database\MySQLi\Connection->connect(false)
#1 E:\Wamp64\www\Assurance\system\Database\BaseConnection.php(575): CodeIgniter\Database\BaseConnection->initialize()
#2 E:\Wamp64\www\Assurance\system\Database\BaseBuilder.php(1615): CodeIgniter\Database\BaseConnection->query('SELECT `role`.`...', Array, false)
#3 E:\Wamp64\www\Assurance\system\Model.php(264): CodeIgniter\Database\BaseBuilder->get()
#4 E:\Wamp64\www\Assurance\system\BaseModel.php(662): CodeIgniter\Model->doFirst()
#5 E:\Wamp64\www\Assurance\app\Controllers\login\LoginCont.php(58): CodeIgniter\BaseModel->first()
#6 E:\Wamp64\www\Assurance\system\CodeIgniter.php(942): App\Controllers\login\LoginCont->authentifier()
#7 E:\Wamp64\www\Assurance\system\CodeIgniter.php(502): CodeIgniter\CodeIgniter->runController(Object(App\Controllers\login\LoginCont))
#8 E:\Wamp64\www\Assurance\system\CodeIgniter.php(361): CodeIgniter\CodeIgniter->handleRequest(NULL, Object(Config\Cache), false)
#9 E:\Wamp64\www\Assurance\index.php(79): CodeIgniter\CodeIgniter->run()
#10 {main}
ERROR - 2024-10-11 18:14:16 --> Error connecting to the database: mysqli_sql_exception: Access denied for user 'root'@'localhost' (using password: NO) in E:\Wamp64\www\Assurance\system\Database\MySQLi\Connection.php:184
Stack trace:
#0 E:\Wamp64\www\Assurance\system\Database\MySQLi\Connection.php(184): mysqli->real_connect('localhost', 'root', Object(SensitiveParameterValue), 'assurance', 3306, '', 0)
#1 E:\Wamp64\www\Assurance\system\Database\BaseConnection.php(392): CodeIgniter\Database\MySQLi\Connection->connect(false)
#2 E:\Wamp64\www\Assurance\system\Database\BaseConnection.php(575): CodeIgniter\Database\BaseConnection->initialize()
#3 E:\Wamp64\www\Assurance\system\Database\BaseBuilder.php(1615): CodeIgniter\Database\BaseConnection->query('SELECT `role`.`...', Array, false)
#4 E:\Wamp64\www\Assurance\system\Model.php(264): CodeIgniter\Database\BaseBuilder->get()
#5 E:\Wamp64\www\Assurance\system\BaseModel.php(662): CodeIgniter\Model->doFirst()
#6 E:\Wamp64\www\Assurance\app\Controllers\login\LoginCont.php(58): CodeIgniter\BaseModel->first()
#7 E:\Wamp64\www\Assurance\system\CodeIgniter.php(942): App\Controllers\login\LoginCont->authentifier()
#8 E:\Wamp64\www\Assurance\system\CodeIgniter.php(502): CodeIgniter\CodeIgniter->runController(Object(App\Controllers\login\LoginCont))
#9 E:\Wamp64\www\Assurance\system\CodeIgniter.php(361): CodeIgniter\CodeIgniter->handleRequest(NULL, Object(Config\Cache), false)
#10 E:\Wamp64\www\Assurance\index.php(79): CodeIgniter\CodeIgniter->run()
#11 {main}

Next CodeIgniter\Database\Exceptions\DatabaseException: Access denied for user '****'@'localhost' (using password: NO) in E:\Wamp64\www\Assurance\system\Database\MySQLi\Connection.php:229
Stack trace:
#0 E:\Wamp64\www\Assurance\system\Database\BaseConnection.php(392): CodeIgniter\Database\MySQLi\Connection->connect(false)
#1 E:\Wamp64\www\Assurance\system\Database\BaseConnection.php(575): CodeIgniter\Database\BaseConnection->initialize()
#2 E:\Wamp64\www\Assurance\system\Database\BaseBuilder.php(1615): CodeIgniter\Database\BaseConnection->query('SELECT `role`.`...', Array, false)
#3 E:\Wamp64\www\Assurance\system\Model.php(264): CodeIgniter\Database\BaseBuilder->get()
#4 E:\Wamp64\www\Assurance\system\BaseModel.php(662): CodeIgniter\Model->doFirst()
#5 E:\Wamp64\www\Assurance\app\Controllers\login\LoginCont.php(58): CodeIgniter\BaseModel->first()
#6 E:\Wamp64\www\Assurance\system\CodeIgniter.php(942): App\Controllers\login\LoginCont->authentifier()
#7 E:\Wamp64\www\Assurance\system\CodeIgniter.php(502): CodeIgniter\CodeIgniter->runController(Object(App\Controllers\login\LoginCont))
#8 E:\Wamp64\www\Assurance\system\CodeIgniter.php(361): CodeIgniter\CodeIgniter->handleRequest(NULL, Object(Config\Cache), false)
#9 E:\Wamp64\www\Assurance\index.php(79): CodeIgniter\CodeIgniter->run()
#10 {main}
ERROR - 2024-10-11 18:14:17 --> Error connecting to the database: mysqli_sql_exception: Access denied for user 'root'@'localhost' (using password: NO) in E:\Wamp64\www\Assurance\system\Database\MySQLi\Connection.php:184
Stack trace:
#0 E:\Wamp64\www\Assurance\system\Database\MySQLi\Connection.php(184): mysqli->real_connect('localhost', 'root', Object(SensitiveParameterValue), 'assurance', 3306, '', 0)
#1 E:\Wamp64\www\Assurance\system\Database\BaseConnection.php(392): CodeIgniter\Database\MySQLi\Connection->connect(false)
#2 E:\Wamp64\www\Assurance\system\Database\BaseConnection.php(575): CodeIgniter\Database\BaseConnection->initialize()
#3 E:\Wamp64\www\Assurance\system\Database\BaseBuilder.php(1615): CodeIgniter\Database\BaseConnection->query('SELECT `role`.`...', Array, false)
#4 E:\Wamp64\www\Assurance\system\Model.php(264): CodeIgniter\Database\BaseBuilder->get()
#5 E:\Wamp64\www\Assurance\system\BaseModel.php(662): CodeIgniter\Model->doFirst()
#6 E:\Wamp64\www\Assurance\app\Controllers\login\LoginCont.php(58): CodeIgniter\BaseModel->first()
#7 E:\Wamp64\www\Assurance\system\CodeIgniter.php(942): App\Controllers\login\LoginCont->authentifier()
#8 E:\Wamp64\www\Assurance\system\CodeIgniter.php(502): CodeIgniter\CodeIgniter->runController(Object(App\Controllers\login\LoginCont))
#9 E:\Wamp64\www\Assurance\system\CodeIgniter.php(361): CodeIgniter\CodeIgniter->handleRequest(NULL, Object(Config\Cache), false)
#10 E:\Wamp64\www\Assurance\index.php(79): CodeIgniter\CodeIgniter->run()
#11 {main}

Next CodeIgniter\Database\Exceptions\DatabaseException: Access denied for user '****'@'localhost' (using password: NO) in E:\Wamp64\www\Assurance\system\Database\MySQLi\Connection.php:229
Stack trace:
#0 E:\Wamp64\www\Assurance\system\Database\BaseConnection.php(392): CodeIgniter\Database\MySQLi\Connection->connect(false)
#1 E:\Wamp64\www\Assurance\system\Database\BaseConnection.php(575): CodeIgniter\Database\BaseConnection->initialize()
#2 E:\Wamp64\www\Assurance\system\Database\BaseBuilder.php(1615): CodeIgniter\Database\BaseConnection->query('SELECT `role`.`...', Array, false)
#3 E:\Wamp64\www\Assurance\system\Model.php(264): CodeIgniter\Database\BaseBuilder->get()
#4 E:\Wamp64\www\Assurance\system\BaseModel.php(662): CodeIgniter\Model->doFirst()
#5 E:\Wamp64\www\Assurance\app\Controllers\login\LoginCont.php(58): CodeIgniter\BaseModel->first()
#6 E:\Wamp64\www\Assurance\system\CodeIgniter.php(942): App\Controllers\login\LoginCont->authentifier()
#7 E:\Wamp64\www\Assurance\system\CodeIgniter.php(502): CodeIgniter\CodeIgniter->runController(Object(App\Controllers\login\LoginCont))
#8 E:\Wamp64\www\Assurance\system\CodeIgniter.php(361): CodeIgniter\CodeIgniter->handleRequest(NULL, Object(Config\Cache), false)
#9 E:\Wamp64\www\Assurance\index.php(79): CodeIgniter\CodeIgniter->run()
#10 {main}
ERROR - 2024-10-11 18:14:19 --> Error connecting to the database: mysqli_sql_exception: Access denied for user 'root'@'localhost' (using password: NO) in E:\Wamp64\www\Assurance\system\Database\MySQLi\Connection.php:184
Stack trace:
#0 E:\Wamp64\www\Assurance\system\Database\MySQLi\Connection.php(184): mysqli->real_connect('localhost', 'root', Object(SensitiveParameterValue), 'assurance', 3306, '', 0)
#1 E:\Wamp64\www\Assurance\system\Database\BaseConnection.php(392): CodeIgniter\Database\MySQLi\Connection->connect(false)
#2 E:\Wamp64\www\Assurance\system\Database\BaseConnection.php(575): CodeIgniter\Database\BaseConnection->initialize()
#3 E:\Wamp64\www\Assurance\system\Database\BaseBuilder.php(1615): CodeIgniter\Database\BaseConnection->query('SELECT `role`.`...', Array, false)
#4 E:\Wamp64\www\Assurance\system\Model.php(264): CodeIgniter\Database\BaseBuilder->get()
#5 E:\Wamp64\www\Assurance\system\BaseModel.php(662): CodeIgniter\Model->doFirst()
#6 E:\Wamp64\www\Assurance\app\Controllers\login\LoginCont.php(58): CodeIgniter\BaseModel->first()
#7 E:\Wamp64\www\Assurance\system\CodeIgniter.php(942): App\Controllers\login\LoginCont->authentifier()
#8 E:\Wamp64\www\Assurance\system\CodeIgniter.php(502): CodeIgniter\CodeIgniter->runController(Object(App\Controllers\login\LoginCont))
#9 E:\Wamp64\www\Assurance\system\CodeIgniter.php(361): CodeIgniter\CodeIgniter->handleRequest(NULL, Object(Config\Cache), false)
#10 E:\Wamp64\www\Assurance\index.php(79): CodeIgniter\CodeIgniter->run()
#11 {main}

Next CodeIgniter\Database\Exceptions\DatabaseException: Access denied for user '****'@'localhost' (using password: NO) in E:\Wamp64\www\Assurance\system\Database\MySQLi\Connection.php:229
Stack trace:
#0 E:\Wamp64\www\Assurance\system\Database\BaseConnection.php(392): CodeIgniter\Database\MySQLi\Connection->connect(false)
#1 E:\Wamp64\www\Assurance\system\Database\BaseConnection.php(575): CodeIgniter\Database\BaseConnection->initialize()
#2 E:\Wamp64\www\Assurance\system\Database\BaseBuilder.php(1615): CodeIgniter\Database\BaseConnection->query('SELECT `role`.`...', Array, false)
#3 E:\Wamp64\www\Assurance\system\Model.php(264): CodeIgniter\Database\BaseBuilder->get()
#4 E:\Wamp64\www\Assurance\system\BaseModel.php(662): CodeIgniter\Model->doFirst()
#5 E:\Wamp64\www\Assurance\app\Controllers\login\LoginCont.php(58): CodeIgniter\BaseModel->first()
#6 E:\Wamp64\www\Assurance\system\CodeIgniter.php(942): App\Controllers\login\LoginCont->authentifier()
#7 E:\Wamp64\www\Assurance\system\CodeIgniter.php(502): CodeIgniter\CodeIgniter->runController(Object(App\Controllers\login\LoginCont))
#8 E:\Wamp64\www\Assurance\system\CodeIgniter.php(361): CodeIgniter\CodeIgniter->handleRequest(NULL, Object(Config\Cache), false)
#9 E:\Wamp64\www\Assurance\index.php(79): CodeIgniter\CodeIgniter->run()
#10 {main}
ERROR - 2024-10-11 18:14:38 --> Error connecting to the database: mysqli_sql_exception: Access denied for user 'root'@'localhost' (using password: NO) in E:\Wamp64\www\Assurance\system\Database\MySQLi\Connection.php:184
Stack trace:
#0 E:\Wamp64\www\Assurance\system\Database\MySQLi\Connection.php(184): mysqli->real_connect('localhost', 'root', Object(SensitiveParameterValue), 'assurance', 3306, '', 0)
#1 E:\Wamp64\www\Assurance\system\Database\BaseConnection.php(392): CodeIgniter\Database\MySQLi\Connection->connect(false)
#2 E:\Wamp64\www\Assurance\system\Database\BaseConnection.php(575): CodeIgniter\Database\BaseConnection->initialize()
#3 E:\Wamp64\www\Assurance\system\Database\BaseBuilder.php(1615): CodeIgniter\Database\BaseConnection->query('SELECT `role`.`...', Array, false)
#4 E:\Wamp64\www\Assurance\system\Model.php(264): CodeIgniter\Database\BaseBuilder->get()
#5 E:\Wamp64\www\Assurance\system\BaseModel.php(662): CodeIgniter\Model->doFirst()
#6 E:\Wamp64\www\Assurance\app\Controllers\login\LoginCont.php(58): CodeIgniter\BaseModel->first()
#7 E:\Wamp64\www\Assurance\system\CodeIgniter.php(942): App\Controllers\login\LoginCont->authentifier()
#8 E:\Wamp64\www\Assurance\system\CodeIgniter.php(502): CodeIgniter\CodeIgniter->runController(Object(App\Controllers\login\LoginCont))
#9 E:\Wamp64\www\Assurance\system\CodeIgniter.php(361): CodeIgniter\CodeIgniter->handleRequest(NULL, Object(Config\Cache), false)
#10 E:\Wamp64\www\Assurance\index.php(79): CodeIgniter\CodeIgniter->run()
#11 {main}

Next CodeIgniter\Database\Exceptions\DatabaseException: Access denied for user '****'@'localhost' (using password: NO) in E:\Wamp64\www\Assurance\system\Database\MySQLi\Connection.php:229
Stack trace:
#0 E:\Wamp64\www\Assurance\system\Database\BaseConnection.php(392): CodeIgniter\Database\MySQLi\Connection->connect(false)
#1 E:\Wamp64\www\Assurance\system\Database\BaseConnection.php(575): CodeIgniter\Database\BaseConnection->initialize()
#2 E:\Wamp64\www\Assurance\system\Database\BaseBuilder.php(1615): CodeIgniter\Database\BaseConnection->query('SELECT `role`.`...', Array, false)
#3 E:\Wamp64\www\Assurance\system\Model.php(264): CodeIgniter\Database\BaseBuilder->get()
#4 E:\Wamp64\www\Assurance\system\BaseModel.php(662): CodeIgniter\Model->doFirst()
#5 E:\Wamp64\www\Assurance\app\Controllers\login\LoginCont.php(58): CodeIgniter\BaseModel->first()
#6 E:\Wamp64\www\Assurance\system\CodeIgniter.php(942): App\Controllers\login\LoginCont->authentifier()
#7 E:\Wamp64\www\Assurance\system\CodeIgniter.php(502): CodeIgniter\CodeIgniter->runController(Object(App\Controllers\login\LoginCont))
#8 E:\Wamp64\www\Assurance\system\CodeIgniter.php(361): CodeIgniter\CodeIgniter->handleRequest(NULL, Object(Config\Cache), false)
#9 E:\Wamp64\www\Assurance\index.php(79): CodeIgniter\CodeIgniter->run()
#10 {main}
ERROR - 2024-10-11 18:15:20 --> Error connecting to the database: mysqli_sql_exception: Access denied for user 'root'@'localhost' (using password: NO) in E:\Wamp64\www\Assurance\system\Database\MySQLi\Connection.php:184
Stack trace:
#0 E:\Wamp64\www\Assurance\system\Database\MySQLi\Connection.php(184): mysqli->real_connect('localhost', 'root', Object(SensitiveParameterValue), 'assurance', 3306, '', 0)
#1 E:\Wamp64\www\Assurance\system\Database\BaseConnection.php(392): CodeIgniter\Database\MySQLi\Connection->connect(false)
#2 E:\Wamp64\www\Assurance\system\Database\BaseConnection.php(575): CodeIgniter\Database\BaseConnection->initialize()
#3 E:\Wamp64\www\Assurance\system\Database\BaseBuilder.php(1615): CodeIgniter\Database\BaseConnection->query('SELECT `role`.`...', Array, false)
#4 E:\Wamp64\www\Assurance\system\Model.php(264): CodeIgniter\Database\BaseBuilder->get()
#5 E:\Wamp64\www\Assurance\system\BaseModel.php(662): CodeIgniter\Model->doFirst()
#6 E:\Wamp64\www\Assurance\app\Controllers\login\LoginCont.php(58): CodeIgniter\BaseModel->first()
#7 E:\Wamp64\www\Assurance\system\CodeIgniter.php(942): App\Controllers\login\LoginCont->authentifier()
#8 E:\Wamp64\www\Assurance\system\CodeIgniter.php(502): CodeIgniter\CodeIgniter->runController(Object(App\Controllers\login\LoginCont))
#9 E:\Wamp64\www\Assurance\system\CodeIgniter.php(361): CodeIgniter\CodeIgniter->handleRequest(NULL, Object(Config\Cache), false)
#10 E:\Wamp64\www\Assurance\index.php(79): CodeIgniter\CodeIgniter->run()
#11 {main}

Next CodeIgniter\Database\Exceptions\DatabaseException: Access denied for user '****'@'localhost' (using password: NO) in E:\Wamp64\www\Assurance\system\Database\MySQLi\Connection.php:229
Stack trace:
#0 E:\Wamp64\www\Assurance\system\Database\BaseConnection.php(392): CodeIgniter\Database\MySQLi\Connection->connect(false)
#1 E:\Wamp64\www\Assurance\system\Database\BaseConnection.php(575): CodeIgniter\Database\BaseConnection->initialize()
#2 E:\Wamp64\www\Assurance\system\Database\BaseBuilder.php(1615): CodeIgniter\Database\BaseConnection->query('SELECT `role`.`...', Array, false)
#3 E:\Wamp64\www\Assurance\system\Model.php(264): CodeIgniter\Database\BaseBuilder->get()
#4 E:\Wamp64\www\Assurance\system\BaseModel.php(662): CodeIgniter\Model->doFirst()
#5 E:\Wamp64\www\Assurance\app\Controllers\login\LoginCont.php(58): CodeIgniter\BaseModel->first()
#6 E:\Wamp64\www\Assurance\system\CodeIgniter.php(942): App\Controllers\login\LoginCont->authentifier()
#7 E:\Wamp64\www\Assurance\system\CodeIgniter.php(502): CodeIgniter\CodeIgniter->runController(Object(App\Controllers\login\LoginCont))
#8 E:\Wamp64\www\Assurance\system\CodeIgniter.php(361): CodeIgniter\CodeIgniter->handleRequest(NULL, Object(Config\Cache), false)
#9 E:\Wamp64\www\Assurance\index.php(79): CodeIgniter\CodeIgniter->run()
#10 {main}
ERROR - 2024-10-11 18:15:38 --> Error connecting to the database: mysqli_sql_exception: Access denied for user 'root'@'localhost' (using password: NO) in E:\Wamp64\www\Assurance\system\Database\MySQLi\Connection.php:184
Stack trace:
#0 E:\Wamp64\www\Assurance\system\Database\MySQLi\Connection.php(184): mysqli->real_connect('localhost', 'root', Object(SensitiveParameterValue), 'assurance', 3306, '', 0)
#1 E:\Wamp64\www\Assurance\system\Database\BaseConnection.php(392): CodeIgniter\Database\MySQLi\Connection->connect(false)
#2 E:\Wamp64\www\Assurance\system\Database\BaseConnection.php(575): CodeIgniter\Database\BaseConnection->initialize()
#3 E:\Wamp64\www\Assurance\system\Database\BaseBuilder.php(1615): CodeIgniter\Database\BaseConnection->query('SELECT `role`.`...', Array, false)
#4 E:\Wamp64\www\Assurance\system\Model.php(264): CodeIgniter\Database\BaseBuilder->get()
#5 E:\Wamp64\www\Assurance\system\BaseModel.php(662): CodeIgniter\Model->doFirst()
#6 E:\Wamp64\www\Assurance\app\Controllers\login\LoginCont.php(58): CodeIgniter\BaseModel->first()
#7 E:\Wamp64\www\Assurance\system\CodeIgniter.php(942): App\Controllers\login\LoginCont->authentifier()
#8 E:\Wamp64\www\Assurance\system\CodeIgniter.php(502): CodeIgniter\CodeIgniter->runController(Object(App\Controllers\login\LoginCont))
#9 E:\Wamp64\www\Assurance\system\CodeIgniter.php(361): CodeIgniter\CodeIgniter->handleRequest(NULL, Object(Config\Cache), false)
#10 E:\Wamp64\www\Assurance\index.php(79): CodeIgniter\CodeIgniter->run()
#11 {main}

Next CodeIgniter\Database\Exceptions\DatabaseException: Access denied for user '****'@'localhost' (using password: NO) in E:\Wamp64\www\Assurance\system\Database\MySQLi\Connection.php:229
Stack trace:
#0 E:\Wamp64\www\Assurance\system\Database\BaseConnection.php(392): CodeIgniter\Database\MySQLi\Connection->connect(false)
#1 E:\Wamp64\www\Assurance\system\Database\BaseConnection.php(575): CodeIgniter\Database\BaseConnection->initialize()
#2 E:\Wamp64\www\Assurance\system\Database\BaseBuilder.php(1615): CodeIgniter\Database\BaseConnection->query('SELECT `role`.`...', Array, false)
#3 E:\Wamp64\www\Assurance\system\Model.php(264): CodeIgniter\Database\BaseBuilder->get()
#4 E:\Wamp64\www\Assurance\system\BaseModel.php(662): CodeIgniter\Model->doFirst()
#5 E:\Wamp64\www\Assurance\app\Controllers\login\LoginCont.php(58): CodeIgniter\BaseModel->first()
#6 E:\Wamp64\www\Assurance\system\CodeIgniter.php(942): App\Controllers\login\LoginCont->authentifier()
#7 E:\Wamp64\www\Assurance\system\CodeIgniter.php(502): CodeIgniter\CodeIgniter->runController(Object(App\Controllers\login\LoginCont))
#8 E:\Wamp64\www\Assurance\system\CodeIgniter.php(361): CodeIgniter\CodeIgniter->handleRequest(NULL, Object(Config\Cache), false)
#9 E:\Wamp64\www\Assurance\index.php(79): CodeIgniter\CodeIgniter->run()
#10 {main}
ERROR - 2024-10-11 18:15:46 --> Error connecting to the database: mysqli_sql_exception: Access denied for user 'root'@'localhost' (using password: NO) in E:\Wamp64\www\Assurance\system\Database\MySQLi\Connection.php:184
Stack trace:
#0 E:\Wamp64\www\Assurance\system\Database\MySQLi\Connection.php(184): mysqli->real_connect('localhost', 'root', Object(SensitiveParameterValue), 'assurance', 3306, '', 0)
#1 E:\Wamp64\www\Assurance\system\Database\BaseConnection.php(392): CodeIgniter\Database\MySQLi\Connection->connect(false)
#2 E:\Wamp64\www\Assurance\system\Database\BaseConnection.php(575): CodeIgniter\Database\BaseConnection->initialize()
#3 E:\Wamp64\www\Assurance\system\Database\BaseBuilder.php(1615): CodeIgniter\Database\BaseConnection->query('SELECT `role`.`...', Array, false)
#4 E:\Wamp64\www\Assurance\system\Model.php(264): CodeIgniter\Database\BaseBuilder->get()
#5 E:\Wamp64\www\Assurance\system\BaseModel.php(662): CodeIgniter\Model->doFirst()
#6 E:\Wamp64\www\Assurance\app\Controllers\login\LoginCont.php(58): CodeIgniter\BaseModel->first()
#7 E:\Wamp64\www\Assurance\system\CodeIgniter.php(942): App\Controllers\login\LoginCont->authentifier()
#8 E:\Wamp64\www\Assurance\system\CodeIgniter.php(502): CodeIgniter\CodeIgniter->runController(Object(App\Controllers\login\LoginCont))
#9 E:\Wamp64\www\Assurance\system\CodeIgniter.php(361): CodeIgniter\CodeIgniter->handleRequest(NULL, Object(Config\Cache), false)
#10 E:\Wamp64\www\Assurance\index.php(79): CodeIgniter\CodeIgniter->run()
#11 {main}

Next CodeIgniter\Database\Exceptions\DatabaseException: Access denied for user '****'@'localhost' (using password: NO) in E:\Wamp64\www\Assurance\system\Database\MySQLi\Connection.php:229
Stack trace:
#0 E:\Wamp64\www\Assurance\system\Database\BaseConnection.php(392): CodeIgniter\Database\MySQLi\Connection->connect(false)
#1 E:\Wamp64\www\Assurance\system\Database\BaseConnection.php(575): CodeIgniter\Database\BaseConnection->initialize()
#2 E:\Wamp64\www\Assurance\system\Database\BaseBuilder.php(1615): CodeIgniter\Database\BaseConnection->query('SELECT `role`.`...', Array, false)
#3 E:\Wamp64\www\Assurance\system\Model.php(264): CodeIgniter\Database\BaseBuilder->get()
#4 E:\Wamp64\www\Assurance\system\BaseModel.php(662): CodeIgniter\Model->doFirst()
#5 E:\Wamp64\www\Assurance\app\Controllers\login\LoginCont.php(58): CodeIgniter\BaseModel->first()
#6 E:\Wamp64\www\Assurance\system\CodeIgniter.php(942): App\Controllers\login\LoginCont->authentifier()
#7 E:\Wamp64\www\Assurance\system\CodeIgniter.php(502): CodeIgniter\CodeIgniter->runController(Object(App\Controllers\login\LoginCont))
#8 E:\Wamp64\www\Assurance\system\CodeIgniter.php(361): CodeIgniter\CodeIgniter->handleRequest(NULL, Object(Config\Cache), false)
#9 E:\Wamp64\www\Assurance\index.php(79): CodeIgniter\CodeIgniter->run()
#10 {main}
ERROR - 2024-10-11 18:19:21 --> Error connecting to the database: mysqli_sql_exception: Access denied for user 'root'@'localhost' (using password: NO) in E:\Wamp64\www\Assurance\system\Database\MySQLi\Connection.php:184
Stack trace:
#0 E:\Wamp64\www\Assurance\system\Database\MySQLi\Connection.php(184): mysqli->real_connect('localhost', 'root', Object(SensitiveParameterValue), 'assurance', 3306, '', 0)
#1 E:\Wamp64\www\Assurance\system\Database\BaseConnection.php(392): CodeIgniter\Database\MySQLi\Connection->connect(false)
#2 E:\Wamp64\www\Assurance\system\Database\BaseConnection.php(575): CodeIgniter\Database\BaseConnection->initialize()
#3 E:\Wamp64\www\Assurance\system\Database\BaseBuilder.php(1615): CodeIgniter\Database\BaseConnection->query('SELECT `role`.`...', Array, false)
#4 E:\Wamp64\www\Assurance\system\Model.php(264): CodeIgniter\Database\BaseBuilder->get()
#5 E:\Wamp64\www\Assurance\system\BaseModel.php(662): CodeIgniter\Model->doFirst()
#6 E:\Wamp64\www\Assurance\app\Controllers\login\LoginCont.php(58): CodeIgniter\BaseModel->first()
#7 E:\Wamp64\www\Assurance\system\CodeIgniter.php(942): App\Controllers\login\LoginCont->authentifier()
#8 E:\Wamp64\www\Assurance\system\CodeIgniter.php(502): CodeIgniter\CodeIgniter->runController(Object(App\Controllers\login\LoginCont))
#9 E:\Wamp64\www\Assurance\system\CodeIgniter.php(361): CodeIgniter\CodeIgniter->handleRequest(NULL, Object(Config\Cache), false)
#10 E:\Wamp64\www\Assurance\index.php(79): CodeIgniter\CodeIgniter->run()
#11 {main}

Next CodeIgniter\Database\Exceptions\DatabaseException: Access denied for user '****'@'localhost' (using password: NO) in E:\Wamp64\www\Assurance\system\Database\MySQLi\Connection.php:229
Stack trace:
#0 E:\Wamp64\www\Assurance\system\Database\BaseConnection.php(392): CodeIgniter\Database\MySQLi\Connection->connect(false)
#1 E:\Wamp64\www\Assurance\system\Database\BaseConnection.php(575): CodeIgniter\Database\BaseConnection->initialize()
#2 E:\Wamp64\www\Assurance\system\Database\BaseBuilder.php(1615): CodeIgniter\Database\BaseConnection->query('SELECT `role`.`...', Array, false)
#3 E:\Wamp64\www\Assurance\system\Model.php(264): CodeIgniter\Database\BaseBuilder->get()
#4 E:\Wamp64\www\Assurance\system\BaseModel.php(662): CodeIgniter\Model->doFirst()
#5 E:\Wamp64\www\Assurance\app\Controllers\login\LoginCont.php(58): CodeIgniter\BaseModel->first()
#6 E:\Wamp64\www\Assurance\system\CodeIgniter.php(942): App\Controllers\login\LoginCont->authentifier()
#7 E:\Wamp64\www\Assurance\system\CodeIgniter.php(502): CodeIgniter\CodeIgniter->runController(Object(App\Controllers\login\LoginCont))
#8 E:\Wamp64\www\Assurance\system\CodeIgniter.php(361): CodeIgniter\CodeIgniter->handleRequest(NULL, Object(Config\Cache), false)
#9 E:\Wamp64\www\Assurance\index.php(79): CodeIgniter\CodeIgniter->run()
#10 {main}
ERROR - 2024-10-11 18:22:19 --> Error connecting to the database: mysqli_sql_exception: Access denied for user 'root'@'localhost' (using password: NO) in E:\Wamp64\www\Assurance\system\Database\MySQLi\Connection.php:184
Stack trace:
#0 E:\Wamp64\www\Assurance\system\Database\MySQLi\Connection.php(184): mysqli->real_connect('localhost', 'root', Object(SensitiveParameterValue), 'assurance', 3306, '', 0)
#1 E:\Wamp64\www\Assurance\system\Database\BaseConnection.php(392): CodeIgniter\Database\MySQLi\Connection->connect(false)
#2 E:\Wamp64\www\Assurance\system\Database\BaseConnection.php(575): CodeIgniter\Database\BaseConnection->initialize()
#3 E:\Wamp64\www\Assurance\system\Database\BaseBuilder.php(1615): CodeIgniter\Database\BaseConnection->query('SELECT `role`.`...', Array, false)
#4 E:\Wamp64\www\Assurance\system\Model.php(264): CodeIgniter\Database\BaseBuilder->get()
#5 E:\Wamp64\www\Assurance\system\BaseModel.php(662): CodeIgniter\Model->doFirst()
#6 E:\Wamp64\www\Assurance\app\Controllers\login\LoginCont.php(58): CodeIgniter\BaseModel->first()
#7 E:\Wamp64\www\Assurance\system\CodeIgniter.php(942): App\Controllers\login\LoginCont->authentifier()
#8 E:\Wamp64\www\Assurance\system\CodeIgniter.php(502): CodeIgniter\CodeIgniter->runController(Object(App\Controllers\login\LoginCont))
#9 E:\Wamp64\www\Assurance\system\CodeIgniter.php(361): CodeIgniter\CodeIgniter->handleRequest(NULL, Object(Config\Cache), false)
#10 E:\Wamp64\www\Assurance\index.php(79): CodeIgniter\CodeIgniter->run()
#11 {main}

Next CodeIgniter\Database\Exceptions\DatabaseException: Access denied for user '****'@'localhost' (using password: NO) in E:\Wamp64\www\Assurance\system\Database\MySQLi\Connection.php:229
Stack trace:
#0 E:\Wamp64\www\Assurance\system\Database\BaseConnection.php(392): CodeIgniter\Database\MySQLi\Connection->connect(false)
#1 E:\Wamp64\www\Assurance\system\Database\BaseConnection.php(575): CodeIgniter\Database\BaseConnection->initialize()
#2 E:\Wamp64\www\Assurance\system\Database\BaseBuilder.php(1615): CodeIgniter\Database\BaseConnection->query('SELECT `role`.`...', Array, false)
#3 E:\Wamp64\www\Assurance\system\Model.php(264): CodeIgniter\Database\BaseBuilder->get()
#4 E:\Wamp64\www\Assurance\system\BaseModel.php(662): CodeIgniter\Model->doFirst()
#5 E:\Wamp64\www\Assurance\app\Controllers\login\LoginCont.php(58): CodeIgniter\BaseModel->first()
#6 E:\Wamp64\www\Assurance\system\CodeIgniter.php(942): App\Controllers\login\LoginCont->authentifier()
#7 E:\Wamp64\www\Assurance\system\CodeIgniter.php(502): CodeIgniter\CodeIgniter->runController(Object(App\Controllers\login\LoginCont))
#8 E:\Wamp64\www\Assurance\system\CodeIgniter.php(361): CodeIgniter\CodeIgniter->handleRequest(NULL, Object(Config\Cache), false)
#9 E:\Wamp64\www\Assurance\index.php(79): CodeIgniter\CodeIgniter->run()
#10 {main}
ERROR - 2024-10-11 18:22:25 --> Error connecting to the database: mysqli_sql_exception: Access denied for user 'root'@'localhost' (using password: NO) in E:\Wamp64\www\Assurance\system\Database\MySQLi\Connection.php:184
Stack trace:
#0 E:\Wamp64\www\Assurance\system\Database\MySQLi\Connection.php(184): mysqli->real_connect('localhost', 'root', Object(SensitiveParameterValue), 'assurance', 3306, '', 0)
#1 E:\Wamp64\www\Assurance\system\Database\BaseConnection.php(392): CodeIgniter\Database\MySQLi\Connection->connect(false)
#2 E:\Wamp64\www\Assurance\system\Database\BaseConnection.php(575): CodeIgniter\Database\BaseConnection->initialize()
#3 E:\Wamp64\www\Assurance\system\Database\BaseBuilder.php(1615): CodeIgniter\Database\BaseConnection->query('SELECT `role`.`...', Array, false)
#4 E:\Wamp64\www\Assurance\system\Model.php(264): CodeIgniter\Database\BaseBuilder->get()
#5 E:\Wamp64\www\Assurance\system\BaseModel.php(662): CodeIgniter\Model->doFirst()
#6 E:\Wamp64\www\Assurance\app\Controllers\login\LoginCont.php(58): CodeIgniter\BaseModel->first()
#7 E:\Wamp64\www\Assurance\system\CodeIgniter.php(942): App\Controllers\login\LoginCont->authentifier()
#8 E:\Wamp64\www\Assurance\system\CodeIgniter.php(502): CodeIgniter\CodeIgniter->runController(Object(App\Controllers\login\LoginCont))
#9 E:\Wamp64\www\Assurance\system\CodeIgniter.php(361): CodeIgniter\CodeIgniter->handleRequest(NULL, Object(Config\Cache), false)
#10 E:\Wamp64\www\Assurance\index.php(79): CodeIgniter\CodeIgniter->run()
#11 {main}

Next CodeIgniter\Database\Exceptions\DatabaseException: Access denied for user '****'@'localhost' (using password: NO) in E:\Wamp64\www\Assurance\system\Database\MySQLi\Connection.php:229
Stack trace:
#0 E:\Wamp64\www\Assurance\system\Database\BaseConnection.php(392): CodeIgniter\Database\MySQLi\Connection->connect(false)
#1 E:\Wamp64\www\Assurance\system\Database\BaseConnection.php(575): CodeIgniter\Database\BaseConnection->initialize()
#2 E:\Wamp64\www\Assurance\system\Database\BaseBuilder.php(1615): CodeIgniter\Database\BaseConnection->query('SELECT `role`.`...', Array, false)
#3 E:\Wamp64\www\Assurance\system\Model.php(264): CodeIgniter\Database\BaseBuilder->get()
#4 E:\Wamp64\www\Assurance\system\BaseModel.php(662): CodeIgniter\Model->doFirst()
#5 E:\Wamp64\www\Assurance\app\Controllers\login\LoginCont.php(58): CodeIgniter\BaseModel->first()
#6 E:\Wamp64\www\Assurance\system\CodeIgniter.php(942): App\Controllers\login\LoginCont->authentifier()
#7 E:\Wamp64\www\Assurance\system\CodeIgniter.php(502): CodeIgniter\CodeIgniter->runController(Object(App\Controllers\login\LoginCont))
#8 E:\Wamp64\www\Assurance\system\CodeIgniter.php(361): CodeIgniter\CodeIgniter->handleRequest(NULL, Object(Config\Cache), false)
#9 E:\Wamp64\www\Assurance\index.php(79): CodeIgniter\CodeIgniter->run()
#10 {main}
ERROR - 2024-10-11 18:22:29 --> Error connecting to the database: mysqli_sql_exception: Access denied for user 'root'@'localhost' (using password: NO) in E:\Wamp64\www\Assurance\system\Database\MySQLi\Connection.php:184
Stack trace:
#0 E:\Wamp64\www\Assurance\system\Database\MySQLi\Connection.php(184): mysqli->real_connect('localhost', 'root', Object(SensitiveParameterValue), 'assurance', 3306, '', 0)
#1 E:\Wamp64\www\Assurance\system\Database\BaseConnection.php(392): CodeIgniter\Database\MySQLi\Connection->connect(false)
#2 E:\Wamp64\www\Assurance\system\Database\BaseConnection.php(575): CodeIgniter\Database\BaseConnection->initialize()
#3 E:\Wamp64\www\Assurance\system\Database\BaseBuilder.php(1615): CodeIgniter\Database\BaseConnection->query('SELECT `role`.`...', Array, false)
#4 E:\Wamp64\www\Assurance\system\Model.php(264): CodeIgniter\Database\BaseBuilder->get()
#5 E:\Wamp64\www\Assurance\system\BaseModel.php(662): CodeIgniter\Model->doFirst()
#6 E:\Wamp64\www\Assurance\app\Controllers\login\LoginCont.php(58): CodeIgniter\BaseModel->first()
#7 E:\Wamp64\www\Assurance\system\CodeIgniter.php(942): App\Controllers\login\LoginCont->authentifier()
#8 E:\Wamp64\www\Assurance\system\CodeIgniter.php(502): CodeIgniter\CodeIgniter->runController(Object(App\Controllers\login\LoginCont))
#9 E:\Wamp64\www\Assurance\system\CodeIgniter.php(361): CodeIgniter\CodeIgniter->handleRequest(NULL, Object(Config\Cache), false)
#10 E:\Wamp64\www\Assurance\index.php(79): CodeIgniter\CodeIgniter->run()
#11 {main}

Next CodeIgniter\Database\Exceptions\DatabaseException: Access denied for user '****'@'localhost' (using password: NO) in E:\Wamp64\www\Assurance\system\Database\MySQLi\Connection.php:229
Stack trace:
#0 E:\Wamp64\www\Assurance\system\Database\BaseConnection.php(392): CodeIgniter\Database\MySQLi\Connection->connect(false)
#1 E:\Wamp64\www\Assurance\system\Database\BaseConnection.php(575): CodeIgniter\Database\BaseConnection->initialize()
#2 E:\Wamp64\www\Assurance\system\Database\BaseBuilder.php(1615): CodeIgniter\Database\BaseConnection->query('SELECT `role`.`...', Array, false)
#3 E:\Wamp64\www\Assurance\system\Model.php(264): CodeIgniter\Database\BaseBuilder->get()
#4 E:\Wamp64\www\Assurance\system\BaseModel.php(662): CodeIgniter\Model->doFirst()
#5 E:\Wamp64\www\Assurance\app\Controllers\login\LoginCont.php(58): CodeIgniter\BaseModel->first()
#6 E:\Wamp64\www\Assurance\system\CodeIgniter.php(942): App\Controllers\login\LoginCont->authentifier()
#7 E:\Wamp64\www\Assurance\system\CodeIgniter.php(502): CodeIgniter\CodeIgniter->runController(Object(App\Controllers\login\LoginCont))
#8 E:\Wamp64\www\Assurance\system\CodeIgniter.php(361): CodeIgniter\CodeIgniter->handleRequest(NULL, Object(Config\Cache), false)
#9 E:\Wamp64\www\Assurance\index.php(79): CodeIgniter\CodeIgniter->run()
#10 {main}
