CRITICAL - 2024-07-25 16:20:58 --> syntax error, unexpected token "<"
in APPPATH\Controllers\examen\ExamenCont.php on line 131.
 1 SYSTEMPATH\Autoloader\Autoloader.php(291): CodeIgniter\Autoloader\Autoloader->includeFile('C:\\xampp\\htdocs\\assurance\\app\\Controllers\\examen\\ExamenCont.php')
 2 SYSTEMPATH\Autoloader\Autoloader.php(269): CodeIgniter\Autoloader\Autoloader->loadInNamespace('App\\Controllers\\examen\\ExamenCont')
 3 [internal function]: CodeIgniter\Autoloader\Autoloader->loadClass('App\\Controllers\\examen\\ExamenCont')
 4 SYSTEMPATH\CodeIgniter.php(900): class_exists('\\App\\Controllers\\examen\\ExamenCont', true)
 5 SYSTEMPATH\CodeIgniter.php(489): CodeIgniter\CodeIgniter->startController()
 6 SYSTEMPATH\CodeIgniter.php(361): CodeIgniter\CodeIgniter->handleRequest(null, Object(Config\Cache), false)
 7 FCPATH\index.php(79): CodeIgniter\CodeIgniter->run()
CRITICAL - 2024-07-25 16:21:15 --> syntax error, unexpected token "<"
in APPPATH\Controllers\examen\ExamenCont.php on line 131.
 1 SYSTEMPATH\Autoloader\Autoloader.php(291): CodeIgniter\Autoloader\Autoloader->includeFile('C:\\xampp\\htdocs\\assurance\\app\\Controllers\\examen\\ExamenCont.php')
 2 SYSTEMPATH\Autoloader\Autoloader.php(269): CodeIgniter\Autoloader\Autoloader->loadInNamespace('App\\Controllers\\examen\\ExamenCont')
 3 [internal function]: CodeIgniter\Autoloader\Autoloader->loadClass('App\\Controllers\\examen\\ExamenCont')
 4 SYSTEMPATH\CodeIgniter.php(900): class_exists('\\App\\Controllers\\examen\\ExamenCont', true)
 5 SYSTEMPATH\CodeIgniter.php(489): CodeIgniter\CodeIgniter->startController()
 6 SYSTEMPATH\CodeIgniter.php(361): CodeIgniter\CodeIgniter->handleRequest(null, Object(Config\Cache), false)
 7 FCPATH\index.php(79): CodeIgniter\CodeIgniter->run()
CRITICAL - 2024-07-25 16:21:19 --> syntax error, unexpected token "<"
in APPPATH\Controllers\examen\ExamenCont.php on line 131.
 1 SYSTEMPATH\Autoloader\Autoloader.php(291): CodeIgniter\Autoloader\Autoloader->includeFile('C:\\xampp\\htdocs\\assurance\\app\\Controllers\\examen\\ExamenCont.php')
 2 SYSTEMPATH\Autoloader\Autoloader.php(269): CodeIgniter\Autoloader\Autoloader->loadInNamespace('App\\Controllers\\examen\\ExamenCont')
 3 [internal function]: CodeIgniter\Autoloader\Autoloader->loadClass('App\\Controllers\\examen\\ExamenCont')
 4 SYSTEMPATH\CodeIgniter.php(900): class_exists('\\App\\Controllers\\examen\\ExamenCont', true)
 5 SYSTEMPATH\CodeIgniter.php(489): CodeIgniter\CodeIgniter->startController()
 6 SYSTEMPATH\CodeIgniter.php(361): CodeIgniter\CodeIgniter->handleRequest(null, Object(Config\Cache), false)
 7 FCPATH\index.php(79): CodeIgniter\CodeIgniter->run()
