ERROR - 2024-05-01 00:20:08 --> mysqli_sql_exception: La table 'mifidy.devis' n'existe pas in E:\wamp64\www\Deputation\system\Database\MySQLi\Connection.php:306
Stack trace:
#0 E:\wamp64\www\Deputation\system\Database\MySQLi\Connection.php(306): mysqli->query('SELECT *\nFROM `...', 0)
#1 E:\wamp64\www\Deputation\system\Database\BaseConnection.php(693): CodeIgniter\Database\MySQLi\Connection->execute('SELECT *\nFROM `...')
#2 E:\wamp64\www\Deputation\system\Database\BaseConnection.php(607): CodeIgniter\Database\BaseConnection->simpleQuery('SELECT *\nFROM `...')
#3 E:\wamp64\www\Deputation\system\Database\BaseBuilder.php(1615): CodeIgniter\Database\BaseConnection->query('SELECT *\nFROM `...', Array, false)
#4 E:\wamp64\www\Deputation\system\Model.php(237): CodeIgniter\Database\BaseBuilder->get()
#5 E:\wamp64\www\Deputation\system\BaseModel.php(624): CodeIgniter\Model->doFindAll(0, 0)
#6 E:\wamp64\www\Deputation\app\Controllers\dashboard\DashboardCont.php(440): CodeIgniter\BaseModel->findAll()
#7 E:\wamp64\www\Deputation\system\CodeIgniter.php(942): App\Controllers\dashboard\DashboardCont->afficher_chalenge()
#8 E:\wamp64\www\Deputation\system\CodeIgniter.php(502): CodeIgniter\CodeIgniter->runController(Object(App\Controllers\dashboard\DashboardCont))
#9 E:\wamp64\www\Deputation\system\CodeIgniter.php(361): CodeIgniter\CodeIgniter->handleRequest(NULL, Object(Config\Cache), false)
#10 E:\wamp64\www\Deputation\index.php(79): CodeIgniter\CodeIgniter->run()
#11 {main}
ERROR - 2024-05-01 00:20:08 --> mysqli_sql_exception: La table 'mifidy.facture' n'existe pas in E:\wamp64\www\Deputation\system\Database\MySQLi\Connection.php:306
Stack trace:
#0 E:\wamp64\www\Deputation\system\Database\MySQLi\Connection.php(306): mysqli->query('SELECT SUM(somm...', 0)
#1 E:\wamp64\www\Deputation\system\Database\BaseConnection.php(693): CodeIgniter\Database\MySQLi\Connection->execute('SELECT SUM(somm...')
#2 E:\wamp64\www\Deputation\system\Database\BaseConnection.php(607): CodeIgniter\Database\BaseConnection->simpleQuery('SELECT SUM(somm...')
#3 E:\wamp64\www\Deputation\system\Database\BaseBuilder.php(1615): CodeIgniter\Database\BaseConnection->query('SELECT SUM(somm...', Array, false)
#4 E:\wamp64\www\Deputation\system\Model.php(871): CodeIgniter\Database\BaseBuilder->get()
#5 E:\wamp64\www\Deputation\app\Controllers\dashboard\DashboardCont.php(49): CodeIgniter\Model->__call('get', Array)
#6 E:\wamp64\www\Deputation\app\Controllers\dashboard\DashboardCont.php(235): App\Controllers\dashboard\DashboardCont->getLabelsAndDataByGranularity('2024-04-01', '2024-05-01', 'Jour')
#7 E:\wamp64\www\Deputation\system\CodeIgniter.php(942): App\Controllers\dashboard\DashboardCont->afficher_dashboard()
#8 E:\wamp64\www\Deputation\system\CodeIgniter.php(502): CodeIgniter\CodeIgniter->runController(Object(App\Controllers\dashboard\DashboardCont))
#9 E:\wamp64\www\Deputation\system\CodeIgniter.php(361): CodeIgniter\CodeIgniter->handleRequest(NULL, Object(Config\Cache), false)
#10 E:\wamp64\www\Deputation\index.php(79): CodeIgniter\CodeIgniter->run()
#11 {main}
ERROR - 2024-05-01 00:20:08 --> mysqli_sql_exception: La table 'mifidy.facture' n'existe pas in E:\wamp64\www\Deputation\system\Database\MySQLi\Connection.php:306
Stack trace:
#0 E:\wamp64\www\Deputation\system\Database\MySQLi\Connection.php(306): mysqli->query('SELECT SUM(somm...', 0)
#1 E:\wamp64\www\Deputation\system\Database\BaseConnection.php(693): CodeIgniter\Database\MySQLi\Connection->execute('SELECT SUM(somm...')
#2 E:\wamp64\www\Deputation\system\Database\BaseConnection.php(607): CodeIgniter\Database\BaseConnection->simpleQuery('SELECT SUM(somm...')
#3 E:\wamp64\www\Deputation\system\Database\BaseBuilder.php(1615): CodeIgniter\Database\BaseConnection->query('SELECT SUM(somm...', Array, false)
#4 E:\wamp64\www\Deputation\system\Model.php(237): CodeIgniter\Database\BaseBuilder->get()
#5 E:\wamp64\www\Deputation\system\BaseModel.php(624): CodeIgniter\Model->doFindAll(0, 0)
#6 E:\wamp64\www\Deputation\app\Controllers\dashboard\DashboardCont.php(256): CodeIgniter\BaseModel->findAll()
#7 E:\wamp64\www\Deputation\system\CodeIgniter.php(942): App\Controllers\dashboard\DashboardCont->afficher_dashboard()
#8 E:\wamp64\www\Deputation\system\CodeIgniter.php(502): CodeIgniter\CodeIgniter->runController(Object(App\Controllers\dashboard\DashboardCont))
#9 E:\wamp64\www\Deputation\system\CodeIgniter.php(361): CodeIgniter\CodeIgniter->handleRequest(NULL, Object(Config\Cache), false)
#10 E:\wamp64\www\Deputation\index.php(79): CodeIgniter\CodeIgniter->run()
#11 {main}
ERROR - 2024-05-01 07:40:04 --> mysqli_sql_exception: La table 'mifidy.facture' n'existe pas in E:\wamp64\www\Deputation\system\Database\MySQLi\Connection.php:306
Stack trace:
#0 E:\wamp64\www\Deputation\system\Database\MySQLi\Connection.php(306): mysqli->query('SELECT SUM(somm...', 0)
#1 E:\wamp64\www\Deputation\system\Database\BaseConnection.php(693): CodeIgniter\Database\MySQLi\Connection->execute('SELECT SUM(somm...')
#2 E:\wamp64\www\Deputation\system\Database\BaseConnection.php(607): CodeIgniter\Database\BaseConnection->simpleQuery('SELECT SUM(somm...')
#3 E:\wamp64\www\Deputation\system\Database\BaseBuilder.php(1615): CodeIgniter\Database\BaseConnection->query('SELECT SUM(somm...', Array, false)
#4 E:\wamp64\www\Deputation\system\Model.php(871): CodeIgniter\Database\BaseBuilder->get()
#5 E:\wamp64\www\Deputation\app\Controllers\dashboard\DashboardCont.php(49): CodeIgniter\Model->__call('get', Array)
#6 E:\wamp64\www\Deputation\app\Controllers\dashboard\DashboardCont.php(235): App\Controllers\dashboard\DashboardCont->getLabelsAndDataByGranularity('2024-04-01', '2024-05-01', 'Jour')
#7 E:\wamp64\www\Deputation\system\CodeIgniter.php(942): App\Controllers\dashboard\DashboardCont->afficher_dashboard()
#8 E:\wamp64\www\Deputation\system\CodeIgniter.php(502): CodeIgniter\CodeIgniter->runController(Object(App\Controllers\dashboard\DashboardCont))
#9 E:\wamp64\www\Deputation\system\CodeIgniter.php(361): CodeIgniter\CodeIgniter->handleRequest(NULL, Object(Config\Cache), false)
#10 E:\wamp64\www\Deputation\index.php(79): CodeIgniter\CodeIgniter->run()
#11 {main}
ERROR - 2024-05-01 07:40:04 --> mysqli_sql_exception: La table 'mifidy.facture' n'existe pas in E:\wamp64\www\Deputation\system\Database\MySQLi\Connection.php:306
Stack trace:
#0 E:\wamp64\www\Deputation\system\Database\MySQLi\Connection.php(306): mysqli->query('SELECT SUM(somm...', 0)
#1 E:\wamp64\www\Deputation\system\Database\BaseConnection.php(693): CodeIgniter\Database\MySQLi\Connection->execute('SELECT SUM(somm...')
#2 E:\wamp64\www\Deputation\system\Database\BaseConnection.php(607): CodeIgniter\Database\BaseConnection->simpleQuery('SELECT SUM(somm...')
#3 E:\wamp64\www\Deputation\system\Database\BaseBuilder.php(1615): CodeIgniter\Database\BaseConnection->query('SELECT SUM(somm...', Array, false)
#4 E:\wamp64\www\Deputation\system\Model.php(237): CodeIgniter\Database\BaseBuilder->get()
#5 E:\wamp64\www\Deputation\system\BaseModel.php(624): CodeIgniter\Model->doFindAll(0, 0)
#6 E:\wamp64\www\Deputation\app\Controllers\dashboard\DashboardCont.php(256): CodeIgniter\BaseModel->findAll()
#7 E:\wamp64\www\Deputation\system\CodeIgniter.php(942): App\Controllers\dashboard\DashboardCont->afficher_dashboard()
#8 E:\wamp64\www\Deputation\system\CodeIgniter.php(502): CodeIgniter\CodeIgniter->runController(Object(App\Controllers\dashboard\DashboardCont))
#9 E:\wamp64\www\Deputation\system\CodeIgniter.php(361): CodeIgniter\CodeIgniter->handleRequest(NULL, Object(Config\Cache), false)
#10 E:\wamp64\www\Deputation\index.php(79): CodeIgniter\CodeIgniter->run()
#11 {main}
ERROR - 2024-05-01 07:40:04 --> mysqli_sql_exception: La table 'mifidy.devis' n'existe pas in E:\wamp64\www\Deputation\system\Database\MySQLi\Connection.php:306
Stack trace:
#0 E:\wamp64\www\Deputation\system\Database\MySQLi\Connection.php(306): mysqli->query('SELECT *\nFROM `...', 0)
#1 E:\wamp64\www\Deputation\system\Database\BaseConnection.php(693): CodeIgniter\Database\MySQLi\Connection->execute('SELECT *\nFROM `...')
#2 E:\wamp64\www\Deputation\system\Database\BaseConnection.php(607): CodeIgniter\Database\BaseConnection->simpleQuery('SELECT *\nFROM `...')
#3 E:\wamp64\www\Deputation\system\Database\BaseBuilder.php(1615): CodeIgniter\Database\BaseConnection->query('SELECT *\nFROM `...', Array, false)
#4 E:\wamp64\www\Deputation\system\Model.php(237): CodeIgniter\Database\BaseBuilder->get()
#5 E:\wamp64\www\Deputation\system\BaseModel.php(624): CodeIgniter\Model->doFindAll(0, 0)
#6 E:\wamp64\www\Deputation\app\Controllers\dashboard\DashboardCont.php(440): CodeIgniter\BaseModel->findAll()
#7 E:\wamp64\www\Deputation\system\CodeIgniter.php(942): App\Controllers\dashboard\DashboardCont->afficher_chalenge()
#8 E:\wamp64\www\Deputation\system\CodeIgniter.php(502): CodeIgniter\CodeIgniter->runController(Object(App\Controllers\dashboard\DashboardCont))
#9 E:\wamp64\www\Deputation\system\CodeIgniter.php(361): CodeIgniter\CodeIgniter->handleRequest(NULL, Object(Config\Cache), false)
#10 E:\wamp64\www\Deputation\index.php(79): CodeIgniter\CodeIgniter->run()
#11 {main}
ERROR - 2024-05-01 08:29:46 --> mysqli_sql_exception: La table 'mifidy.devis' n'existe pas in E:\wamp64\www\Deputation\system\Database\MySQLi\Connection.php:306
Stack trace:
#0 E:\wamp64\www\Deputation\system\Database\MySQLi\Connection.php(306): mysqli->query('SELECT *\nFROM `...', 0)
#1 E:\wamp64\www\Deputation\system\Database\BaseConnection.php(693): CodeIgniter\Database\MySQLi\Connection->execute('SELECT *\nFROM `...')
#2 E:\wamp64\www\Deputation\system\Database\BaseConnection.php(607): CodeIgniter\Database\BaseConnection->simpleQuery('SELECT *\nFROM `...')
#3 E:\wamp64\www\Deputation\system\Database\BaseBuilder.php(1615): CodeIgniter\Database\BaseConnection->query('SELECT *\nFROM `...', Array, false)
#4 E:\wamp64\www\Deputation\system\Model.php(237): CodeIgniter\Database\BaseBuilder->get()
#5 E:\wamp64\www\Deputation\system\BaseModel.php(624): CodeIgniter\Model->doFindAll(0, 0)
#6 E:\wamp64\www\Deputation\app\Controllers\dashboard\DashboardCont.php(440): CodeIgniter\BaseModel->findAll()
#7 E:\wamp64\www\Deputation\system\CodeIgniter.php(942): App\Controllers\dashboard\DashboardCont->afficher_chalenge()
#8 E:\wamp64\www\Deputation\system\CodeIgniter.php(502): CodeIgniter\CodeIgniter->runController(Object(App\Controllers\dashboard\DashboardCont))
#9 E:\wamp64\www\Deputation\system\CodeIgniter.php(361): CodeIgniter\CodeIgniter->handleRequest(NULL, Object(Config\Cache), false)
#10 E:\wamp64\www\Deputation\index.php(79): CodeIgniter\CodeIgniter->run()
#11 {main}
ERROR - 2024-05-01 08:29:46 --> mysqli_sql_exception: La table 'mifidy.facture' n'existe pas in E:\wamp64\www\Deputation\system\Database\MySQLi\Connection.php:306
Stack trace:
#0 E:\wamp64\www\Deputation\system\Database\MySQLi\Connection.php(306): mysqli->query('SELECT SUM(somm...', 0)
#1 E:\wamp64\www\Deputation\system\Database\BaseConnection.php(693): CodeIgniter\Database\MySQLi\Connection->execute('SELECT SUM(somm...')
#2 E:\wamp64\www\Deputation\system\Database\BaseConnection.php(607): CodeIgniter\Database\BaseConnection->simpleQuery('SELECT SUM(somm...')
#3 E:\wamp64\www\Deputation\system\Database\BaseBuilder.php(1615): CodeIgniter\Database\BaseConnection->query('SELECT SUM(somm...', Array, false)
#4 E:\wamp64\www\Deputation\system\Model.php(871): CodeIgniter\Database\BaseBuilder->get()
#5 E:\wamp64\www\Deputation\app\Controllers\dashboard\DashboardCont.php(49): CodeIgniter\Model->__call('get', Array)
#6 E:\wamp64\www\Deputation\app\Controllers\dashboard\DashboardCont.php(235): App\Controllers\dashboard\DashboardCont->getLabelsAndDataByGranularity('2024-04-01', '2024-05-01', 'Jour')
#7 E:\wamp64\www\Deputation\system\CodeIgniter.php(942): App\Controllers\dashboard\DashboardCont->afficher_dashboard()
#8 E:\wamp64\www\Deputation\system\CodeIgniter.php(502): CodeIgniter\CodeIgniter->runController(Object(App\Controllers\dashboard\DashboardCont))
#9 E:\wamp64\www\Deputation\system\CodeIgniter.php(361): CodeIgniter\CodeIgniter->handleRequest(NULL, Object(Config\Cache), false)
#10 E:\wamp64\www\Deputation\index.php(79): CodeIgniter\CodeIgniter->run()
#11 {main}
ERROR - 2024-05-01 08:29:46 --> mysqli_sql_exception: La table 'mifidy.facture' n'existe pas in E:\wamp64\www\Deputation\system\Database\MySQLi\Connection.php:306
Stack trace:
#0 E:\wamp64\www\Deputation\system\Database\MySQLi\Connection.php(306): mysqli->query('SELECT SUM(somm...', 0)
#1 E:\wamp64\www\Deputation\system\Database\BaseConnection.php(693): CodeIgniter\Database\MySQLi\Connection->execute('SELECT SUM(somm...')
#2 E:\wamp64\www\Deputation\system\Database\BaseConnection.php(607): CodeIgniter\Database\BaseConnection->simpleQuery('SELECT SUM(somm...')
#3 E:\wamp64\www\Deputation\system\Database\BaseBuilder.php(1615): CodeIgniter\Database\BaseConnection->query('SELECT SUM(somm...', Array, false)
#4 E:\wamp64\www\Deputation\system\Model.php(237): CodeIgniter\Database\BaseBuilder->get()
#5 E:\wamp64\www\Deputation\system\BaseModel.php(624): CodeIgniter\Model->doFindAll(0, 0)
#6 E:\wamp64\www\Deputation\app\Controllers\dashboard\DashboardCont.php(256): CodeIgniter\BaseModel->findAll()
#7 E:\wamp64\www\Deputation\system\CodeIgniter.php(942): App\Controllers\dashboard\DashboardCont->afficher_dashboard()
#8 E:\wamp64\www\Deputation\system\CodeIgniter.php(502): CodeIgniter\CodeIgniter->runController(Object(App\Controllers\dashboard\DashboardCont))
#9 E:\wamp64\www\Deputation\system\CodeIgniter.php(361): CodeIgniter\CodeIgniter->handleRequest(NULL, Object(Config\Cache), false)
#10 E:\wamp64\www\Deputation\index.php(79): CodeIgniter\CodeIgniter->run()
#11 {main}
ERROR - 2024-05-01 08:43:44 --> mysqli_sql_exception: La table 'mifidy.devis' n'existe pas in E:\wamp64\www\Deputation\system\Database\MySQLi\Connection.php:306
Stack trace:
#0 E:\wamp64\www\Deputation\system\Database\MySQLi\Connection.php(306): mysqli->query('SELECT *\nFROM `...', 0)
#1 E:\wamp64\www\Deputation\system\Database\BaseConnection.php(693): CodeIgniter\Database\MySQLi\Connection->execute('SELECT *\nFROM `...')
#2 E:\wamp64\www\Deputation\system\Database\BaseConnection.php(607): CodeIgniter\Database\BaseConnection->simpleQuery('SELECT *\nFROM `...')
#3 E:\wamp64\www\Deputation\system\Database\BaseBuilder.php(1615): CodeIgniter\Database\BaseConnection->query('SELECT *\nFROM `...', Array, false)
#4 E:\wamp64\www\Deputation\system\Model.php(237): CodeIgniter\Database\BaseBuilder->get()
#5 E:\wamp64\www\Deputation\system\BaseModel.php(624): CodeIgniter\Model->doFindAll(0, 0)
#6 E:\wamp64\www\Deputation\app\Controllers\dashboard\DashboardCont.php(440): CodeIgniter\BaseModel->findAll()
#7 E:\wamp64\www\Deputation\system\CodeIgniter.php(942): App\Controllers\dashboard\DashboardCont->afficher_chalenge()
#8 E:\wamp64\www\Deputation\system\CodeIgniter.php(502): CodeIgniter\CodeIgniter->runController(Object(App\Controllers\dashboard\DashboardCont))
#9 E:\wamp64\www\Deputation\system\CodeIgniter.php(361): CodeIgniter\CodeIgniter->handleRequest(NULL, Object(Config\Cache), false)
#10 E:\wamp64\www\Deputation\index.php(79): CodeIgniter\CodeIgniter->run()
#11 {main}
ERROR - 2024-05-01 08:43:44 --> mysqli_sql_exception: La table 'mifidy.facture' n'existe pas in E:\wamp64\www\Deputation\system\Database\MySQLi\Connection.php:306
Stack trace:
#0 E:\wamp64\www\Deputation\system\Database\MySQLi\Connection.php(306): mysqli->query('SELECT SUM(somm...', 0)
#1 E:\wamp64\www\Deputation\system\Database\BaseConnection.php(693): CodeIgniter\Database\MySQLi\Connection->execute('SELECT SUM(somm...')
#2 E:\wamp64\www\Deputation\system\Database\BaseConnection.php(607): CodeIgniter\Database\BaseConnection->simpleQuery('SELECT SUM(somm...')
#3 E:\wamp64\www\Deputation\system\Database\BaseBuilder.php(1615): CodeIgniter\Database\BaseConnection->query('SELECT SUM(somm...', Array, false)
#4 E:\wamp64\www\Deputation\system\Model.php(871): CodeIgniter\Database\BaseBuilder->get()
#5 E:\wamp64\www\Deputation\app\Controllers\dashboard\DashboardCont.php(49): CodeIgniter\Model->__call('get', Array)
#6 E:\wamp64\www\Deputation\app\Controllers\dashboard\DashboardCont.php(235): App\Controllers\dashboard\DashboardCont->getLabelsAndDataByGranularity('2024-04-01', '2024-05-01', 'Jour')
#7 E:\wamp64\www\Deputation\system\CodeIgniter.php(942): App\Controllers\dashboard\DashboardCont->afficher_dashboard()
#8 E:\wamp64\www\Deputation\system\CodeIgniter.php(502): CodeIgniter\CodeIgniter->runController(Object(App\Controllers\dashboard\DashboardCont))
#9 E:\wamp64\www\Deputation\system\CodeIgniter.php(361): CodeIgniter\CodeIgniter->handleRequest(NULL, Object(Config\Cache), false)
#10 E:\wamp64\www\Deputation\index.php(79): CodeIgniter\CodeIgniter->run()
#11 {main}
ERROR - 2024-05-01 08:43:44 --> mysqli_sql_exception: La table 'mifidy.facture' n'existe pas in E:\wamp64\www\Deputation\system\Database\MySQLi\Connection.php:306
Stack trace:
#0 E:\wamp64\www\Deputation\system\Database\MySQLi\Connection.php(306): mysqli->query('SELECT SUM(somm...', 0)
#1 E:\wamp64\www\Deputation\system\Database\BaseConnection.php(693): CodeIgniter\Database\MySQLi\Connection->execute('SELECT SUM(somm...')
#2 E:\wamp64\www\Deputation\system\Database\BaseConnection.php(607): CodeIgniter\Database\BaseConnection->simpleQuery('SELECT SUM(somm...')
#3 E:\wamp64\www\Deputation\system\Database\BaseBuilder.php(1615): CodeIgniter\Database\BaseConnection->query('SELECT SUM(somm...', Array, false)
#4 E:\wamp64\www\Deputation\system\Model.php(237): CodeIgniter\Database\BaseBuilder->get()
#5 E:\wamp64\www\Deputation\system\BaseModel.php(624): CodeIgniter\Model->doFindAll(0, 0)
#6 E:\wamp64\www\Deputation\app\Controllers\dashboard\DashboardCont.php(256): CodeIgniter\BaseModel->findAll()
#7 E:\wamp64\www\Deputation\system\CodeIgniter.php(942): App\Controllers\dashboard\DashboardCont->afficher_dashboard()
#8 E:\wamp64\www\Deputation\system\CodeIgniter.php(502): CodeIgniter\CodeIgniter->runController(Object(App\Controllers\dashboard\DashboardCont))
#9 E:\wamp64\www\Deputation\system\CodeIgniter.php(361): CodeIgniter\CodeIgniter->handleRequest(NULL, Object(Config\Cache), false)
#10 E:\wamp64\www\Deputation\index.php(79): CodeIgniter\CodeIgniter->run()
#11 {main}
ERROR - 2024-05-01 13:39:30 --> mysqli_sql_exception: Champ 'resultat.etat' inconnu dans where clause in E:\wamp64\www\Deputation\system\Database\MySQLi\Connection.php:306
Stack trace:
#0 E:\wamp64\www\Deputation\system\Database\MySQLi\Connection.php(306): mysqli->query('SELECT COUNT(di...', 0)
#1 E:\wamp64\www\Deputation\system\Database\BaseConnection.php(693): CodeIgniter\Database\MySQLi\Connection->execute('SELECT COUNT(di...')
#2 E:\wamp64\www\Deputation\system\Database\BaseConnection.php(607): CodeIgniter\Database\BaseConnection->simpleQuery('SELECT COUNT(di...')
#3 E:\wamp64\www\Deputation\system\Database\BaseBuilder.php(1615): CodeIgniter\Database\BaseConnection->query('SELECT COUNT(di...', Array, false)
#4 E:\wamp64\www\Deputation\system\Model.php(264): CodeIgniter\Database\BaseBuilder->get()
#5 E:\wamp64\www\Deputation\system\BaseModel.php(662): CodeIgniter\Model->doFirst()
#6 E:\wamp64\www\Deputation\app\Controllers\dashboard\DashboardCont.php(87): CodeIgniter\BaseModel->first()
#7 E:\wamp64\www\Deputation\system\CodeIgniter.php(942): App\Controllers\dashboard\DashboardCont->resultat_dashboard()
#8 E:\wamp64\www\Deputation\system\CodeIgniter.php(502): CodeIgniter\CodeIgniter->runController(Object(App\Controllers\dashboard\DashboardCont))
#9 E:\wamp64\www\Deputation\system\CodeIgniter.php(361): CodeIgniter\CodeIgniter->handleRequest(NULL, Object(Config\Cache), false)
#10 E:\wamp64\www\Deputation\index.php(79): CodeIgniter\CodeIgniter->run()
#11 {main}
ERROR - 2024-05-01 14:48:11 --> mysqli_sql_exception: Erreur de syntaxe près de '`voix`.`code_district`
WHERE `ds`.`CODE_DISTRICT` = '1101'
GROUP BY `co`.`CODE_D' à la ligne 8 in E:\wamp64\www\Deputation\system\Database\MySQLi\Connection.php:306
Stack trace:
#0 E:\wamp64\www\Deputation\system\Database\MySQLi\Connection.php(306): mysqli->query('SELECT `numero`...', 0)
#1 E:\wamp64\www\Deputation\system\Database\BaseConnection.php(693): CodeIgniter\Database\MySQLi\Connection->execute('SELECT `numero`...')
#2 E:\wamp64\www\Deputation\system\Database\BaseConnection.php(607): CodeIgniter\Database\BaseConnection->simpleQuery('SELECT `numero`...')
#3 E:\wamp64\www\Deputation\system\Database\BaseBuilder.php(1615): CodeIgniter\Database\BaseConnection->query('SELECT `numero`...', Array, false)
#4 E:\wamp64\www\Deputation\system\Model.php(237): CodeIgniter\Database\BaseBuilder->get()
#5 E:\wamp64\www\Deputation\system\BaseModel.php(624): CodeIgniter\Model->doFindAll(0, 0)
#6 E:\wamp64\www\Deputation\app\Controllers\dashboard\DashboardCont.php(87): CodeIgniter\BaseModel->findAll()
#7 E:\wamp64\www\Deputation\system\CodeIgniter.php(942): App\Controllers\dashboard\DashboardCont->resultat_dashboard()
#8 E:\wamp64\www\Deputation\system\CodeIgniter.php(502): CodeIgniter\CodeIgniter->runController(Object(App\Controllers\dashboard\DashboardCont))
#9 E:\wamp64\www\Deputation\system\CodeIgniter.php(361): CodeIgniter\CodeIgniter->handleRequest(NULL, Object(Config\Cache), false)
#10 E:\wamp64\www\Deputation\index.php(79): CodeIgniter\CodeIgniter->run()
#11 {main}
ERROR - 2024-05-01 14:54:39 --> mysqli_sql_exception: Champ: 'numero' dans field list est ambigu in E:\wamp64\www\Deputation\system\Database\MySQLi\Connection.php:306
Stack trace:
#0 E:\wamp64\www\Deputation\system\Database\MySQLi\Connection.php(306): mysqli->query('SELECT `numero`...', 0)
#1 E:\wamp64\www\Deputation\system\Database\BaseConnection.php(693): CodeIgniter\Database\MySQLi\Connection->execute('SELECT `numero`...')
#2 E:\wamp64\www\Deputation\system\Database\BaseConnection.php(607): CodeIgniter\Database\BaseConnection->simpleQuery('SELECT `numero`...')
#3 E:\wamp64\www\Deputation\system\Database\BaseBuilder.php(1615): CodeIgniter\Database\BaseConnection->query('SELECT `numero`...', Array, false)
#4 E:\wamp64\www\Deputation\system\Model.php(237): CodeIgniter\Database\BaseBuilder->get()
#5 E:\wamp64\www\Deputation\system\BaseModel.php(624): CodeIgniter\Model->doFindAll(0, 0)
#6 E:\wamp64\www\Deputation\app\Controllers\dashboard\DashboardCont.php(87): CodeIgniter\BaseModel->findAll()
#7 E:\wamp64\www\Deputation\system\CodeIgniter.php(942): App\Controllers\dashboard\DashboardCont->resultat_dashboard()
#8 E:\wamp64\www\Deputation\system\CodeIgniter.php(502): CodeIgniter\CodeIgniter->runController(Object(App\Controllers\dashboard\DashboardCont))
#9 E:\wamp64\www\Deputation\system\CodeIgniter.php(361): CodeIgniter\CodeIgniter->handleRequest(NULL, Object(Config\Cache), false)
#10 E:\wamp64\www\Deputation\index.php(79): CodeIgniter\CodeIgniter->run()
#11 {main}
CRITICAL - 2024-05-01 14:55:04 --> syntax error, unexpected token "]"
in APPPATH\Controllers\dashboard\DashboardCont.php on line 97.
 1 SYSTEMPATH\Autoloader\Autoloader.php(291): CodeIgniter\Autoloader\Autoloader->includeFile('E:\\wamp64\\www\\Deputation\\app\\Controllers\\dashboard\\DashboardCont.php')
 2 SYSTEMPATH\Autoloader\Autoloader.php(269): CodeIgniter\Autoloader\Autoloader->loadInNamespace('App\\Controllers\\dashboard\\DashboardCont')
 3 [internal function]: CodeIgniter\Autoloader\Autoloader->loadClass('App\\Controllers\\dashboard\\DashboardCont')
 4 SYSTEMPATH\CodeIgniter.php(900): class_exists('\\App\\Controllers\\dashboard\\DashboardCont', true)
 5 SYSTEMPATH\CodeIgniter.php(489): CodeIgniter\CodeIgniter->startController()
 6 SYSTEMPATH\CodeIgniter.php(361): CodeIgniter\CodeIgniter->handleRequest(null, Object(Config\Cache), false)
 7 FCPATH\index.php(79): CodeIgniter\CodeIgniter->run()
CRITICAL - 2024-05-01 14:55:20 --> syntax error, unexpected token "]"
in APPPATH\Controllers\dashboard\DashboardCont.php on line 97.
 1 SYSTEMPATH\Autoloader\Autoloader.php(291): CodeIgniter\Autoloader\Autoloader->includeFile('E:\\wamp64\\www\\Deputation\\app\\Controllers\\dashboard\\DashboardCont.php')
 2 SYSTEMPATH\Autoloader\Autoloader.php(269): CodeIgniter\Autoloader\Autoloader->loadInNamespace('App\\Controllers\\dashboard\\DashboardCont')
 3 [internal function]: CodeIgniter\Autoloader\Autoloader->loadClass('App\\Controllers\\dashboard\\DashboardCont')
 4 SYSTEMPATH\CodeIgniter.php(900): class_exists('\\App\\Controllers\\dashboard\\DashboardCont', true)
 5 SYSTEMPATH\CodeIgniter.php(489): CodeIgniter\CodeIgniter->startController()
 6 SYSTEMPATH\CodeIgniter.php(361): CodeIgniter\CodeIgniter->handleRequest(null, Object(Config\Cache), false)
 7 FCPATH\index.php(79): CodeIgniter\CodeIgniter->run()
CRITICAL - 2024-05-01 14:55:26 --> syntax error, unexpected token "]"
in APPPATH\Controllers\dashboard\DashboardCont.php on line 97.
 1 SYSTEMPATH\Autoloader\Autoloader.php(291): CodeIgniter\Autoloader\Autoloader->includeFile('E:\\wamp64\\www\\Deputation\\app\\Controllers\\dashboard\\DashboardCont.php')
 2 SYSTEMPATH\Autoloader\Autoloader.php(269): CodeIgniter\Autoloader\Autoloader->loadInNamespace('App\\Controllers\\dashboard\\DashboardCont')
 3 [internal function]: CodeIgniter\Autoloader\Autoloader->loadClass('App\\Controllers\\dashboard\\DashboardCont')
 4 SYSTEMPATH\CodeIgniter.php(900): class_exists('\\App\\Controllers\\dashboard\\DashboardCont', true)
 5 SYSTEMPATH\CodeIgniter.php(489): CodeIgniter\CodeIgniter->startController()
 6 SYSTEMPATH\CodeIgniter.php(361): CodeIgniter\CodeIgniter->handleRequest(null, Object(Config\Cache), false)
 7 FCPATH\index.php(79): CodeIgniter\CodeIgniter->run()
ERROR - 2024-05-01 14:55:42 --> mysqli_sql_exception: Champ: 'numero' dans field list est ambigu in E:\wamp64\www\Deputation\system\Database\MySQLi\Connection.php:306
Stack trace:
#0 E:\wamp64\www\Deputation\system\Database\MySQLi\Connection.php(306): mysqli->query('SELECT `numero`...', 0)
#1 E:\wamp64\www\Deputation\system\Database\BaseConnection.php(693): CodeIgniter\Database\MySQLi\Connection->execute('SELECT `numero`...')
#2 E:\wamp64\www\Deputation\system\Database\BaseConnection.php(607): CodeIgniter\Database\BaseConnection->simpleQuery('SELECT `numero`...')
#3 E:\wamp64\www\Deputation\system\Database\BaseBuilder.php(1615): CodeIgniter\Database\BaseConnection->query('SELECT `numero`...', Array, false)
#4 E:\wamp64\www\Deputation\system\Model.php(237): CodeIgniter\Database\BaseBuilder->get()
#5 E:\wamp64\www\Deputation\system\BaseModel.php(624): CodeIgniter\Model->doFindAll(0, 0)
#6 E:\wamp64\www\Deputation\app\Controllers\dashboard\DashboardCont.php(87): CodeIgniter\BaseModel->findAll()
#7 E:\wamp64\www\Deputation\system\CodeIgniter.php(942): App\Controllers\dashboard\DashboardCont->resultat_dashboard()
#8 E:\wamp64\www\Deputation\system\CodeIgniter.php(502): CodeIgniter\CodeIgniter->runController(Object(App\Controllers\dashboard\DashboardCont))
#9 E:\wamp64\www\Deputation\system\CodeIgniter.php(361): CodeIgniter\CodeIgniter->handleRequest(NULL, Object(Config\Cache), false)
#10 E:\wamp64\www\Deputation\index.php(79): CodeIgniter\CodeIgniter->run()
#11 {main}
ERROR - 2024-05-01 15:07:57 --> mysqli_sql_exception: FUNCTION mifidy.UCWORDS does not exist in E:\wamp64\www\Deputation\system\Database\MySQLi\Connection.php:306
Stack trace:
#0 E:\wamp64\www\Deputation\system\Database\MySQLi\Connection.php(306): mysqli->query('SELECT `voix`.`...', 0)
#1 E:\wamp64\www\Deputation\system\Database\BaseConnection.php(693): CodeIgniter\Database\MySQLi\Connection->execute('SELECT `voix`.`...')
#2 E:\wamp64\www\Deputation\system\Database\BaseConnection.php(607): CodeIgniter\Database\BaseConnection->simpleQuery('SELECT `voix`.`...')
#3 E:\wamp64\www\Deputation\system\Database\BaseBuilder.php(1615): CodeIgniter\Database\BaseConnection->query('SELECT `voix`.`...', Array, false)
#4 E:\wamp64\www\Deputation\system\Model.php(237): CodeIgniter\Database\BaseBuilder->get()
#5 E:\wamp64\www\Deputation\system\BaseModel.php(624): CodeIgniter\Model->doFindAll(0, 0)
#6 E:\wamp64\www\Deputation\app\Controllers\dashboard\DashboardCont.php(87): CodeIgniter\BaseModel->findAll()
#7 E:\wamp64\www\Deputation\system\CodeIgniter.php(942): App\Controllers\dashboard\DashboardCont->resultat_dashboard()
#8 E:\wamp64\www\Deputation\system\CodeIgniter.php(502): CodeIgniter\CodeIgniter->runController(Object(App\Controllers\dashboard\DashboardCont))
#9 E:\wamp64\www\Deputation\system\CodeIgniter.php(361): CodeIgniter\CodeIgniter->handleRequest(NULL, Object(Config\Cache), false)
#10 E:\wamp64\www\Deputation\index.php(79): CodeIgniter\CodeIgniter->run()
#11 {main}
ERROR - 2024-05-01 15:09:35 --> mysqli_sql_exception: FUNCTION mifidy.UCWORDS does not exist in E:\wamp64\www\Deputation\system\Database\MySQLi\Connection.php:306
Stack trace:
#0 E:\wamp64\www\Deputation\system\Database\MySQLi\Connection.php(306): mysqli->query('SELECT `voix`.`...', 0)
#1 E:\wamp64\www\Deputation\system\Database\BaseConnection.php(693): CodeIgniter\Database\MySQLi\Connection->execute('SELECT `voix`.`...')
#2 E:\wamp64\www\Deputation\system\Database\BaseConnection.php(607): CodeIgniter\Database\BaseConnection->simpleQuery('SELECT `voix`.`...')
#3 E:\wamp64\www\Deputation\system\Database\BaseBuilder.php(1615): CodeIgniter\Database\BaseConnection->query('SELECT `voix`.`...', Array, false)
#4 E:\wamp64\www\Deputation\system\Model.php(237): CodeIgniter\Database\BaseBuilder->get()
#5 E:\wamp64\www\Deputation\system\BaseModel.php(624): CodeIgniter\Model->doFindAll(0, 0)
#6 E:\wamp64\www\Deputation\app\Controllers\dashboard\DashboardCont.php(87): CodeIgniter\BaseModel->findAll()
#7 E:\wamp64\www\Deputation\system\CodeIgniter.php(942): App\Controllers\dashboard\DashboardCont->resultat_dashboard()
#8 E:\wamp64\www\Deputation\system\CodeIgniter.php(502): CodeIgniter\CodeIgniter->runController(Object(App\Controllers\dashboard\DashboardCont))
#9 E:\wamp64\www\Deputation\system\CodeIgniter.php(361): CodeIgniter\CodeIgniter->handleRequest(NULL, Object(Config\Cache), false)
#10 E:\wamp64\www\Deputation\index.php(79): CodeIgniter\CodeIgniter->run()
#11 {main}
ERROR - 2024-05-01 15:09:51 --> mysqli_sql_exception: FUNCTION mifidy.UCWORDS does not exist in E:\wamp64\www\Deputation\system\Database\MySQLi\Connection.php:306
Stack trace:
#0 E:\wamp64\www\Deputation\system\Database\MySQLi\Connection.php(306): mysqli->query('SELECT `voix`.`...', 0)
#1 E:\wamp64\www\Deputation\system\Database\BaseConnection.php(693): CodeIgniter\Database\MySQLi\Connection->execute('SELECT `voix`.`...')
#2 E:\wamp64\www\Deputation\system\Database\BaseConnection.php(607): CodeIgniter\Database\BaseConnection->simpleQuery('SELECT `voix`.`...')
#3 E:\wamp64\www\Deputation\system\Database\BaseBuilder.php(1615): CodeIgniter\Database\BaseConnection->query('SELECT `voix`.`...', Array, false)
#4 E:\wamp64\www\Deputation\system\Model.php(237): CodeIgniter\Database\BaseBuilder->get()
#5 E:\wamp64\www\Deputation\system\BaseModel.php(624): CodeIgniter\Model->doFindAll(0, 0)
#6 E:\wamp64\www\Deputation\app\Controllers\dashboard\DashboardCont.php(87): CodeIgniter\BaseModel->findAll()
#7 E:\wamp64\www\Deputation\system\CodeIgniter.php(942): App\Controllers\dashboard\DashboardCont->resultat_dashboard()
#8 E:\wamp64\www\Deputation\system\CodeIgniter.php(502): CodeIgniter\CodeIgniter->runController(Object(App\Controllers\dashboard\DashboardCont))
#9 E:\wamp64\www\Deputation\system\CodeIgniter.php(361): CodeIgniter\CodeIgniter->handleRequest(NULL, Object(Config\Cache), false)
#10 E:\wamp64\www\Deputation\index.php(79): CodeIgniter\CodeIgniter->run()
#11 {main}
ERROR - 2024-05-01 15:10:48 --> mysqli_sql_exception: FUNCTION mifidy.ucwords does not exist in E:\wamp64\www\Deputation\system\Database\MySQLi\Connection.php:306
Stack trace:
#0 E:\wamp64\www\Deputation\system\Database\MySQLi\Connection.php(306): mysqli->query('SELECT `voix`.`...', 0)
#1 E:\wamp64\www\Deputation\system\Database\BaseConnection.php(693): CodeIgniter\Database\MySQLi\Connection->execute('SELECT `voix`.`...')
#2 E:\wamp64\www\Deputation\system\Database\BaseConnection.php(607): CodeIgniter\Database\BaseConnection->simpleQuery('SELECT `voix`.`...')
#3 E:\wamp64\www\Deputation\system\Database\BaseBuilder.php(1615): CodeIgniter\Database\BaseConnection->query('SELECT `voix`.`...', Array, false)
#4 E:\wamp64\www\Deputation\system\Model.php(237): CodeIgniter\Database\BaseBuilder->get()
#5 E:\wamp64\www\Deputation\system\BaseModel.php(624): CodeIgniter\Model->doFindAll(0, 0)
#6 E:\wamp64\www\Deputation\app\Controllers\dashboard\DashboardCont.php(87): CodeIgniter\BaseModel->findAll()
#7 E:\wamp64\www\Deputation\system\CodeIgniter.php(942): App\Controllers\dashboard\DashboardCont->resultat_dashboard()
#8 E:\wamp64\www\Deputation\system\CodeIgniter.php(502): CodeIgniter\CodeIgniter->runController(Object(App\Controllers\dashboard\DashboardCont))
#9 E:\wamp64\www\Deputation\system\CodeIgniter.php(361): CodeIgniter\CodeIgniter->handleRequest(NULL, Object(Config\Cache), false)
#10 E:\wamp64\www\Deputation\index.php(79): CodeIgniter\CodeIgniter->run()
#11 {main}
ERROR - 2024-05-01 18:50:33 --> mysqli_sql_exception: Champ 'candidat.etat' inconnu dans where clause in E:\wamp64\www\Deputation\system\Database\MySQLi\Connection.php:306
Stack trace:
#0 E:\wamp64\www\Deputation\system\Database\MySQLi\Connection.php(306): mysqli->query('SELECT `voix`.`...', 0)
#1 E:\wamp64\www\Deputation\system\Database\BaseConnection.php(693): CodeIgniter\Database\MySQLi\Connection->execute('SELECT `voix`.`...')
#2 E:\wamp64\www\Deputation\system\Database\BaseConnection.php(607): CodeIgniter\Database\BaseConnection->simpleQuery('SELECT `voix`.`...')
#3 E:\wamp64\www\Deputation\system\Database\BaseBuilder.php(1615): CodeIgniter\Database\BaseConnection->query('SELECT `voix`.`...', Array, false)
#4 E:\wamp64\www\Deputation\system\Model.php(237): CodeIgniter\Database\BaseBuilder->get()
#5 E:\wamp64\www\Deputation\system\BaseModel.php(624): CodeIgniter\Model->doFindAll(0, 0)
#6 E:\wamp64\www\Deputation\app\Controllers\dashboard\DashboardCont.php(93): CodeIgniter\BaseModel->findAll()
#7 E:\wamp64\www\Deputation\system\CodeIgniter.php(942): App\Controllers\dashboard\DashboardCont->resultat_dashboard()
#8 E:\wamp64\www\Deputation\system\CodeIgniter.php(502): CodeIgniter\CodeIgniter->runController(Object(App\Controllers\dashboard\DashboardCont))
#9 E:\wamp64\www\Deputation\system\CodeIgniter.php(361): CodeIgniter\CodeIgniter->handleRequest(NULL, Object(Config\Cache), false)
#10 E:\wamp64\www\Deputation\index.php(79): CodeIgniter\CodeIgniter->run()
#11 {main}
ERROR - 2024-05-01 18:50:35 --> mysqli_sql_exception: Champ 'candidat.etat' inconnu dans where clause in E:\wamp64\www\Deputation\system\Database\MySQLi\Connection.php:306
Stack trace:
#0 E:\wamp64\www\Deputation\system\Database\MySQLi\Connection.php(306): mysqli->query('SELECT `voix`.`...', 0)
#1 E:\wamp64\www\Deputation\system\Database\BaseConnection.php(693): CodeIgniter\Database\MySQLi\Connection->execute('SELECT `voix`.`...')
#2 E:\wamp64\www\Deputation\system\Database\BaseConnection.php(607): CodeIgniter\Database\BaseConnection->simpleQuery('SELECT `voix`.`...')
#3 E:\wamp64\www\Deputation\system\Database\BaseBuilder.php(1615): CodeIgniter\Database\BaseConnection->query('SELECT `voix`.`...', Array, false)
#4 E:\wamp64\www\Deputation\system\Model.php(237): CodeIgniter\Database\BaseBuilder->get()
#5 E:\wamp64\www\Deputation\system\BaseModel.php(624): CodeIgniter\Model->doFindAll(0, 0)
#6 E:\wamp64\www\Deputation\app\Controllers\dashboard\DashboardCont.php(93): CodeIgniter\BaseModel->findAll()
#7 E:\wamp64\www\Deputation\system\CodeIgniter.php(942): App\Controllers\dashboard\DashboardCont->resultat_dashboard()
#8 E:\wamp64\www\Deputation\system\CodeIgniter.php(502): CodeIgniter\CodeIgniter->runController(Object(App\Controllers\dashboard\DashboardCont))
#9 E:\wamp64\www\Deputation\system\CodeIgniter.php(361): CodeIgniter\CodeIgniter->handleRequest(NULL, Object(Config\Cache), false)
#10 E:\wamp64\www\Deputation\index.php(79): CodeIgniter\CodeIgniter->run()
#11 {main}
ERROR - 2024-05-01 18:50:39 --> mysqli_sql_exception: Champ 'candidat.etat' inconnu dans where clause in E:\wamp64\www\Deputation\system\Database\MySQLi\Connection.php:306
Stack trace:
#0 E:\wamp64\www\Deputation\system\Database\MySQLi\Connection.php(306): mysqli->query('SELECT `voix`.`...', 0)
#1 E:\wamp64\www\Deputation\system\Database\BaseConnection.php(693): CodeIgniter\Database\MySQLi\Connection->execute('SELECT `voix`.`...')
#2 E:\wamp64\www\Deputation\system\Database\BaseConnection.php(607): CodeIgniter\Database\BaseConnection->simpleQuery('SELECT `voix`.`...')
#3 E:\wamp64\www\Deputation\system\Database\BaseBuilder.php(1615): CodeIgniter\Database\BaseConnection->query('SELECT `voix`.`...', Array, false)
#4 E:\wamp64\www\Deputation\system\Model.php(237): CodeIgniter\Database\BaseBuilder->get()
#5 E:\wamp64\www\Deputation\system\BaseModel.php(624): CodeIgniter\Model->doFindAll(0, 0)
#6 E:\wamp64\www\Deputation\app\Controllers\dashboard\DashboardCont.php(93): CodeIgniter\BaseModel->findAll()
#7 E:\wamp64\www\Deputation\system\CodeIgniter.php(942): App\Controllers\dashboard\DashboardCont->resultat_dashboard()
#8 E:\wamp64\www\Deputation\system\CodeIgniter.php(502): CodeIgniter\CodeIgniter->runController(Object(App\Controllers\dashboard\DashboardCont))
#9 E:\wamp64\www\Deputation\system\CodeIgniter.php(361): CodeIgniter\CodeIgniter->handleRequest(NULL, Object(Config\Cache), false)
#10 E:\wamp64\www\Deputation\index.php(79): CodeIgniter\CodeIgniter->run()
#11 {main}
ERROR - 2024-05-01 18:50:49 --> mysqli_sql_exception: Champ 'candidat.etat' inconnu dans where clause in E:\wamp64\www\Deputation\system\Database\MySQLi\Connection.php:306
Stack trace:
#0 E:\wamp64\www\Deputation\system\Database\MySQLi\Connection.php(306): mysqli->query('SELECT `voix`.`...', 0)
#1 E:\wamp64\www\Deputation\system\Database\BaseConnection.php(693): CodeIgniter\Database\MySQLi\Connection->execute('SELECT `voix`.`...')
#2 E:\wamp64\www\Deputation\system\Database\BaseConnection.php(607): CodeIgniter\Database\BaseConnection->simpleQuery('SELECT `voix`.`...')
#3 E:\wamp64\www\Deputation\system\Database\BaseBuilder.php(1615): CodeIgniter\Database\BaseConnection->query('SELECT `voix`.`...', Array, false)
#4 E:\wamp64\www\Deputation\system\Model.php(237): CodeIgniter\Database\BaseBuilder->get()
#5 E:\wamp64\www\Deputation\system\BaseModel.php(624): CodeIgniter\Model->doFindAll(0, 0)
#6 E:\wamp64\www\Deputation\app\Controllers\dashboard\DashboardCont.php(93): CodeIgniter\BaseModel->findAll()
#7 E:\wamp64\www\Deputation\system\CodeIgniter.php(942): App\Controllers\dashboard\DashboardCont->resultat_dashboard()
#8 E:\wamp64\www\Deputation\system\CodeIgniter.php(502): CodeIgniter\CodeIgniter->runController(Object(App\Controllers\dashboard\DashboardCont))
#9 E:\wamp64\www\Deputation\system\CodeIgniter.php(361): CodeIgniter\CodeIgniter->handleRequest(NULL, Object(Config\Cache), false)
#10 E:\wamp64\www\Deputation\index.php(79): CodeIgniter\CodeIgniter->run()
#11 {main}
ERROR - 2024-05-01 18:50:58 --> mysqli_sql_exception: Champ 'candidat.etat' inconnu dans where clause in E:\wamp64\www\Deputation\system\Database\MySQLi\Connection.php:306
Stack trace:
#0 E:\wamp64\www\Deputation\system\Database\MySQLi\Connection.php(306): mysqli->query('SELECT `voix`.`...', 0)
#1 E:\wamp64\www\Deputation\system\Database\BaseConnection.php(693): CodeIgniter\Database\MySQLi\Connection->execute('SELECT `voix`.`...')
#2 E:\wamp64\www\Deputation\system\Database\BaseConnection.php(607): CodeIgniter\Database\BaseConnection->simpleQuery('SELECT `voix`.`...')
#3 E:\wamp64\www\Deputation\system\Database\BaseBuilder.php(1615): CodeIgniter\Database\BaseConnection->query('SELECT `voix`.`...', Array, false)
#4 E:\wamp64\www\Deputation\system\Model.php(237): CodeIgniter\Database\BaseBuilder->get()
#5 E:\wamp64\www\Deputation\system\BaseModel.php(624): CodeIgniter\Model->doFindAll(0, 0)
#6 E:\wamp64\www\Deputation\app\Controllers\dashboard\DashboardCont.php(93): CodeIgniter\BaseModel->findAll()
#7 E:\wamp64\www\Deputation\system\CodeIgniter.php(942): App\Controllers\dashboard\DashboardCont->resultat_dashboard()
#8 E:\wamp64\www\Deputation\system\CodeIgniter.php(502): CodeIgniter\CodeIgniter->runController(Object(App\Controllers\dashboard\DashboardCont))
#9 E:\wamp64\www\Deputation\system\CodeIgniter.php(361): CodeIgniter\CodeIgniter->handleRequest(NULL, Object(Config\Cache), false)
#10 E:\wamp64\www\Deputation\index.php(79): CodeIgniter\CodeIgniter->run()
#11 {main}
ERROR - 2024-05-01 19:54:15 --> mysqli_sql_exception: Champ 'cd.etat' inconnu dans where clause in E:\wamp64\www\Deputation\system\Database\MySQLi\Connection.php:306
Stack trace:
#0 E:\wamp64\www\Deputation\system\Database\MySQLi\Connection.php(306): mysqli->query('SELECT SUM(voix...', 0)
#1 E:\wamp64\www\Deputation\system\Database\BaseConnection.php(693): CodeIgniter\Database\MySQLi\Connection->execute('SELECT SUM(voix...')
#2 E:\wamp64\www\Deputation\system\Database\BaseConnection.php(607): CodeIgniter\Database\BaseConnection->simpleQuery('SELECT SUM(voix...')
#3 E:\wamp64\www\Deputation\system\Database\BaseBuilder.php(1615): CodeIgniter\Database\BaseConnection->query('SELECT SUM(voix...', Array, false)
#4 E:\wamp64\www\Deputation\system\Model.php(264): CodeIgniter\Database\BaseBuilder->get()
#5 E:\wamp64\www\Deputation\system\BaseModel.php(662): CodeIgniter\Model->doFirst()
#6 E:\wamp64\www\Deputation\app\Controllers\dashboard\DashboardCont.php(102): CodeIgniter\BaseModel->first()
#7 E:\wamp64\www\Deputation\system\CodeIgniter.php(942): App\Controllers\dashboard\DashboardCont->resultat_dashboard()
#8 E:\wamp64\www\Deputation\system\CodeIgniter.php(502): CodeIgniter\CodeIgniter->runController(Object(App\Controllers\dashboard\DashboardCont))
#9 E:\wamp64\www\Deputation\system\CodeIgniter.php(361): CodeIgniter\CodeIgniter->handleRequest(NULL, Object(Config\Cache), false)
#10 E:\wamp64\www\Deputation\index.php(79): CodeIgniter\CodeIgniter->run()
#11 {main}
ERROR - 2024-05-01 19:54:28 --> mysqli_sql_exception: Champ 'cd.etat' inconnu dans where clause in E:\wamp64\www\Deputation\system\Database\MySQLi\Connection.php:306
Stack trace:
#0 E:\wamp64\www\Deputation\system\Database\MySQLi\Connection.php(306): mysqli->query('SELECT SUM(voix...', 0)
#1 E:\wamp64\www\Deputation\system\Database\BaseConnection.php(693): CodeIgniter\Database\MySQLi\Connection->execute('SELECT SUM(voix...')
#2 E:\wamp64\www\Deputation\system\Database\BaseConnection.php(607): CodeIgniter\Database\BaseConnection->simpleQuery('SELECT SUM(voix...')
#3 E:\wamp64\www\Deputation\system\Database\BaseBuilder.php(1615): CodeIgniter\Database\BaseConnection->query('SELECT SUM(voix...', Array, false)
#4 E:\wamp64\www\Deputation\system\Model.php(264): CodeIgniter\Database\BaseBuilder->get()
#5 E:\wamp64\www\Deputation\system\BaseModel.php(662): CodeIgniter\Model->doFirst()
#6 E:\wamp64\www\Deputation\app\Controllers\dashboard\DashboardCont.php(102): CodeIgniter\BaseModel->first()
#7 E:\wamp64\www\Deputation\system\CodeIgniter.php(942): App\Controllers\dashboard\DashboardCont->resultat_dashboard()
#8 E:\wamp64\www\Deputation\system\CodeIgniter.php(502): CodeIgniter\CodeIgniter->runController(Object(App\Controllers\dashboard\DashboardCont))
#9 E:\wamp64\www\Deputation\system\CodeIgniter.php(361): CodeIgniter\CodeIgniter->handleRequest(NULL, Object(Config\Cache), false)
#10 E:\wamp64\www\Deputation\index.php(79): CodeIgniter\CodeIgniter->run()
#11 {main}
ERROR - 2024-05-01 19:54:47 --> mysqli_sql_exception: Champ 'cd.etat' inconnu dans where clause in E:\wamp64\www\Deputation\system\Database\MySQLi\Connection.php:306
Stack trace:
#0 E:\wamp64\www\Deputation\system\Database\MySQLi\Connection.php(306): mysqli->query('SELECT SUM(voix...', 0)
#1 E:\wamp64\www\Deputation\system\Database\BaseConnection.php(693): CodeIgniter\Database\MySQLi\Connection->execute('SELECT SUM(voix...')
#2 E:\wamp64\www\Deputation\system\Database\BaseConnection.php(607): CodeIgniter\Database\BaseConnection->simpleQuery('SELECT SUM(voix...')
#3 E:\wamp64\www\Deputation\system\Database\BaseBuilder.php(1615): CodeIgniter\Database\BaseConnection->query('SELECT SUM(voix...', Array, false)
#4 E:\wamp64\www\Deputation\system\Model.php(264): CodeIgniter\Database\BaseBuilder->get()
#5 E:\wamp64\www\Deputation\system\BaseModel.php(662): CodeIgniter\Model->doFirst()
#6 E:\wamp64\www\Deputation\app\Controllers\dashboard\DashboardCont.php(102): CodeIgniter\BaseModel->first()
#7 E:\wamp64\www\Deputation\system\CodeIgniter.php(942): App\Controllers\dashboard\DashboardCont->resultat_dashboard()
#8 E:\wamp64\www\Deputation\system\CodeIgniter.php(502): CodeIgniter\CodeIgniter->runController(Object(App\Controllers\dashboard\DashboardCont))
#9 E:\wamp64\www\Deputation\system\CodeIgniter.php(361): CodeIgniter\CodeIgniter->handleRequest(NULL, Object(Config\Cache), false)
#10 E:\wamp64\www\Deputation\index.php(79): CodeIgniter\CodeIgniter->run()
#11 {main}
CRITICAL - 2024-05-01 21:31:23 --> Class "App\Models\log_user\SessionModel" not found
in APPPATH\Controllers\BaseController.php on line 209.
 1 SYSTEMPATH\CodeIgniter.php(914): App\Controllers\BaseController->__construct()
 2 SYSTEMPATH\CodeIgniter.php(493): CodeIgniter\CodeIgniter->createController()
 3 SYSTEMPATH\CodeIgniter.php(361): CodeIgniter\CodeIgniter->handleRequest(null, Object(Config\Cache), false)
 4 FCPATH\index.php(79): CodeIgniter\CodeIgniter->run()
CRITICAL - 2024-05-01 21:31:29 --> Class "App\Models\log_user\SessionModel" not found
in APPPATH\Controllers\BaseController.php on line 209.
 1 SYSTEMPATH\CodeIgniter.php(914): App\Controllers\BaseController->__construct()
 2 SYSTEMPATH\CodeIgniter.php(493): CodeIgniter\CodeIgniter->createController()
 3 SYSTEMPATH\CodeIgniter.php(361): CodeIgniter\CodeIgniter->handleRequest(null, Object(Config\Cache), false)
 4 FCPATH\index.php(79): CodeIgniter\CodeIgniter->run()
CRITICAL - 2024-05-01 21:31:31 --> Class "App\Models\log_user\SessionModel" not found
in APPPATH\Controllers\BaseController.php on line 209.
 1 SYSTEMPATH\CodeIgniter.php(914): App\Controllers\BaseController->__construct()
 2 SYSTEMPATH\CodeIgniter.php(493): CodeIgniter\CodeIgniter->createController()
 3 SYSTEMPATH\CodeIgniter.php(361): CodeIgniter\CodeIgniter->handleRequest(null, Object(Config\Cache), false)
 4 FCPATH\index.php(79): CodeIgniter\CodeIgniter->run()
