CRITICAL - 2024-09-02 09:04:17 --> Undefined array key "TitulaireId"
in APPPATH\Controllers\titulaire\TitulaireCont.php on line 133.
 1 APPPATH\Controllers\titulaire\TitulaireCont.php(133): CodeIgniter\Debug\Exceptions->errorHandler(2, 'Undefined array key "TitulaireId"', 'C:\\xampp\\htdocs\\assurance\\app\\Controllers\\titulaire\\TitulaireCont.php', 133)
 2 SYSTEMPATH\CodeIgniter.php(942): App\Controllers\Titulaire\TitulaireCont->getTitulaireById()
 3 SYSTEMPATH\CodeIgniter.php(502): CodeIgniter\CodeIgniter->runController(Object(App\Controllers\Titulaire\TitulaireCont))
 4 SYSTEMPATH\CodeIgniter.php(361): CodeIgniter\CodeIgniter->handleRequest(null, Object(Config\Cache), false)
 5 FCPATH\index.php(79): CodeIgniter\CodeIgniter->run()
CRITICAL - 2024-09-02 09:04:30 --> Undefined array key "TitulaireId"
in APPPATH\Controllers\titulaire\TitulaireCont.php on line 133.
 1 APPPATH\Controllers\titulaire\TitulaireCont.php(133): CodeIgniter\Debug\Exceptions->errorHandler(2, 'Undefined array key "TitulaireId"', 'C:\\xampp\\htdocs\\assurance\\app\\Controllers\\titulaire\\TitulaireCont.php', 133)
 2 SYSTEMPATH\CodeIgniter.php(942): App\Controllers\Titulaire\TitulaireCont->getTitulaireById()
 3 SYSTEMPATH\CodeIgniter.php(502): CodeIgniter\CodeIgniter->runController(Object(App\Controllers\Titulaire\TitulaireCont))
 4 SYSTEMPATH\CodeIgniter.php(361): CodeIgniter\CodeIgniter->handleRequest(null, Object(Config\Cache), false)
 5 FCPATH\index.php(79): CodeIgniter\CodeIgniter->run()
CRITICAL - 2024-09-02 09:15:18 --> Undefined array key "TitulaireId"
in APPPATH\Controllers\titulaire\TitulaireCont.php on line 133.
 1 APPPATH\Controllers\titulaire\TitulaireCont.php(133): CodeIgniter\Debug\Exceptions->errorHandler(2, 'Undefined array key "TitulaireId"', 'C:\\xampp\\htdocs\\assurance\\app\\Controllers\\titulaire\\TitulaireCont.php', 133)
 2 SYSTEMPATH\CodeIgniter.php(942): App\Controllers\Titulaire\TitulaireCont->getTitulaireById()
 3 SYSTEMPATH\CodeIgniter.php(502): CodeIgniter\CodeIgniter->runController(Object(App\Controllers\Titulaire\TitulaireCont))
 4 SYSTEMPATH\CodeIgniter.php(361): CodeIgniter\CodeIgniter->handleRequest(null, Object(Config\Cache), false)
 5 FCPATH\index.php(79): CodeIgniter\CodeIgniter->run()
CRITICAL - 2024-09-02 09:16:09 --> Undefined array key "TitulaireId"
in APPPATH\Controllers\titulaire\TitulaireCont.php on line 133.
 1 APPPATH\Controllers\titulaire\TitulaireCont.php(133): CodeIgniter\Debug\Exceptions->errorHandler(2, 'Undefined array key "TitulaireId"', 'C:\\xampp\\htdocs\\assurance\\app\\Controllers\\titulaire\\TitulaireCont.php', 133)
 2 SYSTEMPATH\CodeIgniter.php(942): App\Controllers\Titulaire\TitulaireCont->getTitulaireById()
 3 SYSTEMPATH\CodeIgniter.php(502): CodeIgniter\CodeIgniter->runController(Object(App\Controllers\Titulaire\TitulaireCont))
 4 SYSTEMPATH\CodeIgniter.php(361): CodeIgniter\CodeIgniter->handleRequest(null, Object(Config\Cache), false)
 5 FCPATH\index.php(79): CodeIgniter\CodeIgniter->run()
CRITICAL - 2024-09-02 09:16:25 --> Undefined array key "TitulaireId"
in APPPATH\Controllers\titulaire\TitulaireCont.php on line 133.
 1 APPPATH\Controllers\titulaire\TitulaireCont.php(133): CodeIgniter\Debug\Exceptions->errorHandler(2, 'Undefined array key "TitulaireId"', 'C:\\xampp\\htdocs\\assurance\\app\\Controllers\\titulaire\\TitulaireCont.php', 133)
 2 SYSTEMPATH\CodeIgniter.php(942): App\Controllers\Titulaire\TitulaireCont->getTitulaireById()
 3 SYSTEMPATH\CodeIgniter.php(502): CodeIgniter\CodeIgniter->runController(Object(App\Controllers\Titulaire\TitulaireCont))
 4 SYSTEMPATH\CodeIgniter.php(361): CodeIgniter\CodeIgniter->handleRequest(null, Object(Config\Cache), false)
 5 FCPATH\index.php(79): CodeIgniter\CodeIgniter->run()
CRITICAL - 2024-09-02 09:17:35 --> Undefined array key "TitulaireId"
in APPPATH\Controllers\titulaire\TitulaireCont.php on line 133.
 1 APPPATH\Controllers\titulaire\TitulaireCont.php(133): CodeIgniter\Debug\Exceptions->errorHandler(2, 'Undefined array key "TitulaireId"', 'C:\\xampp\\htdocs\\assurance\\app\\Controllers\\titulaire\\TitulaireCont.php', 133)
 2 SYSTEMPATH\CodeIgniter.php(942): App\Controllers\Titulaire\TitulaireCont->getTitulaireById()
 3 SYSTEMPATH\CodeIgniter.php(502): CodeIgniter\CodeIgniter->runController(Object(App\Controllers\Titulaire\TitulaireCont))
 4 SYSTEMPATH\CodeIgniter.php(361): CodeIgniter\CodeIgniter->handleRequest(null, Object(Config\Cache), false)
 5 FCPATH\index.php(79): CodeIgniter\CodeIgniter->run()
CRITICAL - 2024-09-02 09:17:44 --> Undefined array key "TitulaireId"
in APPPATH\Controllers\titulaire\TitulaireCont.php on line 133.
 1 APPPATH\Controllers\titulaire\TitulaireCont.php(133): CodeIgniter\Debug\Exceptions->errorHandler(2, 'Undefined array key "TitulaireId"', 'C:\\xampp\\htdocs\\assurance\\app\\Controllers\\titulaire\\TitulaireCont.php', 133)
 2 SYSTEMPATH\CodeIgniter.php(942): App\Controllers\Titulaire\TitulaireCont->getTitulaireById()
 3 SYSTEMPATH\CodeIgniter.php(502): CodeIgniter\CodeIgniter->runController(Object(App\Controllers\Titulaire\TitulaireCont))
 4 SYSTEMPATH\CodeIgniter.php(361): CodeIgniter\CodeIgniter->handleRequest(null, Object(Config\Cache), false)
 5 FCPATH\index.php(79): CodeIgniter\CodeIgniter->run()
CRITICAL - 2024-09-02 09:18:05 --> Undefined array key "TitulaireId"
in APPPATH\Controllers\titulaire\TitulaireCont.php on line 133.
 1 APPPATH\Controllers\titulaire\TitulaireCont.php(133): CodeIgniter\Debug\Exceptions->errorHandler(2, 'Undefined array key "TitulaireId"', 'C:\\xampp\\htdocs\\assurance\\app\\Controllers\\titulaire\\TitulaireCont.php', 133)
 2 SYSTEMPATH\CodeIgniter.php(942): App\Controllers\Titulaire\TitulaireCont->getTitulaireById()
 3 SYSTEMPATH\CodeIgniter.php(502): CodeIgniter\CodeIgniter->runController(Object(App\Controllers\Titulaire\TitulaireCont))
 4 SYSTEMPATH\CodeIgniter.php(361): CodeIgniter\CodeIgniter->handleRequest(null, Object(Config\Cache), false)
 5 FCPATH\index.php(79): CodeIgniter\CodeIgniter->run()
CRITICAL - 2024-09-02 09:18:13 --> Undefined array key "TitulaireId"
in APPPATH\Controllers\titulaire\TitulaireCont.php on line 133.
 1 APPPATH\Controllers\titulaire\TitulaireCont.php(133): CodeIgniter\Debug\Exceptions->errorHandler(2, 'Undefined array key "TitulaireId"', 'C:\\xampp\\htdocs\\assurance\\app\\Controllers\\titulaire\\TitulaireCont.php', 133)
 2 SYSTEMPATH\CodeIgniter.php(942): App\Controllers\Titulaire\TitulaireCont->getTitulaireById()
 3 SYSTEMPATH\CodeIgniter.php(502): CodeIgniter\CodeIgniter->runController(Object(App\Controllers\Titulaire\TitulaireCont))
 4 SYSTEMPATH\CodeIgniter.php(361): CodeIgniter\CodeIgniter->handleRequest(null, Object(Config\Cache), false)
 5 FCPATH\index.php(79): CodeIgniter\CodeIgniter->run()
CRITICAL - 2024-09-02 09:20:47 --> Undefined array key "TitulaireId"
in APPPATH\Controllers\titulaire\TitulaireCont.php on line 133.
 1 APPPATH\Controllers\titulaire\TitulaireCont.php(133): CodeIgniter\Debug\Exceptions->errorHandler(2, 'Undefined array key "TitulaireId"', 'C:\\xampp\\htdocs\\assurance\\app\\Controllers\\titulaire\\TitulaireCont.php', 133)
 2 SYSTEMPATH\CodeIgniter.php(942): App\Controllers\Titulaire\TitulaireCont->getTitulaireById()
 3 SYSTEMPATH\CodeIgniter.php(502): CodeIgniter\CodeIgniter->runController(Object(App\Controllers\Titulaire\TitulaireCont))
 4 SYSTEMPATH\CodeIgniter.php(361): CodeIgniter\CodeIgniter->handleRequest(null, Object(Config\Cache), false)
 5 FCPATH\index.php(79): CodeIgniter\CodeIgniter->run()
