CRITICAL - 2024-09-07 08:20:48 --> Invalid file: "gestion/analyse.php"
in SYSTEMPATH\Exceptions\FrameworkException.php on line 39.
 1 SYSTEMPATH\View\View.php(216): CodeIgniter\Exceptions\FrameworkException::forInvalidFile('gestion/analyse.php')
 2 SYSTEMPATH\Common.php(1190): CodeIgniter\View\View->render('gestion/analyse.php', [], true)
 3 APPPATH\Views\analyse\index.php(33): view('gestion/analyse.php')
 4 SYSTEMPATH\View\View.php(228): include('E:\\Wamp64\\www\\Assurance\\app\\Views\\analyse\\index.php')
 5 SYSTEMPATH\View\View.php(231): CodeIgniter\View\View->CodeIgniter\View\{closure}()
 6 SYSTEMPATH\Common.php(1190): CodeIgniter\View\View->render('analyse/index', [], true)
 7 APPPATH\Controllers\gestion\AnalyseCont.php(12): view('analyse/index')
 8 SYSTEMPATH\CodeIgniter.php(942): App\Controllers\gestion\AnalyseCont->index()
 9 SYSTEMPATH\CodeIgniter.php(502): CodeIgniter\CodeIgniter->runController(Object(App\Controllers\gestion\AnalyseCont))
10 SYSTEMPATH\CodeIgniter.php(361): CodeIgniter\CodeIgniter->handleRequest(null, Object(Config\Cache), false)
11 FCPATH\index.php(79): CodeIgniter\CodeIgniter->run()
CRITICAL - 2024-09-07 08:21:04 --> Invalid file: "gestion/analyse.php"
in SYSTEMPATH\Exceptions\FrameworkException.php on line 39.
 1 SYSTEMPATH\View\View.php(216): CodeIgniter\Exceptions\FrameworkException::forInvalidFile('gestion/analyse.php')
 2 SYSTEMPATH\Common.php(1190): CodeIgniter\View\View->render('gestion/analyse.php', [], true)
 3 APPPATH\Views\analyse\index.php(33): view('gestion/analyse.php')
 4 SYSTEMPATH\View\View.php(228): include('E:\\Wamp64\\www\\Assurance\\app\\Views\\analyse\\index.php')
 5 SYSTEMPATH\View\View.php(231): CodeIgniter\View\View->CodeIgniter\View\{closure}()
 6 SYSTEMPATH\Common.php(1190): CodeIgniter\View\View->render('analyse/index', [], true)
 7 APPPATH\Controllers\gestion\AnalyseCont.php(19): view('analyse/index')
 8 SYSTEMPATH\CodeIgniter.php(942): App\Controllers\gestion\AnalyseCont->lien()
 9 SYSTEMPATH\CodeIgniter.php(502): CodeIgniter\CodeIgniter->runController(Object(App\Controllers\gestion\AnalyseCont))
10 SYSTEMPATH\CodeIgniter.php(361): CodeIgniter\CodeIgniter->handleRequest(null, Object(Config\Cache), false)
11 FCPATH\index.php(79): CodeIgniter\CodeIgniter->run()
CRITICAL - 2024-09-07 08:21:07 --> Invalid file: "gestion/analyse.php"
in SYSTEMPATH\Exceptions\FrameworkException.php on line 39.
 1 SYSTEMPATH\View\View.php(216): CodeIgniter\Exceptions\FrameworkException::forInvalidFile('gestion/analyse.php')
 2 SYSTEMPATH\Common.php(1190): CodeIgniter\View\View->render('gestion/analyse.php', [], true)
 3 APPPATH\Views\analyse\index.php(33): view('gestion/analyse.php')
 4 SYSTEMPATH\View\View.php(228): include('E:\\Wamp64\\www\\Assurance\\app\\Views\\analyse\\index.php')
 5 SYSTEMPATH\View\View.php(231): CodeIgniter\View\View->CodeIgniter\View\{closure}()
 6 SYSTEMPATH\Common.php(1190): CodeIgniter\View\View->render('analyse/index', [], true)
 7 APPPATH\Controllers\gestion\AnalyseCont.php(19): view('analyse/index')
 8 SYSTEMPATH\CodeIgniter.php(942): App\Controllers\gestion\AnalyseCont->lien()
 9 SYSTEMPATH\CodeIgniter.php(502): CodeIgniter\CodeIgniter->runController(Object(App\Controllers\gestion\AnalyseCont))
10 SYSTEMPATH\CodeIgniter.php(361): CodeIgniter\CodeIgniter->handleRequest(null, Object(Config\Cache), false)
11 FCPATH\index.php(79): CodeIgniter\CodeIgniter->run()
CRITICAL - 2024-09-07 08:25:01 --> Invalid file: "gestion/index.php"
in SYSTEMPATH\Exceptions\FrameworkException.php on line 39.
 1 SYSTEMPATH\View\View.php(216): CodeIgniter\Exceptions\FrameworkException::forInvalidFile('gestion/index.php')
 2 SYSTEMPATH\Common.php(1190): CodeIgniter\View\View->render('gestion/index', [], true)
 3 APPPATH\Controllers\gestion\AnalyseCont.php(19): view('gestion/index')
 4 SYSTEMPATH\CodeIgniter.php(942): App\Controllers\gestion\AnalyseCont->lien()
 5 SYSTEMPATH\CodeIgniter.php(502): CodeIgniter\CodeIgniter->runController(Object(App\Controllers\gestion\AnalyseCont))
 6 SYSTEMPATH\CodeIgniter.php(361): CodeIgniter\CodeIgniter->handleRequest(null, Object(Config\Cache), false)
 7 FCPATH\index.php(79): CodeIgniter\CodeIgniter->run()
CRITICAL - 2024-09-07 08:25:03 --> Invalid file: "gestion/index.php"
in SYSTEMPATH\Exceptions\FrameworkException.php on line 39.
 1 SYSTEMPATH\View\View.php(216): CodeIgniter\Exceptions\FrameworkException::forInvalidFile('gestion/index.php')
 2 SYSTEMPATH\Common.php(1190): CodeIgniter\View\View->render('gestion/index', [], true)
 3 APPPATH\Controllers\gestion\AnalyseCont.php(19): view('gestion/index')
 4 SYSTEMPATH\CodeIgniter.php(942): App\Controllers\gestion\AnalyseCont->lien()
 5 SYSTEMPATH\CodeIgniter.php(502): CodeIgniter\CodeIgniter->runController(Object(App\Controllers\gestion\AnalyseCont))
 6 SYSTEMPATH\CodeIgniter.php(361): CodeIgniter\CodeIgniter->handleRequest(null, Object(Config\Cache), false)
 7 FCPATH\index.php(79): CodeIgniter\CodeIgniter->run()
CRITICAL - 2024-09-07 08:25:04 --> Invalid file: "gestion/index.php"
in SYSTEMPATH\Exceptions\FrameworkException.php on line 39.
 1 SYSTEMPATH\View\View.php(216): CodeIgniter\Exceptions\FrameworkException::forInvalidFile('gestion/index.php')
 2 SYSTEMPATH\Common.php(1190): CodeIgniter\View\View->render('gestion/index', [], true)
 3 APPPATH\Controllers\gestion\AnalyseCont.php(19): view('gestion/index')
 4 SYSTEMPATH\CodeIgniter.php(942): App\Controllers\gestion\AnalyseCont->lien()
 5 SYSTEMPATH\CodeIgniter.php(502): CodeIgniter\CodeIgniter->runController(Object(App\Controllers\gestion\AnalyseCont))
 6 SYSTEMPATH\CodeIgniter.php(361): CodeIgniter\CodeIgniter->handleRequest(null, Object(Config\Cache), false)
 7 FCPATH\index.php(79): CodeIgniter\CodeIgniter->run()
CRITICAL - 2024-09-07 08:25:07 --> Invalid file: "gestion/index.php"
in SYSTEMPATH\Exceptions\FrameworkException.php on line 39.
 1 SYSTEMPATH\View\View.php(216): CodeIgniter\Exceptions\FrameworkException::forInvalidFile('gestion/index.php')
 2 SYSTEMPATH\Common.php(1190): CodeIgniter\View\View->render('gestion/index', [], true)
 3 APPPATH\Controllers\gestion\AnalyseCont.php(19): view('gestion/index')
 4 SYSTEMPATH\CodeIgniter.php(942): App\Controllers\gestion\AnalyseCont->lien()
 5 SYSTEMPATH\CodeIgniter.php(502): CodeIgniter\CodeIgniter->runController(Object(App\Controllers\gestion\AnalyseCont))
 6 SYSTEMPATH\CodeIgniter.php(361): CodeIgniter\CodeIgniter->handleRequest(null, Object(Config\Cache), false)
 7 FCPATH\index.php(79): CodeIgniter\CodeIgniter->run()
CRITICAL - 2024-09-07 08:26:19 --> Invalid file: "gestion/index.php"
in SYSTEMPATH\Exceptions\FrameworkException.php on line 39.
 1 SYSTEMPATH\View\View.php(216): CodeIgniter\Exceptions\FrameworkException::forInvalidFile('gestion/index.php')
 2 SYSTEMPATH\Common.php(1190): CodeIgniter\View\View->render('gestion/index', [], true)
 3 APPPATH\Controllers\gestion\AnalyseCont.php(19): view('gestion/index')
 4 SYSTEMPATH\CodeIgniter.php(942): App\Controllers\gestion\AnalyseCont->lien()
 5 SYSTEMPATH\CodeIgniter.php(502): CodeIgniter\CodeIgniter->runController(Object(App\Controllers\gestion\AnalyseCont))
 6 SYSTEMPATH\CodeIgniter.php(361): CodeIgniter\CodeIgniter->handleRequest(null, Object(Config\Cache), false)
 7 FCPATH\index.php(79): CodeIgniter\CodeIgniter->run()
CRITICAL - 2024-09-07 08:27:18 --> Invalid file: "gestion/index.php"
in SYSTEMPATH\Exceptions\FrameworkException.php on line 39.
 1 SYSTEMPATH\View\View.php(216): CodeIgniter\Exceptions\FrameworkException::forInvalidFile('gestion/index.php')
 2 SYSTEMPATH\Common.php(1190): CodeIgniter\View\View->render('gestion/index', [], true)
 3 APPPATH\Controllers\gestion\AnalyseCont.php(12): view('gestion/index')
 4 SYSTEMPATH\CodeIgniter.php(942): App\Controllers\gestion\AnalyseCont->index()
 5 SYSTEMPATH\CodeIgniter.php(502): CodeIgniter\CodeIgniter->runController(Object(App\Controllers\gestion\AnalyseCont))
 6 SYSTEMPATH\CodeIgniter.php(361): CodeIgniter\CodeIgniter->handleRequest(null, Object(Config\Cache), false)
 7 FCPATH\index.php(79): CodeIgniter\CodeIgniter->run()
CRITICAL - 2024-09-07 08:27:31 --> Invalid file: "gestion/index.php"
in SYSTEMPATH\Exceptions\FrameworkException.php on line 39.
 1 SYSTEMPATH\View\View.php(216): CodeIgniter\Exceptions\FrameworkException::forInvalidFile('gestion/index.php')
 2 SYSTEMPATH\Common.php(1190): CodeIgniter\View\View->render('gestion/index', [], true)
 3 APPPATH\Controllers\gestion\AnalyseCont.php(12): view('gestion/index')
 4 SYSTEMPATH\CodeIgniter.php(942): App\Controllers\gestion\AnalyseCont->index()
 5 SYSTEMPATH\CodeIgniter.php(502): CodeIgniter\CodeIgniter->runController(Object(App\Controllers\gestion\AnalyseCont))
 6 SYSTEMPATH\CodeIgniter.php(361): CodeIgniter\CodeIgniter->handleRequest(null, Object(Config\Cache), false)
 7 FCPATH\index.php(79): CodeIgniter\CodeIgniter->run()
CRITICAL - 2024-09-07 08:27:34 --> Invalid file: "gestion/index.php"
in SYSTEMPATH\Exceptions\FrameworkException.php on line 39.
 1 SYSTEMPATH\View\View.php(216): CodeIgniter\Exceptions\FrameworkException::forInvalidFile('gestion/index.php')
 2 SYSTEMPATH\Common.php(1190): CodeIgniter\View\View->render('gestion/index', [], true)
 3 APPPATH\Controllers\gestion\AnalyseCont.php(12): view('gestion/index')
 4 SYSTEMPATH\CodeIgniter.php(942): App\Controllers\gestion\AnalyseCont->index()
 5 SYSTEMPATH\CodeIgniter.php(502): CodeIgniter\CodeIgniter->runController(Object(App\Controllers\gestion\AnalyseCont))
 6 SYSTEMPATH\CodeIgniter.php(361): CodeIgniter\CodeIgniter->handleRequest(null, Object(Config\Cache), false)
 7 FCPATH\index.php(79): CodeIgniter\CodeIgniter->run()
CRITICAL - 2024-09-07 08:27:57 --> Invalid file: "gestion/methodePf.php"
in SYSTEMPATH\Exceptions\FrameworkException.php on line 39.
 1 SYSTEMPATH\View\View.php(216): CodeIgniter\Exceptions\FrameworkException::forInvalidFile('gestion/methodePf.php')
 2 SYSTEMPATH\Common.php(1190): CodeIgniter\View\View->render('gestion/methodePf.php', [], true)
 3 APPPATH\Views\gestion\index.php(39): view('gestion/methodePf.php')
 4 SYSTEMPATH\View\View.php(228): include('E:\\Wamp64\\www\\Assurance\\app\\Views\\gestion\\index.php')
 5 SYSTEMPATH\View\View.php(231): CodeIgniter\View\View->CodeIgniter\View\{closure}()
 6 SYSTEMPATH\Common.php(1190): CodeIgniter\View\View->render('gestion/index', [], true)
 7 APPPATH\Controllers\gestion\AnalyseCont.php(12): view('gestion/index')
 8 SYSTEMPATH\CodeIgniter.php(942): App\Controllers\gestion\AnalyseCont->index()
 9 SYSTEMPATH\CodeIgniter.php(502): CodeIgniter\CodeIgniter->runController(Object(App\Controllers\gestion\AnalyseCont))
10 SYSTEMPATH\CodeIgniter.php(361): CodeIgniter\CodeIgniter->handleRequest(null, Object(Config\Cache), false)
11 FCPATH\index.php(79): CodeIgniter\CodeIgniter->run()
CRITICAL - 2024-09-07 08:28:07 --> Invalid file: "gestion/methodePf.php"
in SYSTEMPATH\Exceptions\FrameworkException.php on line 39.
 1 SYSTEMPATH\View\View.php(216): CodeIgniter\Exceptions\FrameworkException::forInvalidFile('gestion/methodePf.php')
 2 SYSTEMPATH\Common.php(1190): CodeIgniter\View\View->render('gestion/methodePf.php', [], true)
 3 APPPATH\Views\gestion\index.php(39): view('gestion/methodePf.php')
 4 SYSTEMPATH\View\View.php(228): include('E:\\Wamp64\\www\\Assurance\\app\\Views\\gestion\\index.php')
 5 SYSTEMPATH\View\View.php(231): CodeIgniter\View\View->CodeIgniter\View\{closure}()
 6 SYSTEMPATH\Common.php(1190): CodeIgniter\View\View->render('gestion/index', [], true)
 7 APPPATH\Controllers\gestion\AnalyseCont.php(19): view('gestion/index')
 8 SYSTEMPATH\CodeIgniter.php(942): App\Controllers\gestion\AnalyseCont->lien()
 9 SYSTEMPATH\CodeIgniter.php(502): CodeIgniter\CodeIgniter->runController(Object(App\Controllers\gestion\AnalyseCont))
10 SYSTEMPATH\CodeIgniter.php(361): CodeIgniter\CodeIgniter->handleRequest(null, Object(Config\Cache), false)
11 FCPATH\index.php(79): CodeIgniter\CodeIgniter->run()
CRITICAL - 2024-09-07 08:28:09 --> Invalid file: "gestion/methodePf.php"
in SYSTEMPATH\Exceptions\FrameworkException.php on line 39.
 1 SYSTEMPATH\View\View.php(216): CodeIgniter\Exceptions\FrameworkException::forInvalidFile('gestion/methodePf.php')
 2 SYSTEMPATH\Common.php(1190): CodeIgniter\View\View->render('gestion/methodePf.php', [], true)
 3 APPPATH\Views\gestion\index.php(39): view('gestion/methodePf.php')
 4 SYSTEMPATH\View\View.php(228): include('E:\\Wamp64\\www\\Assurance\\app\\Views\\gestion\\index.php')
 5 SYSTEMPATH\View\View.php(231): CodeIgniter\View\View->CodeIgniter\View\{closure}()
 6 SYSTEMPATH\Common.php(1190): CodeIgniter\View\View->render('gestion/index', [], true)
 7 APPPATH\Controllers\gestion\AnalyseCont.php(19): view('gestion/index')
 8 SYSTEMPATH\CodeIgniter.php(942): App\Controllers\gestion\AnalyseCont->lien()
 9 SYSTEMPATH\CodeIgniter.php(502): CodeIgniter\CodeIgniter->runController(Object(App\Controllers\gestion\AnalyseCont))
10 SYSTEMPATH\CodeIgniter.php(361): CodeIgniter\CodeIgniter->handleRequest(null, Object(Config\Cache), false)
11 FCPATH\index.php(79): CodeIgniter\CodeIgniter->run()
CRITICAL - 2024-09-07 08:28:13 --> Invalid file: "gestion/methodePf.php"
in SYSTEMPATH\Exceptions\FrameworkException.php on line 39.
 1 SYSTEMPATH\View\View.php(216): CodeIgniter\Exceptions\FrameworkException::forInvalidFile('gestion/methodePf.php')
 2 SYSTEMPATH\Common.php(1190): CodeIgniter\View\View->render('gestion/methodePf.php', [], true)
 3 APPPATH\Views\gestion\index.php(39): view('gestion/methodePf.php')
 4 SYSTEMPATH\View\View.php(228): include('E:\\Wamp64\\www\\Assurance\\app\\Views\\gestion\\index.php')
 5 SYSTEMPATH\View\View.php(231): CodeIgniter\View\View->CodeIgniter\View\{closure}()
 6 SYSTEMPATH\Common.php(1190): CodeIgniter\View\View->render('gestion/index', [], true)
 7 APPPATH\Controllers\gestion\AnalyseCont.php(12): view('gestion/index')
 8 SYSTEMPATH\CodeIgniter.php(942): App\Controllers\gestion\AnalyseCont->index()
 9 SYSTEMPATH\CodeIgniter.php(502): CodeIgniter\CodeIgniter->runController(Object(App\Controllers\gestion\AnalyseCont))
10 SYSTEMPATH\CodeIgniter.php(361): CodeIgniter\CodeIgniter->handleRequest(null, Object(Config\Cache), false)
11 FCPATH\index.php(79): CodeIgniter\CodeIgniter->run()
ERROR - 2024-09-07 08:55:40 --> mysqli_sql_exception: Unknown column 'created_at' in 'field list' in E:\Wamp64\www\Assurance\system\Database\MySQLi\Connection.php:306
Stack trace:
#0 E:\Wamp64\www\Assurance\system\Database\MySQLi\Connection.php(306): mysqli->query('INSERT INTO `me...', 0)
#1 E:\Wamp64\www\Assurance\system\Database\BaseConnection.php(693): CodeIgniter\Database\MySQLi\Connection->execute('INSERT INTO `me...')
#2 E:\Wamp64\www\Assurance\system\Database\BaseConnection.php(607): CodeIgniter\Database\BaseConnection->simpleQuery('INSERT INTO `me...')
#3 E:\Wamp64\www\Assurance\system\Database\BaseBuilder.php(2308): CodeIgniter\Database\BaseConnection->query('INSERT INTO `me...', Array, false)
#4 E:\Wamp64\www\Assurance\system\Model.php(319): CodeIgniter\Database\BaseBuilder->insert()
#5 E:\Wamp64\www\Assurance\system\BaseModel.php(788): CodeIgniter\Model->doInsert(Array)
#6 E:\Wamp64\www\Assurance\system\Model.php(715): CodeIgniter\BaseModel->insert(Array, false)
#7 E:\Wamp64\www\Assurance\system\BaseModel.php(698): CodeIgniter\Model->insert(Array, false)
#8 E:\Wamp64\www\Assurance\app\Controllers\gestion\MethodePfCont.php(12): CodeIgniter\BaseModel->save(Array)
#9 E:\Wamp64\www\Assurance\system\CodeIgniter.php(942): App\Controllers\gestion\MethodePfCont->ajout_methodePf()
#10 E:\Wamp64\www\Assurance\system\CodeIgniter.php(502): CodeIgniter\CodeIgniter->runController(Object(App\Controllers\gestion\MethodePfCont))
#11 E:\Wamp64\www\Assurance\system\CodeIgniter.php(361): CodeIgniter\CodeIgniter->handleRequest(NULL, Object(Config\Cache), false)
#12 E:\Wamp64\www\Assurance\index.php(79): CodeIgniter\CodeIgniter->run()
#13 {main}
ERROR - 2024-09-07 11:58:27 --> mysqli_sql_exception: Unknown column 'mehodePf' in 'field list' in E:\Wamp64\www\Assurance\system\Database\MySQLi\Connection.php:306
Stack trace:
#0 E:\Wamp64\www\Assurance\system\Database\MySQLi\Connection.php(306): mysqli->query('SELECT `membre`...', 0)
#1 E:\Wamp64\www\Assurance\system\Database\BaseConnection.php(693): CodeIgniter\Database\MySQLi\Connection->execute('SELECT `membre`...')
#2 E:\Wamp64\www\Assurance\system\Database\BaseConnection.php(607): CodeIgniter\Database\BaseConnection->simpleQuery('SELECT `membre`...')
#3 E:\Wamp64\www\Assurance\system\Database\BaseBuilder.php(1615): CodeIgniter\Database\BaseConnection->query('SELECT `membre`...', Array, false)
#4 E:\Wamp64\www\Assurance\system\Model.php(237): CodeIgniter\Database\BaseBuilder->get()
#5 E:\Wamp64\www\Assurance\system\BaseModel.php(624): CodeIgniter\Model->doFindAll(0, 0)
#6 E:\Wamp64\www\Assurance\app\Controllers\pf\PfCont.php(144): CodeIgniter\BaseModel->findAll()
#7 E:\Wamp64\www\Assurance\system\CodeIgniter.php(942): App\Controllers\pf\PfCont->liste_pf()
#8 E:\Wamp64\www\Assurance\system\CodeIgniter.php(502): CodeIgniter\CodeIgniter->runController(Object(App\Controllers\pf\PfCont))
#9 E:\Wamp64\www\Assurance\system\CodeIgniter.php(361): CodeIgniter\CodeIgniter->handleRequest(NULL, Object(Config\Cache), false)
#10 E:\Wamp64\www\Assurance\index.php(79): CodeIgniter\CodeIgniter->run()
#11 {main}
ERROR - 2024-09-07 11:59:13 --> mysqli_sql_exception: Unknown column 'pf.idmehodePf' in 'on clause' in E:\Wamp64\www\Assurance\system\Database\MySQLi\Connection.php:306
Stack trace:
#0 E:\Wamp64\www\Assurance\system\Database\MySQLi\Connection.php(306): mysqli->query('SELECT `membre`...', 0)
#1 E:\Wamp64\www\Assurance\system\Database\BaseConnection.php(693): CodeIgniter\Database\MySQLi\Connection->execute('SELECT `membre`...')
#2 E:\Wamp64\www\Assurance\system\Database\BaseConnection.php(607): CodeIgniter\Database\BaseConnection->simpleQuery('SELECT `membre`...')
#3 E:\Wamp64\www\Assurance\system\Database\BaseBuilder.php(1615): CodeIgniter\Database\BaseConnection->query('SELECT `membre`...', Array, false)
#4 E:\Wamp64\www\Assurance\system\Model.php(237): CodeIgniter\Database\BaseBuilder->get()
#5 E:\Wamp64\www\Assurance\system\BaseModel.php(624): CodeIgniter\Model->doFindAll(0, 0)
#6 E:\Wamp64\www\Assurance\app\Controllers\pf\PfCont.php(144): CodeIgniter\BaseModel->findAll()
#7 E:\Wamp64\www\Assurance\system\CodeIgniter.php(942): App\Controllers\pf\PfCont->liste_pf()
#8 E:\Wamp64\www\Assurance\system\CodeIgniter.php(502): CodeIgniter\CodeIgniter->runController(Object(App\Controllers\pf\PfCont))
#9 E:\Wamp64\www\Assurance\system\CodeIgniter.php(361): CodeIgniter\CodeIgniter->handleRequest(NULL, Object(Config\Cache), false)
#10 E:\Wamp64\www\Assurance\index.php(79): CodeIgniter\CodeIgniter->run()
#11 {main}
ERROR - 2024-09-07 12:28:57 --> mysqli_sql_exception: Unknown column 'pf.idmehodePf' in 'on clause' in E:\Wamp64\www\Assurance\system\Database\MySQLi\Connection.php:306
Stack trace:
#0 E:\Wamp64\www\Assurance\system\Database\MySQLi\Connection.php(306): mysqli->query('SELECT `membre`...', 0)
#1 E:\Wamp64\www\Assurance\system\Database\BaseConnection.php(693): CodeIgniter\Database\MySQLi\Connection->execute('SELECT `membre`...')
#2 E:\Wamp64\www\Assurance\system\Database\BaseConnection.php(607): CodeIgniter\Database\BaseConnection->simpleQuery('SELECT `membre`...')
#3 E:\Wamp64\www\Assurance\system\Database\BaseBuilder.php(1615): CodeIgniter\Database\BaseConnection->query('SELECT `membre`...', Array, false)
#4 E:\Wamp64\www\Assurance\system\Model.php(237): CodeIgniter\Database\BaseBuilder->get()
#5 E:\Wamp64\www\Assurance\system\BaseModel.php(624): CodeIgniter\Model->doFindAll(0, 0)
#6 E:\Wamp64\www\Assurance\app\Controllers\pf\PfCont.php(144): CodeIgniter\BaseModel->findAll()
#7 E:\Wamp64\www\Assurance\system\CodeIgniter.php(942): App\Controllers\pf\PfCont->liste_pf()
#8 E:\Wamp64\www\Assurance\system\CodeIgniter.php(502): CodeIgniter\CodeIgniter->runController(Object(App\Controllers\pf\PfCont))
#9 E:\Wamp64\www\Assurance\system\CodeIgniter.php(361): CodeIgniter\CodeIgniter->handleRequest(NULL, Object(Config\Cache), false)
#10 E:\Wamp64\www\Assurance\index.php(79): CodeIgniter\CodeIgniter->run()
#11 {main}
