CRITICAL - 2024-09-05 09:20:57 --> Undefined array key "membreId"
in APPPATH\Controllers\titulaire\TitulaireCont.php on line 253.
 1 APPPATH\Controllers\titulaire\TitulaireCont.php(253): CodeIgniter\Debug\Exceptions->errorHandler(2, 'Undefined array key "membreId"', 'C:\\xampp\\htdocs\\assurance\\app\\Controllers\\titulaire\\TitulaireCont.php', 253)
 2 SYSTEMPATH\CodeIgniter.php(942): App\Controllers\Titulaire\TitulaireCont->getTitulaireById()
 3 SYSTEMPATH\CodeIgniter.php(502): CodeIgniter\CodeIgniter->runController(Object(App\Controllers\Titulaire\TitulaireCont))
 4 SYSTEMPATH\CodeIgniter.php(361): CodeIgniter\CodeIgniter->handleRequest(null, Object(Config\Cache), false)
 5 FCPATH\index.php(79): CodeIgniter\CodeIgniter->run()
CRITICAL - 2024-09-05 09:20:59 --> Undefined array key "membreId"
in APPPATH\Controllers\titulaire\TitulaireCont.php on line 253.
 1 APPPATH\Controllers\titulaire\TitulaireCont.php(253): CodeIgniter\Debug\Exceptions->errorHandler(2, 'Undefined array key "membreId"', 'C:\\xampp\\htdocs\\assurance\\app\\Controllers\\titulaire\\TitulaireCont.php', 253)
 2 SYSTEMPATH\CodeIgniter.php(942): App\Controllers\Titulaire\TitulaireCont->getTitulaireById()
 3 SYSTEMPATH\CodeIgniter.php(502): CodeIgniter\CodeIgniter->runController(Object(App\Controllers\Titulaire\TitulaireCont))
 4 SYSTEMPATH\CodeIgniter.php(361): CodeIgniter\CodeIgniter->handleRequest(null, Object(Config\Cache), false)
 5 FCPATH\index.php(79): CodeIgniter\CodeIgniter->run()
CRITICAL - 2024-09-05 09:21:23 --> Undefined array key "membreId"
in APPPATH\Controllers\titulaire\TitulaireCont.php on line 253.
 1 APPPATH\Controllers\titulaire\TitulaireCont.php(253): CodeIgniter\Debug\Exceptions->errorHandler(2, 'Undefined array key "membreId"', 'C:\\xampp\\htdocs\\assurance\\app\\Controllers\\titulaire\\TitulaireCont.php', 253)
 2 SYSTEMPATH\CodeIgniter.php(942): App\Controllers\Titulaire\TitulaireCont->getTitulaireById()
 3 SYSTEMPATH\CodeIgniter.php(502): CodeIgniter\CodeIgniter->runController(Object(App\Controllers\Titulaire\TitulaireCont))
 4 SYSTEMPATH\CodeIgniter.php(361): CodeIgniter\CodeIgniter->handleRequest(null, Object(Config\Cache), false)
 5 FCPATH\index.php(79): CodeIgniter\CodeIgniter->run()
