CRITICAL - 2024-05-03 09:57:17 --> Class "App\Models\delegue\DelegueModel" not found
in APPPATH\Controllers\BaseController.php on line 134.
 1 SYSTEMPATH\CodeIgniter.php(914): App\Controllers\BaseController->__construct()
 2 SYSTEMPATH\CodeIgniter.php(493): CodeIgniter\CodeIgniter->createController()
 3 SYSTEMPATH\CodeIgniter.php(361): CodeIgniter\CodeIgniter->handleRequest(null, Object(Config\Cache), false)
 4 FCPATH\index.php(79): CodeIgniter\CodeIgniter->run()
CRITICAL - 2024-05-03 15:38:26 --> Invalid file: "menuiserie/gestion/categorie.php"
in SYSTEMPATH\Exceptions\FrameworkException.php on line 39.
 1 SYSTEMPATH\View\View.php(216): CodeIgniter\Exceptions\FrameworkException::forInvalidFile('menuiserie/gestion/categorie.php')
 2 SYSTEMPATH\Common.php(1190): CodeIgniter\View\View->render('menuiserie/gestion/categorie.php', [], true)
 3 APPPATH\Views\medecin\index.php(41): view('menuiserie/gestion/categorie.php')
 4 SYSTEMPATH\View\View.php(228): include('E:\\wamp64\\www\\Assurance\\app\\Views\\medecin\\index.php')
 5 SYSTEMPATH\View\View.php(231): CodeIgniter\View\View->CodeIgniter\View\{closure}()
 6 SYSTEMPATH\Common.php(1190): CodeIgniter\View\View->render('medecin/index', [], true)
 7 APPPATH\Controllers\medecin\MedecinCont.php(12): view('medecin/index')
 8 SYSTEMPATH\CodeIgniter.php(942): App\Controllers\medecin\MedecinCont->index()
 9 SYSTEMPATH\CodeIgniter.php(502): CodeIgniter\CodeIgniter->runController(Object(App\Controllers\medecin\MedecinCont))
10 SYSTEMPATH\CodeIgniter.php(361): CodeIgniter\CodeIgniter->handleRequest(null, Object(Config\Cache), false)
11 FCPATH\index.php(79): CodeIgniter\CodeIgniter->run()
CRITICAL - 2024-05-03 15:40:36 --> Invalid file: "menuiserie/gestion/categorie.php"
in SYSTEMPATH\Exceptions\FrameworkException.php on line 39.
 1 SYSTEMPATH\View\View.php(216): CodeIgniter\Exceptions\FrameworkException::forInvalidFile('menuiserie/gestion/categorie.php')
 2 SYSTEMPATH\Common.php(1190): CodeIgniter\View\View->render('menuiserie/gestion/categorie.php', [], true)
 3 APPPATH\Views\medecin\index.php(41): view('menuiserie/gestion/categorie.php')
 4 SYSTEMPATH\View\View.php(228): include('E:\\wamp64\\www\\Assurance\\app\\Views\\medecin\\index.php')
 5 SYSTEMPATH\View\View.php(231): CodeIgniter\View\View->CodeIgniter\View\{closure}()
 6 SYSTEMPATH\Common.php(1190): CodeIgniter\View\View->render('medecin/index', [], true)
 7 APPPATH\Controllers\medecin\MedecinCont.php(12): view('medecin/index')
 8 SYSTEMPATH\CodeIgniter.php(942): App\Controllers\medecin\MedecinCont->index()
 9 SYSTEMPATH\CodeIgniter.php(502): CodeIgniter\CodeIgniter->runController(Object(App\Controllers\medecin\MedecinCont))
10 SYSTEMPATH\CodeIgniter.php(361): CodeIgniter\CodeIgniter->handleRequest(null, Object(Config\Cache), false)
11 FCPATH\index.php(79): CodeIgniter\CodeIgniter->run()
CRITICAL - 2024-05-03 15:41:13 --> Invalid file: "menuiserie/gestion/categorie.php"
in SYSTEMPATH\Exceptions\FrameworkException.php on line 39.
 1 SYSTEMPATH\View\View.php(216): CodeIgniter\Exceptions\FrameworkException::forInvalidFile('menuiserie/gestion/categorie.php')
 2 SYSTEMPATH\Common.php(1190): CodeIgniter\View\View->render('menuiserie/gestion/categorie.php', [], true)
 3 APPPATH\Views\medecin\index.php(41): view('menuiserie/gestion/categorie.php')
 4 SYSTEMPATH\View\View.php(228): include('E:\\wamp64\\www\\Assurance\\app\\Views\\medecin\\index.php')
 5 SYSTEMPATH\View\View.php(231): CodeIgniter\View\View->CodeIgniter\View\{closure}()
 6 SYSTEMPATH\Common.php(1190): CodeIgniter\View\View->render('medecin/index', [], true)
 7 APPPATH\Controllers\medecin\MedecinCont.php(12): view('medecin/index')
 8 SYSTEMPATH\CodeIgniter.php(942): App\Controllers\medecin\MedecinCont->index()
 9 SYSTEMPATH\CodeIgniter.php(502): CodeIgniter\CodeIgniter->runController(Object(App\Controllers\medecin\MedecinCont))
10 SYSTEMPATH\CodeIgniter.php(361): CodeIgniter\CodeIgniter->handleRequest(null, Object(Config\Cache), false)
11 FCPATH\index.php(79): CodeIgniter\CodeIgniter->run()
ERROR - 2024-05-03 16:35:09 --> mysqli_sql_exception: La table 'mifidy.cabinet' n'existe pas in E:\wamp64\www\Assurance\system\Database\MySQLi\Connection.php:306
Stack trace:
#0 E:\wamp64\www\Assurance\system\Database\MySQLi\Connection.php(306): mysqli->query('SELECT *\nFROM `...', 0)
#1 E:\wamp64\www\Assurance\system\Database\BaseConnection.php(693): CodeIgniter\Database\MySQLi\Connection->execute('SELECT *\nFROM `...')
#2 E:\wamp64\www\Assurance\system\Database\BaseConnection.php(607): CodeIgniter\Database\BaseConnection->simpleQuery('SELECT *\nFROM `...')
#3 E:\wamp64\www\Assurance\system\Database\BaseBuilder.php(1615): CodeIgniter\Database\BaseConnection->query('SELECT *\nFROM `...', Array, false)
#4 E:\wamp64\www\Assurance\system\Model.php(237): CodeIgniter\Database\BaseBuilder->get()
#5 E:\wamp64\www\Assurance\system\BaseModel.php(624): CodeIgniter\Model->doFindAll(0, 0)
#6 E:\wamp64\www\Assurance\app\Controllers\medecin\CabinetCont.php(21): CodeIgniter\BaseModel->findAll()
#7 E:\wamp64\www\Assurance\system\CodeIgniter.php(942): App\Controllers\Medecin\CabinetCont->liste_cabinet()
#8 E:\wamp64\www\Assurance\system\CodeIgniter.php(502): CodeIgniter\CodeIgniter->runController(Object(App\Controllers\Medecin\CabinetCont))
#9 E:\wamp64\www\Assurance\system\CodeIgniter.php(361): CodeIgniter\CodeIgniter->handleRequest(NULL, Object(Config\Cache), false)
#10 E:\wamp64\www\Assurance\index.php(79): CodeIgniter\CodeIgniter->run()
#11 {main}
ERROR - 2024-05-03 19:52:03 --> mysqli_sql_exception: Champ 'eta' inconnu dans where clause in E:\wamp64\www\Assurance\system\Database\MySQLi\Connection.php:306
Stack trace:
#0 E:\wamp64\www\Assurance\system\Database\MySQLi\Connection.php(306): mysqli->query('SELECT *\nFROM `...', 0)
#1 E:\wamp64\www\Assurance\system\Database\BaseConnection.php(693): CodeIgniter\Database\MySQLi\Connection->execute('SELECT *\nFROM `...')
#2 E:\wamp64\www\Assurance\system\Database\BaseConnection.php(607): CodeIgniter\Database\BaseConnection->simpleQuery('SELECT *\nFROM `...')
#3 E:\wamp64\www\Assurance\system\Database\BaseBuilder.php(1615): CodeIgniter\Database\BaseConnection->query('SELECT *\nFROM `...', Array, false)
#4 E:\wamp64\www\Assurance\system\Model.php(237): CodeIgniter\Database\BaseBuilder->get()
#5 E:\wamp64\www\Assurance\system\BaseModel.php(624): CodeIgniter\Model->doFindAll(0, 0)
#6 E:\wamp64\www\Assurance\app\Controllers\medecin\MedecinCont.php(25): CodeIgniter\BaseModel->findAll()
#7 E:\wamp64\www\Assurance\system\CodeIgniter.php(942): App\Controllers\medecin\MedecinCont->charge_specialite()
#8 E:\wamp64\www\Assurance\system\CodeIgniter.php(502): CodeIgniter\CodeIgniter->runController(Object(App\Controllers\medecin\MedecinCont))
#9 E:\wamp64\www\Assurance\system\CodeIgniter.php(361): CodeIgniter\CodeIgniter->handleRequest(NULL, Object(Config\Cache), false)
#10 E:\wamp64\www\Assurance\index.php(79): CodeIgniter\CodeIgniter->run()
#11 {main}
ERROR - 2024-05-03 19:57:35 --> mysqli_sql_exception: Champ: 'etat' dans where clause est ambigu in E:\wamp64\www\Assurance\system\Database\MySQLi\Connection.php:306
Stack trace:
#0 E:\wamp64\www\Assurance\system\Database\MySQLi\Connection.php(306): mysqli->query('SELECT `special...', 0)
#1 E:\wamp64\www\Assurance\system\Database\BaseConnection.php(693): CodeIgniter\Database\MySQLi\Connection->execute('SELECT `special...')
#2 E:\wamp64\www\Assurance\system\Database\BaseConnection.php(607): CodeIgniter\Database\BaseConnection->simpleQuery('SELECT `special...')
#3 E:\wamp64\www\Assurance\system\Database\BaseBuilder.php(1615): CodeIgniter\Database\BaseConnection->query('SELECT `special...', Array, false)
#4 E:\wamp64\www\Assurance\system\Model.php(237): CodeIgniter\Database\BaseBuilder->get()
#5 E:\wamp64\www\Assurance\system\BaseModel.php(624): CodeIgniter\Model->doFindAll(0, 0)
#6 E:\wamp64\www\Assurance\app\Controllers\medecin\MedecinCont.php(67): CodeIgniter\BaseModel->findAll()
#7 E:\wamp64\www\Assurance\system\CodeIgniter.php(942): App\Controllers\medecin\MedecinCont->liste_medecin()
#8 E:\wamp64\www\Assurance\system\CodeIgniter.php(502): CodeIgniter\CodeIgniter->runController(Object(App\Controllers\medecin\MedecinCont))
#9 E:\wamp64\www\Assurance\system\CodeIgniter.php(361): CodeIgniter\CodeIgniter->handleRequest(NULL, Object(Config\Cache), false)
#10 E:\wamp64\www\Assurance\index.php(79): CodeIgniter\CodeIgniter->run()
#11 {main}
ERROR - 2024-05-03 19:57:35 --> mysqli_sql_exception: Champ 'eta' inconnu dans where clause in E:\wamp64\www\Assurance\system\Database\MySQLi\Connection.php:306
Stack trace:
#0 E:\wamp64\www\Assurance\system\Database\MySQLi\Connection.php(306): mysqli->query('SELECT *\nFROM `...', 0)
#1 E:\wamp64\www\Assurance\system\Database\BaseConnection.php(693): CodeIgniter\Database\MySQLi\Connection->execute('SELECT *\nFROM `...')
#2 E:\wamp64\www\Assurance\system\Database\BaseConnection.php(607): CodeIgniter\Database\BaseConnection->simpleQuery('SELECT *\nFROM `...')
#3 E:\wamp64\www\Assurance\system\Database\BaseBuilder.php(1615): CodeIgniter\Database\BaseConnection->query('SELECT *\nFROM `...', Array, false)
#4 E:\wamp64\www\Assurance\system\Model.php(237): CodeIgniter\Database\BaseBuilder->get()
#5 E:\wamp64\www\Assurance\system\BaseModel.php(624): CodeIgniter\Model->doFindAll(0, 0)
#6 E:\wamp64\www\Assurance\app\Controllers\medecin\MedecinCont.php(25): CodeIgniter\BaseModel->findAll()
#7 E:\wamp64\www\Assurance\system\CodeIgniter.php(942): App\Controllers\medecin\MedecinCont->charge_specialite()
#8 E:\wamp64\www\Assurance\system\CodeIgniter.php(502): CodeIgniter\CodeIgniter->runController(Object(App\Controllers\medecin\MedecinCont))
#9 E:\wamp64\www\Assurance\system\CodeIgniter.php(361): CodeIgniter\CodeIgniter->handleRequest(NULL, Object(Config\Cache), false)
#10 E:\wamp64\www\Assurance\index.php(79): CodeIgniter\CodeIgniter->run()
#11 {main}
ERROR - 2024-05-03 19:57:58 --> mysqli_sql_exception: Champ 'medecin.cabinet' inconnu dans on clause in E:\wamp64\www\Assurance\system\Database\MySQLi\Connection.php:306
Stack trace:
#0 E:\wamp64\www\Assurance\system\Database\MySQLi\Connection.php(306): mysqli->query('SELECT `special...', 0)
#1 E:\wamp64\www\Assurance\system\Database\BaseConnection.php(693): CodeIgniter\Database\MySQLi\Connection->execute('SELECT `special...')
#2 E:\wamp64\www\Assurance\system\Database\BaseConnection.php(607): CodeIgniter\Database\BaseConnection->simpleQuery('SELECT `special...')
#3 E:\wamp64\www\Assurance\system\Database\BaseBuilder.php(1615): CodeIgniter\Database\BaseConnection->query('SELECT `special...', Array, false)
#4 E:\wamp64\www\Assurance\system\Model.php(237): CodeIgniter\Database\BaseBuilder->get()
#5 E:\wamp64\www\Assurance\system\BaseModel.php(624): CodeIgniter\Model->doFindAll(0, 0)
#6 E:\wamp64\www\Assurance\app\Controllers\medecin\MedecinCont.php(67): CodeIgniter\BaseModel->findAll()
#7 E:\wamp64\www\Assurance\system\CodeIgniter.php(942): App\Controllers\medecin\MedecinCont->liste_medecin()
#8 E:\wamp64\www\Assurance\system\CodeIgniter.php(502): CodeIgniter\CodeIgniter->runController(Object(App\Controllers\medecin\MedecinCont))
#9 E:\wamp64\www\Assurance\system\CodeIgniter.php(361): CodeIgniter\CodeIgniter->handleRequest(NULL, Object(Config\Cache), false)
#10 E:\wamp64\www\Assurance\index.php(79): CodeIgniter\CodeIgniter->run()
#11 {main}
ERROR - 2024-05-03 19:57:58 --> mysqli_sql_exception: Champ 'eta' inconnu dans where clause in E:\wamp64\www\Assurance\system\Database\MySQLi\Connection.php:306
Stack trace:
#0 E:\wamp64\www\Assurance\system\Database\MySQLi\Connection.php(306): mysqli->query('SELECT *\nFROM `...', 0)
#1 E:\wamp64\www\Assurance\system\Database\BaseConnection.php(693): CodeIgniter\Database\MySQLi\Connection->execute('SELECT *\nFROM `...')
#2 E:\wamp64\www\Assurance\system\Database\BaseConnection.php(607): CodeIgniter\Database\BaseConnection->simpleQuery('SELECT *\nFROM `...')
#3 E:\wamp64\www\Assurance\system\Database\BaseBuilder.php(1615): CodeIgniter\Database\BaseConnection->query('SELECT *\nFROM `...', Array, false)
#4 E:\wamp64\www\Assurance\system\Model.php(237): CodeIgniter\Database\BaseBuilder->get()
#5 E:\wamp64\www\Assurance\system\BaseModel.php(624): CodeIgniter\Model->doFindAll(0, 0)
#6 E:\wamp64\www\Assurance\app\Controllers\medecin\MedecinCont.php(25): CodeIgniter\BaseModel->findAll()
#7 E:\wamp64\www\Assurance\system\CodeIgniter.php(942): App\Controllers\medecin\MedecinCont->charge_specialite()
#8 E:\wamp64\www\Assurance\system\CodeIgniter.php(502): CodeIgniter\CodeIgniter->runController(Object(App\Controllers\medecin\MedecinCont))
#9 E:\wamp64\www\Assurance\system\CodeIgniter.php(361): CodeIgniter\CodeIgniter->handleRequest(NULL, Object(Config\Cache), false)
#10 E:\wamp64\www\Assurance\index.php(79): CodeIgniter\CodeIgniter->run()
#11 {main}
ERROR - 2024-05-03 19:58:38 --> mysqli_sql_exception: Champ 'eta' inconnu dans where clause in E:\wamp64\www\Assurance\system\Database\MySQLi\Connection.php:306
Stack trace:
#0 E:\wamp64\www\Assurance\system\Database\MySQLi\Connection.php(306): mysqli->query('SELECT *\nFROM `...', 0)
#1 E:\wamp64\www\Assurance\system\Database\BaseConnection.php(693): CodeIgniter\Database\MySQLi\Connection->execute('SELECT *\nFROM `...')
#2 E:\wamp64\www\Assurance\system\Database\BaseConnection.php(607): CodeIgniter\Database\BaseConnection->simpleQuery('SELECT *\nFROM `...')
#3 E:\wamp64\www\Assurance\system\Database\BaseBuilder.php(1615): CodeIgniter\Database\BaseConnection->query('SELECT *\nFROM `...', Array, false)
#4 E:\wamp64\www\Assurance\system\Model.php(237): CodeIgniter\Database\BaseBuilder->get()
#5 E:\wamp64\www\Assurance\system\BaseModel.php(624): CodeIgniter\Model->doFindAll(0, 0)
#6 E:\wamp64\www\Assurance\app\Controllers\medecin\MedecinCont.php(25): CodeIgniter\BaseModel->findAll()
#7 E:\wamp64\www\Assurance\system\CodeIgniter.php(942): App\Controllers\medecin\MedecinCont->charge_specialite()
#8 E:\wamp64\www\Assurance\system\CodeIgniter.php(502): CodeIgniter\CodeIgniter->runController(Object(App\Controllers\medecin\MedecinCont))
#9 E:\wamp64\www\Assurance\system\CodeIgniter.php(361): CodeIgniter\CodeIgniter->handleRequest(NULL, Object(Config\Cache), false)
#10 E:\wamp64\www\Assurance\index.php(79): CodeIgniter\CodeIgniter->run()
#11 {main}
ERROR - 2024-05-03 20:00:05 --> mysqli_sql_exception: Champ 'eta' inconnu dans where clause in E:\wamp64\www\Assurance\system\Database\MySQLi\Connection.php:306
Stack trace:
#0 E:\wamp64\www\Assurance\system\Database\MySQLi\Connection.php(306): mysqli->query('SELECT *\nFROM `...', 0)
#1 E:\wamp64\www\Assurance\system\Database\BaseConnection.php(693): CodeIgniter\Database\MySQLi\Connection->execute('SELECT *\nFROM `...')
#2 E:\wamp64\www\Assurance\system\Database\BaseConnection.php(607): CodeIgniter\Database\BaseConnection->simpleQuery('SELECT *\nFROM `...')
#3 E:\wamp64\www\Assurance\system\Database\BaseBuilder.php(1615): CodeIgniter\Database\BaseConnection->query('SELECT *\nFROM `...', Array, false)
#4 E:\wamp64\www\Assurance\system\Model.php(237): CodeIgniter\Database\BaseBuilder->get()
#5 E:\wamp64\www\Assurance\system\BaseModel.php(624): CodeIgniter\Model->doFindAll(0, 0)
#6 E:\wamp64\www\Assurance\app\Controllers\medecin\MedecinCont.php(25): CodeIgniter\BaseModel->findAll()
#7 E:\wamp64\www\Assurance\system\CodeIgniter.php(942): App\Controllers\medecin\MedecinCont->charge_specialite()
#8 E:\wamp64\www\Assurance\system\CodeIgniter.php(502): CodeIgniter\CodeIgniter->runController(Object(App\Controllers\medecin\MedecinCont))
#9 E:\wamp64\www\Assurance\system\CodeIgniter.php(361): CodeIgniter\CodeIgniter->handleRequest(NULL, Object(Config\Cache), false)
#10 E:\wamp64\www\Assurance\index.php(79): CodeIgniter\CodeIgniter->run()
#11 {main}
ERROR - 2024-05-03 20:16:00 --> mysqli_sql_exception: Champ: 'id_cabinet' dans field list est ambigu in E:\wamp64\www\Assurance\system\Database\MySQLi\Connection.php:306
Stack trace:
#0 E:\wamp64\www\Assurance\system\Database\MySQLi\Connection.php(306): mysqli->query('SELECT `special...', 0)
#1 E:\wamp64\www\Assurance\system\Database\BaseConnection.php(693): CodeIgniter\Database\MySQLi\Connection->execute('SELECT `special...')
#2 E:\wamp64\www\Assurance\system\Database\BaseConnection.php(607): CodeIgniter\Database\BaseConnection->simpleQuery('SELECT `special...')
#3 E:\wamp64\www\Assurance\system\Database\BaseBuilder.php(1615): CodeIgniter\Database\BaseConnection->query('SELECT `special...', Array, false)
#4 E:\wamp64\www\Assurance\system\Model.php(237): CodeIgniter\Database\BaseBuilder->get()
#5 E:\wamp64\www\Assurance\system\BaseModel.php(624): CodeIgniter\Model->doFindAll(0, 0)
#6 E:\wamp64\www\Assurance\app\Controllers\medecin\MedecinCont.php(89): CodeIgniter\BaseModel->findAll()
#7 E:\wamp64\www\Assurance\system\CodeIgniter.php(942): App\Controllers\medecin\MedecinCont->liste_medecin()
#8 E:\wamp64\www\Assurance\system\CodeIgniter.php(502): CodeIgniter\CodeIgniter->runController(Object(App\Controllers\medecin\MedecinCont))
#9 E:\wamp64\www\Assurance\system\CodeIgniter.php(361): CodeIgniter\CodeIgniter->handleRequest(NULL, Object(Config\Cache), false)
#10 E:\wamp64\www\Assurance\index.php(79): CodeIgniter\CodeIgniter->run()
#11 {main}
CRITICAL - 2024-05-03 21:50:24 --> Invalid file: "membre/index.php"
in SYSTEMPATH\Exceptions\FrameworkException.php on line 39.
 1 SYSTEMPATH\View\View.php(216): CodeIgniter\Exceptions\FrameworkException::forInvalidFile('membre/index.php')
 2 SYSTEMPATH\Common.php(1190): CodeIgniter\View\View->render('membre/index', [], true)
 3 APPPATH\Controllers\membre\MembreCont.php(22): view('membre/index')
 4 SYSTEMPATH\CodeIgniter.php(942): App\Controllers\membre\MembreCont->lien()
 5 SYSTEMPATH\CodeIgniter.php(502): CodeIgniter\CodeIgniter->runController(Object(App\Controllers\membre\MembreCont))
 6 SYSTEMPATH\CodeIgniter.php(361): CodeIgniter\CodeIgniter->handleRequest(null, Object(Config\Cache), false)
 7 FCPATH\index.php(79): CodeIgniter\CodeIgniter->run()
CRITICAL - 2024-05-03 21:50:28 --> Invalid file: "membre/index.php"
in SYSTEMPATH\Exceptions\FrameworkException.php on line 39.
 1 SYSTEMPATH\View\View.php(216): CodeIgniter\Exceptions\FrameworkException::forInvalidFile('membre/index.php')
 2 SYSTEMPATH\Common.php(1190): CodeIgniter\View\View->render('membre/index', [], true)
 3 APPPATH\Controllers\membre\MembreCont.php(22): view('membre/index')
 4 SYSTEMPATH\CodeIgniter.php(942): App\Controllers\membre\MembreCont->lien()
 5 SYSTEMPATH\CodeIgniter.php(502): CodeIgniter\CodeIgniter->runController(Object(App\Controllers\membre\MembreCont))
 6 SYSTEMPATH\CodeIgniter.php(361): CodeIgniter\CodeIgniter->handleRequest(null, Object(Config\Cache), false)
 7 FCPATH\index.php(79): CodeIgniter\CodeIgniter->run()
CRITICAL - 2024-05-03 21:51:15 --> Invalid file: "membre/index.php"
in SYSTEMPATH\Exceptions\FrameworkException.php on line 39.
 1 SYSTEMPATH\View\View.php(216): CodeIgniter\Exceptions\FrameworkException::forInvalidFile('membre/index.php')
 2 SYSTEMPATH\Common.php(1190): CodeIgniter\View\View->render('membre/index', [], true)
 3 APPPATH\Controllers\membre\MembreCont.php(14): view('membre/index')
 4 SYSTEMPATH\CodeIgniter.php(942): App\Controllers\membre\MembreCont->index()
 5 SYSTEMPATH\CodeIgniter.php(502): CodeIgniter\CodeIgniter->runController(Object(App\Controllers\membre\MembreCont))
 6 SYSTEMPATH\CodeIgniter.php(361): CodeIgniter\CodeIgniter->handleRequest(null, Object(Config\Cache), false)
 7 FCPATH\index.php(79): CodeIgniter\CodeIgniter->run()
