CRITICAL - 2024-09-15 12:30:07 --> Invalid file: "gestion/parametre.php"
in SYSTEMPATH\Exceptions\FrameworkException.php on line 39.
 1 SYSTEMPATH\View\View.php(216): CodeIgniter\Exceptions\FrameworkException::forInvalidFile('gestion/parametre.php')
 2 SYSTEMPATH\Common.php(1190): CodeIgniter\View\View->render('gestion/parametre.php', [], true)
 3 APPPATH\Views\Consultation\index.php(196): view('gestion/parametre.php')
 4 SYSTEMPATH\View\View.php(228): include('E:\\Wamp64\\www\\Assurance\\app\\Views\\Consultation\\index.php')
 5 SYSTEMPATH\View\View.php(231): CodeIgniter\View\View->CodeIgniter\View\{closure}()
 6 SYSTEMPATH\Common.php(1190): CodeIgniter\View\View->render('consultation/index', [], true)
 7 APPPATH\Controllers\Consultation\ConsultationCont.php(13): view('consultation/index')
 8 SYSTEMPATH\CodeIgniter.php(942): App\Controllers\consultation\ConsultationCont->index()
 9 SYSTEMPATH\CodeIgniter.php(502): CodeIgniter\CodeIgniter->runController(Object(App\Controllers\consultation\ConsultationCont))
10 SYSTEMPATH\CodeIgniter.php(361): CodeIgniter\CodeIgniter->handleRequest(null, Object(Config\Cache), false)
11 FCPATH\index.php(79): CodeIgniter\CodeIgniter->run()
CRITICAL - 2024-09-15 12:30:26 --> Invalid file: "gestion/parametre.php"
in SYSTEMPATH\Exceptions\FrameworkException.php on line 39.
 1 SYSTEMPATH\View\View.php(216): CodeIgniter\Exceptions\FrameworkException::forInvalidFile('gestion/parametre.php')
 2 SYSTEMPATH\Common.php(1190): CodeIgniter\View\View->render('gestion/parametre.php', [], true)
 3 APPPATH\Views\Consultation\index.php(196): view('gestion/parametre.php')
 4 SYSTEMPATH\View\View.php(228): include('E:\\Wamp64\\www\\Assurance\\app\\Views\\Consultation\\index.php')
 5 SYSTEMPATH\View\View.php(231): CodeIgniter\View\View->CodeIgniter\View\{closure}()
 6 SYSTEMPATH\Common.php(1190): CodeIgniter\View\View->render('consultation/index', [], true)
 7 APPPATH\Controllers\Consultation\ConsultationCont.php(13): view('consultation/index')
 8 SYSTEMPATH\CodeIgniter.php(942): App\Controllers\consultation\ConsultationCont->index()
 9 SYSTEMPATH\CodeIgniter.php(502): CodeIgniter\CodeIgniter->runController(Object(App\Controllers\consultation\ConsultationCont))
10 SYSTEMPATH\CodeIgniter.php(361): CodeIgniter\CodeIgniter->handleRequest(null, Object(Config\Cache), false)
11 FCPATH\index.php(79): CodeIgniter\CodeIgniter->run()
CRITICAL - 2024-09-15 12:30:34 --> Invalid file: "gestion/parametre.php"
in SYSTEMPATH\Exceptions\FrameworkException.php on line 39.
 1 SYSTEMPATH\View\View.php(216): CodeIgniter\Exceptions\FrameworkException::forInvalidFile('gestion/parametre.php')
 2 SYSTEMPATH\Common.php(1190): CodeIgniter\View\View->render('gestion/parametre.php', [], true)
 3 APPPATH\Views\Consultation\index.php(196): view('gestion/parametre.php')
 4 SYSTEMPATH\View\View.php(228): include('E:\\Wamp64\\www\\Assurance\\app\\Views\\Consultation\\index.php')
 5 SYSTEMPATH\View\View.php(231): CodeIgniter\View\View->CodeIgniter\View\{closure}()
 6 SYSTEMPATH\Common.php(1190): CodeIgniter\View\View->render('consultation/index', [], true)
 7 APPPATH\Controllers\Consultation\ConsultationCont.php(24): view('consultation/index')
 8 SYSTEMPATH\CodeIgniter.php(942): App\Controllers\consultation\ConsultationCont->lien()
 9 SYSTEMPATH\CodeIgniter.php(502): CodeIgniter\CodeIgniter->runController(Object(App\Controllers\consultation\ConsultationCont))
10 SYSTEMPATH\CodeIgniter.php(361): CodeIgniter\CodeIgniter->handleRequest(null, Object(Config\Cache), false)
11 FCPATH\index.php(79): CodeIgniter\CodeIgniter->run()
CRITICAL - 2024-09-15 12:30:37 --> Invalid file: "gestion/parametre.php"
in SYSTEMPATH\Exceptions\FrameworkException.php on line 39.
 1 SYSTEMPATH\View\View.php(216): CodeIgniter\Exceptions\FrameworkException::forInvalidFile('gestion/parametre.php')
 2 SYSTEMPATH\Common.php(1190): CodeIgniter\View\View->render('gestion/parametre.php', [], true)
 3 APPPATH\Views\Consultation\index.php(196): view('gestion/parametre.php')
 4 SYSTEMPATH\View\View.php(228): include('E:\\Wamp64\\www\\Assurance\\app\\Views\\Consultation\\index.php')
 5 SYSTEMPATH\View\View.php(231): CodeIgniter\View\View->CodeIgniter\View\{closure}()
 6 SYSTEMPATH\Common.php(1190): CodeIgniter\View\View->render('consultation/index', [], true)
 7 APPPATH\Controllers\Consultation\ConsultationCont.php(24): view('consultation/index')
 8 SYSTEMPATH\CodeIgniter.php(942): App\Controllers\consultation\ConsultationCont->lien()
 9 SYSTEMPATH\CodeIgniter.php(502): CodeIgniter\CodeIgniter->runController(Object(App\Controllers\consultation\ConsultationCont))
10 SYSTEMPATH\CodeIgniter.php(361): CodeIgniter\CodeIgniter->handleRequest(null, Object(Config\Cache), false)
11 FCPATH\index.php(79): CodeIgniter\CodeIgniter->run()
CRITICAL - 2024-09-15 12:30:48 --> Invalid file: "gestion/parametre.php"
in SYSTEMPATH\Exceptions\FrameworkException.php on line 39.
 1 SYSTEMPATH\View\View.php(216): CodeIgniter\Exceptions\FrameworkException::forInvalidFile('gestion/parametre.php')
 2 SYSTEMPATH\Common.php(1190): CodeIgniter\View\View->render('gestion/parametre.php', [], true)
 3 APPPATH\Views\Consultation\index.php(196): view('gestion/parametre.php')
 4 SYSTEMPATH\View\View.php(228): include('E:\\Wamp64\\www\\Assurance\\app\\Views\\Consultation\\index.php')
 5 SYSTEMPATH\View\View.php(231): CodeIgniter\View\View->CodeIgniter\View\{closure}()
 6 SYSTEMPATH\Common.php(1190): CodeIgniter\View\View->render('consultation/index', [], true)
 7 APPPATH\Controllers\Consultation\ConsultationCont.php(24): view('consultation/index')
 8 SYSTEMPATH\CodeIgniter.php(942): App\Controllers\consultation\ConsultationCont->lien()
 9 SYSTEMPATH\CodeIgniter.php(502): CodeIgniter\CodeIgniter->runController(Object(App\Controllers\consultation\ConsultationCont))
10 SYSTEMPATH\CodeIgniter.php(361): CodeIgniter\CodeIgniter->handleRequest(null, Object(Config\Cache), false)
11 FCPATH\index.php(79): CodeIgniter\CodeIgniter->run()
CRITICAL - 2024-09-15 12:31:00 --> Invalid file: "gestion/parametre.php"
in SYSTEMPATH\Exceptions\FrameworkException.php on line 39.
 1 SYSTEMPATH\View\View.php(216): CodeIgniter\Exceptions\FrameworkException::forInvalidFile('gestion/parametre.php')
 2 SYSTEMPATH\Common.php(1190): CodeIgniter\View\View->render('gestion/parametre.php', [], true)
 3 APPPATH\Views\Consultation\index.php(196): view('gestion/parametre.php')
 4 SYSTEMPATH\View\View.php(228): include('E:\\Wamp64\\www\\Assurance\\app\\Views\\Consultation\\index.php')
 5 SYSTEMPATH\View\View.php(231): CodeIgniter\View\View->CodeIgniter\View\{closure}()
 6 SYSTEMPATH\Common.php(1190): CodeIgniter\View\View->render('consultation/index', [], true)
 7 APPPATH\Controllers\Consultation\ConsultationCont.php(24): view('consultation/index')
 8 SYSTEMPATH\CodeIgniter.php(942): App\Controllers\consultation\ConsultationCont->lien()
 9 SYSTEMPATH\CodeIgniter.php(502): CodeIgniter\CodeIgniter->runController(Object(App\Controllers\consultation\ConsultationCont))
10 SYSTEMPATH\CodeIgniter.php(361): CodeIgniter\CodeIgniter->handleRequest(null, Object(Config\Cache), false)
11 FCPATH\index.php(79): CodeIgniter\CodeIgniter->run()
CRITICAL - 2024-09-15 12:31:02 --> Invalid file: "gestion/parametre.php"
in SYSTEMPATH\Exceptions\FrameworkException.php on line 39.
 1 SYSTEMPATH\View\View.php(216): CodeIgniter\Exceptions\FrameworkException::forInvalidFile('gestion/parametre.php')
 2 SYSTEMPATH\Common.php(1190): CodeIgniter\View\View->render('gestion/parametre.php', [], true)
 3 APPPATH\Views\Consultation\index.php(196): view('gestion/parametre.php')
 4 SYSTEMPATH\View\View.php(228): include('E:\\Wamp64\\www\\Assurance\\app\\Views\\Consultation\\index.php')
 5 SYSTEMPATH\View\View.php(231): CodeIgniter\View\View->CodeIgniter\View\{closure}()
 6 SYSTEMPATH\Common.php(1190): CodeIgniter\View\View->render('consultation/index', [], true)
 7 APPPATH\Controllers\Consultation\ConsultationCont.php(13): view('consultation/index')
 8 SYSTEMPATH\CodeIgniter.php(942): App\Controllers\consultation\ConsultationCont->index()
 9 SYSTEMPATH\CodeIgniter.php(502): CodeIgniter\CodeIgniter->runController(Object(App\Controllers\consultation\ConsultationCont))
10 SYSTEMPATH\CodeIgniter.php(361): CodeIgniter\CodeIgniter->handleRequest(null, Object(Config\Cache), false)
11 FCPATH\index.php(79): CodeIgniter\CodeIgniter->run()
CRITICAL - 2024-09-15 12:32:27 --> Invalid file: "gestion/parametre.php"
in SYSTEMPATH\Exceptions\FrameworkException.php on line 39.
 1 SYSTEMPATH\View\View.php(216): CodeIgniter\Exceptions\FrameworkException::forInvalidFile('gestion/parametre.php')
 2 SYSTEMPATH\Common.php(1190): CodeIgniter\View\View->render('gestion/parametre.php', [], true)
 3 APPPATH\Views\Consultation\index.php(196): view('gestion/parametre.php')
 4 SYSTEMPATH\View\View.php(228): include('E:\\Wamp64\\www\\Assurance\\app\\Views\\Consultation\\index.php')
 5 SYSTEMPATH\View\View.php(231): CodeIgniter\View\View->CodeIgniter\View\{closure}()
 6 SYSTEMPATH\Common.php(1190): CodeIgniter\View\View->render('consultation/index', [], true)
 7 APPPATH\Controllers\Consultation\ConsultationCont.php(13): view('consultation/index')
 8 SYSTEMPATH\CodeIgniter.php(942): App\Controllers\consultation\ConsultationCont->index()
 9 SYSTEMPATH\CodeIgniter.php(502): CodeIgniter\CodeIgniter->runController(Object(App\Controllers\consultation\ConsultationCont))
10 SYSTEMPATH\CodeIgniter.php(361): CodeIgniter\CodeIgniter->handleRequest(null, Object(Config\Cache), false)
11 FCPATH\index.php(79): CodeIgniter\CodeIgniter->run()
CRITICAL - 2024-09-15 12:33:00 --> Invalid file: "gestion/parametre.php"
in SYSTEMPATH\Exceptions\FrameworkException.php on line 39.
 1 SYSTEMPATH\View\View.php(216): CodeIgniter\Exceptions\FrameworkException::forInvalidFile('gestion/parametre.php')
 2 SYSTEMPATH\Common.php(1190): CodeIgniter\View\View->render('gestion/parametre.php', [], true)
 3 APPPATH\Views\Consultation\index.php(196): view('gestion/parametre.php')
 4 SYSTEMPATH\View\View.php(228): include('E:\\Wamp64\\www\\Assurance\\app\\Views\\Consultation\\index.php')
 5 SYSTEMPATH\View\View.php(231): CodeIgniter\View\View->CodeIgniter\View\{closure}()
 6 SYSTEMPATH\Common.php(1190): CodeIgniter\View\View->render('consultation/index', [], true)
 7 APPPATH\Controllers\Consultation\ConsultationCont.php(13): view('consultation/index')
 8 SYSTEMPATH\CodeIgniter.php(942): App\Controllers\consultation\ConsultationCont->index()
 9 SYSTEMPATH\CodeIgniter.php(502): CodeIgniter\CodeIgniter->runController(Object(App\Controllers\consultation\ConsultationCont))
10 SYSTEMPATH\CodeIgniter.php(361): CodeIgniter\CodeIgniter->handleRequest(null, Object(Config\Cache), false)
11 FCPATH\index.php(79): CodeIgniter\CodeIgniter->run()
CRITICAL - 2024-09-15 12:33:02 --> Invalid file: "gestion/parametre.php"
in SYSTEMPATH\Exceptions\FrameworkException.php on line 39.
 1 SYSTEMPATH\View\View.php(216): CodeIgniter\Exceptions\FrameworkException::forInvalidFile('gestion/parametre.php')
 2 SYSTEMPATH\Common.php(1190): CodeIgniter\View\View->render('gestion/parametre.php', [], true)
 3 APPPATH\Views\Consultation\index.php(196): view('gestion/parametre.php')
 4 SYSTEMPATH\View\View.php(228): include('E:\\Wamp64\\www\\Assurance\\app\\Views\\Consultation\\index.php')
 5 SYSTEMPATH\View\View.php(231): CodeIgniter\View\View->CodeIgniter\View\{closure}()
 6 SYSTEMPATH\Common.php(1190): CodeIgniter\View\View->render('consultation/index', [], true)
 7 APPPATH\Controllers\Consultation\ConsultationCont.php(13): view('consultation/index')
 8 SYSTEMPATH\CodeIgniter.php(942): App\Controllers\consultation\ConsultationCont->index()
 9 SYSTEMPATH\CodeIgniter.php(502): CodeIgniter\CodeIgniter->runController(Object(App\Controllers\consultation\ConsultationCont))
10 SYSTEMPATH\CodeIgniter.php(361): CodeIgniter\CodeIgniter->handleRequest(null, Object(Config\Cache), false)
11 FCPATH\index.php(79): CodeIgniter\CodeIgniter->run()
CRITICAL - 2024-09-15 12:33:03 --> Invalid file: "gestion/parametre.php"
in SYSTEMPATH\Exceptions\FrameworkException.php on line 39.
 1 SYSTEMPATH\View\View.php(216): CodeIgniter\Exceptions\FrameworkException::forInvalidFile('gestion/parametre.php')
 2 SYSTEMPATH\Common.php(1190): CodeIgniter\View\View->render('gestion/parametre.php', [], true)
 3 APPPATH\Views\Consultation\index.php(196): view('gestion/parametre.php')
 4 SYSTEMPATH\View\View.php(228): include('E:\\Wamp64\\www\\Assurance\\app\\Views\\Consultation\\index.php')
 5 SYSTEMPATH\View\View.php(231): CodeIgniter\View\View->CodeIgniter\View\{closure}()
 6 SYSTEMPATH\Common.php(1190): CodeIgniter\View\View->render('consultation/index', [], true)
 7 APPPATH\Controllers\Consultation\ConsultationCont.php(13): view('consultation/index')
 8 SYSTEMPATH\CodeIgniter.php(942): App\Controllers\consultation\ConsultationCont->index()
 9 SYSTEMPATH\CodeIgniter.php(502): CodeIgniter\CodeIgniter->runController(Object(App\Controllers\consultation\ConsultationCont))
10 SYSTEMPATH\CodeIgniter.php(361): CodeIgniter\CodeIgniter->handleRequest(null, Object(Config\Cache), false)
11 FCPATH\index.php(79): CodeIgniter\CodeIgniter->run()
CRITICAL - 2024-09-15 12:33:17 --> Invalid file: "gestion/parametre.php"
in SYSTEMPATH\Exceptions\FrameworkException.php on line 39.
 1 SYSTEMPATH\View\View.php(216): CodeIgniter\Exceptions\FrameworkException::forInvalidFile('gestion/parametre.php')
 2 SYSTEMPATH\Common.php(1190): CodeIgniter\View\View->render('gestion/parametre.php', [], true)
 3 APPPATH\Views\Consultation\index.php(196): view('gestion/parametre.php')
 4 SYSTEMPATH\View\View.php(228): include('E:\\Wamp64\\www\\Assurance\\app\\Views\\Consultation\\index.php')
 5 SYSTEMPATH\View\View.php(231): CodeIgniter\View\View->CodeIgniter\View\{closure}()
 6 SYSTEMPATH\Common.php(1190): CodeIgniter\View\View->render('consultation/index', [], true)
 7 APPPATH\Controllers\Consultation\ConsultationCont.php(13): view('consultation/index')
 8 SYSTEMPATH\CodeIgniter.php(942): App\Controllers\consultation\ConsultationCont->index()
 9 SYSTEMPATH\CodeIgniter.php(502): CodeIgniter\CodeIgniter->runController(Object(App\Controllers\consultation\ConsultationCont))
10 SYSTEMPATH\CodeIgniter.php(361): CodeIgniter\CodeIgniter->handleRequest(null, Object(Config\Cache), false)
11 FCPATH\index.php(79): CodeIgniter\CodeIgniter->run()
CRITICAL - 2024-09-15 12:33:34 --> Invalid file: "gestion/parametre.php"
in SYSTEMPATH\Exceptions\FrameworkException.php on line 39.
 1 SYSTEMPATH\View\View.php(216): CodeIgniter\Exceptions\FrameworkException::forInvalidFile('gestion/parametre.php')
 2 SYSTEMPATH\Common.php(1190): CodeIgniter\View\View->render('gestion/parametre.php', [], true)
 3 APPPATH\Views\Consultation\index.php(196): view('gestion/parametre.php')
 4 SYSTEMPATH\View\View.php(228): include('E:\\Wamp64\\www\\Assurance\\app\\Views\\Consultation\\index.php')
 5 SYSTEMPATH\View\View.php(231): CodeIgniter\View\View->CodeIgniter\View\{closure}()
 6 SYSTEMPATH\Common.php(1190): CodeIgniter\View\View->render('consultation/index', [], true)
 7 APPPATH\Controllers\Consultation\ConsultationCont.php(13): view('consultation/index')
 8 SYSTEMPATH\CodeIgniter.php(942): App\Controllers\consultation\ConsultationCont->index()
 9 SYSTEMPATH\CodeIgniter.php(502): CodeIgniter\CodeIgniter->runController(Object(App\Controllers\consultation\ConsultationCont))
10 SYSTEMPATH\CodeIgniter.php(361): CodeIgniter\CodeIgniter->handleRequest(null, Object(Config\Cache), false)
11 FCPATH\index.php(79): CodeIgniter\CodeIgniter->run()
CRITICAL - 2024-09-15 12:33:52 --> Invalid file: "gestion/parametre.php"
in SYSTEMPATH\Exceptions\FrameworkException.php on line 39.
 1 SYSTEMPATH\View\View.php(216): CodeIgniter\Exceptions\FrameworkException::forInvalidFile('gestion/parametre.php')
 2 SYSTEMPATH\Common.php(1190): CodeIgniter\View\View->render('gestion/parametre.php', [], true)
 3 APPPATH\Views\Consultation\index.php(196): view('gestion/parametre.php')
 4 SYSTEMPATH\View\View.php(228): include('E:\\Wamp64\\www\\Assurance\\app\\Views\\Consultation\\index.php')
 5 SYSTEMPATH\View\View.php(231): CodeIgniter\View\View->CodeIgniter\View\{closure}()
 6 SYSTEMPATH\Common.php(1190): CodeIgniter\View\View->render('consultation/index', [], true)
 7 APPPATH\Controllers\Consultation\ConsultationCont.php(13): view('consultation/index')
 8 SYSTEMPATH\CodeIgniter.php(942): App\Controllers\consultation\ConsultationCont->index()
 9 SYSTEMPATH\CodeIgniter.php(502): CodeIgniter\CodeIgniter->runController(Object(App\Controllers\consultation\ConsultationCont))
10 SYSTEMPATH\CodeIgniter.php(361): CodeIgniter\CodeIgniter->handleRequest(null, Object(Config\Cache), false)
11 FCPATH\index.php(79): CodeIgniter\CodeIgniter->run()
CRITICAL - 2024-09-15 12:34:09 --> Invalid file: "gestion/parametre.php"
in SYSTEMPATH\Exceptions\FrameworkException.php on line 39.
 1 SYSTEMPATH\View\View.php(216): CodeIgniter\Exceptions\FrameworkException::forInvalidFile('gestion/parametre.php')
 2 SYSTEMPATH\Common.php(1190): CodeIgniter\View\View->render('gestion/parametre.php', [], true)
 3 APPPATH\Views\Consultation\index.php(196): view('gestion/parametre.php')
 4 SYSTEMPATH\View\View.php(228): include('E:\\Wamp64\\www\\Assurance\\app\\Views\\Consultation\\index.php')
 5 SYSTEMPATH\View\View.php(231): CodeIgniter\View\View->CodeIgniter\View\{closure}()
 6 SYSTEMPATH\Common.php(1190): CodeIgniter\View\View->render('consultation/index', [], true)
 7 APPPATH\Controllers\Consultation\ConsultationCont.php(13): view('consultation/index')
 8 SYSTEMPATH\CodeIgniter.php(942): App\Controllers\consultation\ConsultationCont->index()
 9 SYSTEMPATH\CodeIgniter.php(502): CodeIgniter\CodeIgniter->runController(Object(App\Controllers\consultation\ConsultationCont))
10 SYSTEMPATH\CodeIgniter.php(361): CodeIgniter\CodeIgniter->handleRequest(null, Object(Config\Cache), false)
11 FCPATH\index.php(79): CodeIgniter\CodeIgniter->run()
CRITICAL - 2024-09-15 12:35:19 --> Invalid file: "gestion/parametre.php"
in SYSTEMPATH\Exceptions\FrameworkException.php on line 39.
 1 SYSTEMPATH\View\View.php(216): CodeIgniter\Exceptions\FrameworkException::forInvalidFile('gestion/parametre.php')
 2 SYSTEMPATH\Common.php(1190): CodeIgniter\View\View->render('gestion/parametre.php', [], true)
 3 APPPATH\Views\Consultation\index.php(196): view('gestion/parametre.php')
 4 SYSTEMPATH\View\View.php(228): include('E:\\Wamp64\\www\\Assurance\\app\\Views\\Consultation\\index.php')
 5 SYSTEMPATH\View\View.php(231): CodeIgniter\View\View->CodeIgniter\View\{closure}()
 6 SYSTEMPATH\Common.php(1190): CodeIgniter\View\View->render('consultation/index', [], true)
 7 APPPATH\Controllers\Consultation\ConsultationCont.php(13): view('consultation/index')
 8 SYSTEMPATH\CodeIgniter.php(942): App\Controllers\consultation\ConsultationCont->index()
 9 SYSTEMPATH\CodeIgniter.php(502): CodeIgniter\CodeIgniter->runController(Object(App\Controllers\consultation\ConsultationCont))
10 SYSTEMPATH\CodeIgniter.php(361): CodeIgniter\CodeIgniter->handleRequest(null, Object(Config\Cache), false)
11 FCPATH\index.php(79): CodeIgniter\CodeIgniter->run()
CRITICAL - 2024-09-15 12:35:21 --> Invalid file: "gestion/parametre.php"
in SYSTEMPATH\Exceptions\FrameworkException.php on line 39.
 1 SYSTEMPATH\View\View.php(216): CodeIgniter\Exceptions\FrameworkException::forInvalidFile('gestion/parametre.php')
 2 SYSTEMPATH\Common.php(1190): CodeIgniter\View\View->render('gestion/parametre.php', [], true)
 3 APPPATH\Views\Consultation\index.php(196): view('gestion/parametre.php')
 4 SYSTEMPATH\View\View.php(228): include('E:\\Wamp64\\www\\Assurance\\app\\Views\\Consultation\\index.php')
 5 SYSTEMPATH\View\View.php(231): CodeIgniter\View\View->CodeIgniter\View\{closure}()
 6 SYSTEMPATH\Common.php(1190): CodeIgniter\View\View->render('consultation/index', [], true)
 7 APPPATH\Controllers\Consultation\ConsultationCont.php(13): view('consultation/index')
 8 SYSTEMPATH\CodeIgniter.php(942): App\Controllers\consultation\ConsultationCont->index()
 9 SYSTEMPATH\CodeIgniter.php(502): CodeIgniter\CodeIgniter->runController(Object(App\Controllers\consultation\ConsultationCont))
10 SYSTEMPATH\CodeIgniter.php(361): CodeIgniter\CodeIgniter->handleRequest(null, Object(Config\Cache), false)
11 FCPATH\index.php(79): CodeIgniter\CodeIgniter->run()
ERROR - 2024-09-15 15:36:19 --> mysqli_sql_exception: You have an error in your SQL syntax; check the manual that corresponds to your MySQL server version for the right syntax to use near '.`idType` = `detailconsultation`.`detailconsultationId`
WHERE `detailconsultatio' at line 3 in E:\Wamp64\www\Assurance\system\Database\MySQLi\Connection.php:306
Stack trace:
#0 E:\Wamp64\www\Assurance\system\Database\MySQLi\Connection.php(306): mysqli->query('SELECT `dateVal...', 0)
#1 E:\Wamp64\www\Assurance\system\Database\BaseConnection.php(693): CodeIgniter\Database\MySQLi\Connection->execute('SELECT `dateVal...')
#2 E:\Wamp64\www\Assurance\system\Database\BaseConnection.php(607): CodeIgniter\Database\BaseConnection->simpleQuery('SELECT `dateVal...')
#3 E:\Wamp64\www\Assurance\system\Database\BaseBuilder.php(1615): CodeIgniter\Database\BaseConnection->query('SELECT `dateVal...', Array, false)
#4 E:\Wamp64\www\Assurance\system\Model.php(237): CodeIgniter\Database\BaseBuilder->get()
#5 E:\Wamp64\www\Assurance\system\BaseModel.php(624): CodeIgniter\Model->doFindAll(0, 0)
#6 E:\Wamp64\www\Assurance\app\Controllers\Consultation\ConsultationCont.php(1339): CodeIgniter\BaseModel->findAll()
#7 E:\Wamp64\www\Assurance\app\Controllers\Consultation\ConsultationCont.php(137): App\Controllers\consultation\ConsultationCont->verif_visite('22')
#8 E:\Wamp64\www\Assurance\system\CodeIgniter.php(942): App\Controllers\consultation\ConsultationCont->delete_labo()
#9 E:\Wamp64\www\Assurance\system\CodeIgniter.php(502): CodeIgniter\CodeIgniter->runController(Object(App\Controllers\consultation\ConsultationCont))
#10 E:\Wamp64\www\Assurance\system\CodeIgniter.php(361): CodeIgniter\CodeIgniter->handleRequest(NULL, Object(Config\Cache), false)
#11 E:\Wamp64\www\Assurance\index.php(79): CodeIgniter\CodeIgniter->run()
#12 {main}
ERROR - 2024-09-15 16:05:03 --> mysqli_sql_exception: Unknown column 'detailconsultation.detailconsultationId' in 'where clause' in E:\Wamp64\www\Assurance\system\Database\MySQLi\Connection.php:306
Stack trace:
#0 E:\Wamp64\www\Assurance\system\Database\MySQLi\Connection.php(306): mysqli->query('SELECT `dateVal...', 0)
#1 E:\Wamp64\www\Assurance\system\Database\BaseConnection.php(693): CodeIgniter\Database\MySQLi\Connection->execute('SELECT `dateVal...')
#2 E:\Wamp64\www\Assurance\system\Database\BaseConnection.php(607): CodeIgniter\Database\BaseConnection->simpleQuery('SELECT `dateVal...')
#3 E:\Wamp64\www\Assurance\system\Database\BaseBuilder.php(1615): CodeIgniter\Database\BaseConnection->query('SELECT `dateVal...', Array, false)
#4 E:\Wamp64\www\Assurance\system\Model.php(237): CodeIgniter\Database\BaseBuilder->get()
#5 E:\Wamp64\www\Assurance\system\BaseModel.php(624): CodeIgniter\Model->doFindAll(0, 0)
#6 E:\Wamp64\www\Assurance\app\Controllers\Consultation\ConsultationCont.php(1339): CodeIgniter\BaseModel->findAll()
#7 E:\Wamp64\www\Assurance\app\Controllers\Consultation\ConsultationCont.php(137): App\Controllers\consultation\ConsultationCont->verif_visite('22')
#8 E:\Wamp64\www\Assurance\system\CodeIgniter.php(942): App\Controllers\consultation\ConsultationCont->delete_labo()
#9 E:\Wamp64\www\Assurance\system\CodeIgniter.php(502): CodeIgniter\CodeIgniter->runController(Object(App\Controllers\consultation\ConsultationCont))
#10 E:\Wamp64\www\Assurance\system\CodeIgniter.php(361): CodeIgniter\CodeIgniter->handleRequest(NULL, Object(Config\Cache), false)
#11 E:\Wamp64\www\Assurance\index.php(79): CodeIgniter\CodeIgniter->run()
#12 {main}
ERROR - 2024-09-15 16:50:08 --> mysqli_sql_exception: Expression #1 of SELECT list is not in GROUP BY clause and contains nonaggregated column 'assurance.envoie_labo.dateValidation' which is not functionally dependent on columns in GROUP BY clause; this is incompatible with sql_mode=only_full_group_by in E:\Wamp64\www\Assurance\system\Database\MySQLi\Connection.php:306
Stack trace:
#0 E:\Wamp64\www\Assurance\system\Database\MySQLi\Connection.php(306): mysqli->query('SELECT `dateVal...', 0)
#1 E:\Wamp64\www\Assurance\system\Database\BaseConnection.php(693): CodeIgniter\Database\MySQLi\Connection->execute('SELECT `dateVal...')
#2 E:\Wamp64\www\Assurance\system\Database\BaseConnection.php(607): CodeIgniter\Database\BaseConnection->simpleQuery('SELECT `dateVal...')
#3 E:\Wamp64\www\Assurance\system\Database\BaseBuilder.php(1615): CodeIgniter\Database\BaseConnection->query('SELECT `dateVal...', Array, false)
#4 E:\Wamp64\www\Assurance\system\Model.php(237): CodeIgniter\Database\BaseBuilder->get()
#5 E:\Wamp64\www\Assurance\system\BaseModel.php(624): CodeIgniter\Model->doFindAll(0, 0)
#6 E:\Wamp64\www\Assurance\app\Controllers\Consultation\ConsultationCont.php(1332): CodeIgniter\BaseModel->findAll()
#7 E:\Wamp64\www\Assurance\app\Controllers\Consultation\ConsultationCont.php(133): App\Controllers\consultation\ConsultationCont->verif_visite('31')
#8 E:\Wamp64\www\Assurance\system\CodeIgniter.php(942): App\Controllers\consultation\ConsultationCont->delete_labo()
#9 E:\Wamp64\www\Assurance\system\CodeIgniter.php(502): CodeIgniter\CodeIgniter->runController(Object(App\Controllers\consultation\ConsultationCont))
#10 E:\Wamp64\www\Assurance\system\CodeIgniter.php(361): CodeIgniter\CodeIgniter->handleRequest(NULL, Object(Config\Cache), false)
#11 E:\Wamp64\www\Assurance\index.php(79): CodeIgniter\CodeIgniter->run()
#12 {main}
ERROR - 2024-09-15 18:03:18 --> mysqli_sql_exception: Column 'etat' in where clause is ambiguous in E:\Wamp64\www\Assurance\system\Database\MySQLi\Connection.php:306
Stack trace:
#0 E:\Wamp64\www\Assurance\system\Database\MySQLi\Connection.php(306): mysqli->query('SELECT `dateEnv...', 0)
#1 E:\Wamp64\www\Assurance\system\Database\BaseConnection.php(693): CodeIgniter\Database\MySQLi\Connection->execute('SELECT `dateEnv...')
#2 E:\Wamp64\www\Assurance\system\Database\BaseConnection.php(607): CodeIgniter\Database\BaseConnection->simpleQuery('SELECT `dateEnv...')
#3 E:\Wamp64\www\Assurance\system\Database\BaseBuilder.php(1615): CodeIgniter\Database\BaseConnection->query('SELECT `dateEnv...', Array, false)
#4 E:\Wamp64\www\Assurance\system\Model.php(237): CodeIgniter\Database\BaseBuilder->get()
#5 E:\Wamp64\www\Assurance\system\BaseModel.php(624): CodeIgniter\Model->doFindAll(0, 0)
#6 E:\Wamp64\www\Assurance\app\Controllers\Consultation\ConsultationCont.php(1027): CodeIgniter\BaseModel->findAll()
#7 E:\Wamp64\www\Assurance\system\CodeIgniter.php(942): App\Controllers\consultation\ConsultationCont->listes_envoie_labo()
#8 E:\Wamp64\www\Assurance\system\CodeIgniter.php(502): CodeIgniter\CodeIgniter->runController(Object(App\Controllers\consultation\ConsultationCont))
#9 E:\Wamp64\www\Assurance\system\CodeIgniter.php(361): CodeIgniter\CodeIgniter->handleRequest(NULL, Object(Config\Cache), false)
#10 E:\Wamp64\www\Assurance\index.php(79): CodeIgniter\CodeIgniter->run()
#11 {main}
ERROR - 2024-09-15 18:04:15 --> mysqli_sql_exception: Unknown column 'detailconsultation.detailconsultaionId' in 'on clause' in E:\Wamp64\www\Assurance\system\Database\MySQLi\Connection.php:306
Stack trace:
#0 E:\Wamp64\www\Assurance\system\Database\MySQLi\Connection.php(306): mysqli->query('SELECT `dateEnv...', 0)
#1 E:\Wamp64\www\Assurance\system\Database\BaseConnection.php(693): CodeIgniter\Database\MySQLi\Connection->execute('SELECT `dateEnv...')
#2 E:\Wamp64\www\Assurance\system\Database\BaseConnection.php(607): CodeIgniter\Database\BaseConnection->simpleQuery('SELECT `dateEnv...')
#3 E:\Wamp64\www\Assurance\system\Database\BaseBuilder.php(1615): CodeIgniter\Database\BaseConnection->query('SELECT `dateEnv...', Array, false)
#4 E:\Wamp64\www\Assurance\system\Model.php(237): CodeIgniter\Database\BaseBuilder->get()
#5 E:\Wamp64\www\Assurance\system\BaseModel.php(624): CodeIgniter\Model->doFindAll(0, 0)
#6 E:\Wamp64\www\Assurance\app\Controllers\Consultation\ConsultationCont.php(1027): CodeIgniter\BaseModel->findAll()
#7 E:\Wamp64\www\Assurance\system\CodeIgniter.php(942): App\Controllers\consultation\ConsultationCont->listes_envoie_labo()
#8 E:\Wamp64\www\Assurance\system\CodeIgniter.php(502): CodeIgniter\CodeIgniter->runController(Object(App\Controllers\consultation\ConsultationCont))
#9 E:\Wamp64\www\Assurance\system\CodeIgniter.php(361): CodeIgniter\CodeIgniter->handleRequest(NULL, Object(Config\Cache), false)
#10 E:\Wamp64\www\Assurance\index.php(79): CodeIgniter\CodeIgniter->run()
#11 {main}
ERROR - 2024-09-15 19:16:14 --> mysqli_sql_exception: Incorrect DATETIME value: '' in E:\Wamp64\www\Assurance\system\Database\MySQLi\Connection.php:306
Stack trace:
#0 E:\Wamp64\www\Assurance\system\Database\MySQLi\Connection.php(306): mysqli->query('SELECT `idType`...', 0)
#1 E:\Wamp64\www\Assurance\system\Database\BaseConnection.php(693): CodeIgniter\Database\MySQLi\Connection->execute('SELECT `idType`...')
#2 E:\Wamp64\www\Assurance\system\Database\BaseConnection.php(607): CodeIgniter\Database\BaseConnection->simpleQuery('SELECT `idType`...')
#3 E:\Wamp64\www\Assurance\system\Database\BaseBuilder.php(1615): CodeIgniter\Database\BaseConnection->query('SELECT `idType`...', Array, false)
#4 E:\Wamp64\www\Assurance\system\Model.php(237): CodeIgniter\Database\BaseBuilder->get()
#5 E:\Wamp64\www\Assurance\system\BaseModel.php(624): CodeIgniter\Model->doFindAll(0, 0)
#6 E:\Wamp64\www\Assurance\app\Controllers\Consultation\ConsultationCont.php(1266): CodeIgniter\BaseModel->findAll()
#7 E:\Wamp64\www\Assurance\app\Controllers\Consultation\ConsultationCont.php(1212): App\Controllers\consultation\ConsultationCont->verif_visite('31')
#8 E:\Wamp64\www\Assurance\system\CodeIgniter.php(942): App\Controllers\consultation\ConsultationCont->valider_envoie_labo()
#9 E:\Wamp64\www\Assurance\system\CodeIgniter.php(502): CodeIgniter\CodeIgniter->runController(Object(App\Controllers\consultation\ConsultationCont))
#10 E:\Wamp64\www\Assurance\system\CodeIgniter.php(361): CodeIgniter\CodeIgniter->handleRequest(NULL, Object(Config\Cache), false)
#11 E:\Wamp64\www\Assurance\index.php(79): CodeIgniter\CodeIgniter->run()
#12 {main}
CRITICAL - 2024-09-15 20:43:36 --> file_get_contents(assets/img/labo/): Failed to open stream: No such file or directory
in APPPATH\Controllers\Consultation\ConsultationCont.php on line 1018.
 1 [internal function]: CodeIgniter\Debug\Exceptions->errorHandler(2, 'file_get_contents(assets/img/labo/): Failed to open stream: No such file or directory', 'E:\\Wamp64\\www\\Assurance\\app\\Controllers\\Consultation\\ConsultationCont.php', 1018)
 2 APPPATH\Controllers\Consultation\ConsultationCont.php(1018): file_get_contents('assets/img/labo/')
 3 SYSTEMPATH\CodeIgniter.php(942): App\Controllers\consultation\ConsultationCont->downloadFile()
 4 SYSTEMPATH\CodeIgniter.php(502): CodeIgniter\CodeIgniter->runController(Object(App\Controllers\consultation\ConsultationCont))
 5 SYSTEMPATH\CodeIgniter.php(361): CodeIgniter\CodeIgniter->handleRequest(null, Object(Config\Cache), false)
 6 FCPATH\index.php(79): CodeIgniter\CodeIgniter->run()
CRITICAL - 2024-09-15 20:43:39 --> file_get_contents(assets/img/labo/): Failed to open stream: No such file or directory
in APPPATH\Controllers\Consultation\ConsultationCont.php on line 1018.
 1 [internal function]: CodeIgniter\Debug\Exceptions->errorHandler(2, 'file_get_contents(assets/img/labo/): Failed to open stream: No such file or directory', 'E:\\Wamp64\\www\\Assurance\\app\\Controllers\\Consultation\\ConsultationCont.php', 1018)
 2 APPPATH\Controllers\Consultation\ConsultationCont.php(1018): file_get_contents('assets/img/labo/')
 3 SYSTEMPATH\CodeIgniter.php(942): App\Controllers\consultation\ConsultationCont->downloadFile()
 4 SYSTEMPATH\CodeIgniter.php(502): CodeIgniter\CodeIgniter->runController(Object(App\Controllers\consultation\ConsultationCont))
 5 SYSTEMPATH\CodeIgniter.php(361): CodeIgniter\CodeIgniter->handleRequest(null, Object(Config\Cache), false)
 6 FCPATH\index.php(79): CodeIgniter\CodeIgniter->run()
CRITICAL - 2024-09-15 20:55:38 --> readfile(assets/img/labo/): Failed to open stream: No such file or directory
in APPPATH\Controllers\Consultation\ConsultationCont.php on line 1020.
 1 [internal function]: CodeIgniter\Debug\Exceptions->errorHandler(2, 'readfile(assets/img/labo/): Failed to open stream: No such file or directory', 'E:\\Wamp64\\www\\Assurance\\app\\Controllers\\Consultation\\ConsultationCont.php', 1020)
 2 APPPATH\Controllers\Consultation\ConsultationCont.php(1020): readfile('assets/img/labo/')
 3 SYSTEMPATH\CodeIgniter.php(942): App\Controllers\consultation\ConsultationCont->downloadFile()
 4 SYSTEMPATH\CodeIgniter.php(502): CodeIgniter\CodeIgniter->runController(Object(App\Controllers\consultation\ConsultationCont))
 5 SYSTEMPATH\CodeIgniter.php(361): CodeIgniter\CodeIgniter->handleRequest(null, Object(Config\Cache), false)
 6 FCPATH\index.php(79): CodeIgniter\CodeIgniter->run()
CRITICAL - 2024-09-15 20:57:16 --> readfile(assets/img/labo/): Failed to open stream: No such file or directory
in APPPATH\Controllers\Consultation\ConsultationCont.php on line 1020.
 1 [internal function]: CodeIgniter\Debug\Exceptions->errorHandler(2, 'readfile(assets/img/labo/): Failed to open stream: No such file or directory', 'E:\\Wamp64\\www\\Assurance\\app\\Controllers\\Consultation\\ConsultationCont.php', 1020)
 2 APPPATH\Controllers\Consultation\ConsultationCont.php(1020): readfile('assets/img/labo/')
 3 SYSTEMPATH\CodeIgniter.php(942): App\Controllers\consultation\ConsultationCont->downloadFile()
 4 SYSTEMPATH\CodeIgniter.php(502): CodeIgniter\CodeIgniter->runController(Object(App\Controllers\consultation\ConsultationCont))
 5 SYSTEMPATH\CodeIgniter.php(361): CodeIgniter\CodeIgniter->handleRequest(null, Object(Config\Cache), false)
 6 FCPATH\index.php(79): CodeIgniter\CodeIgniter->run()
CRITICAL - 2024-09-15 20:57:30 --> readfile(assets/img/labo/): Failed to open stream: No such file or directory
in APPPATH\Controllers\Consultation\ConsultationCont.php on line 1020.
 1 [internal function]: CodeIgniter\Debug\Exceptions->errorHandler(2, 'readfile(assets/img/labo/): Failed to open stream: No such file or directory', 'E:\\Wamp64\\www\\Assurance\\app\\Controllers\\Consultation\\ConsultationCont.php', 1020)
 2 APPPATH\Controllers\Consultation\ConsultationCont.php(1020): readfile('assets/img/labo/')
 3 SYSTEMPATH\CodeIgniter.php(942): App\Controllers\consultation\ConsultationCont->downloadFile()
 4 SYSTEMPATH\CodeIgniter.php(502): CodeIgniter\CodeIgniter->runController(Object(App\Controllers\consultation\ConsultationCont))
 5 SYSTEMPATH\CodeIgniter.php(361): CodeIgniter\CodeIgniter->handleRequest(null, Object(Config\Cache), false)
 6 FCPATH\index.php(79): CodeIgniter\CodeIgniter->run()
CRITICAL - 2024-09-15 20:58:03 --> readfile(assets/img/labo/): Failed to open stream: No such file or directory
in APPPATH\Controllers\Consultation\ConsultationCont.php on line 1020.
 1 [internal function]: CodeIgniter\Debug\Exceptions->errorHandler(2, 'readfile(assets/img/labo/): Failed to open stream: No such file or directory', 'E:\\Wamp64\\www\\Assurance\\app\\Controllers\\Consultation\\ConsultationCont.php', 1020)
 2 APPPATH\Controllers\Consultation\ConsultationCont.php(1020): readfile('assets/img/labo/')
 3 SYSTEMPATH\CodeIgniter.php(942): App\Controllers\consultation\ConsultationCont->downloadFile()
 4 SYSTEMPATH\CodeIgniter.php(502): CodeIgniter\CodeIgniter->runController(Object(App\Controllers\consultation\ConsultationCont))
 5 SYSTEMPATH\CodeIgniter.php(361): CodeIgniter\CodeIgniter->handleRequest(null, Object(Config\Cache), false)
 6 FCPATH\index.php(79): CodeIgniter\CodeIgniter->run()
CRITICAL - 2024-09-15 20:58:08 --> readfile(assets/img/labo/): Failed to open stream: No such file or directory
in APPPATH\Controllers\Consultation\ConsultationCont.php on line 1020.
 1 [internal function]: CodeIgniter\Debug\Exceptions->errorHandler(2, 'readfile(assets/img/labo/): Failed to open stream: No such file or directory', 'E:\\Wamp64\\www\\Assurance\\app\\Controllers\\Consultation\\ConsultationCont.php', 1020)
 2 APPPATH\Controllers\Consultation\ConsultationCont.php(1020): readfile('assets/img/labo/')
 3 SYSTEMPATH\CodeIgniter.php(942): App\Controllers\consultation\ConsultationCont->downloadFile()
 4 SYSTEMPATH\CodeIgniter.php(502): CodeIgniter\CodeIgniter->runController(Object(App\Controllers\consultation\ConsultationCont))
 5 SYSTEMPATH\CodeIgniter.php(361): CodeIgniter\CodeIgniter->handleRequest(null, Object(Config\Cache), false)
 6 FCPATH\index.php(79): CodeIgniter\CodeIgniter->run()
