CRITICAL - 2024-06-29 19:50:02 --> Undefined array key "nom_user"
in APPPATH\Views\header\header.php on line 32.
 1 APPPATH\Views\header\header.php(32): CodeIgniter\Debug\Exceptions->errorHandler(2, 'Undefined array key "nom_user"', 'E:\\wamp64\\www\\Assurance\\app\\Views\\header\\header.php', 32)
 2 SYSTEMPATH\View\View.php(228): include('E:\\wamp64\\www\\Assurance\\app\\Views\\header\\header.php')
 3 SYSTEMPATH\View\View.php(231): CodeIgniter\View\View->CodeIgniter\View\{closure}()
 4 SYSTEMPATH\Common.php(1190): CodeIgniter\View\View->render('header/header', [], true)
 5 APPPATH\Views\layout.php(13): view('header/header')
 6 SYSTEMPATH\View\View.php(228): include('E:\\wamp64\\www\\Assurance\\app\\Views\\layout.php')
 7 SYSTEMPATH\View\View.php(231): CodeIgniter\View\View->CodeIgniter\View\{closure}()
 8 SYSTEMPATH\Common.php(1190): CodeIgniter\View\View->render('layout', [], true)
 9 APPPATH\Controllers\membre\MembreCont.php(15): view('layout', [...])
10 SYSTEMPATH\CodeIgniter.php(942): App\Controllers\membre\MembreCont->index()
11 SYSTEMPATH\CodeIgniter.php(502): CodeIgniter\CodeIgniter->runController(Object(App\Controllers\membre\MembreCont))
12 SYSTEMPATH\CodeIgniter.php(361): CodeIgniter\CodeIgniter->handleRequest(null, Object(Config\Cache), false)
13 FCPATH\index.php(79): CodeIgniter\CodeIgniter->run()
CRITICAL - 2024-06-29 19:50:04 --> Undefined array key "nom_user"
in APPPATH\Views\header\header.php on line 32.
 1 APPPATH\Views\header\header.php(32): CodeIgniter\Debug\Exceptions->errorHandler(2, 'Undefined array key "nom_user"', 'E:\\wamp64\\www\\Assurance\\app\\Views\\header\\header.php', 32)
 2 SYSTEMPATH\View\View.php(228): include('E:\\wamp64\\www\\Assurance\\app\\Views\\header\\header.php')
 3 SYSTEMPATH\View\View.php(231): CodeIgniter\View\View->CodeIgniter\View\{closure}()
 4 SYSTEMPATH\Common.php(1190): CodeIgniter\View\View->render('header/header', [], true)
 5 APPPATH\Views\layout.php(13): view('header/header')
 6 SYSTEMPATH\View\View.php(228): include('E:\\wamp64\\www\\Assurance\\app\\Views\\layout.php')
 7 SYSTEMPATH\View\View.php(231): CodeIgniter\View\View->CodeIgniter\View\{closure}()
 8 SYSTEMPATH\Common.php(1190): CodeIgniter\View\View->render('layout', [], true)
 9 APPPATH\Controllers\membre\MembreCont.php(15): view('layout', [...])
10 SYSTEMPATH\CodeIgniter.php(942): App\Controllers\membre\MembreCont->index()
11 SYSTEMPATH\CodeIgniter.php(502): CodeIgniter\CodeIgniter->runController(Object(App\Controllers\membre\MembreCont))
12 SYSTEMPATH\CodeIgniter.php(361): CodeIgniter\CodeIgniter->handleRequest(null, Object(Config\Cache), false)
13 FCPATH\index.php(79): CodeIgniter\CodeIgniter->run()
CRITICAL - 2024-06-29 19:50:05 --> Undefined array key "nom_user"
in APPPATH\Views\header\header.php on line 32.
 1 APPPATH\Views\header\header.php(32): CodeIgniter\Debug\Exceptions->errorHandler(2, 'Undefined array key "nom_user"', 'E:\\wamp64\\www\\Assurance\\app\\Views\\header\\header.php', 32)
 2 SYSTEMPATH\View\View.php(228): include('E:\\wamp64\\www\\Assurance\\app\\Views\\header\\header.php')
 3 SYSTEMPATH\View\View.php(231): CodeIgniter\View\View->CodeIgniter\View\{closure}()
 4 SYSTEMPATH\Common.php(1190): CodeIgniter\View\View->render('header/header', [], true)
 5 APPPATH\Views\layout.php(13): view('header/header')
 6 SYSTEMPATH\View\View.php(228): include('E:\\wamp64\\www\\Assurance\\app\\Views\\layout.php')
 7 SYSTEMPATH\View\View.php(231): CodeIgniter\View\View->CodeIgniter\View\{closure}()
 8 SYSTEMPATH\Common.php(1190): CodeIgniter\View\View->render('layout', [], true)
 9 APPPATH\Controllers\membre\MembreCont.php(15): view('layout', [...])
10 SYSTEMPATH\CodeIgniter.php(942): App\Controllers\membre\MembreCont->index()
11 SYSTEMPATH\CodeIgniter.php(502): CodeIgniter\CodeIgniter->runController(Object(App\Controllers\membre\MembreCont))
12 SYSTEMPATH\CodeIgniter.php(361): CodeIgniter\CodeIgniter->handleRequest(null, Object(Config\Cache), false)
13 FCPATH\index.php(79): CodeIgniter\CodeIgniter->run()
CRITICAL - 2024-06-29 19:50:07 --> Undefined array key "nom_user"
in APPPATH\Views\header\header.php on line 32.
 1 APPPATH\Views\header\header.php(32): CodeIgniter\Debug\Exceptions->errorHandler(2, 'Undefined array key "nom_user"', 'E:\\wamp64\\www\\Assurance\\app\\Views\\header\\header.php', 32)
 2 SYSTEMPATH\View\View.php(228): include('E:\\wamp64\\www\\Assurance\\app\\Views\\header\\header.php')
 3 SYSTEMPATH\View\View.php(231): CodeIgniter\View\View->CodeIgniter\View\{closure}()
 4 SYSTEMPATH\Common.php(1190): CodeIgniter\View\View->render('header/header', [], true)
 5 APPPATH\Views\layout.php(13): view('header/header')
 6 SYSTEMPATH\View\View.php(228): include('E:\\wamp64\\www\\Assurance\\app\\Views\\layout.php')
 7 SYSTEMPATH\View\View.php(231): CodeIgniter\View\View->CodeIgniter\View\{closure}()
 8 SYSTEMPATH\Common.php(1190): CodeIgniter\View\View->render('layout', [], true)
 9 APPPATH\Controllers\membre\MembreCont.php(15): view('layout', [...])
10 SYSTEMPATH\CodeIgniter.php(942): App\Controllers\membre\MembreCont->index()
11 SYSTEMPATH\CodeIgniter.php(502): CodeIgniter\CodeIgniter->runController(Object(App\Controllers\membre\MembreCont))
12 SYSTEMPATH\CodeIgniter.php(361): CodeIgniter\CodeIgniter->handleRequest(null, Object(Config\Cache), false)
13 FCPATH\index.php(79): CodeIgniter\CodeIgniter->run()
CRITICAL - 2024-06-29 19:51:13 --> Undefined array key "nom_user"
in APPPATH\Views\header\header.php on line 32.
 1 APPPATH\Views\header\header.php(32): CodeIgniter\Debug\Exceptions->errorHandler(2, 'Undefined array key "nom_user"', 'E:\\wamp64\\www\\Assurance\\app\\Views\\header\\header.php', 32)
 2 SYSTEMPATH\View\View.php(228): include('E:\\wamp64\\www\\Assurance\\app\\Views\\header\\header.php')
 3 SYSTEMPATH\View\View.php(231): CodeIgniter\View\View->CodeIgniter\View\{closure}()
 4 SYSTEMPATH\Common.php(1190): CodeIgniter\View\View->render('header/header', [], true)
 5 APPPATH\Views\layout.php(13): view('header/header')
 6 SYSTEMPATH\View\View.php(228): include('E:\\wamp64\\www\\Assurance\\app\\Views\\layout.php')
 7 SYSTEMPATH\View\View.php(231): CodeIgniter\View\View->CodeIgniter\View\{closure}()
 8 SYSTEMPATH\Common.php(1190): CodeIgniter\View\View->render('layout', [], true)
 9 APPPATH\Controllers\utilisateur\UtilisateurCont.php(65): view('layout', [...])
10 SYSTEMPATH\CodeIgniter.php(942): App\Controllers\utilisateur\UtilisateurCont->page_utilisateur()
11 SYSTEMPATH\CodeIgniter.php(502): CodeIgniter\CodeIgniter->runController(Object(App\Controllers\utilisateur\UtilisateurCont))
12 SYSTEMPATH\CodeIgniter.php(361): CodeIgniter\CodeIgniter->handleRequest(null, Object(Config\Cache), false)
13 FCPATH\index.php(79): CodeIgniter\CodeIgniter->run()
CRITICAL - 2024-06-29 19:51:58 --> Undefined array key "nom_user"
in APPPATH\Views\header\header.php on line 32.
 1 APPPATH\Views\header\header.php(32): CodeIgniter\Debug\Exceptions->errorHandler(2, 'Undefined array key "nom_user"', 'E:\\wamp64\\www\\Assurance\\app\\Views\\header\\header.php', 32)
 2 SYSTEMPATH\View\View.php(228): include('E:\\wamp64\\www\\Assurance\\app\\Views\\header\\header.php')
 3 SYSTEMPATH\View\View.php(231): CodeIgniter\View\View->CodeIgniter\View\{closure}()
 4 SYSTEMPATH\Common.php(1190): CodeIgniter\View\View->render('header/header', [], true)
 5 APPPATH\Views\layout.php(13): view('header/header')
 6 SYSTEMPATH\View\View.php(228): include('E:\\wamp64\\www\\Assurance\\app\\Views\\layout.php')
 7 SYSTEMPATH\View\View.php(231): CodeIgniter\View\View->CodeIgniter\View\{closure}()
 8 SYSTEMPATH\Common.php(1190): CodeIgniter\View\View->render('layout', [], true)
 9 APPPATH\Controllers\utilisateur\UtilisateurCont.php(65): view('layout', [...])
10 SYSTEMPATH\CodeIgniter.php(942): App\Controllers\utilisateur\UtilisateurCont->page_utilisateur()
11 SYSTEMPATH\CodeIgniter.php(502): CodeIgniter\CodeIgniter->runController(Object(App\Controllers\utilisateur\UtilisateurCont))
12 SYSTEMPATH\CodeIgniter.php(361): CodeIgniter\CodeIgniter->handleRequest(null, Object(Config\Cache), false)
13 FCPATH\index.php(79): CodeIgniter\CodeIgniter->run()
CRITICAL - 2024-06-29 19:54:30 --> Undefined array key "nom_user"
in APPPATH\Views\header\header.php on line 32.
 1 APPPATH\Views\header\header.php(32): CodeIgniter\Debug\Exceptions->errorHandler(2, 'Undefined array key "nom_user"', 'E:\\wamp64\\www\\Assurance\\app\\Views\\header\\header.php', 32)
 2 SYSTEMPATH\View\View.php(228): include('E:\\wamp64\\www\\Assurance\\app\\Views\\header\\header.php')
 3 SYSTEMPATH\View\View.php(231): CodeIgniter\View\View->CodeIgniter\View\{closure}()
 4 SYSTEMPATH\Common.php(1190): CodeIgniter\View\View->render('header/header', [], true)
 5 APPPATH\Views\layout.php(13): view('header/header')
 6 SYSTEMPATH\View\View.php(228): include('E:\\wamp64\\www\\Assurance\\app\\Views\\layout.php')
 7 SYSTEMPATH\View\View.php(231): CodeIgniter\View\View->CodeIgniter\View\{closure}()
 8 SYSTEMPATH\Common.php(1190): CodeIgniter\View\View->render('layout', [], true)
 9 APPPATH\Controllers\utilisateur\UtilisateurCont.php(62): view('layout', [...])
10 SYSTEMPATH\CodeIgniter.php(942): App\Controllers\utilisateur\UtilisateurCont->page_utilisateur()
11 SYSTEMPATH\CodeIgniter.php(502): CodeIgniter\CodeIgniter->runController(Object(App\Controllers\utilisateur\UtilisateurCont))
12 SYSTEMPATH\CodeIgniter.php(361): CodeIgniter\CodeIgniter->handleRequest(null, Object(Config\Cache), false)
13 FCPATH\index.php(79): CodeIgniter\CodeIgniter->run()
CRITICAL - 2024-06-29 19:54:47 --> Undefined array key "nom_user"
in APPPATH\Views\header\header.php on line 32.
 1 APPPATH\Views\header\header.php(32): CodeIgniter\Debug\Exceptions->errorHandler(2, 'Undefined array key "nom_user"', 'E:\\wamp64\\www\\Assurance\\app\\Views\\header\\header.php', 32)
 2 SYSTEMPATH\View\View.php(228): include('E:\\wamp64\\www\\Assurance\\app\\Views\\header\\header.php')
 3 SYSTEMPATH\View\View.php(231): CodeIgniter\View\View->CodeIgniter\View\{closure}()
 4 SYSTEMPATH\Common.php(1190): CodeIgniter\View\View->render('header/header', [], true)
 5 APPPATH\Views\layout.php(13): view('header/header')
 6 SYSTEMPATH\View\View.php(228): include('E:\\wamp64\\www\\Assurance\\app\\Views\\layout.php')
 7 SYSTEMPATH\View\View.php(231): CodeIgniter\View\View->CodeIgniter\View\{closure}()
 8 SYSTEMPATH\Common.php(1190): CodeIgniter\View\View->render('layout', [], true)
 9 APPPATH\Controllers\utilisateur\UtilisateurCont.php(62): view('layout', [...])
10 SYSTEMPATH\CodeIgniter.php(942): App\Controllers\utilisateur\UtilisateurCont->page_utilisateur()
11 SYSTEMPATH\CodeIgniter.php(502): CodeIgniter\CodeIgniter->runController(Object(App\Controllers\utilisateur\UtilisateurCont))
12 SYSTEMPATH\CodeIgniter.php(361): CodeIgniter\CodeIgniter->handleRequest(null, Object(Config\Cache), false)
13 FCPATH\index.php(79): CodeIgniter\CodeIgniter->run()
CRITICAL - 2024-06-29 19:55:41 --> Undefined array key "nom_user"
in APPPATH\Views\header\header.php on line 32.
 1 APPPATH\Views\header\header.php(32): CodeIgniter\Debug\Exceptions->errorHandler(2, 'Undefined array key "nom_user"', 'E:\\wamp64\\www\\Assurance\\app\\Views\\header\\header.php', 32)
 2 SYSTEMPATH\View\View.php(228): include('E:\\wamp64\\www\\Assurance\\app\\Views\\header\\header.php')
 3 SYSTEMPATH\View\View.php(231): CodeIgniter\View\View->CodeIgniter\View\{closure}()
 4 SYSTEMPATH\Common.php(1190): CodeIgniter\View\View->render('header/header', [], true)
 5 APPPATH\Views\layout.php(13): view('header/header')
 6 SYSTEMPATH\View\View.php(228): include('E:\\wamp64\\www\\Assurance\\app\\Views\\layout.php')
 7 SYSTEMPATH\View\View.php(231): CodeIgniter\View\View->CodeIgniter\View\{closure}()
 8 SYSTEMPATH\Common.php(1190): CodeIgniter\View\View->render('layout', [], true)
 9 APPPATH\Controllers\utilisateur\UtilisateurCont.php(58): view('layout', [...])
10 SYSTEMPATH\CodeIgniter.php(942): App\Controllers\utilisateur\UtilisateurCont->page_utilisateur()
11 SYSTEMPATH\CodeIgniter.php(502): CodeIgniter\CodeIgniter->runController(Object(App\Controllers\utilisateur\UtilisateurCont))
12 SYSTEMPATH\CodeIgniter.php(361): CodeIgniter\CodeIgniter->handleRequest(null, Object(Config\Cache), false)
13 FCPATH\index.php(79): CodeIgniter\CodeIgniter->run()
CRITICAL - 2024-06-29 19:55:54 --> Undefined array key "nom_user"
in APPPATH\Views\header\header.php on line 32.
 1 APPPATH\Views\header\header.php(32): CodeIgniter\Debug\Exceptions->errorHandler(2, 'Undefined array key "nom_user"', 'E:\\wamp64\\www\\Assurance\\app\\Views\\header\\header.php', 32)
 2 SYSTEMPATH\View\View.php(228): include('E:\\wamp64\\www\\Assurance\\app\\Views\\header\\header.php')
 3 SYSTEMPATH\View\View.php(231): CodeIgniter\View\View->CodeIgniter\View\{closure}()
 4 SYSTEMPATH\Common.php(1190): CodeIgniter\View\View->render('header/header', [], true)
 5 APPPATH\Views\layout.php(13): view('header/header')
 6 SYSTEMPATH\View\View.php(228): include('E:\\wamp64\\www\\Assurance\\app\\Views\\layout.php')
 7 SYSTEMPATH\View\View.php(231): CodeIgniter\View\View->CodeIgniter\View\{closure}()
 8 SYSTEMPATH\Common.php(1190): CodeIgniter\View\View->render('layout', [], true)
 9 APPPATH\Controllers\utilisateur\UtilisateurCont.php(58): view('layout', [...])
10 SYSTEMPATH\CodeIgniter.php(942): App\Controllers\utilisateur\UtilisateurCont->page_utilisateur()
11 SYSTEMPATH\CodeIgniter.php(502): CodeIgniter\CodeIgniter->runController(Object(App\Controllers\utilisateur\UtilisateurCont))
12 SYSTEMPATH\CodeIgniter.php(361): CodeIgniter\CodeIgniter->handleRequest(null, Object(Config\Cache), false)
13 FCPATH\index.php(79): CodeIgniter\CodeIgniter->run()
CRITICAL - 2024-06-29 19:58:39 --> Undefined array key "nom_user"
in APPPATH\Views\header\header.php on line 32.
 1 APPPATH\Views\header\header.php(32): CodeIgniter\Debug\Exceptions->errorHandler(2, 'Undefined array key "nom_user"', 'E:\\wamp64\\www\\Assurance\\app\\Views\\header\\header.php', 32)
 2 SYSTEMPATH\View\View.php(228): include('E:\\wamp64\\www\\Assurance\\app\\Views\\header\\header.php')
 3 SYSTEMPATH\View\View.php(231): CodeIgniter\View\View->CodeIgniter\View\{closure}()
 4 SYSTEMPATH\Common.php(1190): CodeIgniter\View\View->render('header/header', [], true)
 5 APPPATH\Views\layout.php(13): view('header/header')
 6 SYSTEMPATH\View\View.php(228): include('E:\\wamp64\\www\\Assurance\\app\\Views\\layout.php')
 7 SYSTEMPATH\View\View.php(231): CodeIgniter\View\View->CodeIgniter\View\{closure}()
 8 SYSTEMPATH\Common.php(1190): CodeIgniter\View\View->render('layout', [], true)
 9 APPPATH\Controllers\utilisateur\UtilisateurCont.php(58): view('layout', [...])
10 SYSTEMPATH\CodeIgniter.php(942): App\Controllers\utilisateur\UtilisateurCont->page_utilisateur()
11 SYSTEMPATH\CodeIgniter.php(502): CodeIgniter\CodeIgniter->runController(Object(App\Controllers\utilisateur\UtilisateurCont))
12 SYSTEMPATH\CodeIgniter.php(361): CodeIgniter\CodeIgniter->handleRequest(null, Object(Config\Cache), false)
13 FCPATH\index.php(79): CodeIgniter\CodeIgniter->run()
CRITICAL - 2024-06-29 19:59:38 --> Undefined array key "nom_user"
in APPPATH\Views\header\header.php on line 32.
 1 APPPATH\Views\header\header.php(32): CodeIgniter\Debug\Exceptions->errorHandler(2, 'Undefined array key "nom_user"', 'E:\\wamp64\\www\\Assurance\\app\\Views\\header\\header.php', 32)
 2 SYSTEMPATH\View\View.php(228): include('E:\\wamp64\\www\\Assurance\\app\\Views\\header\\header.php')
 3 SYSTEMPATH\View\View.php(231): CodeIgniter\View\View->CodeIgniter\View\{closure}()
 4 SYSTEMPATH\Common.php(1190): CodeIgniter\View\View->render('header/header', [], true)
 5 APPPATH\Views\layout.php(13): view('header/header')
 6 SYSTEMPATH\View\View.php(228): include('E:\\wamp64\\www\\Assurance\\app\\Views\\layout.php')
 7 SYSTEMPATH\View\View.php(231): CodeIgniter\View\View->CodeIgniter\View\{closure}()
 8 SYSTEMPATH\Common.php(1190): CodeIgniter\View\View->render('layout', [], true)
 9 APPPATH\Controllers\utilisateur\UtilisateurCont.php(58): view('layout', [...])
10 SYSTEMPATH\CodeIgniter.php(942): App\Controllers\utilisateur\UtilisateurCont->page_utilisateur()
11 SYSTEMPATH\CodeIgniter.php(502): CodeIgniter\CodeIgniter->runController(Object(App\Controllers\utilisateur\UtilisateurCont))
12 SYSTEMPATH\CodeIgniter.php(361): CodeIgniter\CodeIgniter->handleRequest(null, Object(Config\Cache), false)
13 FCPATH\index.php(79): CodeIgniter\CodeIgniter->run()
CRITICAL - 2024-06-29 20:02:21 --> Undefined array key "nom_user"
in APPPATH\Views\header\header.php on line 32.
 1 APPPATH\Views\header\header.php(32): CodeIgniter\Debug\Exceptions->errorHandler(2, 'Undefined array key "nom_user"', 'E:\\wamp64\\www\\Assurance\\app\\Views\\header\\header.php', 32)
 2 SYSTEMPATH\View\View.php(228): include('E:\\wamp64\\www\\Assurance\\app\\Views\\header\\header.php')
 3 SYSTEMPATH\View\View.php(231): CodeIgniter\View\View->CodeIgniter\View\{closure}()
 4 SYSTEMPATH\Common.php(1190): CodeIgniter\View\View->render('header/header', [], true)
 5 APPPATH\Views\layout.php(13): view('header/header')
 6 SYSTEMPATH\View\View.php(228): include('E:\\wamp64\\www\\Assurance\\app\\Views\\layout.php')
 7 SYSTEMPATH\View\View.php(231): CodeIgniter\View\View->CodeIgniter\View\{closure}()
 8 SYSTEMPATH\Common.php(1190): CodeIgniter\View\View->render('layout', [], true)
 9 APPPATH\Controllers\utilisateur\UtilisateurCont.php(58): view('layout', [...])
10 SYSTEMPATH\CodeIgniter.php(942): App\Controllers\utilisateur\UtilisateurCont->page_utilisateur()
11 SYSTEMPATH\CodeIgniter.php(502): CodeIgniter\CodeIgniter->runController(Object(App\Controllers\utilisateur\UtilisateurCont))
12 SYSTEMPATH\CodeIgniter.php(361): CodeIgniter\CodeIgniter->handleRequest(null, Object(Config\Cache), false)
13 FCPATH\index.php(79): CodeIgniter\CodeIgniter->run()
CRITICAL - 2024-06-29 20:04:06 --> Undefined array key "nom_user"
in APPPATH\Views\header\header.php on line 32.
 1 APPPATH\Views\header\header.php(32): CodeIgniter\Debug\Exceptions->errorHandler(2, 'Undefined array key "nom_user"', 'E:\\wamp64\\www\\Assurance\\app\\Views\\header\\header.php', 32)
 2 SYSTEMPATH\View\View.php(228): include('E:\\wamp64\\www\\Assurance\\app\\Views\\header\\header.php')
 3 SYSTEMPATH\View\View.php(231): CodeIgniter\View\View->CodeIgniter\View\{closure}()
 4 SYSTEMPATH\Common.php(1190): CodeIgniter\View\View->render('header/header', [], true)
 5 APPPATH\Views\layout.php(13): view('header/header')
 6 SYSTEMPATH\View\View.php(228): include('E:\\wamp64\\www\\Assurance\\app\\Views\\layout.php')
 7 SYSTEMPATH\View\View.php(231): CodeIgniter\View\View->CodeIgniter\View\{closure}()
 8 SYSTEMPATH\Common.php(1190): CodeIgniter\View\View->render('layout', [], true)
 9 APPPATH\Controllers\utilisateur\UtilisateurCont.php(58): view('layout', [...])
10 SYSTEMPATH\CodeIgniter.php(942): App\Controllers\utilisateur\UtilisateurCont->page_utilisateur()
11 SYSTEMPATH\CodeIgniter.php(502): CodeIgniter\CodeIgniter->runController(Object(App\Controllers\utilisateur\UtilisateurCont))
12 SYSTEMPATH\CodeIgniter.php(361): CodeIgniter\CodeIgniter->handleRequest(null, Object(Config\Cache), false)
13 FCPATH\index.php(79): CodeIgniter\CodeIgniter->run()
