ERROR - 2024-06-28 12:22:14 --> Error connecting to the database: Error: Call to undefined function CodeIgniter\Database\Postgre\pg_connect() in C:\xampp\htdocs\assurance\system\Database\Postgre\Connection.php:72
Stack trace:
#0 C:\xampp\htdocs\assurance\system\Database\BaseConnection.php(392): CodeIgniter\Database\Postgre\Connection->connect(false)
#1 C:\xampp\htdocs\assurance\system\Database\BaseConnection.php(575): CodeIgniter\Database\BaseConnection->initialize()
#2 C:\xampp\htdocs\assurance\system\Database\BaseBuilder.php(1615): CodeIgniter\Database\BaseConnection->query('SELECT *\nFROM "...', Array, false)
#3 C:\xampp\htdocs\assurance\system\Model.php(264): CodeIgniter\Database\BaseBuilder->get()
#4 C:\xampp\htdocs\assurance\system\BaseModel.php(662): CodeIgniter\Model->doFirst()
#5 C:\xampp\htdocs\assurance\app\Controllers\login\LoginCont.php(56): CodeIgniter\BaseModel->first()
#6 C:\xampp\htdocs\assurance\system\CodeIgniter.php(942): App\Controllers\login\LoginCont->authentifier()
#7 C:\xampp\htdocs\assurance\system\CodeIgniter.php(502): CodeIgniter\CodeIgniter->runController(Object(App\Controllers\login\LoginCont))
#8 C:\xampp\htdocs\assurance\system\CodeIgniter.php(361): CodeIgniter\CodeIgniter->handleRequest(NULL, Object(Config\Cache), false)
#9 C:\xampp\htdocs\assurance\index.php(79): CodeIgniter\CodeIgniter->run()
#10 {main}
ERROR - 2024-06-28 12:22:16 --> Error connecting to the database: Error: Call to undefined function CodeIgniter\Database\Postgre\pg_connect() in C:\xampp\htdocs\assurance\system\Database\Postgre\Connection.php:72
Stack trace:
#0 C:\xampp\htdocs\assurance\system\Database\BaseConnection.php(392): CodeIgniter\Database\Postgre\Connection->connect(false)
#1 C:\xampp\htdocs\assurance\system\Database\BaseConnection.php(575): CodeIgniter\Database\BaseConnection->initialize()
#2 C:\xampp\htdocs\assurance\system\Database\BaseBuilder.php(1615): CodeIgniter\Database\BaseConnection->query('SELECT *\nFROM "...', Array, false)
#3 C:\xampp\htdocs\assurance\system\Model.php(264): CodeIgniter\Database\BaseBuilder->get()
#4 C:\xampp\htdocs\assurance\system\BaseModel.php(662): CodeIgniter\Model->doFirst()
#5 C:\xampp\htdocs\assurance\app\Controllers\login\LoginCont.php(56): CodeIgniter\BaseModel->first()
#6 C:\xampp\htdocs\assurance\system\CodeIgniter.php(942): App\Controllers\login\LoginCont->authentifier()
#7 C:\xampp\htdocs\assurance\system\CodeIgniter.php(502): CodeIgniter\CodeIgniter->runController(Object(App\Controllers\login\LoginCont))
#8 C:\xampp\htdocs\assurance\system\CodeIgniter.php(361): CodeIgniter\CodeIgniter->handleRequest(NULL, Object(Config\Cache), false)
#9 C:\xampp\htdocs\assurance\index.php(79): CodeIgniter\CodeIgniter->run()
#10 {main}
