ERROR - 2024-09-04 08:21:27 --> mysqli_sql_exception: You have an error in your SQL syntax; check the manual that corresponds to your MySQL server version for the right syntax to use near '' ' .titulaire.prenom) as nom_titulaire, `titulaire`.`titulaireId`, `nomPrenomCo' at line 1 in E:\Wamp64\www\Assurance\system\Database\MySQLi\Connection.php:306
Stack trace:
#0 E:\Wamp64\www\Assurance\system\Database\MySQLi\Connection.php(306): mysqli->query('SELECT CONCAT(t...', 0)
#1 E:\Wamp64\www\Assurance\system\Database\BaseConnection.php(693): CodeIgniter\Database\MySQLi\Connection->execute('SELECT CONCAT(t...')
#2 E:\Wamp64\www\Assurance\system\Database\BaseConnection.php(607): CodeIgniter\Database\BaseConnection->simpleQuery('SELECT CONCAT(t...')
#3 E:\Wamp64\www\Assurance\system\Database\BaseBuilder.php(1615): CodeIgniter\Database\BaseConnection->query('SELECT CONCAT(t...', Array, false)
#4 E:\Wamp64\www\Assurance\system\Model.php(237): CodeIgniter\Database\BaseBuilder->get()
#5 E:\Wamp64\www\Assurance\system\BaseModel.php(624): CodeIgniter\Model->doFindAll(0, 0)
#6 E:\Wamp64\www\Assurance\app\Controllers\Consultation\ConsultationCont.php(280): CodeIgniter\BaseModel->findAll()
#7 E:\Wamp64\www\Assurance\system\CodeIgniter.php(942): App\Controllers\consultation\ConsultationCont->charge_personne_malade()
#8 E:\Wamp64\www\Assurance\system\CodeIgniter.php(502): CodeIgniter\CodeIgniter->runController(Object(App\Controllers\consultation\ConsultationCont))
#9 E:\Wamp64\www\Assurance\system\CodeIgniter.php(361): CodeIgniter\CodeIgniter->handleRequest(NULL, Object(Config\Cache), false)
#10 E:\Wamp64\www\Assurance\index.php(79): CodeIgniter\CodeIgniter->run()
#11 {main}
ERROR - 2024-09-04 08:21:50 --> mysqli_sql_exception: You have an error in your SQL syntax; check the manual that corresponds to your MySQL server version for the right syntax to use near '' ' .titulaire.prenom) as nom_titulaire, `titulaire`.`titulaireId`, `nomPrenomCo' at line 1 in E:\Wamp64\www\Assurance\system\Database\MySQLi\Connection.php:306
Stack trace:
#0 E:\Wamp64\www\Assurance\system\Database\MySQLi\Connection.php(306): mysqli->query('SELECT CONCAT(t...', 0)
#1 E:\Wamp64\www\Assurance\system\Database\BaseConnection.php(693): CodeIgniter\Database\MySQLi\Connection->execute('SELECT CONCAT(t...')
#2 E:\Wamp64\www\Assurance\system\Database\BaseConnection.php(607): CodeIgniter\Database\BaseConnection->simpleQuery('SELECT CONCAT(t...')
#3 E:\Wamp64\www\Assurance\system\Database\BaseBuilder.php(1615): CodeIgniter\Database\BaseConnection->query('SELECT CONCAT(t...', Array, false)
#4 E:\Wamp64\www\Assurance\system\Model.php(237): CodeIgniter\Database\BaseBuilder->get()
#5 E:\Wamp64\www\Assurance\system\BaseModel.php(624): CodeIgniter\Model->doFindAll(0, 0)
#6 E:\Wamp64\www\Assurance\app\Controllers\Consultation\ConsultationCont.php(280): CodeIgniter\BaseModel->findAll()
#7 E:\Wamp64\www\Assurance\system\CodeIgniter.php(942): App\Controllers\consultation\ConsultationCont->charge_personne_malade()
#8 E:\Wamp64\www\Assurance\system\CodeIgniter.php(502): CodeIgniter\CodeIgniter->runController(Object(App\Controllers\consultation\ConsultationCont))
#9 E:\Wamp64\www\Assurance\system\CodeIgniter.php(361): CodeIgniter\CodeIgniter->handleRequest(NULL, Object(Config\Cache), false)
#10 E:\Wamp64\www\Assurance\index.php(79): CodeIgniter\CodeIgniter->run()
#11 {main}
ERROR - 2024-09-04 08:22:44 --> mysqli_sql_exception: Unknown column 'titulaire.nomc' in 'field list' in E:\Wamp64\www\Assurance\system\Database\MySQLi\Connection.php:306
Stack trace:
#0 E:\Wamp64\www\Assurance\system\Database\MySQLi\Connection.php(306): mysqli->query('SELECT CONCAT(t...', 0)
#1 E:\Wamp64\www\Assurance\system\Database\BaseConnection.php(693): CodeIgniter\Database\MySQLi\Connection->execute('SELECT CONCAT(t...')
#2 E:\Wamp64\www\Assurance\system\Database\BaseConnection.php(607): CodeIgniter\Database\BaseConnection->simpleQuery('SELECT CONCAT(t...')
#3 E:\Wamp64\www\Assurance\system\Database\BaseBuilder.php(1615): CodeIgniter\Database\BaseConnection->query('SELECT CONCAT(t...', Array, false)
#4 E:\Wamp64\www\Assurance\system\Model.php(237): CodeIgniter\Database\BaseBuilder->get()
#5 E:\Wamp64\www\Assurance\system\BaseModel.php(624): CodeIgniter\Model->doFindAll(0, 0)
#6 E:\Wamp64\www\Assurance\app\Controllers\Consultation\ConsultationCont.php(280): CodeIgniter\BaseModel->findAll()
#7 E:\Wamp64\www\Assurance\system\CodeIgniter.php(942): App\Controllers\consultation\ConsultationCont->charge_personne_malade()
#8 E:\Wamp64\www\Assurance\system\CodeIgniter.php(502): CodeIgniter\CodeIgniter->runController(Object(App\Controllers\consultation\ConsultationCont))
#9 E:\Wamp64\www\Assurance\system\CodeIgniter.php(361): CodeIgniter\CodeIgniter->handleRequest(NULL, Object(Config\Cache), false)
#10 E:\Wamp64\www\Assurance\index.php(79): CodeIgniter\CodeIgniter->run()
#11 {main}
ERROR - 2024-09-04 08:23:10 --> mysqli_sql_exception: Unknown column 'enfant.titulaireId' in 'on clause' in E:\Wamp64\www\Assurance\system\Database\MySQLi\Connection.php:306
Stack trace:
#0 E:\Wamp64\www\Assurance\system\Database\MySQLi\Connection.php(306): mysqli->query('SELECT CONCAT(t...', 0)
#1 E:\Wamp64\www\Assurance\system\Database\BaseConnection.php(693): CodeIgniter\Database\MySQLi\Connection->execute('SELECT CONCAT(t...')
#2 E:\Wamp64\www\Assurance\system\Database\BaseConnection.php(607): CodeIgniter\Database\BaseConnection->simpleQuery('SELECT CONCAT(t...')
#3 E:\Wamp64\www\Assurance\system\Database\BaseBuilder.php(1615): CodeIgniter\Database\BaseConnection->query('SELECT CONCAT(t...', Array, false)
#4 E:\Wamp64\www\Assurance\system\Model.php(237): CodeIgniter\Database\BaseBuilder->get()
#5 E:\Wamp64\www\Assurance\system\BaseModel.php(624): CodeIgniter\Model->doFindAll(0, 0)
#6 E:\Wamp64\www\Assurance\app\Controllers\Consultation\ConsultationCont.php(280): CodeIgniter\BaseModel->findAll()
#7 E:\Wamp64\www\Assurance\system\CodeIgniter.php(942): App\Controllers\consultation\ConsultationCont->charge_personne_malade()
#8 E:\Wamp64\www\Assurance\system\CodeIgniter.php(502): CodeIgniter\CodeIgniter->runController(Object(App\Controllers\consultation\ConsultationCont))
#9 E:\Wamp64\www\Assurance\system\CodeIgniter.php(361): CodeIgniter\CodeIgniter->handleRequest(NULL, Object(Config\Cache), false)
#10 E:\Wamp64\www\Assurance\index.php(79): CodeIgniter\CodeIgniter->run()
#11 {main}
ERROR - 2024-09-04 08:26:28 --> mysqli_sql_exception: Unknown column 'enfant.titulaireId' in 'on clause' in E:\Wamp64\www\Assurance\system\Database\MySQLi\Connection.php:306
Stack trace:
#0 E:\Wamp64\www\Assurance\system\Database\MySQLi\Connection.php(306): mysqli->query('SELECT CONCAT(t...', 0)
#1 E:\Wamp64\www\Assurance\system\Database\BaseConnection.php(693): CodeIgniter\Database\MySQLi\Connection->execute('SELECT CONCAT(t...')
#2 E:\Wamp64\www\Assurance\system\Database\BaseConnection.php(607): CodeIgniter\Database\BaseConnection->simpleQuery('SELECT CONCAT(t...')
#3 E:\Wamp64\www\Assurance\system\Database\BaseBuilder.php(1615): CodeIgniter\Database\BaseConnection->query('SELECT CONCAT(t...', Array, false)
#4 E:\Wamp64\www\Assurance\system\Model.php(237): CodeIgniter\Database\BaseBuilder->get()
#5 E:\Wamp64\www\Assurance\system\BaseModel.php(624): CodeIgniter\Model->doFindAll(0, 0)
#6 E:\Wamp64\www\Assurance\app\Controllers\Consultation\ConsultationCont.php(280): CodeIgniter\BaseModel->findAll()
#7 E:\Wamp64\www\Assurance\system\CodeIgniter.php(942): App\Controllers\consultation\ConsultationCont->charge_personne_malade()
#8 E:\Wamp64\www\Assurance\system\CodeIgniter.php(502): CodeIgniter\CodeIgniter->runController(Object(App\Controllers\consultation\ConsultationCont))
#9 E:\Wamp64\www\Assurance\system\CodeIgniter.php(361): CodeIgniter\CodeIgniter->handleRequest(NULL, Object(Config\Cache), false)
#10 E:\Wamp64\www\Assurance\index.php(79): CodeIgniter\CodeIgniter->run()
#11 {main}
CRITICAL - 2024-09-04 14:09:45 --> Invalid file: "cpn/index.php"
in SYSTEMPATH\Exceptions\FrameworkException.php on line 39.
 1 SYSTEMPATH\View\View.php(216): CodeIgniter\Exceptions\FrameworkException::forInvalidFile('cpn/index.php')
 2 SYSTEMPATH\Common.php(1190): CodeIgniter\View\View->render('cpn/index', [], true)
 3 APPPATH\Controllers\cpn\CpnCont.php(18): view('cpn/index')
 4 SYSTEMPATH\CodeIgniter.php(942): App\Controllers\cpn\CpnCont->lien()
 5 SYSTEMPATH\CodeIgniter.php(502): CodeIgniter\CodeIgniter->runController(Object(App\Controllers\cpn\CpnCont))
 6 SYSTEMPATH\CodeIgniter.php(361): CodeIgniter\CodeIgniter->handleRequest(null, Object(Config\Cache), false)
 7 FCPATH\index.php(79): CodeIgniter\CodeIgniter->run()
CRITICAL - 2024-09-04 14:09:47 --> Invalid file: "cpn/index.php"
in SYSTEMPATH\Exceptions\FrameworkException.php on line 39.
 1 SYSTEMPATH\View\View.php(216): CodeIgniter\Exceptions\FrameworkException::forInvalidFile('cpn/index.php')
 2 SYSTEMPATH\Common.php(1190): CodeIgniter\View\View->render('cpn/index', [], true)
 3 APPPATH\Controllers\cpn\CpnCont.php(18): view('cpn/index')
 4 SYSTEMPATH\CodeIgniter.php(942): App\Controllers\cpn\CpnCont->lien()
 5 SYSTEMPATH\CodeIgniter.php(502): CodeIgniter\CodeIgniter->runController(Object(App\Controllers\cpn\CpnCont))
 6 SYSTEMPATH\CodeIgniter.php(361): CodeIgniter\CodeIgniter->handleRequest(null, Object(Config\Cache), false)
 7 FCPATH\index.php(79): CodeIgniter\CodeIgniter->run()
CRITICAL - 2024-09-04 14:09:51 --> Invalid file: "cpn/index.php"
in SYSTEMPATH\Exceptions\FrameworkException.php on line 39.
 1 SYSTEMPATH\View\View.php(216): CodeIgniter\Exceptions\FrameworkException::forInvalidFile('cpn/index.php')
 2 SYSTEMPATH\Common.php(1190): CodeIgniter\View\View->render('cpn/index', [], true)
 3 APPPATH\Controllers\cpn\CpnCont.php(18): view('cpn/index')
 4 SYSTEMPATH\CodeIgniter.php(942): App\Controllers\cpn\CpnCont->lien()
 5 SYSTEMPATH\CodeIgniter.php(502): CodeIgniter\CodeIgniter->runController(Object(App\Controllers\cpn\CpnCont))
 6 SYSTEMPATH\CodeIgniter.php(361): CodeIgniter\CodeIgniter->handleRequest(null, Object(Config\Cache), false)
 7 FCPATH\index.php(79): CodeIgniter\CodeIgniter->run()
CRITICAL - 2024-09-04 14:09:54 --> Invalid file: "cpn/index.php"
in SYSTEMPATH\Exceptions\FrameworkException.php on line 39.
 1 SYSTEMPATH\View\View.php(216): CodeIgniter\Exceptions\FrameworkException::forInvalidFile('cpn/index.php')
 2 SYSTEMPATH\Common.php(1190): CodeIgniter\View\View->render('cpn/index', [], true)
 3 APPPATH\Controllers\cpn\CpnCont.php(18): view('cpn/index')
 4 SYSTEMPATH\CodeIgniter.php(942): App\Controllers\cpn\CpnCont->lien()
 5 SYSTEMPATH\CodeIgniter.php(502): CodeIgniter\CodeIgniter->runController(Object(App\Controllers\cpn\CpnCont))
 6 SYSTEMPATH\CodeIgniter.php(361): CodeIgniter\CodeIgniter->handleRequest(null, Object(Config\Cache), false)
 7 FCPATH\index.php(79): CodeIgniter\CodeIgniter->run()
CRITICAL - 2024-09-04 14:09:56 --> Invalid file: "cpn/index.php"
in SYSTEMPATH\Exceptions\FrameworkException.php on line 39.
 1 SYSTEMPATH\View\View.php(216): CodeIgniter\Exceptions\FrameworkException::forInvalidFile('cpn/index.php')
 2 SYSTEMPATH\Common.php(1190): CodeIgniter\View\View->render('cpn/index', [], true)
 3 APPPATH\Controllers\cpn\CpnCont.php(18): view('cpn/index')
 4 SYSTEMPATH\CodeIgniter.php(942): App\Controllers\cpn\CpnCont->lien()
 5 SYSTEMPATH\CodeIgniter.php(502): CodeIgniter\CodeIgniter->runController(Object(App\Controllers\cpn\CpnCont))
 6 SYSTEMPATH\CodeIgniter.php(361): CodeIgniter\CodeIgniter->handleRequest(null, Object(Config\Cache), false)
 7 FCPATH\index.php(79): CodeIgniter\CodeIgniter->run()
CRITICAL - 2024-09-04 14:10:08 --> Invalid file: "cpn/index.php"
in SYSTEMPATH\Exceptions\FrameworkException.php on line 39.
 1 SYSTEMPATH\View\View.php(216): CodeIgniter\Exceptions\FrameworkException::forInvalidFile('cpn/index.php')
 2 SYSTEMPATH\Common.php(1190): CodeIgniter\View\View->render('cpn/index', [], true)
 3 APPPATH\Controllers\cpn\CpnCont.php(18): view('cpn/index')
 4 SYSTEMPATH\CodeIgniter.php(942): App\Controllers\cpn\CpnCont->lien()
 5 SYSTEMPATH\CodeIgniter.php(502): CodeIgniter\CodeIgniter->runController(Object(App\Controllers\cpn\CpnCont))
 6 SYSTEMPATH\CodeIgniter.php(361): CodeIgniter\CodeIgniter->handleRequest(null, Object(Config\Cache), false)
 7 FCPATH\index.php(79): CodeIgniter\CodeIgniter->run()
ERROR - 2024-09-04 16:03:36 --> mysqli_sql_exception: You have an error in your SQL syntax; check the manual that corresponds to your MySQL server version for the right syntax to use near '*
FROM `cpn`
JOIN `titulaire` ON `cpn`.`titulaireId` = `titulaire`.`titulaireId`' at line 9 in E:\Wamp64\www\Assurance\system\Database\MySQLi\Connection.php:306
Stack trace:
#0 E:\Wamp64\www\Assurance\system\Database\MySQLi\Connection.php(306): mysqli->query('SELECT case \n  ...', 0)
#1 E:\Wamp64\www\Assurance\system\Database\BaseConnection.php(693): CodeIgniter\Database\MySQLi\Connection->execute('SELECT case \n  ...')
#2 E:\Wamp64\www\Assurance\system\Database\BaseConnection.php(607): CodeIgniter\Database\BaseConnection->simpleQuery('SELECT case \n  ...')
#3 E:\Wamp64\www\Assurance\system\Database\BaseBuilder.php(1615): CodeIgniter\Database\BaseConnection->query('SELECT case \n  ...', Array, false)
#4 E:\Wamp64\www\Assurance\system\Model.php(237): CodeIgniter\Database\BaseBuilder->get()
#5 E:\Wamp64\www\Assurance\system\BaseModel.php(624): CodeIgniter\Model->doFindAll(0, 0)
#6 E:\Wamp64\www\Assurance\app\Controllers\cpn\CpnCont.php(414): CodeIgniter\BaseModel->findAll()
#7 E:\Wamp64\www\Assurance\system\CodeIgniter.php(942): App\Controllers\cpn\CpnCont->liste_cpn()
#8 E:\Wamp64\www\Assurance\system\CodeIgniter.php(502): CodeIgniter\CodeIgniter->runController(Object(App\Controllers\cpn\CpnCont))
#9 E:\Wamp64\www\Assurance\system\CodeIgniter.php(361): CodeIgniter\CodeIgniter->handleRequest(NULL, Object(Config\Cache), false)
#10 E:\Wamp64\www\Assurance\index.php(79): CodeIgniter\CodeIgniter->run()
#11 {main}
ERROR - 2024-09-04 16:05:13 --> mysqli_sql_exception: You have an error in your SQL syntax; check the manual that corresponds to your MySQL server version for the right syntax to use near '*
FROM `cpn`
JOIN `titulaire` ON `cpn`.`titulaireId` = `titulaire`.`titulaireId`' at line 9 in E:\Wamp64\www\Assurance\system\Database\MySQLi\Connection.php:306
Stack trace:
#0 E:\Wamp64\www\Assurance\system\Database\MySQLi\Connection.php(306): mysqli->query('SELECT case \n  ...', 0)
#1 E:\Wamp64\www\Assurance\system\Database\BaseConnection.php(693): CodeIgniter\Database\MySQLi\Connection->execute('SELECT case \n  ...')
#2 E:\Wamp64\www\Assurance\system\Database\BaseConnection.php(607): CodeIgniter\Database\BaseConnection->simpleQuery('SELECT case \n  ...')
#3 E:\Wamp64\www\Assurance\system\Database\BaseBuilder.php(1615): CodeIgniter\Database\BaseConnection->query('SELECT case \n  ...', Array, false)
#4 E:\Wamp64\www\Assurance\system\Model.php(237): CodeIgniter\Database\BaseBuilder->get()
#5 E:\Wamp64\www\Assurance\system\BaseModel.php(624): CodeIgniter\Model->doFindAll(0, 0)
#6 E:\Wamp64\www\Assurance\app\Controllers\cpn\CpnCont.php(414): CodeIgniter\BaseModel->findAll()
#7 E:\Wamp64\www\Assurance\system\CodeIgniter.php(942): App\Controllers\cpn\CpnCont->liste_cpn()
#8 E:\Wamp64\www\Assurance\system\CodeIgniter.php(502): CodeIgniter\CodeIgniter->runController(Object(App\Controllers\cpn\CpnCont))
#9 E:\Wamp64\www\Assurance\system\CodeIgniter.php(361): CodeIgniter\CodeIgniter->handleRequest(NULL, Object(Config\Cache), false)
#10 E:\Wamp64\www\Assurance\index.php(79): CodeIgniter\CodeIgniter->run()
#11 {main}
ERROR - 2024-09-04 16:06:51 --> mysqli_sql_exception: You have an error in your SQL syntax; check the manual that corresponds to your MySQL server version for the right syntax to use near '*
FROM `cpn`
JOIN `titulaire` ON `cpn`.`titulaireId` = `titulaire`.`titulaireId`' at line 8 in E:\Wamp64\www\Assurance\system\Database\MySQLi\Connection.php:306
Stack trace:
#0 E:\Wamp64\www\Assurance\system\Database\MySQLi\Connection.php(306): mysqli->query('SELECT case \n  ...', 0)
#1 E:\Wamp64\www\Assurance\system\Database\BaseConnection.php(693): CodeIgniter\Database\MySQLi\Connection->execute('SELECT case \n  ...')
#2 E:\Wamp64\www\Assurance\system\Database\BaseConnection.php(607): CodeIgniter\Database\BaseConnection->simpleQuery('SELECT case \n  ...')
#3 E:\Wamp64\www\Assurance\system\Database\BaseBuilder.php(1615): CodeIgniter\Database\BaseConnection->query('SELECT case \n  ...', Array, false)
#4 E:\Wamp64\www\Assurance\system\Model.php(237): CodeIgniter\Database\BaseBuilder->get()
#5 E:\Wamp64\www\Assurance\system\BaseModel.php(624): CodeIgniter\Model->doFindAll(0, 0)
#6 E:\Wamp64\www\Assurance\app\Controllers\cpn\CpnCont.php(413): CodeIgniter\BaseModel->findAll()
#7 E:\Wamp64\www\Assurance\system\CodeIgniter.php(942): App\Controllers\cpn\CpnCont->liste_cpn()
#8 E:\Wamp64\www\Assurance\system\CodeIgniter.php(502): CodeIgniter\CodeIgniter->runController(Object(App\Controllers\cpn\CpnCont))
#9 E:\Wamp64\www\Assurance\system\CodeIgniter.php(361): CodeIgniter\CodeIgniter->handleRequest(NULL, Object(Config\Cache), false)
#10 E:\Wamp64\www\Assurance\index.php(79): CodeIgniter\CodeIgniter->run()
#11 {main}
ERROR - 2024-09-04 16:08:08 --> mysqli_sql_exception: You have an error in your SQL syntax; check the manual that corresponds to your MySQL server version for the right syntax to use near 'FROM `cpn`
JOIN `titulaire` ON `cpn`.`titulaireId` = `titulaire`.`titulaireId`
L' at line 9 in E:\Wamp64\www\Assurance\system\Database\MySQLi\Connection.php:306
Stack trace:
#0 E:\Wamp64\www\Assurance\system\Database\MySQLi\Connection.php(306): mysqli->query('SELECT case \n  ...', 0)
#1 E:\Wamp64\www\Assurance\system\Database\BaseConnection.php(693): CodeIgniter\Database\MySQLi\Connection->execute('SELECT case \n  ...')
#2 E:\Wamp64\www\Assurance\system\Database\BaseConnection.php(607): CodeIgniter\Database\BaseConnection->simpleQuery('SELECT case \n  ...')
#3 E:\Wamp64\www\Assurance\system\Database\BaseBuilder.php(1615): CodeIgniter\Database\BaseConnection->query('SELECT case \n  ...', Array, false)
#4 E:\Wamp64\www\Assurance\system\Model.php(237): CodeIgniter\Database\BaseBuilder->get()
#5 E:\Wamp64\www\Assurance\system\BaseModel.php(624): CodeIgniter\Model->doFindAll(0, 0)
#6 E:\Wamp64\www\Assurance\app\Controllers\cpn\CpnCont.php(413): CodeIgniter\BaseModel->findAll()
#7 E:\Wamp64\www\Assurance\system\CodeIgniter.php(942): App\Controllers\cpn\CpnCont->liste_cpn()
#8 E:\Wamp64\www\Assurance\system\CodeIgniter.php(502): CodeIgniter\CodeIgniter->runController(Object(App\Controllers\cpn\CpnCont))
#9 E:\Wamp64\www\Assurance\system\CodeIgniter.php(361): CodeIgniter\CodeIgniter->handleRequest(NULL, Object(Config\Cache), false)
#10 E:\Wamp64\www\Assurance\index.php(79): CodeIgniter\CodeIgniter->run()
#11 {main}
ERROR - 2024-09-04 16:09:45 --> mysqli_sql_exception: You have an error in your SQL syntax; check the manual that corresponds to your MySQL server version for the right syntax to use near '*
FROM `cpn`
JOIN `titulaire` ON `cpn`.`titulaireId` = `titulaire`.`titulaireId`' at line 8 in E:\Wamp64\www\Assurance\system\Database\MySQLi\Connection.php:306
Stack trace:
#0 E:\Wamp64\www\Assurance\system\Database\MySQLi\Connection.php(306): mysqli->query('SELECT case \n  ...', 0)
#1 E:\Wamp64\www\Assurance\system\Database\BaseConnection.php(693): CodeIgniter\Database\MySQLi\Connection->execute('SELECT case \n  ...')
#2 E:\Wamp64\www\Assurance\system\Database\BaseConnection.php(607): CodeIgniter\Database\BaseConnection->simpleQuery('SELECT case \n  ...')
#3 E:\Wamp64\www\Assurance\system\Database\BaseBuilder.php(1615): CodeIgniter\Database\BaseConnection->query('SELECT case \n  ...', Array, false)
#4 E:\Wamp64\www\Assurance\system\Model.php(237): CodeIgniter\Database\BaseBuilder->get()
#5 E:\Wamp64\www\Assurance\system\BaseModel.php(624): CodeIgniter\Model->doFindAll(0, 0)
#6 E:\Wamp64\www\Assurance\app\Controllers\cpn\CpnCont.php(413): CodeIgniter\BaseModel->findAll()
#7 E:\Wamp64\www\Assurance\system\CodeIgniter.php(942): App\Controllers\cpn\CpnCont->liste_cpn()
#8 E:\Wamp64\www\Assurance\system\CodeIgniter.php(502): CodeIgniter\CodeIgniter->runController(Object(App\Controllers\cpn\CpnCont))
#9 E:\Wamp64\www\Assurance\system\CodeIgniter.php(361): CodeIgniter\CodeIgniter->handleRequest(NULL, Object(Config\Cache), false)
#10 E:\Wamp64\www\Assurance\index.php(79): CodeIgniter\CodeIgniter->run()
#11 {main}
ERROR - 2024-09-04 16:13:05 --> mysqli_sql_exception: You have an error in your SQL syntax; check the manual that corresponds to your MySQL server version for the right syntax to use near '*
FROM `cpn`
JOIN `titulaire` ON `cpn`.`titulaireId` = `titulaire`.`titulaireId`' at line 8 in E:\Wamp64\www\Assurance\system\Database\MySQLi\Connection.php:306
Stack trace:
#0 E:\Wamp64\www\Assurance\system\Database\MySQLi\Connection.php(306): mysqli->query('SELECT case \n  ...', 0)
#1 E:\Wamp64\www\Assurance\system\Database\BaseConnection.php(693): CodeIgniter\Database\MySQLi\Connection->execute('SELECT case \n  ...')
#2 E:\Wamp64\www\Assurance\system\Database\BaseConnection.php(607): CodeIgniter\Database\BaseConnection->simpleQuery('SELECT case \n  ...')
#3 E:\Wamp64\www\Assurance\system\Database\BaseBuilder.php(1615): CodeIgniter\Database\BaseConnection->query('SELECT case \n  ...', Array, false)
#4 E:\Wamp64\www\Assurance\system\Model.php(237): CodeIgniter\Database\BaseBuilder->get()
#5 E:\Wamp64\www\Assurance\system\BaseModel.php(624): CodeIgniter\Model->doFindAll(0, 0)
#6 E:\Wamp64\www\Assurance\app\Controllers\cpn\CpnCont.php(413): CodeIgniter\BaseModel->findAll()
#7 E:\Wamp64\www\Assurance\system\CodeIgniter.php(942): App\Controllers\cpn\CpnCont->liste_cpn()
#8 E:\Wamp64\www\Assurance\system\CodeIgniter.php(502): CodeIgniter\CodeIgniter->runController(Object(App\Controllers\cpn\CpnCont))
#9 E:\Wamp64\www\Assurance\system\CodeIgniter.php(361): CodeIgniter\CodeIgniter->handleRequest(NULL, Object(Config\Cache), false)
#10 E:\Wamp64\www\Assurance\index.php(79): CodeIgniter\CodeIgniter->run()
#11 {main}
ERROR - 2024-09-04 16:14:20 --> mysqli_sql_exception: You have an error in your SQL syntax; check the manual that corresponds to your MySQL server version for the right syntax to use near '*
FROM `cpn`
JOIN `titulaire` ON `cpn`.`titulaireId` = `titulaire`.`titulaireId`' at line 8 in E:\Wamp64\www\Assurance\system\Database\MySQLi\Connection.php:306
Stack trace:
#0 E:\Wamp64\www\Assurance\system\Database\MySQLi\Connection.php(306): mysqli->query('SELECT case \n  ...', 0)
#1 E:\Wamp64\www\Assurance\system\Database\BaseConnection.php(693): CodeIgniter\Database\MySQLi\Connection->execute('SELECT case \n  ...')
#2 E:\Wamp64\www\Assurance\system\Database\BaseConnection.php(607): CodeIgniter\Database\BaseConnection->simpleQuery('SELECT case \n  ...')
#3 E:\Wamp64\www\Assurance\system\Database\BaseBuilder.php(1615): CodeIgniter\Database\BaseConnection->query('SELECT case \n  ...', Array, false)
#4 E:\Wamp64\www\Assurance\system\Model.php(237): CodeIgniter\Database\BaseBuilder->get()
#5 E:\Wamp64\www\Assurance\system\BaseModel.php(624): CodeIgniter\Model->doFindAll(0, 0)
#6 E:\Wamp64\www\Assurance\app\Controllers\cpn\CpnCont.php(409): CodeIgniter\BaseModel->findAll()
#7 E:\Wamp64\www\Assurance\system\CodeIgniter.php(942): App\Controllers\cpn\CpnCont->liste_cpn()
#8 E:\Wamp64\www\Assurance\system\CodeIgniter.php(502): CodeIgniter\CodeIgniter->runController(Object(App\Controllers\cpn\CpnCont))
#9 E:\Wamp64\www\Assurance\system\CodeIgniter.php(361): CodeIgniter\CodeIgniter->handleRequest(NULL, Object(Config\Cache), false)
#10 E:\Wamp64\www\Assurance\index.php(79): CodeIgniter\CodeIgniter->run()
#11 {main}
ERROR - 2024-09-04 16:18:13 --> mysqli_sql_exception: You have an error in your SQL syntax; check the manual that corresponds to your MySQL server version for the right syntax to use near '*
FROM `cpn`
JOIN `titulaire` ON `cpn`.`titulaireId` = `titulaire`.`titulaireId`' at line 8 in E:\Wamp64\www\Assurance\system\Database\MySQLi\Connection.php:306
Stack trace:
#0 E:\Wamp64\www\Assurance\system\Database\MySQLi\Connection.php(306): mysqli->query('SELECT case \n  ...', 0)
#1 E:\Wamp64\www\Assurance\system\Database\BaseConnection.php(693): CodeIgniter\Database\MySQLi\Connection->execute('SELECT case \n  ...')
#2 E:\Wamp64\www\Assurance\system\Database\BaseConnection.php(607): CodeIgniter\Database\BaseConnection->simpleQuery('SELECT case \n  ...')
#3 E:\Wamp64\www\Assurance\system\Database\BaseBuilder.php(1615): CodeIgniter\Database\BaseConnection->query('SELECT case \n  ...', Array, false)
#4 E:\Wamp64\www\Assurance\system\Model.php(237): CodeIgniter\Database\BaseBuilder->get()
#5 E:\Wamp64\www\Assurance\system\BaseModel.php(624): CodeIgniter\Model->doFindAll(0, 0)
#6 E:\Wamp64\www\Assurance\app\Controllers\cpn\CpnCont.php(409): CodeIgniter\BaseModel->findAll()
#7 E:\Wamp64\www\Assurance\system\CodeIgniter.php(942): App\Controllers\cpn\CpnCont->liste_cpn()
#8 E:\Wamp64\www\Assurance\system\CodeIgniter.php(502): CodeIgniter\CodeIgniter->runController(Object(App\Controllers\cpn\CpnCont))
#9 E:\Wamp64\www\Assurance\system\CodeIgniter.php(361): CodeIgniter\CodeIgniter->handleRequest(NULL, Object(Config\Cache), false)
#10 E:\Wamp64\www\Assurance\index.php(79): CodeIgniter\CodeIgniter->run()
#11 {main}
