ERROR - 2024-09-20 07:50:07 --> Error connecting to the database: mysqli_sql_exception: Access denied for user 'root'@'localhost' (using password: NO) in E:\Wamp64\www\Assurance\system\Database\MySQLi\Connection.php:184
Stack trace:
#0 E:\Wamp64\www\Assurance\system\Database\MySQLi\Connection.php(184): mysqli->real_connect('localhost', 'root', Object(SensitiveParameterValue), 'assurance', 3306, '', 0)
#1 E:\Wamp64\www\Assurance\system\Database\BaseConnection.php(392): CodeIgniter\Database\MySQLi\Connection->connect(false)
#2 E:\Wamp64\www\Assurance\system\Database\BaseConnection.php(575): CodeIgniter\Database\BaseConnection->initialize()
#3 E:\Wamp64\www\Assurance\system\Database\BaseBuilder.php(1615): CodeIgniter\Database\BaseConnection->query('SELECT *\nFROM `...', Array, false)
#4 E:\Wamp64\www\Assurance\system\Model.php(237): CodeIgniter\Database\BaseBuilder->get()
#5 E:\Wamp64\www\Assurance\system\BaseModel.php(624): CodeIgniter\Model->doFindAll(0, 0)
#6 E:\Wamp64\www\Assurance\app\Controllers\patient\PatientCont.php(45): CodeIgniter\BaseModel->findAll()
#7 E:\Wamp64\www\Assurance\system\CodeIgniter.php(942): App\Controllers\patient\PatientCont->charge_membre()
#8 E:\Wamp64\www\Assurance\system\CodeIgniter.php(502): CodeIgniter\CodeIgniter->runController(Object(App\Controllers\patient\PatientCont))
#9 E:\Wamp64\www\Assurance\system\CodeIgniter.php(361): CodeIgniter\CodeIgniter->handleRequest(NULL, Object(Config\Cache), false)
#10 E:\Wamp64\www\Assurance\index.php(79): CodeIgniter\CodeIgniter->run()
#11 {main}

Next CodeIgniter\Database\Exceptions\DatabaseException: Access denied for user '****'@'localhost' (using password: NO) in E:\Wamp64\www\Assurance\system\Database\MySQLi\Connection.php:229
Stack trace:
#0 E:\Wamp64\www\Assurance\system\Database\BaseConnection.php(392): CodeIgniter\Database\MySQLi\Connection->connect(false)
#1 E:\Wamp64\www\Assurance\system\Database\BaseConnection.php(575): CodeIgniter\Database\BaseConnection->initialize()
#2 E:\Wamp64\www\Assurance\system\Database\BaseBuilder.php(1615): CodeIgniter\Database\BaseConnection->query('SELECT *\nFROM `...', Array, false)
#3 E:\Wamp64\www\Assurance\system\Model.php(237): CodeIgniter\Database\BaseBuilder->get()
#4 E:\Wamp64\www\Assurance\system\BaseModel.php(624): CodeIgniter\Model->doFindAll(0, 0)
#5 E:\Wamp64\www\Assurance\app\Controllers\patient\PatientCont.php(45): CodeIgniter\BaseModel->findAll()
#6 E:\Wamp64\www\Assurance\system\CodeIgniter.php(942): App\Controllers\patient\PatientCont->charge_membre()
#7 E:\Wamp64\www\Assurance\system\CodeIgniter.php(502): CodeIgniter\CodeIgniter->runController(Object(App\Controllers\patient\PatientCont))
#8 E:\Wamp64\www\Assurance\system\CodeIgniter.php(361): CodeIgniter\CodeIgniter->handleRequest(NULL, Object(Config\Cache), false)
#9 E:\Wamp64\www\Assurance\index.php(79): CodeIgniter\CodeIgniter->run()
#10 {main}
ERROR - 2024-09-20 07:50:07 --> Error connecting to the database: mysqli_sql_exception: Access denied for user 'root'@'localhost' (using password: NO) in E:\Wamp64\www\Assurance\system\Database\MySQLi\Connection.php:184
Stack trace:
#0 E:\Wamp64\www\Assurance\system\Database\MySQLi\Connection.php(184): mysqli->real_connect('localhost', 'root', Object(SensitiveParameterValue), 'assurance', 3306, '', 0)
#1 E:\Wamp64\www\Assurance\system\Database\BaseConnection.php(392): CodeIgniter\Database\MySQLi\Connection->connect(false)
#2 E:\Wamp64\www\Assurance\system\Database\BaseConnection.php(575): CodeIgniter\Database\BaseConnection->initialize()
#3 E:\Wamp64\www\Assurance\system\Database\BaseBuilder.php(1615): CodeIgniter\Database\BaseConnection->query('SELECT *\nFROM `...', Array, false)
#4 E:\Wamp64\www\Assurance\system\Model.php(237): CodeIgniter\Database\BaseBuilder->get()
#5 E:\Wamp64\www\Assurance\system\BaseModel.php(624): CodeIgniter\Model->doFindAll(0, 0)
#6 E:\Wamp64\www\Assurance\app\Controllers\patient\PatientCont.php(67): CodeIgniter\BaseModel->findAll()
#7 E:\Wamp64\www\Assurance\system\CodeIgniter.php(942): App\Controllers\patient\PatientCont->charge_membre1()
#8 E:\Wamp64\www\Assurance\system\CodeIgniter.php(502): CodeIgniter\CodeIgniter->runController(Object(App\Controllers\patient\PatientCont))
#9 E:\Wamp64\www\Assurance\system\CodeIgniter.php(361): CodeIgniter\CodeIgniter->handleRequest(NULL, Object(Config\Cache), false)
#10 E:\Wamp64\www\Assurance\index.php(79): CodeIgniter\CodeIgniter->run()
#11 {main}

Next CodeIgniter\Database\Exceptions\DatabaseException: Access denied for user '****'@'localhost' (using password: NO) in E:\Wamp64\www\Assurance\system\Database\MySQLi\Connection.php:229
Stack trace:
#0 E:\Wamp64\www\Assurance\system\Database\BaseConnection.php(392): CodeIgniter\Database\MySQLi\Connection->connect(false)
#1 E:\Wamp64\www\Assurance\system\Database\BaseConnection.php(575): CodeIgniter\Database\BaseConnection->initialize()
#2 E:\Wamp64\www\Assurance\system\Database\BaseBuilder.php(1615): CodeIgniter\Database\BaseConnection->query('SELECT *\nFROM `...', Array, false)
#3 E:\Wamp64\www\Assurance\system\Model.php(237): CodeIgniter\Database\BaseBuilder->get()
#4 E:\Wamp64\www\Assurance\system\BaseModel.php(624): CodeIgniter\Model->doFindAll(0, 0)
#5 E:\Wamp64\www\Assurance\app\Controllers\patient\PatientCont.php(67): CodeIgniter\BaseModel->findAll()
#6 E:\Wamp64\www\Assurance\system\CodeIgniter.php(942): App\Controllers\patient\PatientCont->charge_membre1()
#7 E:\Wamp64\www\Assurance\system\CodeIgniter.php(502): CodeIgniter\CodeIgniter->runController(Object(App\Controllers\patient\PatientCont))
#8 E:\Wamp64\www\Assurance\system\CodeIgniter.php(361): CodeIgniter\CodeIgniter->handleRequest(NULL, Object(Config\Cache), false)
#9 E:\Wamp64\www\Assurance\index.php(79): CodeIgniter\CodeIgniter->run()
#10 {main}
ERROR - 2024-09-20 07:50:07 --> Error connecting to the database: mysqli_sql_exception: Access denied for user 'root'@'localhost' (using password: NO) in E:\Wamp64\www\Assurance\system\Database\MySQLi\Connection.php:184
Stack trace:
#0 E:\Wamp64\www\Assurance\system\Database\MySQLi\Connection.php(184): mysqli->real_connect('localhost', 'root', Object(SensitiveParameterValue), 'assurance', 3306, '', 0)
#1 E:\Wamp64\www\Assurance\system\Database\BaseConnection.php(392): CodeIgniter\Database\MySQLi\Connection->connect(false)
#2 E:\Wamp64\www\Assurance\system\Database\BaseConnection.php(575): CodeIgniter\Database\BaseConnection->initialize()
#3 E:\Wamp64\www\Assurance\system\Database\BaseBuilder.php(1615): CodeIgniter\Database\BaseConnection->query('SELECT `membre`...', Array, false)
#4 E:\Wamp64\www\Assurance\system\Model.php(237): CodeIgniter\Database\BaseBuilder->get()
#5 E:\Wamp64\www\Assurance\system\BaseModel.php(624): CodeIgniter\Model->doFindAll(0, 0)
#6 E:\Wamp64\www\Assurance\app\Controllers\pf\PfCont.php(152): CodeIgniter\BaseModel->findAll()
#7 E:\Wamp64\www\Assurance\system\CodeIgniter.php(942): App\Controllers\pf\PfCont->liste_pf()
#8 E:\Wamp64\www\Assurance\system\CodeIgniter.php(502): CodeIgniter\CodeIgniter->runController(Object(App\Controllers\pf\PfCont))
#9 E:\Wamp64\www\Assurance\system\CodeIgniter.php(361): CodeIgniter\CodeIgniter->handleRequest(NULL, Object(Config\Cache), false)
#10 E:\Wamp64\www\Assurance\index.php(79): CodeIgniter\CodeIgniter->run()
#11 {main}

Next CodeIgniter\Database\Exceptions\DatabaseException: Access denied for user '****'@'localhost' (using password: NO) in E:\Wamp64\www\Assurance\system\Database\MySQLi\Connection.php:229
Stack trace:
#0 E:\Wamp64\www\Assurance\system\Database\BaseConnection.php(392): CodeIgniter\Database\MySQLi\Connection->connect(false)
#1 E:\Wamp64\www\Assurance\system\Database\BaseConnection.php(575): CodeIgniter\Database\BaseConnection->initialize()
#2 E:\Wamp64\www\Assurance\system\Database\BaseBuilder.php(1615): CodeIgniter\Database\BaseConnection->query('SELECT `membre`...', Array, false)
#3 E:\Wamp64\www\Assurance\system\Model.php(237): CodeIgniter\Database\BaseBuilder->get()
#4 E:\Wamp64\www\Assurance\system\BaseModel.php(624): CodeIgniter\Model->doFindAll(0, 0)
#5 E:\Wamp64\www\Assurance\app\Controllers\pf\PfCont.php(152): CodeIgniter\BaseModel->findAll()
#6 E:\Wamp64\www\Assurance\system\CodeIgniter.php(942): App\Controllers\pf\PfCont->liste_pf()
#7 E:\Wamp64\www\Assurance\system\CodeIgniter.php(502): CodeIgniter\CodeIgniter->runController(Object(App\Controllers\pf\PfCont))
#8 E:\Wamp64\www\Assurance\system\CodeIgniter.php(361): CodeIgniter\CodeIgniter->handleRequest(NULL, Object(Config\Cache), false)
#9 E:\Wamp64\www\Assurance\index.php(79): CodeIgniter\CodeIgniter->run()
#10 {main}
ERROR - 2024-09-20 07:50:07 --> Error connecting to the database: mysqli_sql_exception: Access denied for user 'root'@'localhost' (using password: NO) in E:\Wamp64\www\Assurance\system\Database\MySQLi\Connection.php:184
Stack trace:
#0 E:\Wamp64\www\Assurance\system\Database\MySQLi\Connection.php(184): mysqli->real_connect('localhost', 'root', Object(SensitiveParameterValue), 'assurance', 3306, '', 0)
#1 E:\Wamp64\www\Assurance\system\Database\BaseConnection.php(392): CodeIgniter\Database\MySQLi\Connection->connect(false)
#2 E:\Wamp64\www\Assurance\system\Database\BaseConnection.php(575): CodeIgniter\Database\BaseConnection->initialize()
#3 E:\Wamp64\www\Assurance\system\Database\BaseBuilder.php(1615): CodeIgniter\Database\BaseConnection->query('SELECT *\nFROM `...', Array, false)
#4 E:\Wamp64\www\Assurance\system\Model.php(237): CodeIgniter\Database\BaseBuilder->get()
#5 E:\Wamp64\www\Assurance\system\BaseModel.php(624): CodeIgniter\Model->doFindAll(0, 0)
#6 E:\Wamp64\www\Assurance\app\Controllers\pf\PfCont.php(56): CodeIgniter\BaseModel->findAll()
#7 E:\Wamp64\www\Assurance\system\CodeIgniter.php(942): App\Controllers\pf\PfCont->charge_methode_contraceptive()
#8 E:\Wamp64\www\Assurance\system\CodeIgniter.php(502): CodeIgniter\CodeIgniter->runController(Object(App\Controllers\pf\PfCont))
#9 E:\Wamp64\www\Assurance\system\CodeIgniter.php(361): CodeIgniter\CodeIgniter->handleRequest(NULL, Object(Config\Cache), false)
#10 E:\Wamp64\www\Assurance\index.php(79): CodeIgniter\CodeIgniter->run()
#11 {main}

Next CodeIgniter\Database\Exceptions\DatabaseException: Access denied for user '****'@'localhost' (using password: NO) in E:\Wamp64\www\Assurance\system\Database\MySQLi\Connection.php:229
Stack trace:
#0 E:\Wamp64\www\Assurance\system\Database\BaseConnection.php(392): CodeIgniter\Database\MySQLi\Connection->connect(false)
#1 E:\Wamp64\www\Assurance\system\Database\BaseConnection.php(575): CodeIgniter\Database\BaseConnection->initialize()
#2 E:\Wamp64\www\Assurance\system\Database\BaseBuilder.php(1615): CodeIgniter\Database\BaseConnection->query('SELECT *\nFROM `...', Array, false)
#3 E:\Wamp64\www\Assurance\system\Model.php(237): CodeIgniter\Database\BaseBuilder->get()
#4 E:\Wamp64\www\Assurance\system\BaseModel.php(624): CodeIgniter\Model->doFindAll(0, 0)
#5 E:\Wamp64\www\Assurance\app\Controllers\pf\PfCont.php(56): CodeIgniter\BaseModel->findAll()
#6 E:\Wamp64\www\Assurance\system\CodeIgniter.php(942): App\Controllers\pf\PfCont->charge_methode_contraceptive()
#7 E:\Wamp64\www\Assurance\system\CodeIgniter.php(502): CodeIgniter\CodeIgniter->runController(Object(App\Controllers\pf\PfCont))
#8 E:\Wamp64\www\Assurance\system\CodeIgniter.php(361): CodeIgniter\CodeIgniter->handleRequest(NULL, Object(Config\Cache), false)
#9 E:\Wamp64\www\Assurance\index.php(79): CodeIgniter\CodeIgniter->run()
#10 {main}
ERROR - 2024-09-20 07:50:07 --> Error connecting to the database: mysqli_sql_exception: Access denied for user 'root'@'localhost' (using password: NO) in E:\Wamp64\www\Assurance\system\Database\MySQLi\Connection.php:184
Stack trace:
#0 E:\Wamp64\www\Assurance\system\Database\MySQLi\Connection.php(184): mysqli->real_connect('localhost', 'root', Object(SensitiveParameterValue), 'assurance', 3306, '', 0)
#1 E:\Wamp64\www\Assurance\system\Database\BaseConnection.php(392): CodeIgniter\Database\MySQLi\Connection->connect(false)
#2 E:\Wamp64\www\Assurance\system\Database\BaseConnection.php(575): CodeIgniter\Database\BaseConnection->initialize()
#3 E:\Wamp64\www\Assurance\system\Database\BaseBuilder.php(1615): CodeIgniter\Database\BaseConnection->query('SELECT `titulai...', Array, false)
#4 E:\Wamp64\www\Assurance\system\Model.php(237): CodeIgniter\Database\BaseBuilder->get()
#5 E:\Wamp64\www\Assurance\system\BaseModel.php(624): CodeIgniter\Model->doFindAll(0, 0)
#6 E:\Wamp64\www\Assurance\app\Controllers\Consultation\ConsultationCont.php(498): CodeIgniter\BaseModel->findAll()
#7 E:\Wamp64\www\Assurance\system\CodeIgniter.php(942): App\Controllers\consultation\ConsultationCont->charge_titulaire()
#8 E:\Wamp64\www\Assurance\system\CodeIgniter.php(502): CodeIgniter\CodeIgniter->runController(Object(App\Controllers\consultation\ConsultationCont))
#9 E:\Wamp64\www\Assurance\system\CodeIgniter.php(361): CodeIgniter\CodeIgniter->handleRequest(NULL, Object(Config\Cache), false)
#10 E:\Wamp64\www\Assurance\index.php(79): CodeIgniter\CodeIgniter->run()
#11 {main}

Next CodeIgniter\Database\Exceptions\DatabaseException: Access denied for user '****'@'localhost' (using password: NO) in E:\Wamp64\www\Assurance\system\Database\MySQLi\Connection.php:229
Stack trace:
#0 E:\Wamp64\www\Assurance\system\Database\BaseConnection.php(392): CodeIgniter\Database\MySQLi\Connection->connect(false)
#1 E:\Wamp64\www\Assurance\system\Database\BaseConnection.php(575): CodeIgniter\Database\BaseConnection->initialize()
#2 E:\Wamp64\www\Assurance\system\Database\BaseBuilder.php(1615): CodeIgniter\Database\BaseConnection->query('SELECT `titulai...', Array, false)
#3 E:\Wamp64\www\Assurance\system\Model.php(237): CodeIgniter\Database\BaseBuilder->get()
#4 E:\Wamp64\www\Assurance\system\BaseModel.php(624): CodeIgniter\Model->doFindAll(0, 0)
#5 E:\Wamp64\www\Assurance\app\Controllers\Consultation\ConsultationCont.php(498): CodeIgniter\BaseModel->findAll()
#6 E:\Wamp64\www\Assurance\system\CodeIgniter.php(942): App\Controllers\consultation\ConsultationCont->charge_titulaire()
#7 E:\Wamp64\www\Assurance\system\CodeIgniter.php(502): CodeIgniter\CodeIgniter->runController(Object(App\Controllers\consultation\ConsultationCont))
#8 E:\Wamp64\www\Assurance\system\CodeIgniter.php(361): CodeIgniter\CodeIgniter->handleRequest(NULL, Object(Config\Cache), false)
#9 E:\Wamp64\www\Assurance\index.php(79): CodeIgniter\CodeIgniter->run()
#10 {main}
ERROR - 2024-09-20 07:50:07 --> Error connecting to the database: mysqli_sql_exception: Access denied for user 'root'@'localhost' (using password: NO) in E:\Wamp64\www\Assurance\system\Database\MySQLi\Connection.php:184
Stack trace:
#0 E:\Wamp64\www\Assurance\system\Database\MySQLi\Connection.php(184): mysqli->real_connect('localhost', 'root', Object(SensitiveParameterValue), 'assurance', 3306, '', 0)
#1 E:\Wamp64\www\Assurance\system\Database\BaseConnection.php(392): CodeIgniter\Database\MySQLi\Connection->connect(false)
#2 E:\Wamp64\www\Assurance\system\Database\BaseConnection.php(575): CodeIgniter\Database\BaseConnection->initialize()
#3 E:\Wamp64\www\Assurance\system\Database\BaseBuilder.php(1615): CodeIgniter\Database\BaseConnection->query('SELECT CONCAT(t...', Array, false)
#4 E:\Wamp64\www\Assurance\system\Model.php(237): CodeIgniter\Database\BaseBuilder->get()
#5 E:\Wamp64\www\Assurance\system\BaseModel.php(624): CodeIgniter\Model->doFindAll(0, 0)
#6 E:\Wamp64\www\Assurance\app\Controllers\Consultation\ConsultationCont.php(642): CodeIgniter\BaseModel->findAll()
#7 E:\Wamp64\www\Assurance\system\CodeIgniter.php(942): App\Controllers\consultation\ConsultationCont->charge_personne_malade()
#8 E:\Wamp64\www\Assurance\system\CodeIgniter.php(502): CodeIgniter\CodeIgniter->runController(Object(App\Controllers\consultation\ConsultationCont))
#9 E:\Wamp64\www\Assurance\system\CodeIgniter.php(361): CodeIgniter\CodeIgniter->handleRequest(NULL, Object(Config\Cache), false)
#10 E:\Wamp64\www\Assurance\index.php(79): CodeIgniter\CodeIgniter->run()
#11 {main}

Next CodeIgniter\Database\Exceptions\DatabaseException: Access denied for user '****'@'localhost' (using password: NO) in E:\Wamp64\www\Assurance\system\Database\MySQLi\Connection.php:229
Stack trace:
#0 E:\Wamp64\www\Assurance\system\Database\BaseConnection.php(392): CodeIgniter\Database\MySQLi\Connection->connect(false)
#1 E:\Wamp64\www\Assurance\system\Database\BaseConnection.php(575): CodeIgniter\Database\BaseConnection->initialize()
#2 E:\Wamp64\www\Assurance\system\Database\BaseBuilder.php(1615): CodeIgniter\Database\BaseConnection->query('SELECT CONCAT(t...', Array, false)
#3 E:\Wamp64\www\Assurance\system\Model.php(237): CodeIgniter\Database\BaseBuilder->get()
#4 E:\Wamp64\www\Assurance\system\BaseModel.php(624): CodeIgniter\Model->doFindAll(0, 0)
#5 E:\Wamp64\www\Assurance\app\Controllers\Consultation\ConsultationCont.php(642): CodeIgniter\BaseModel->findAll()
#6 E:\Wamp64\www\Assurance\system\CodeIgniter.php(942): App\Controllers\consultation\ConsultationCont->charge_personne_malade()
#7 E:\Wamp64\www\Assurance\system\CodeIgniter.php(502): CodeIgniter\CodeIgniter->runController(Object(App\Controllers\consultation\ConsultationCont))
#8 E:\Wamp64\www\Assurance\system\CodeIgniter.php(361): CodeIgniter\CodeIgniter->handleRequest(NULL, Object(Config\Cache), false)
#9 E:\Wamp64\www\Assurance\index.php(79): CodeIgniter\CodeIgniter->run()
#10 {main}
ERROR - 2024-09-20 11:51:08 --> mysqli_sql_exception: Unknown column 'detailconsultationId' in 'where clause' in E:\Wamp64\www\Assurance\system\Database\MySQLi\Connection.php:306
Stack trace:
#0 E:\Wamp64\www\Assurance\system\Database\MySQLi\Connection.php(306): mysqli->query('SELECT `detailM...', 0)
#1 E:\Wamp64\www\Assurance\system\Database\BaseConnection.php(693): CodeIgniter\Database\MySQLi\Connection->execute('SELECT `detailM...')
#2 E:\Wamp64\www\Assurance\system\Database\BaseConnection.php(607): CodeIgniter\Database\BaseConnection->simpleQuery('SELECT `detailM...')
#3 E:\Wamp64\www\Assurance\system\Database\BaseBuilder.php(1615): CodeIgniter\Database\BaseConnection->query('SELECT `detailM...', Array, false)
#4 E:\Wamp64\www\Assurance\system\Model.php(237): CodeIgniter\Database\BaseBuilder->get()
#5 E:\Wamp64\www\Assurance\system\BaseModel.php(624): CodeIgniter\Model->doFindAll(0, 0)
#6 E:\Wamp64\www\Assurance\app\Controllers\Consultation\ConsultationCont.php(1343): CodeIgniter\BaseModel->findAll()
#7 E:\Wamp64\www\Assurance\system\CodeIgniter.php(942): App\Controllers\consultation\ConsultationCont->listes_medicament()
#8 E:\Wamp64\www\Assurance\system\CodeIgniter.php(502): CodeIgniter\CodeIgniter->runController(Object(App\Controllers\consultation\ConsultationCont))
#9 E:\Wamp64\www\Assurance\system\CodeIgniter.php(361): CodeIgniter\CodeIgniter->handleRequest(NULL, Object(Config\Cache), false)
#10 E:\Wamp64\www\Assurance\index.php(79): CodeIgniter\CodeIgniter->run()
#11 {main}
ERROR - 2024-09-20 12:09:58 --> mysqli_sql_exception: Unknown column 'detailconsultationId' in 'where clause' in E:\Wamp64\www\Assurance\system\Database\MySQLi\Connection.php:306
Stack trace:
#0 E:\Wamp64\www\Assurance\system\Database\MySQLi\Connection.php(306): mysqli->query('SELECT `detailM...', 0)
#1 E:\Wamp64\www\Assurance\system\Database\BaseConnection.php(693): CodeIgniter\Database\MySQLi\Connection->execute('SELECT `detailM...')
#2 E:\Wamp64\www\Assurance\system\Database\BaseConnection.php(607): CodeIgniter\Database\BaseConnection->simpleQuery('SELECT `detailM...')
#3 E:\Wamp64\www\Assurance\system\Database\BaseBuilder.php(1615): CodeIgniter\Database\BaseConnection->query('SELECT `detailM...', Array, false)
#4 E:\Wamp64\www\Assurance\system\Model.php(237): CodeIgniter\Database\BaseBuilder->get()
#5 E:\Wamp64\www\Assurance\system\BaseModel.php(624): CodeIgniter\Model->doFindAll(0, 0)
#6 E:\Wamp64\www\Assurance\app\Controllers\Consultation\ConsultationCont.php(1343): CodeIgniter\BaseModel->findAll()
#7 E:\Wamp64\www\Assurance\system\CodeIgniter.php(942): App\Controllers\consultation\ConsultationCont->listes_medicament()
#8 E:\Wamp64\www\Assurance\system\CodeIgniter.php(502): CodeIgniter\CodeIgniter->runController(Object(App\Controllers\consultation\ConsultationCont))
#9 E:\Wamp64\www\Assurance\system\CodeIgniter.php(361): CodeIgniter\CodeIgniter->handleRequest(NULL, Object(Config\Cache), false)
#10 E:\Wamp64\www\Assurance\index.php(79): CodeIgniter\CodeIgniter->run()
#11 {main}
ERROR - 2024-09-20 21:04:36 --> mysqli_sql_exception: Unknown column 'detailconsultationId' in 'where clause' in E:\Wamp64\www\Assurance\system\Database\MySQLi\Connection.php:306
Stack trace:
#0 E:\Wamp64\www\Assurance\system\Database\MySQLi\Connection.php(306): mysqli->query('SELECT *\nFROM `...', 0)
#1 E:\Wamp64\www\Assurance\system\Database\BaseConnection.php(693): CodeIgniter\Database\MySQLi\Connection->execute('SELECT *\nFROM `...')
#2 E:\Wamp64\www\Assurance\system\Database\BaseConnection.php(607): CodeIgniter\Database\BaseConnection->simpleQuery('SELECT *\nFROM `...')
#3 E:\Wamp64\www\Assurance\system\Database\BaseBuilder.php(1615): CodeIgniter\Database\BaseConnection->query('SELECT *\nFROM `...', Array, false)
#4 E:\Wamp64\www\Assurance\system\Model.php(264): CodeIgniter\Database\BaseBuilder->get()
#5 E:\Wamp64\www\Assurance\system\BaseModel.php(662): CodeIgniter\Model->doFirst()
#6 E:\Wamp64\www\Assurance\app\Controllers\Consultation\ConsultationCont.php(468): CodeIgniter\BaseModel->first()
#7 E:\Wamp64\www\Assurance\system\CodeIgniter.php(942): App\Controllers\consultation\ConsultationCont->add_medicament()
#8 E:\Wamp64\www\Assurance\system\CodeIgniter.php(502): CodeIgniter\CodeIgniter->runController(Object(App\Controllers\consultation\ConsultationCont))
#9 E:\Wamp64\www\Assurance\system\CodeIgniter.php(361): CodeIgniter\CodeIgniter->handleRequest(NULL, Object(Config\Cache), false)
#10 E:\Wamp64\www\Assurance\index.php(79): CodeIgniter\CodeIgniter->run()
#11 {main}
ERROR - 2024-09-20 21:09:53 --> mysqli_sql_exception: Unknown column 'detailconsultationId' in 'where clause' in E:\Wamp64\www\Assurance\system\Database\MySQLi\Connection.php:306
Stack trace:
#0 E:\Wamp64\www\Assurance\system\Database\MySQLi\Connection.php(306): mysqli->query('SELECT *\nFROM `...', 0)
#1 E:\Wamp64\www\Assurance\system\Database\BaseConnection.php(693): CodeIgniter\Database\MySQLi\Connection->execute('SELECT *\nFROM `...')
#2 E:\Wamp64\www\Assurance\system\Database\BaseConnection.php(607): CodeIgniter\Database\BaseConnection->simpleQuery('SELECT *\nFROM `...')
#3 E:\Wamp64\www\Assurance\system\Database\BaseBuilder.php(1615): CodeIgniter\Database\BaseConnection->query('SELECT *\nFROM `...', Array, false)
#4 E:\Wamp64\www\Assurance\system\Model.php(264): CodeIgniter\Database\BaseBuilder->get()
#5 E:\Wamp64\www\Assurance\system\BaseModel.php(662): CodeIgniter\Model->doFirst()
#6 E:\Wamp64\www\Assurance\app\Controllers\Consultation\ConsultationCont.php(468): CodeIgniter\BaseModel->first()
#7 E:\Wamp64\www\Assurance\system\CodeIgniter.php(942): App\Controllers\consultation\ConsultationCont->add_medicament()
#8 E:\Wamp64\www\Assurance\system\CodeIgniter.php(502): CodeIgniter\CodeIgniter->runController(Object(App\Controllers\consultation\ConsultationCont))
#9 E:\Wamp64\www\Assurance\system\CodeIgniter.php(361): CodeIgniter\CodeIgniter->handleRequest(NULL, Object(Config\Cache), false)
#10 E:\Wamp64\www\Assurance\index.php(79): CodeIgniter\CodeIgniter->run()
#11 {main}
