ERROR - 2024-04-30 12:00:42 --> mysqli_sql_exception: La table 'mifidy.devis' n'existe pas in E:\wamp64\www\Deputation\system\Database\MySQLi\Connection.php:306
Stack trace:
#0 E:\wamp64\www\Deputation\system\Database\MySQLi\Connection.php(306): mysqli->query('SELECT *\nFROM `...', 0)
#1 E:\wamp64\www\Deputation\system\Database\BaseConnection.php(693): CodeIgniter\Database\MySQLi\Connection->execute('SELECT *\nFROM `...')
#2 E:\wamp64\www\Deputation\system\Database\BaseConnection.php(607): CodeIgniter\Database\BaseConnection->simpleQuery('SELECT *\nFROM `...')
#3 E:\wamp64\www\Deputation\system\Database\BaseBuilder.php(1615): CodeIgniter\Database\BaseConnection->query('SELECT *\nFROM `...', Array, false)
#4 E:\wamp64\www\Deputation\system\Model.php(237): CodeIgniter\Database\BaseBuilder->get()
#5 E:\wamp64\www\Deputation\system\BaseModel.php(624): CodeIgniter\Model->doFindAll(0, 0)
#6 E:\wamp64\www\Deputation\app\Controllers\dashboard\DashboardCont.php(440): CodeIgniter\BaseModel->findAll()
#7 E:\wamp64\www\Deputation\system\CodeIgniter.php(942): App\Controllers\dashboard\DashboardCont->afficher_chalenge()
#8 E:\wamp64\www\Deputation\system\CodeIgniter.php(502): CodeIgniter\CodeIgniter->runController(Object(App\Controllers\dashboard\DashboardCont))
#9 E:\wamp64\www\Deputation\system\CodeIgniter.php(361): CodeIgniter\CodeIgniter->handleRequest(NULL, Object(Config\Cache), false)
#10 E:\wamp64\www\Deputation\index.php(79): CodeIgniter\CodeIgniter->run()
#11 {main}
ERROR - 2024-04-30 12:00:46 --> mysqli_sql_exception: La table 'mifidy.facture' n'existe pas in E:\wamp64\www\Deputation\system\Database\MySQLi\Connection.php:306
Stack trace:
#0 E:\wamp64\www\Deputation\system\Database\MySQLi\Connection.php(306): mysqli->query('SELECT SUM(somm...', 0)
#1 E:\wamp64\www\Deputation\system\Database\BaseConnection.php(693): CodeIgniter\Database\MySQLi\Connection->execute('SELECT SUM(somm...')
#2 E:\wamp64\www\Deputation\system\Database\BaseConnection.php(607): CodeIgniter\Database\BaseConnection->simpleQuery('SELECT SUM(somm...')
#3 E:\wamp64\www\Deputation\system\Database\BaseBuilder.php(1615): CodeIgniter\Database\BaseConnection->query('SELECT SUM(somm...', Array, false)
#4 E:\wamp64\www\Deputation\system\Model.php(871): CodeIgniter\Database\BaseBuilder->get()
#5 E:\wamp64\www\Deputation\app\Controllers\dashboard\DashboardCont.php(49): CodeIgniter\Model->__call('get', Array)
#6 E:\wamp64\www\Deputation\app\Controllers\dashboard\DashboardCont.php(235): App\Controllers\dashboard\DashboardCont->getLabelsAndDataByGranularity('2024-03-31', '2024-04-30', 'Jour')
#7 E:\wamp64\www\Deputation\system\CodeIgniter.php(942): App\Controllers\dashboard\DashboardCont->afficher_dashboard()
#8 E:\wamp64\www\Deputation\system\CodeIgniter.php(502): CodeIgniter\CodeIgniter->runController(Object(App\Controllers\dashboard\DashboardCont))
#9 E:\wamp64\www\Deputation\system\CodeIgniter.php(361): CodeIgniter\CodeIgniter->handleRequest(NULL, Object(Config\Cache), false)
#10 E:\wamp64\www\Deputation\index.php(79): CodeIgniter\CodeIgniter->run()
#11 {main}
ERROR - 2024-04-30 12:00:46 --> mysqli_sql_exception: La table 'mifidy.facture' n'existe pas in E:\wamp64\www\Deputation\system\Database\MySQLi\Connection.php:306
Stack trace:
#0 E:\wamp64\www\Deputation\system\Database\MySQLi\Connection.php(306): mysqli->query('SELECT SUM(somm...', 0)
#1 E:\wamp64\www\Deputation\system\Database\BaseConnection.php(693): CodeIgniter\Database\MySQLi\Connection->execute('SELECT SUM(somm...')
#2 E:\wamp64\www\Deputation\system\Database\BaseConnection.php(607): CodeIgniter\Database\BaseConnection->simpleQuery('SELECT SUM(somm...')
#3 E:\wamp64\www\Deputation\system\Database\BaseBuilder.php(1615): CodeIgniter\Database\BaseConnection->query('SELECT SUM(somm...', Array, false)
#4 E:\wamp64\www\Deputation\system\Model.php(237): CodeIgniter\Database\BaseBuilder->get()
#5 E:\wamp64\www\Deputation\system\BaseModel.php(624): CodeIgniter\Model->doFindAll(0, 0)
#6 E:\wamp64\www\Deputation\app\Controllers\dashboard\DashboardCont.php(256): CodeIgniter\BaseModel->findAll()
#7 E:\wamp64\www\Deputation\system\CodeIgniter.php(942): App\Controllers\dashboard\DashboardCont->afficher_dashboard()
#8 E:\wamp64\www\Deputation\system\CodeIgniter.php(502): CodeIgniter\CodeIgniter->runController(Object(App\Controllers\dashboard\DashboardCont))
#9 E:\wamp64\www\Deputation\system\CodeIgniter.php(361): CodeIgniter\CodeIgniter->handleRequest(NULL, Object(Config\Cache), false)
#10 E:\wamp64\www\Deputation\index.php(79): CodeIgniter\CodeIgniter->run()
#11 {main}
ERROR - 2024-04-30 12:02:08 --> mysqli_sql_exception: La table 'mifidy.categorie' n'existe pas in E:\wamp64\www\Deputation\system\Database\MySQLi\Connection.php:306
Stack trace:
#0 E:\wamp64\www\Deputation\system\Database\MySQLi\Connection.php(306): mysqli->query('SELECT *\nFROM `...', 0)
#1 E:\wamp64\www\Deputation\system\Database\BaseConnection.php(693): CodeIgniter\Database\MySQLi\Connection->execute('SELECT *\nFROM `...')
#2 E:\wamp64\www\Deputation\system\Database\BaseConnection.php(607): CodeIgniter\Database\BaseConnection->simpleQuery('SELECT *\nFROM `...')
#3 E:\wamp64\www\Deputation\system\Database\BaseBuilder.php(1615): CodeIgniter\Database\BaseConnection->query('SELECT *\nFROM `...', Array, false)
#4 E:\wamp64\www\Deputation\system\Model.php(237): CodeIgniter\Database\BaseBuilder->get()
#5 E:\wamp64\www\Deputation\system\BaseModel.php(624): CodeIgniter\Model->doFindAll(0, 0)
#6 E:\wamp64\www\Deputation\app\Controllers\menuiserie\article\ArticleCont.php(147): CodeIgniter\BaseModel->findAll()
#7 E:\wamp64\www\Deputation\system\CodeIgniter.php(942): App\Controllers\menuiserie\Article\ArticleCont->generation_categorie_dynamique()
#8 E:\wamp64\www\Deputation\system\CodeIgniter.php(502): CodeIgniter\CodeIgniter->runController(Object(App\Controllers\menuiserie\Article\ArticleCont))
#9 E:\wamp64\www\Deputation\system\CodeIgniter.php(361): CodeIgniter\CodeIgniter->handleRequest(NULL, Object(Config\Cache), false)
#10 E:\wamp64\www\Deputation\index.php(79): CodeIgniter\CodeIgniter->run()
#11 {main}
ERROR - 2024-04-30 12:02:08 --> mysqli_sql_exception: La table 'mifidy.type_profil' n'existe pas in E:\wamp64\www\Deputation\system\Database\MySQLi\Connection.php:306
Stack trace:
#0 E:\wamp64\www\Deputation\system\Database\MySQLi\Connection.php(306): mysqli->query('SELECT *\nFROM `...', 0)
#1 E:\wamp64\www\Deputation\system\Database\BaseConnection.php(693): CodeIgniter\Database\MySQLi\Connection->execute('SELECT *\nFROM `...')
#2 E:\wamp64\www\Deputation\system\Database\BaseConnection.php(607): CodeIgniter\Database\BaseConnection->simpleQuery('SELECT *\nFROM `...')
#3 E:\wamp64\www\Deputation\system\Database\BaseBuilder.php(1615): CodeIgniter\Database\BaseConnection->query('SELECT *\nFROM `...', Array, false)
#4 E:\wamp64\www\Deputation\system\Model.php(237): CodeIgniter\Database\BaseBuilder->get()
#5 E:\wamp64\www\Deputation\system\BaseModel.php(624): CodeIgniter\Model->doFindAll(0, 0)
#6 E:\wamp64\www\Deputation\app\Controllers\menuiserie\article\ArticleCont.php(35): CodeIgniter\BaseModel->findAll()
#7 E:\wamp64\www\Deputation\system\CodeIgniter.php(942): App\Controllers\menuiserie\Article\ArticleCont->generation_type_dynamique()
#8 E:\wamp64\www\Deputation\system\CodeIgniter.php(502): CodeIgniter\CodeIgniter->runController(Object(App\Controllers\menuiserie\Article\ArticleCont))
#9 E:\wamp64\www\Deputation\system\CodeIgniter.php(361): CodeIgniter\CodeIgniter->handleRequest(NULL, Object(Config\Cache), false)
#10 E:\wamp64\www\Deputation\index.php(79): CodeIgniter\CodeIgniter->run()
#11 {main}
ERROR - 2024-04-30 12:02:08 --> mysqli_sql_exception: La table 'mifidy.type_profil' n'existe pas in E:\wamp64\www\Deputation\system\Database\MySQLi\Connection.php:306
Stack trace:
#0 E:\wamp64\www\Deputation\system\Database\MySQLi\Connection.php(306): mysqli->query('SELECT *\nFROM `...', 0)
#1 E:\wamp64\www\Deputation\system\Database\BaseConnection.php(693): CodeIgniter\Database\MySQLi\Connection->execute('SELECT *\nFROM `...')
#2 E:\wamp64\www\Deputation\system\Database\BaseConnection.php(607): CodeIgniter\Database\BaseConnection->simpleQuery('SELECT *\nFROM `...')
#3 E:\wamp64\www\Deputation\system\Database\BaseBuilder.php(1615): CodeIgniter\Database\BaseConnection->query('SELECT *\nFROM `...', Array, false)
#4 E:\wamp64\www\Deputation\system\Model.php(237): CodeIgniter\Database\BaseBuilder->get()
#5 E:\wamp64\www\Deputation\system\BaseModel.php(624): CodeIgniter\Model->doFindAll(0, 0)
#6 E:\wamp64\www\Deputation\app\Controllers\menuiserie\article\ArticleCont.php(349): CodeIgniter\BaseModel->findAll()
#7 E:\wamp64\www\Deputation\system\CodeIgniter.php(942): App\Controllers\menuiserie\Article\ArticleCont->listes_article()
#8 E:\wamp64\www\Deputation\system\CodeIgniter.php(502): CodeIgniter\CodeIgniter->runController(Object(App\Controllers\menuiserie\Article\ArticleCont))
#9 E:\wamp64\www\Deputation\system\CodeIgniter.php(361): CodeIgniter\CodeIgniter->handleRequest(NULL, Object(Config\Cache), false)
#10 E:\wamp64\www\Deputation\index.php(79): CodeIgniter\CodeIgniter->run()
#11 {main}
ERROR - 2024-04-30 12:02:08 --> mysqli_sql_exception: La table 'mifidy.type_vitre' n'existe pas in E:\wamp64\www\Deputation\system\Database\MySQLi\Connection.php:306
Stack trace:
#0 E:\wamp64\www\Deputation\system\Database\MySQLi\Connection.php(306): mysqli->query('SELECT *\nFROM `...', 0)
#1 E:\wamp64\www\Deputation\system\Database\BaseConnection.php(693): CodeIgniter\Database\MySQLi\Connection->execute('SELECT *\nFROM `...')
#2 E:\wamp64\www\Deputation\system\Database\BaseConnection.php(607): CodeIgniter\Database\BaseConnection->simpleQuery('SELECT *\nFROM `...')
#3 E:\wamp64\www\Deputation\system\Database\BaseBuilder.php(1615): CodeIgniter\Database\BaseConnection->query('SELECT *\nFROM `...', Array, false)
#4 E:\wamp64\www\Deputation\system\Model.php(237): CodeIgniter\Database\BaseBuilder->get()
#5 E:\wamp64\www\Deputation\system\BaseModel.php(624): CodeIgniter\Model->doFindAll(0, 0)
#6 E:\wamp64\www\Deputation\app\Controllers\menuiserie\article\ArticleCont.php(60): CodeIgniter\BaseModel->findAll()
#7 E:\wamp64\www\Deputation\system\CodeIgniter.php(942): App\Controllers\menuiserie\Article\ArticleCont->generation_vitre_dynamique()
#8 E:\wamp64\www\Deputation\system\CodeIgniter.php(502): CodeIgniter\CodeIgniter->runController(Object(App\Controllers\menuiserie\Article\ArticleCont))
#9 E:\wamp64\www\Deputation\system\CodeIgniter.php(361): CodeIgniter\CodeIgniter->handleRequest(NULL, Object(Config\Cache), false)
#10 E:\wamp64\www\Deputation\index.php(79): CodeIgniter\CodeIgniter->run()
#11 {main}
ERROR - 2024-04-30 12:02:08 --> mysqli_sql_exception: La table 'mifidy.ouvrage' n'existe pas in E:\wamp64\www\Deputation\system\Database\MySQLi\Connection.php:306
Stack trace:
#0 E:\wamp64\www\Deputation\system\Database\MySQLi\Connection.php(306): mysqli->query('SELECT *\nFROM `...', 0)
#1 E:\wamp64\www\Deputation\system\Database\BaseConnection.php(693): CodeIgniter\Database\MySQLi\Connection->execute('SELECT *\nFROM `...')
#2 E:\wamp64\www\Deputation\system\Database\BaseConnection.php(607): CodeIgniter\Database\BaseConnection->simpleQuery('SELECT *\nFROM `...')
#3 E:\wamp64\www\Deputation\system\Database\BaseBuilder.php(1615): CodeIgniter\Database\BaseConnection->query('SELECT *\nFROM `...', Array, false)
#4 E:\wamp64\www\Deputation\system\Model.php(237): CodeIgniter\Database\BaseBuilder->get()
#5 E:\wamp64\www\Deputation\system\BaseModel.php(624): CodeIgniter\Model->doFindAll(0, 0)
#6 E:\wamp64\www\Deputation\app\Controllers\menuiserie\article\ArticleCont.php(127): CodeIgniter\BaseModel->findAll()
#7 E:\wamp64\www\Deputation\system\CodeIgniter.php(942): App\Controllers\menuiserie\Article\ArticleCont->generation_ouvrage_dynamique()
#8 E:\wamp64\www\Deputation\system\CodeIgniter.php(502): CodeIgniter\CodeIgniter->runController(Object(App\Controllers\menuiserie\Article\ArticleCont))
#9 E:\wamp64\www\Deputation\system\CodeIgniter.php(361): CodeIgniter\CodeIgniter->handleRequest(NULL, Object(Config\Cache), false)
#10 E:\wamp64\www\Deputation\index.php(79): CodeIgniter\CodeIgniter->run()
#11 {main}
ERROR - 2024-04-30 12:04:08 --> mysqli_sql_exception: La table 'mifidy.devis' n'existe pas in E:\wamp64\www\Deputation\system\Database\MySQLi\Connection.php:306
Stack trace:
#0 E:\wamp64\www\Deputation\system\Database\MySQLi\Connection.php(306): mysqli->query('SELECT *\nFROM `...', 0)
#1 E:\wamp64\www\Deputation\system\Database\BaseConnection.php(693): CodeIgniter\Database\MySQLi\Connection->execute('SELECT *\nFROM `...')
#2 E:\wamp64\www\Deputation\system\Database\BaseConnection.php(607): CodeIgniter\Database\BaseConnection->simpleQuery('SELECT *\nFROM `...')
#3 E:\wamp64\www\Deputation\system\Database\BaseBuilder.php(1615): CodeIgniter\Database\BaseConnection->query('SELECT *\nFROM `...', Array, false)
#4 E:\wamp64\www\Deputation\system\Model.php(237): CodeIgniter\Database\BaseBuilder->get()
#5 E:\wamp64\www\Deputation\system\BaseModel.php(624): CodeIgniter\Model->doFindAll(0, 0)
#6 E:\wamp64\www\Deputation\app\Controllers\dashboard\DashboardCont.php(440): CodeIgniter\BaseModel->findAll()
#7 E:\wamp64\www\Deputation\system\CodeIgniter.php(942): App\Controllers\dashboard\DashboardCont->afficher_chalenge()
#8 E:\wamp64\www\Deputation\system\CodeIgniter.php(502): CodeIgniter\CodeIgniter->runController(Object(App\Controllers\dashboard\DashboardCont))
#9 E:\wamp64\www\Deputation\system\CodeIgniter.php(361): CodeIgniter\CodeIgniter->handleRequest(NULL, Object(Config\Cache), false)
#10 E:\wamp64\www\Deputation\index.php(79): CodeIgniter\CodeIgniter->run()
#11 {main}
ERROR - 2024-04-30 12:04:08 --> mysqli_sql_exception: La table 'mifidy.facture' n'existe pas in E:\wamp64\www\Deputation\system\Database\MySQLi\Connection.php:306
Stack trace:
#0 E:\wamp64\www\Deputation\system\Database\MySQLi\Connection.php(306): mysqli->query('SELECT SUM(somm...', 0)
#1 E:\wamp64\www\Deputation\system\Database\BaseConnection.php(693): CodeIgniter\Database\MySQLi\Connection->execute('SELECT SUM(somm...')
#2 E:\wamp64\www\Deputation\system\Database\BaseConnection.php(607): CodeIgniter\Database\BaseConnection->simpleQuery('SELECT SUM(somm...')
#3 E:\wamp64\www\Deputation\system\Database\BaseBuilder.php(1615): CodeIgniter\Database\BaseConnection->query('SELECT SUM(somm...', Array, false)
#4 E:\wamp64\www\Deputation\system\Model.php(871): CodeIgniter\Database\BaseBuilder->get()
#5 E:\wamp64\www\Deputation\app\Controllers\dashboard\DashboardCont.php(49): CodeIgniter\Model->__call('get', Array)
#6 E:\wamp64\www\Deputation\app\Controllers\dashboard\DashboardCont.php(235): App\Controllers\dashboard\DashboardCont->getLabelsAndDataByGranularity('2024-03-31', '2024-04-30', 'Jour')
#7 E:\wamp64\www\Deputation\system\CodeIgniter.php(942): App\Controllers\dashboard\DashboardCont->afficher_dashboard()
#8 E:\wamp64\www\Deputation\system\CodeIgniter.php(502): CodeIgniter\CodeIgniter->runController(Object(App\Controllers\dashboard\DashboardCont))
#9 E:\wamp64\www\Deputation\system\CodeIgniter.php(361): CodeIgniter\CodeIgniter->handleRequest(NULL, Object(Config\Cache), false)
#10 E:\wamp64\www\Deputation\index.php(79): CodeIgniter\CodeIgniter->run()
#11 {main}
ERROR - 2024-04-30 12:04:08 --> mysqli_sql_exception: La table 'mifidy.facture' n'existe pas in E:\wamp64\www\Deputation\system\Database\MySQLi\Connection.php:306
Stack trace:
#0 E:\wamp64\www\Deputation\system\Database\MySQLi\Connection.php(306): mysqli->query('SELECT SUM(somm...', 0)
#1 E:\wamp64\www\Deputation\system\Database\BaseConnection.php(693): CodeIgniter\Database\MySQLi\Connection->execute('SELECT SUM(somm...')
#2 E:\wamp64\www\Deputation\system\Database\BaseConnection.php(607): CodeIgniter\Database\BaseConnection->simpleQuery('SELECT SUM(somm...')
#3 E:\wamp64\www\Deputation\system\Database\BaseBuilder.php(1615): CodeIgniter\Database\BaseConnection->query('SELECT SUM(somm...', Array, false)
#4 E:\wamp64\www\Deputation\system\Model.php(237): CodeIgniter\Database\BaseBuilder->get()
#5 E:\wamp64\www\Deputation\system\BaseModel.php(624): CodeIgniter\Model->doFindAll(0, 0)
#6 E:\wamp64\www\Deputation\app\Controllers\dashboard\DashboardCont.php(256): CodeIgniter\BaseModel->findAll()
#7 E:\wamp64\www\Deputation\system\CodeIgniter.php(942): App\Controllers\dashboard\DashboardCont->afficher_dashboard()
#8 E:\wamp64\www\Deputation\system\CodeIgniter.php(502): CodeIgniter\CodeIgniter->runController(Object(App\Controllers\dashboard\DashboardCont))
#9 E:\wamp64\www\Deputation\system\CodeIgniter.php(361): CodeIgniter\CodeIgniter->handleRequest(NULL, Object(Config\Cache), false)
#10 E:\wamp64\www\Deputation\index.php(79): CodeIgniter\CodeIgniter->run()
#11 {main}
ERROR - 2024-04-30 12:51:15 --> mysqli_sql_exception: La table 'mifidy.categorie' n'existe pas in E:\wamp64\www\Deputation\system\Database\MySQLi\Connection.php:306
Stack trace:
#0 E:\wamp64\www\Deputation\system\Database\MySQLi\Connection.php(306): mysqli->query('SELECT *\nFROM `...', 0)
#1 E:\wamp64\www\Deputation\system\Database\BaseConnection.php(693): CodeIgniter\Database\MySQLi\Connection->execute('SELECT *\nFROM `...')
#2 E:\wamp64\www\Deputation\system\Database\BaseConnection.php(607): CodeIgniter\Database\BaseConnection->simpleQuery('SELECT *\nFROM `...')
#3 E:\wamp64\www\Deputation\system\Database\BaseBuilder.php(1615): CodeIgniter\Database\BaseConnection->query('SELECT *\nFROM `...', Array, false)
#4 E:\wamp64\www\Deputation\system\Model.php(237): CodeIgniter\Database\BaseBuilder->get()
#5 E:\wamp64\www\Deputation\system\BaseModel.php(624): CodeIgniter\Model->doFindAll(0, 0)
#6 E:\wamp64\www\Deputation\app\Controllers\menuiserie\article\ArticleCont.php(147): CodeIgniter\BaseModel->findAll()
#7 E:\wamp64\www\Deputation\system\CodeIgniter.php(942): App\Controllers\menuiserie\Article\ArticleCont->generation_categorie_dynamique()
#8 E:\wamp64\www\Deputation\system\CodeIgniter.php(502): CodeIgniter\CodeIgniter->runController(Object(App\Controllers\menuiserie\Article\ArticleCont))
#9 E:\wamp64\www\Deputation\system\CodeIgniter.php(361): CodeIgniter\CodeIgniter->handleRequest(NULL, Object(Config\Cache), false)
#10 E:\wamp64\www\Deputation\index.php(79): CodeIgniter\CodeIgniter->run()
#11 {main}
ERROR - 2024-04-30 12:51:15 --> mysqli_sql_exception: La table 'mifidy.type_vitre' n'existe pas in E:\wamp64\www\Deputation\system\Database\MySQLi\Connection.php:306
Stack trace:
#0 E:\wamp64\www\Deputation\system\Database\MySQLi\Connection.php(306): mysqli->query('SELECT *\nFROM `...', 0)
#1 E:\wamp64\www\Deputation\system\Database\BaseConnection.php(693): CodeIgniter\Database\MySQLi\Connection->execute('SELECT *\nFROM `...')
#2 E:\wamp64\www\Deputation\system\Database\BaseConnection.php(607): CodeIgniter\Database\BaseConnection->simpleQuery('SELECT *\nFROM `...')
#3 E:\wamp64\www\Deputation\system\Database\BaseBuilder.php(1615): CodeIgniter\Database\BaseConnection->query('SELECT *\nFROM `...', Array, false)
#4 E:\wamp64\www\Deputation\system\Model.php(237): CodeIgniter\Database\BaseBuilder->get()
#5 E:\wamp64\www\Deputation\system\BaseModel.php(624): CodeIgniter\Model->doFindAll(0, 0)
#6 E:\wamp64\www\Deputation\app\Controllers\menuiserie\article\ArticleCont.php(60): CodeIgniter\BaseModel->findAll()
#7 E:\wamp64\www\Deputation\system\CodeIgniter.php(942): App\Controllers\menuiserie\Article\ArticleCont->generation_vitre_dynamique()
#8 E:\wamp64\www\Deputation\system\CodeIgniter.php(502): CodeIgniter\CodeIgniter->runController(Object(App\Controllers\menuiserie\Article\ArticleCont))
#9 E:\wamp64\www\Deputation\system\CodeIgniter.php(361): CodeIgniter\CodeIgniter->handleRequest(NULL, Object(Config\Cache), false)
#10 E:\wamp64\www\Deputation\index.php(79): CodeIgniter\CodeIgniter->run()
#11 {main}
ERROR - 2024-04-30 12:51:15 --> mysqli_sql_exception: La table 'mifidy.ouvrage' n'existe pas in E:\wamp64\www\Deputation\system\Database\MySQLi\Connection.php:306
Stack trace:
#0 E:\wamp64\www\Deputation\system\Database\MySQLi\Connection.php(306): mysqli->query('SELECT *\nFROM `...', 0)
#1 E:\wamp64\www\Deputation\system\Database\BaseConnection.php(693): CodeIgniter\Database\MySQLi\Connection->execute('SELECT *\nFROM `...')
#2 E:\wamp64\www\Deputation\system\Database\BaseConnection.php(607): CodeIgniter\Database\BaseConnection->simpleQuery('SELECT *\nFROM `...')
#3 E:\wamp64\www\Deputation\system\Database\BaseBuilder.php(1615): CodeIgniter\Database\BaseConnection->query('SELECT *\nFROM `...', Array, false)
#4 E:\wamp64\www\Deputation\system\Model.php(237): CodeIgniter\Database\BaseBuilder->get()
#5 E:\wamp64\www\Deputation\system\BaseModel.php(624): CodeIgniter\Model->doFindAll(0, 0)
#6 E:\wamp64\www\Deputation\app\Controllers\menuiserie\article\ArticleCont.php(127): CodeIgniter\BaseModel->findAll()
#7 E:\wamp64\www\Deputation\system\CodeIgniter.php(942): App\Controllers\menuiserie\Article\ArticleCont->generation_ouvrage_dynamique()
#8 E:\wamp64\www\Deputation\system\CodeIgniter.php(502): CodeIgniter\CodeIgniter->runController(Object(App\Controllers\menuiserie\Article\ArticleCont))
#9 E:\wamp64\www\Deputation\system\CodeIgniter.php(361): CodeIgniter\CodeIgniter->handleRequest(NULL, Object(Config\Cache), false)
#10 E:\wamp64\www\Deputation\index.php(79): CodeIgniter\CodeIgniter->run()
#11 {main}
ERROR - 2024-04-30 12:51:15 --> mysqli_sql_exception: La table 'mifidy.type_profil' n'existe pas in E:\wamp64\www\Deputation\system\Database\MySQLi\Connection.php:306
Stack trace:
#0 E:\wamp64\www\Deputation\system\Database\MySQLi\Connection.php(306): mysqli->query('SELECT *\nFROM `...', 0)
#1 E:\wamp64\www\Deputation\system\Database\BaseConnection.php(693): CodeIgniter\Database\MySQLi\Connection->execute('SELECT *\nFROM `...')
#2 E:\wamp64\www\Deputation\system\Database\BaseConnection.php(607): CodeIgniter\Database\BaseConnection->simpleQuery('SELECT *\nFROM `...')
#3 E:\wamp64\www\Deputation\system\Database\BaseBuilder.php(1615): CodeIgniter\Database\BaseConnection->query('SELECT *\nFROM `...', Array, false)
#4 E:\wamp64\www\Deputation\system\Model.php(237): CodeIgniter\Database\BaseBuilder->get()
#5 E:\wamp64\www\Deputation\system\BaseModel.php(624): CodeIgniter\Model->doFindAll(0, 0)
#6 E:\wamp64\www\Deputation\app\Controllers\menuiserie\article\ArticleCont.php(349): CodeIgniter\BaseModel->findAll()
#7 E:\wamp64\www\Deputation\system\CodeIgniter.php(942): App\Controllers\menuiserie\Article\ArticleCont->listes_article()
#8 E:\wamp64\www\Deputation\system\CodeIgniter.php(502): CodeIgniter\CodeIgniter->runController(Object(App\Controllers\menuiserie\Article\ArticleCont))
#9 E:\wamp64\www\Deputation\system\CodeIgniter.php(361): CodeIgniter\CodeIgniter->handleRequest(NULL, Object(Config\Cache), false)
#10 E:\wamp64\www\Deputation\index.php(79): CodeIgniter\CodeIgniter->run()
#11 {main}
ERROR - 2024-04-30 12:51:15 --> mysqli_sql_exception: La table 'mifidy.type_profil' n'existe pas in E:\wamp64\www\Deputation\system\Database\MySQLi\Connection.php:306
Stack trace:
#0 E:\wamp64\www\Deputation\system\Database\MySQLi\Connection.php(306): mysqli->query('SELECT *\nFROM `...', 0)
#1 E:\wamp64\www\Deputation\system\Database\BaseConnection.php(693): CodeIgniter\Database\MySQLi\Connection->execute('SELECT *\nFROM `...')
#2 E:\wamp64\www\Deputation\system\Database\BaseConnection.php(607): CodeIgniter\Database\BaseConnection->simpleQuery('SELECT *\nFROM `...')
#3 E:\wamp64\www\Deputation\system\Database\BaseBuilder.php(1615): CodeIgniter\Database\BaseConnection->query('SELECT *\nFROM `...', Array, false)
#4 E:\wamp64\www\Deputation\system\Model.php(237): CodeIgniter\Database\BaseBuilder->get()
#5 E:\wamp64\www\Deputation\system\BaseModel.php(624): CodeIgniter\Model->doFindAll(0, 0)
#6 E:\wamp64\www\Deputation\app\Controllers\menuiserie\article\ArticleCont.php(35): CodeIgniter\BaseModel->findAll()
#7 E:\wamp64\www\Deputation\system\CodeIgniter.php(942): App\Controllers\menuiserie\Article\ArticleCont->generation_type_dynamique()
#8 E:\wamp64\www\Deputation\system\CodeIgniter.php(502): CodeIgniter\CodeIgniter->runController(Object(App\Controllers\menuiserie\Article\ArticleCont))
#9 E:\wamp64\www\Deputation\system\CodeIgniter.php(361): CodeIgniter\CodeIgniter->handleRequest(NULL, Object(Config\Cache), false)
#10 E:\wamp64\www\Deputation\index.php(79): CodeIgniter\CodeIgniter->run()
#11 {main}
ERROR - 2024-04-30 12:54:43 --> mysqli_sql_exception: La table 'mifidy.type_profil' n'existe pas in E:\wamp64\www\Deputation\system\Database\MySQLi\Connection.php:306
Stack trace:
#0 E:\wamp64\www\Deputation\system\Database\MySQLi\Connection.php(306): mysqli->query('SELECT *\nFROM `...', 0)
#1 E:\wamp64\www\Deputation\system\Database\BaseConnection.php(693): CodeIgniter\Database\MySQLi\Connection->execute('SELECT *\nFROM `...')
#2 E:\wamp64\www\Deputation\system\Database\BaseConnection.php(607): CodeIgniter\Database\BaseConnection->simpleQuery('SELECT *\nFROM `...')
#3 E:\wamp64\www\Deputation\system\Database\BaseBuilder.php(1615): CodeIgniter\Database\BaseConnection->query('SELECT *\nFROM `...', Array, false)
#4 E:\wamp64\www\Deputation\system\Model.php(237): CodeIgniter\Database\BaseBuilder->get()
#5 E:\wamp64\www\Deputation\system\BaseModel.php(624): CodeIgniter\Model->doFindAll(0, 0)
#6 E:\wamp64\www\Deputation\app\Controllers\menuiserie\article\ArticleCont.php(349): CodeIgniter\BaseModel->findAll()
#7 E:\wamp64\www\Deputation\system\CodeIgniter.php(942): App\Controllers\menuiserie\Article\ArticleCont->listes_article()
#8 E:\wamp64\www\Deputation\system\CodeIgniter.php(502): CodeIgniter\CodeIgniter->runController(Object(App\Controllers\menuiserie\Article\ArticleCont))
#9 E:\wamp64\www\Deputation\system\CodeIgniter.php(361): CodeIgniter\CodeIgniter->handleRequest(NULL, Object(Config\Cache), false)
#10 E:\wamp64\www\Deputation\index.php(79): CodeIgniter\CodeIgniter->run()
#11 {main}
ERROR - 2024-04-30 12:54:43 --> mysqli_sql_exception: La table 'mifidy.categorie' n'existe pas in E:\wamp64\www\Deputation\system\Database\MySQLi\Connection.php:306
Stack trace:
#0 E:\wamp64\www\Deputation\system\Database\MySQLi\Connection.php(306): mysqli->query('SELECT *\nFROM `...', 0)
#1 E:\wamp64\www\Deputation\system\Database\BaseConnection.php(693): CodeIgniter\Database\MySQLi\Connection->execute('SELECT *\nFROM `...')
#2 E:\wamp64\www\Deputation\system\Database\BaseConnection.php(607): CodeIgniter\Database\BaseConnection->simpleQuery('SELECT *\nFROM `...')
#3 E:\wamp64\www\Deputation\system\Database\BaseBuilder.php(1615): CodeIgniter\Database\BaseConnection->query('SELECT *\nFROM `...', Array, false)
#4 E:\wamp64\www\Deputation\system\Model.php(237): CodeIgniter\Database\BaseBuilder->get()
#5 E:\wamp64\www\Deputation\system\BaseModel.php(624): CodeIgniter\Model->doFindAll(0, 0)
#6 E:\wamp64\www\Deputation\app\Controllers\menuiserie\article\ArticleCont.php(147): CodeIgniter\BaseModel->findAll()
#7 E:\wamp64\www\Deputation\system\CodeIgniter.php(942): App\Controllers\menuiserie\Article\ArticleCont->generation_categorie_dynamique()
#8 E:\wamp64\www\Deputation\system\CodeIgniter.php(502): CodeIgniter\CodeIgniter->runController(Object(App\Controllers\menuiserie\Article\ArticleCont))
#9 E:\wamp64\www\Deputation\system\CodeIgniter.php(361): CodeIgniter\CodeIgniter->handleRequest(NULL, Object(Config\Cache), false)
#10 E:\wamp64\www\Deputation\index.php(79): CodeIgniter\CodeIgniter->run()
#11 {main}
ERROR - 2024-04-30 12:54:43 --> mysqli_sql_exception: La table 'mifidy.type_vitre' n'existe pas in E:\wamp64\www\Deputation\system\Database\MySQLi\Connection.php:306
Stack trace:
#0 E:\wamp64\www\Deputation\system\Database\MySQLi\Connection.php(306): mysqli->query('SELECT *\nFROM `...', 0)
#1 E:\wamp64\www\Deputation\system\Database\BaseConnection.php(693): CodeIgniter\Database\MySQLi\Connection->execute('SELECT *\nFROM `...')
#2 E:\wamp64\www\Deputation\system\Database\BaseConnection.php(607): CodeIgniter\Database\BaseConnection->simpleQuery('SELECT *\nFROM `...')
#3 E:\wamp64\www\Deputation\system\Database\BaseBuilder.php(1615): CodeIgniter\Database\BaseConnection->query('SELECT *\nFROM `...', Array, false)
#4 E:\wamp64\www\Deputation\system\Model.php(237): CodeIgniter\Database\BaseBuilder->get()
#5 E:\wamp64\www\Deputation\system\BaseModel.php(624): CodeIgniter\Model->doFindAll(0, 0)
#6 E:\wamp64\www\Deputation\app\Controllers\menuiserie\article\ArticleCont.php(60): CodeIgniter\BaseModel->findAll()
#7 E:\wamp64\www\Deputation\system\CodeIgniter.php(942): App\Controllers\menuiserie\Article\ArticleCont->generation_vitre_dynamique()
#8 E:\wamp64\www\Deputation\system\CodeIgniter.php(502): CodeIgniter\CodeIgniter->runController(Object(App\Controllers\menuiserie\Article\ArticleCont))
#9 E:\wamp64\www\Deputation\system\CodeIgniter.php(361): CodeIgniter\CodeIgniter->handleRequest(NULL, Object(Config\Cache), false)
#10 E:\wamp64\www\Deputation\index.php(79): CodeIgniter\CodeIgniter->run()
#11 {main}
ERROR - 2024-04-30 12:54:43 --> mysqli_sql_exception: La table 'mifidy.ouvrage' n'existe pas in E:\wamp64\www\Deputation\system\Database\MySQLi\Connection.php:306
Stack trace:
#0 E:\wamp64\www\Deputation\system\Database\MySQLi\Connection.php(306): mysqli->query('SELECT *\nFROM `...', 0)
#1 E:\wamp64\www\Deputation\system\Database\BaseConnection.php(693): CodeIgniter\Database\MySQLi\Connection->execute('SELECT *\nFROM `...')
#2 E:\wamp64\www\Deputation\system\Database\BaseConnection.php(607): CodeIgniter\Database\BaseConnection->simpleQuery('SELECT *\nFROM `...')
#3 E:\wamp64\www\Deputation\system\Database\BaseBuilder.php(1615): CodeIgniter\Database\BaseConnection->query('SELECT *\nFROM `...', Array, false)
#4 E:\wamp64\www\Deputation\system\Model.php(237): CodeIgniter\Database\BaseBuilder->get()
#5 E:\wamp64\www\Deputation\system\BaseModel.php(624): CodeIgniter\Model->doFindAll(0, 0)
#6 E:\wamp64\www\Deputation\app\Controllers\menuiserie\article\ArticleCont.php(127): CodeIgniter\BaseModel->findAll()
#7 E:\wamp64\www\Deputation\system\CodeIgniter.php(942): App\Controllers\menuiserie\Article\ArticleCont->generation_ouvrage_dynamique()
#8 E:\wamp64\www\Deputation\system\CodeIgniter.php(502): CodeIgniter\CodeIgniter->runController(Object(App\Controllers\menuiserie\Article\ArticleCont))
#9 E:\wamp64\www\Deputation\system\CodeIgniter.php(361): CodeIgniter\CodeIgniter->handleRequest(NULL, Object(Config\Cache), false)
#10 E:\wamp64\www\Deputation\index.php(79): CodeIgniter\CodeIgniter->run()
#11 {main}
ERROR - 2024-04-30 12:54:43 --> mysqli_sql_exception: La table 'mifidy.type_profil' n'existe pas in E:\wamp64\www\Deputation\system\Database\MySQLi\Connection.php:306
Stack trace:
#0 E:\wamp64\www\Deputation\system\Database\MySQLi\Connection.php(306): mysqli->query('SELECT *\nFROM `...', 0)
#1 E:\wamp64\www\Deputation\system\Database\BaseConnection.php(693): CodeIgniter\Database\MySQLi\Connection->execute('SELECT *\nFROM `...')
#2 E:\wamp64\www\Deputation\system\Database\BaseConnection.php(607): CodeIgniter\Database\BaseConnection->simpleQuery('SELECT *\nFROM `...')
#3 E:\wamp64\www\Deputation\system\Database\BaseBuilder.php(1615): CodeIgniter\Database\BaseConnection->query('SELECT *\nFROM `...', Array, false)
#4 E:\wamp64\www\Deputation\system\Model.php(237): CodeIgniter\Database\BaseBuilder->get()
#5 E:\wamp64\www\Deputation\system\BaseModel.php(624): CodeIgniter\Model->doFindAll(0, 0)
#6 E:\wamp64\www\Deputation\app\Controllers\menuiserie\article\ArticleCont.php(35): CodeIgniter\BaseModel->findAll()
#7 E:\wamp64\www\Deputation\system\CodeIgniter.php(942): App\Controllers\menuiserie\Article\ArticleCont->generation_type_dynamique()
#8 E:\wamp64\www\Deputation\system\CodeIgniter.php(502): CodeIgniter\CodeIgniter->runController(Object(App\Controllers\menuiserie\Article\ArticleCont))
#9 E:\wamp64\www\Deputation\system\CodeIgniter.php(361): CodeIgniter\CodeIgniter->handleRequest(NULL, Object(Config\Cache), false)
#10 E:\wamp64\www\Deputation\index.php(79): CodeIgniter\CodeIgniter->run()
#11 {main}
ERROR - 2024-04-30 12:58:52 --> mysqli_sql_exception: La table 'mifidy.type_profil' n'existe pas in E:\wamp64\www\Deputation\system\Database\MySQLi\Connection.php:306
Stack trace:
#0 E:\wamp64\www\Deputation\system\Database\MySQLi\Connection.php(306): mysqli->query('SELECT *\nFROM `...', 0)
#1 E:\wamp64\www\Deputation\system\Database\BaseConnection.php(693): CodeIgniter\Database\MySQLi\Connection->execute('SELECT *\nFROM `...')
#2 E:\wamp64\www\Deputation\system\Database\BaseConnection.php(607): CodeIgniter\Database\BaseConnection->simpleQuery('SELECT *\nFROM `...')
#3 E:\wamp64\www\Deputation\system\Database\BaseBuilder.php(1615): CodeIgniter\Database\BaseConnection->query('SELECT *\nFROM `...', Array, false)
#4 E:\wamp64\www\Deputation\system\Model.php(237): CodeIgniter\Database\BaseBuilder->get()
#5 E:\wamp64\www\Deputation\system\BaseModel.php(624): CodeIgniter\Model->doFindAll(0, 0)
#6 E:\wamp64\www\Deputation\app\Controllers\menuiserie\article\ArticleCont.php(35): CodeIgniter\BaseModel->findAll()
#7 E:\wamp64\www\Deputation\system\CodeIgniter.php(942): App\Controllers\menuiserie\Article\ArticleCont->generation_type_dynamique()
#8 E:\wamp64\www\Deputation\system\CodeIgniter.php(502): CodeIgniter\CodeIgniter->runController(Object(App\Controllers\menuiserie\Article\ArticleCont))
#9 E:\wamp64\www\Deputation\system\CodeIgniter.php(361): CodeIgniter\CodeIgniter->handleRequest(NULL, Object(Config\Cache), false)
#10 E:\wamp64\www\Deputation\index.php(79): CodeIgniter\CodeIgniter->run()
#11 {main}
ERROR - 2024-04-30 12:58:52 --> mysqli_sql_exception: La table 'mifidy.ouvrage' n'existe pas in E:\wamp64\www\Deputation\system\Database\MySQLi\Connection.php:306
Stack trace:
#0 E:\wamp64\www\Deputation\system\Database\MySQLi\Connection.php(306): mysqli->query('SELECT *\nFROM `...', 0)
#1 E:\wamp64\www\Deputation\system\Database\BaseConnection.php(693): CodeIgniter\Database\MySQLi\Connection->execute('SELECT *\nFROM `...')
#2 E:\wamp64\www\Deputation\system\Database\BaseConnection.php(607): CodeIgniter\Database\BaseConnection->simpleQuery('SELECT *\nFROM `...')
#3 E:\wamp64\www\Deputation\system\Database\BaseBuilder.php(1615): CodeIgniter\Database\BaseConnection->query('SELECT *\nFROM `...', Array, false)
#4 E:\wamp64\www\Deputation\system\Model.php(237): CodeIgniter\Database\BaseBuilder->get()
#5 E:\wamp64\www\Deputation\system\BaseModel.php(624): CodeIgniter\Model->doFindAll(0, 0)
#6 E:\wamp64\www\Deputation\app\Controllers\menuiserie\article\ArticleCont.php(127): CodeIgniter\BaseModel->findAll()
#7 E:\wamp64\www\Deputation\system\CodeIgniter.php(942): App\Controllers\menuiserie\Article\ArticleCont->generation_ouvrage_dynamique()
#8 E:\wamp64\www\Deputation\system\CodeIgniter.php(502): CodeIgniter\CodeIgniter->runController(Object(App\Controllers\menuiserie\Article\ArticleCont))
#9 E:\wamp64\www\Deputation\system\CodeIgniter.php(361): CodeIgniter\CodeIgniter->handleRequest(NULL, Object(Config\Cache), false)
#10 E:\wamp64\www\Deputation\index.php(79): CodeIgniter\CodeIgniter->run()
#11 {main}
ERROR - 2024-04-30 12:58:52 --> mysqli_sql_exception: La table 'mifidy.categorie' n'existe pas in E:\wamp64\www\Deputation\system\Database\MySQLi\Connection.php:306
Stack trace:
#0 E:\wamp64\www\Deputation\system\Database\MySQLi\Connection.php(306): mysqli->query('SELECT *\nFROM `...', 0)
#1 E:\wamp64\www\Deputation\system\Database\BaseConnection.php(693): CodeIgniter\Database\MySQLi\Connection->execute('SELECT *\nFROM `...')
#2 E:\wamp64\www\Deputation\system\Database\BaseConnection.php(607): CodeIgniter\Database\BaseConnection->simpleQuery('SELECT *\nFROM `...')
#3 E:\wamp64\www\Deputation\system\Database\BaseBuilder.php(1615): CodeIgniter\Database\BaseConnection->query('SELECT *\nFROM `...', Array, false)
#4 E:\wamp64\www\Deputation\system\Model.php(237): CodeIgniter\Database\BaseBuilder->get()
#5 E:\wamp64\www\Deputation\system\BaseModel.php(624): CodeIgniter\Model->doFindAll(0, 0)
#6 E:\wamp64\www\Deputation\app\Controllers\menuiserie\article\ArticleCont.php(147): CodeIgniter\BaseModel->findAll()
#7 E:\wamp64\www\Deputation\system\CodeIgniter.php(942): App\Controllers\menuiserie\Article\ArticleCont->generation_categorie_dynamique()
#8 E:\wamp64\www\Deputation\system\CodeIgniter.php(502): CodeIgniter\CodeIgniter->runController(Object(App\Controllers\menuiserie\Article\ArticleCont))
#9 E:\wamp64\www\Deputation\system\CodeIgniter.php(361): CodeIgniter\CodeIgniter->handleRequest(NULL, Object(Config\Cache), false)
#10 E:\wamp64\www\Deputation\index.php(79): CodeIgniter\CodeIgniter->run()
#11 {main}
ERROR - 2024-04-30 12:58:52 --> mysqli_sql_exception: La table 'mifidy.type_vitre' n'existe pas in E:\wamp64\www\Deputation\system\Database\MySQLi\Connection.php:306
Stack trace:
#0 E:\wamp64\www\Deputation\system\Database\MySQLi\Connection.php(306): mysqli->query('SELECT *\nFROM `...', 0)
#1 E:\wamp64\www\Deputation\system\Database\BaseConnection.php(693): CodeIgniter\Database\MySQLi\Connection->execute('SELECT *\nFROM `...')
#2 E:\wamp64\www\Deputation\system\Database\BaseConnection.php(607): CodeIgniter\Database\BaseConnection->simpleQuery('SELECT *\nFROM `...')
#3 E:\wamp64\www\Deputation\system\Database\BaseBuilder.php(1615): CodeIgniter\Database\BaseConnection->query('SELECT *\nFROM `...', Array, false)
#4 E:\wamp64\www\Deputation\system\Model.php(237): CodeIgniter\Database\BaseBuilder->get()
#5 E:\wamp64\www\Deputation\system\BaseModel.php(624): CodeIgniter\Model->doFindAll(0, 0)
#6 E:\wamp64\www\Deputation\app\Controllers\menuiserie\article\ArticleCont.php(60): CodeIgniter\BaseModel->findAll()
#7 E:\wamp64\www\Deputation\system\CodeIgniter.php(942): App\Controllers\menuiserie\Article\ArticleCont->generation_vitre_dynamique()
#8 E:\wamp64\www\Deputation\system\CodeIgniter.php(502): CodeIgniter\CodeIgniter->runController(Object(App\Controllers\menuiserie\Article\ArticleCont))
#9 E:\wamp64\www\Deputation\system\CodeIgniter.php(361): CodeIgniter\CodeIgniter->handleRequest(NULL, Object(Config\Cache), false)
#10 E:\wamp64\www\Deputation\index.php(79): CodeIgniter\CodeIgniter->run()
#11 {main}
ERROR - 2024-04-30 12:58:52 --> mysqli_sql_exception: La table 'mifidy.type_profil' n'existe pas in E:\wamp64\www\Deputation\system\Database\MySQLi\Connection.php:306
Stack trace:
#0 E:\wamp64\www\Deputation\system\Database\MySQLi\Connection.php(306): mysqli->query('SELECT *\nFROM `...', 0)
#1 E:\wamp64\www\Deputation\system\Database\BaseConnection.php(693): CodeIgniter\Database\MySQLi\Connection->execute('SELECT *\nFROM `...')
#2 E:\wamp64\www\Deputation\system\Database\BaseConnection.php(607): CodeIgniter\Database\BaseConnection->simpleQuery('SELECT *\nFROM `...')
#3 E:\wamp64\www\Deputation\system\Database\BaseBuilder.php(1615): CodeIgniter\Database\BaseConnection->query('SELECT *\nFROM `...', Array, false)
#4 E:\wamp64\www\Deputation\system\Model.php(237): CodeIgniter\Database\BaseBuilder->get()
#5 E:\wamp64\www\Deputation\system\BaseModel.php(624): CodeIgniter\Model->doFindAll(0, 0)
#6 E:\wamp64\www\Deputation\app\Controllers\menuiserie\article\ArticleCont.php(349): CodeIgniter\BaseModel->findAll()
#7 E:\wamp64\www\Deputation\system\CodeIgniter.php(942): App\Controllers\menuiserie\Article\ArticleCont->listes_article()
#8 E:\wamp64\www\Deputation\system\CodeIgniter.php(502): CodeIgniter\CodeIgniter->runController(Object(App\Controllers\menuiserie\Article\ArticleCont))
#9 E:\wamp64\www\Deputation\system\CodeIgniter.php(361): CodeIgniter\CodeIgniter->handleRequest(NULL, Object(Config\Cache), false)
#10 E:\wamp64\www\Deputation\index.php(79): CodeIgniter\CodeIgniter->run()
#11 {main}
ERROR - 2024-04-30 13:13:28 --> mysqli_sql_exception: La table 'mifidy.ouvrage' n'existe pas in E:\wamp64\www\Deputation\system\Database\MySQLi\Connection.php:306
Stack trace:
#0 E:\wamp64\www\Deputation\system\Database\MySQLi\Connection.php(306): mysqli->query('SELECT *\nFROM `...', 0)
#1 E:\wamp64\www\Deputation\system\Database\BaseConnection.php(693): CodeIgniter\Database\MySQLi\Connection->execute('SELECT *\nFROM `...')
#2 E:\wamp64\www\Deputation\system\Database\BaseConnection.php(607): CodeIgniter\Database\BaseConnection->simpleQuery('SELECT *\nFROM `...')
#3 E:\wamp64\www\Deputation\system\Database\BaseBuilder.php(1615): CodeIgniter\Database\BaseConnection->query('SELECT *\nFROM `...', Array, false)
#4 E:\wamp64\www\Deputation\system\Model.php(237): CodeIgniter\Database\BaseBuilder->get()
#5 E:\wamp64\www\Deputation\system\BaseModel.php(624): CodeIgniter\Model->doFindAll(0, 0)
#6 E:\wamp64\www\Deputation\app\Controllers\menuiserie\article\ArticleCont.php(127): CodeIgniter\BaseModel->findAll()
#7 E:\wamp64\www\Deputation\system\CodeIgniter.php(942): App\Controllers\menuiserie\Article\ArticleCont->generation_ouvrage_dynamique()
#8 E:\wamp64\www\Deputation\system\CodeIgniter.php(502): CodeIgniter\CodeIgniter->runController(Object(App\Controllers\menuiserie\Article\ArticleCont))
#9 E:\wamp64\www\Deputation\system\CodeIgniter.php(361): CodeIgniter\CodeIgniter->handleRequest(NULL, Object(Config\Cache), false)
#10 E:\wamp64\www\Deputation\index.php(79): CodeIgniter\CodeIgniter->run()
#11 {main}
ERROR - 2024-04-30 13:13:28 --> mysqli_sql_exception: La table 'mifidy.type_profil' n'existe pas in E:\wamp64\www\Deputation\system\Database\MySQLi\Connection.php:306
Stack trace:
#0 E:\wamp64\www\Deputation\system\Database\MySQLi\Connection.php(306): mysqli->query('SELECT *\nFROM `...', 0)
#1 E:\wamp64\www\Deputation\system\Database\BaseConnection.php(693): CodeIgniter\Database\MySQLi\Connection->execute('SELECT *\nFROM `...')
#2 E:\wamp64\www\Deputation\system\Database\BaseConnection.php(607): CodeIgniter\Database\BaseConnection->simpleQuery('SELECT *\nFROM `...')
#3 E:\wamp64\www\Deputation\system\Database\BaseBuilder.php(1615): CodeIgniter\Database\BaseConnection->query('SELECT *\nFROM `...', Array, false)
#4 E:\wamp64\www\Deputation\system\Model.php(237): CodeIgniter\Database\BaseBuilder->get()
#5 E:\wamp64\www\Deputation\system\BaseModel.php(624): CodeIgniter\Model->doFindAll(0, 0)
#6 E:\wamp64\www\Deputation\app\Controllers\menuiserie\article\ArticleCont.php(35): CodeIgniter\BaseModel->findAll()
#7 E:\wamp64\www\Deputation\system\CodeIgniter.php(942): App\Controllers\menuiserie\Article\ArticleCont->generation_type_dynamique()
#8 E:\wamp64\www\Deputation\system\CodeIgniter.php(502): CodeIgniter\CodeIgniter->runController(Object(App\Controllers\menuiserie\Article\ArticleCont))
#9 E:\wamp64\www\Deputation\system\CodeIgniter.php(361): CodeIgniter\CodeIgniter->handleRequest(NULL, Object(Config\Cache), false)
#10 E:\wamp64\www\Deputation\index.php(79): CodeIgniter\CodeIgniter->run()
#11 {main}
ERROR - 2024-04-30 13:13:28 --> mysqli_sql_exception: La table 'mifidy.type_vitre' n'existe pas in E:\wamp64\www\Deputation\system\Database\MySQLi\Connection.php:306
Stack trace:
#0 E:\wamp64\www\Deputation\system\Database\MySQLi\Connection.php(306): mysqli->query('SELECT *\nFROM `...', 0)
#1 E:\wamp64\www\Deputation\system\Database\BaseConnection.php(693): CodeIgniter\Database\MySQLi\Connection->execute('SELECT *\nFROM `...')
#2 E:\wamp64\www\Deputation\system\Database\BaseConnection.php(607): CodeIgniter\Database\BaseConnection->simpleQuery('SELECT *\nFROM `...')
#3 E:\wamp64\www\Deputation\system\Database\BaseBuilder.php(1615): CodeIgniter\Database\BaseConnection->query('SELECT *\nFROM `...', Array, false)
#4 E:\wamp64\www\Deputation\system\Model.php(237): CodeIgniter\Database\BaseBuilder->get()
#5 E:\wamp64\www\Deputation\system\BaseModel.php(624): CodeIgniter\Model->doFindAll(0, 0)
#6 E:\wamp64\www\Deputation\app\Controllers\menuiserie\article\ArticleCont.php(60): CodeIgniter\BaseModel->findAll()
#7 E:\wamp64\www\Deputation\system\CodeIgniter.php(942): App\Controllers\menuiserie\Article\ArticleCont->generation_vitre_dynamique()
#8 E:\wamp64\www\Deputation\system\CodeIgniter.php(502): CodeIgniter\CodeIgniter->runController(Object(App\Controllers\menuiserie\Article\ArticleCont))
#9 E:\wamp64\www\Deputation\system\CodeIgniter.php(361): CodeIgniter\CodeIgniter->handleRequest(NULL, Object(Config\Cache), false)
#10 E:\wamp64\www\Deputation\index.php(79): CodeIgniter\CodeIgniter->run()
#11 {main}
ERROR - 2024-04-30 13:13:28 --> mysqli_sql_exception: La table 'mifidy.type_profil' n'existe pas in E:\wamp64\www\Deputation\system\Database\MySQLi\Connection.php:306
Stack trace:
#0 E:\wamp64\www\Deputation\system\Database\MySQLi\Connection.php(306): mysqli->query('SELECT *\nFROM `...', 0)
#1 E:\wamp64\www\Deputation\system\Database\BaseConnection.php(693): CodeIgniter\Database\MySQLi\Connection->execute('SELECT *\nFROM `...')
#2 E:\wamp64\www\Deputation\system\Database\BaseConnection.php(607): CodeIgniter\Database\BaseConnection->simpleQuery('SELECT *\nFROM `...')
#3 E:\wamp64\www\Deputation\system\Database\BaseBuilder.php(1615): CodeIgniter\Database\BaseConnection->query('SELECT *\nFROM `...', Array, false)
#4 E:\wamp64\www\Deputation\system\Model.php(237): CodeIgniter\Database\BaseBuilder->get()
#5 E:\wamp64\www\Deputation\system\BaseModel.php(624): CodeIgniter\Model->doFindAll(0, 0)
#6 E:\wamp64\www\Deputation\app\Controllers\menuiserie\article\ArticleCont.php(349): CodeIgniter\BaseModel->findAll()
#7 E:\wamp64\www\Deputation\system\CodeIgniter.php(942): App\Controllers\menuiserie\Article\ArticleCont->listes_article()
#8 E:\wamp64\www\Deputation\system\CodeIgniter.php(502): CodeIgniter\CodeIgniter->runController(Object(App\Controllers\menuiserie\Article\ArticleCont))
#9 E:\wamp64\www\Deputation\system\CodeIgniter.php(361): CodeIgniter\CodeIgniter->handleRequest(NULL, Object(Config\Cache), false)
#10 E:\wamp64\www\Deputation\index.php(79): CodeIgniter\CodeIgniter->run()
#11 {main}
ERROR - 2024-04-30 13:13:28 --> mysqli_sql_exception: La table 'mifidy.categorie' n'existe pas in E:\wamp64\www\Deputation\system\Database\MySQLi\Connection.php:306
Stack trace:
#0 E:\wamp64\www\Deputation\system\Database\MySQLi\Connection.php(306): mysqli->query('SELECT *\nFROM `...', 0)
#1 E:\wamp64\www\Deputation\system\Database\BaseConnection.php(693): CodeIgniter\Database\MySQLi\Connection->execute('SELECT *\nFROM `...')
#2 E:\wamp64\www\Deputation\system\Database\BaseConnection.php(607): CodeIgniter\Database\BaseConnection->simpleQuery('SELECT *\nFROM `...')
#3 E:\wamp64\www\Deputation\system\Database\BaseBuilder.php(1615): CodeIgniter\Database\BaseConnection->query('SELECT *\nFROM `...', Array, false)
#4 E:\wamp64\www\Deputation\system\Model.php(237): CodeIgniter\Database\BaseBuilder->get()
#5 E:\wamp64\www\Deputation\system\BaseModel.php(624): CodeIgniter\Model->doFindAll(0, 0)
#6 E:\wamp64\www\Deputation\app\Controllers\menuiserie\article\ArticleCont.php(147): CodeIgniter\BaseModel->findAll()
#7 E:\wamp64\www\Deputation\system\CodeIgniter.php(942): App\Controllers\menuiserie\Article\ArticleCont->generation_categorie_dynamique()
#8 E:\wamp64\www\Deputation\system\CodeIgniter.php(502): CodeIgniter\CodeIgniter->runController(Object(App\Controllers\menuiserie\Article\ArticleCont))
#9 E:\wamp64\www\Deputation\system\CodeIgniter.php(361): CodeIgniter\CodeIgniter->handleRequest(NULL, Object(Config\Cache), false)
#10 E:\wamp64\www\Deputation\index.php(79): CodeIgniter\CodeIgniter->run()
#11 {main}
ERROR - 2024-04-30 13:15:10 --> mysqli_sql_exception: La table 'mifidy.devis' n'existe pas in E:\wamp64\www\Deputation\system\Database\MySQLi\Connection.php:306
Stack trace:
#0 E:\wamp64\www\Deputation\system\Database\MySQLi\Connection.php(306): mysqli->query('SELECT *\nFROM `...', 0)
#1 E:\wamp64\www\Deputation\system\Database\BaseConnection.php(693): CodeIgniter\Database\MySQLi\Connection->execute('SELECT *\nFROM `...')
#2 E:\wamp64\www\Deputation\system\Database\BaseConnection.php(607): CodeIgniter\Database\BaseConnection->simpleQuery('SELECT *\nFROM `...')
#3 E:\wamp64\www\Deputation\system\Database\BaseBuilder.php(1615): CodeIgniter\Database\BaseConnection->query('SELECT *\nFROM `...', Array, false)
#4 E:\wamp64\www\Deputation\system\Model.php(237): CodeIgniter\Database\BaseBuilder->get()
#5 E:\wamp64\www\Deputation\system\BaseModel.php(624): CodeIgniter\Model->doFindAll(0, 0)
#6 E:\wamp64\www\Deputation\app\Controllers\dashboard\DashboardCont.php(440): CodeIgniter\BaseModel->findAll()
#7 E:\wamp64\www\Deputation\system\CodeIgniter.php(942): App\Controllers\dashboard\DashboardCont->afficher_chalenge()
#8 E:\wamp64\www\Deputation\system\CodeIgniter.php(502): CodeIgniter\CodeIgniter->runController(Object(App\Controllers\dashboard\DashboardCont))
#9 E:\wamp64\www\Deputation\system\CodeIgniter.php(361): CodeIgniter\CodeIgniter->handleRequest(NULL, Object(Config\Cache), false)
#10 E:\wamp64\www\Deputation\index.php(79): CodeIgniter\CodeIgniter->run()
#11 {main}
ERROR - 2024-04-30 13:15:10 --> mysqli_sql_exception: La table 'mifidy.facture' n'existe pas in E:\wamp64\www\Deputation\system\Database\MySQLi\Connection.php:306
Stack trace:
#0 E:\wamp64\www\Deputation\system\Database\MySQLi\Connection.php(306): mysqli->query('SELECT SUM(somm...', 0)
#1 E:\wamp64\www\Deputation\system\Database\BaseConnection.php(693): CodeIgniter\Database\MySQLi\Connection->execute('SELECT SUM(somm...')
#2 E:\wamp64\www\Deputation\system\Database\BaseConnection.php(607): CodeIgniter\Database\BaseConnection->simpleQuery('SELECT SUM(somm...')
#3 E:\wamp64\www\Deputation\system\Database\BaseBuilder.php(1615): CodeIgniter\Database\BaseConnection->query('SELECT SUM(somm...', Array, false)
#4 E:\wamp64\www\Deputation\system\Model.php(871): CodeIgniter\Database\BaseBuilder->get()
#5 E:\wamp64\www\Deputation\app\Controllers\dashboard\DashboardCont.php(49): CodeIgniter\Model->__call('get', Array)
#6 E:\wamp64\www\Deputation\app\Controllers\dashboard\DashboardCont.php(235): App\Controllers\dashboard\DashboardCont->getLabelsAndDataByGranularity('', '', 'Jour')
#7 E:\wamp64\www\Deputation\system\CodeIgniter.php(942): App\Controllers\dashboard\DashboardCont->afficher_dashboard()
#8 E:\wamp64\www\Deputation\system\CodeIgniter.php(502): CodeIgniter\CodeIgniter->runController(Object(App\Controllers\dashboard\DashboardCont))
#9 E:\wamp64\www\Deputation\system\CodeIgniter.php(361): CodeIgniter\CodeIgniter->handleRequest(NULL, Object(Config\Cache), false)
#10 E:\wamp64\www\Deputation\index.php(79): CodeIgniter\CodeIgniter->run()
#11 {main}
ERROR - 2024-04-30 13:15:10 --> mysqli_sql_exception: La table 'mifidy.facture' n'existe pas in E:\wamp64\www\Deputation\system\Database\MySQLi\Connection.php:306
Stack trace:
#0 E:\wamp64\www\Deputation\system\Database\MySQLi\Connection.php(306): mysqli->query('SELECT SUM(somm...', 0)
#1 E:\wamp64\www\Deputation\system\Database\BaseConnection.php(693): CodeIgniter\Database\MySQLi\Connection->execute('SELECT SUM(somm...')
#2 E:\wamp64\www\Deputation\system\Database\BaseConnection.php(607): CodeIgniter\Database\BaseConnection->simpleQuery('SELECT SUM(somm...')
#3 E:\wamp64\www\Deputation\system\Database\BaseBuilder.php(1615): CodeIgniter\Database\BaseConnection->query('SELECT SUM(somm...', Array, false)
#4 E:\wamp64\www\Deputation\system\Model.php(237): CodeIgniter\Database\BaseBuilder->get()
#5 E:\wamp64\www\Deputation\system\BaseModel.php(624): CodeIgniter\Model->doFindAll(0, 0)
#6 E:\wamp64\www\Deputation\app\Controllers\dashboard\DashboardCont.php(256): CodeIgniter\BaseModel->findAll()
#7 E:\wamp64\www\Deputation\system\CodeIgniter.php(942): App\Controllers\dashboard\DashboardCont->afficher_dashboard()
#8 E:\wamp64\www\Deputation\system\CodeIgniter.php(502): CodeIgniter\CodeIgniter->runController(Object(App\Controllers\dashboard\DashboardCont))
#9 E:\wamp64\www\Deputation\system\CodeIgniter.php(361): CodeIgniter\CodeIgniter->handleRequest(NULL, Object(Config\Cache), false)
#10 E:\wamp64\www\Deputation\index.php(79): CodeIgniter\CodeIgniter->run()
#11 {main}
ERROR - 2024-04-30 13:15:14 --> mysqli_sql_exception: La table 'mifidy.categorie' n'existe pas in E:\wamp64\www\Deputation\system\Database\MySQLi\Connection.php:306
Stack trace:
#0 E:\wamp64\www\Deputation\system\Database\MySQLi\Connection.php(306): mysqli->query('SELECT *\nFROM `...', 0)
#1 E:\wamp64\www\Deputation\system\Database\BaseConnection.php(693): CodeIgniter\Database\MySQLi\Connection->execute('SELECT *\nFROM `...')
#2 E:\wamp64\www\Deputation\system\Database\BaseConnection.php(607): CodeIgniter\Database\BaseConnection->simpleQuery('SELECT *\nFROM `...')
#3 E:\wamp64\www\Deputation\system\Database\BaseBuilder.php(1615): CodeIgniter\Database\BaseConnection->query('SELECT *\nFROM `...', Array, false)
#4 E:\wamp64\www\Deputation\system\Model.php(237): CodeIgniter\Database\BaseBuilder->get()
#5 E:\wamp64\www\Deputation\system\BaseModel.php(624): CodeIgniter\Model->doFindAll(0, 0)
#6 E:\wamp64\www\Deputation\app\Controllers\menuiserie\article\ArticleCont.php(147): CodeIgniter\BaseModel->findAll()
#7 E:\wamp64\www\Deputation\system\CodeIgniter.php(942): App\Controllers\menuiserie\Article\ArticleCont->generation_categorie_dynamique()
#8 E:\wamp64\www\Deputation\system\CodeIgniter.php(502): CodeIgniter\CodeIgniter->runController(Object(App\Controllers\menuiserie\Article\ArticleCont))
#9 E:\wamp64\www\Deputation\system\CodeIgniter.php(361): CodeIgniter\CodeIgniter->handleRequest(NULL, Object(Config\Cache), false)
#10 E:\wamp64\www\Deputation\index.php(79): CodeIgniter\CodeIgniter->run()
#11 {main}
ERROR - 2024-04-30 13:15:14 --> mysqli_sql_exception: La table 'mifidy.type_vitre' n'existe pas in E:\wamp64\www\Deputation\system\Database\MySQLi\Connection.php:306
Stack trace:
#0 E:\wamp64\www\Deputation\system\Database\MySQLi\Connection.php(306): mysqli->query('SELECT *\nFROM `...', 0)
#1 E:\wamp64\www\Deputation\system\Database\BaseConnection.php(693): CodeIgniter\Database\MySQLi\Connection->execute('SELECT *\nFROM `...')
#2 E:\wamp64\www\Deputation\system\Database\BaseConnection.php(607): CodeIgniter\Database\BaseConnection->simpleQuery('SELECT *\nFROM `...')
#3 E:\wamp64\www\Deputation\system\Database\BaseBuilder.php(1615): CodeIgniter\Database\BaseConnection->query('SELECT *\nFROM `...', Array, false)
#4 E:\wamp64\www\Deputation\system\Model.php(237): CodeIgniter\Database\BaseBuilder->get()
#5 E:\wamp64\www\Deputation\system\BaseModel.php(624): CodeIgniter\Model->doFindAll(0, 0)
#6 E:\wamp64\www\Deputation\app\Controllers\menuiserie\article\ArticleCont.php(60): CodeIgniter\BaseModel->findAll()
#7 E:\wamp64\www\Deputation\system\CodeIgniter.php(942): App\Controllers\menuiserie\Article\ArticleCont->generation_vitre_dynamique()
#8 E:\wamp64\www\Deputation\system\CodeIgniter.php(502): CodeIgniter\CodeIgniter->runController(Object(App\Controllers\menuiserie\Article\ArticleCont))
#9 E:\wamp64\www\Deputation\system\CodeIgniter.php(361): CodeIgniter\CodeIgniter->handleRequest(NULL, Object(Config\Cache), false)
#10 E:\wamp64\www\Deputation\index.php(79): CodeIgniter\CodeIgniter->run()
#11 {main}
ERROR - 2024-04-30 13:15:14 --> mysqli_sql_exception: La table 'mifidy.ouvrage' n'existe pas in E:\wamp64\www\Deputation\system\Database\MySQLi\Connection.php:306
Stack trace:
#0 E:\wamp64\www\Deputation\system\Database\MySQLi\Connection.php(306): mysqli->query('SELECT *\nFROM `...', 0)
#1 E:\wamp64\www\Deputation\system\Database\BaseConnection.php(693): CodeIgniter\Database\MySQLi\Connection->execute('SELECT *\nFROM `...')
#2 E:\wamp64\www\Deputation\system\Database\BaseConnection.php(607): CodeIgniter\Database\BaseConnection->simpleQuery('SELECT *\nFROM `...')
#3 E:\wamp64\www\Deputation\system\Database\BaseBuilder.php(1615): CodeIgniter\Database\BaseConnection->query('SELECT *\nFROM `...', Array, false)
#4 E:\wamp64\www\Deputation\system\Model.php(237): CodeIgniter\Database\BaseBuilder->get()
#5 E:\wamp64\www\Deputation\system\BaseModel.php(624): CodeIgniter\Model->doFindAll(0, 0)
#6 E:\wamp64\www\Deputation\app\Controllers\menuiserie\article\ArticleCont.php(127): CodeIgniter\BaseModel->findAll()
#7 E:\wamp64\www\Deputation\system\CodeIgniter.php(942): App\Controllers\menuiserie\Article\ArticleCont->generation_ouvrage_dynamique()
#8 E:\wamp64\www\Deputation\system\CodeIgniter.php(502): CodeIgniter\CodeIgniter->runController(Object(App\Controllers\menuiserie\Article\ArticleCont))
#9 E:\wamp64\www\Deputation\system\CodeIgniter.php(361): CodeIgniter\CodeIgniter->handleRequest(NULL, Object(Config\Cache), false)
#10 E:\wamp64\www\Deputation\index.php(79): CodeIgniter\CodeIgniter->run()
#11 {main}
ERROR - 2024-04-30 13:15:14 --> mysqli_sql_exception: La table 'mifidy.type_profil' n'existe pas in E:\wamp64\www\Deputation\system\Database\MySQLi\Connection.php:306
Stack trace:
#0 E:\wamp64\www\Deputation\system\Database\MySQLi\Connection.php(306): mysqli->query('SELECT *\nFROM `...', 0)
#1 E:\wamp64\www\Deputation\system\Database\BaseConnection.php(693): CodeIgniter\Database\MySQLi\Connection->execute('SELECT *\nFROM `...')
#2 E:\wamp64\www\Deputation\system\Database\BaseConnection.php(607): CodeIgniter\Database\BaseConnection->simpleQuery('SELECT *\nFROM `...')
#3 E:\wamp64\www\Deputation\system\Database\BaseBuilder.php(1615): CodeIgniter\Database\BaseConnection->query('SELECT *\nFROM `...', Array, false)
#4 E:\wamp64\www\Deputation\system\Model.php(237): CodeIgniter\Database\BaseBuilder->get()
#5 E:\wamp64\www\Deputation\system\BaseModel.php(624): CodeIgniter\Model->doFindAll(0, 0)
#6 E:\wamp64\www\Deputation\app\Controllers\menuiserie\article\ArticleCont.php(35): CodeIgniter\BaseModel->findAll()
#7 E:\wamp64\www\Deputation\system\CodeIgniter.php(942): App\Controllers\menuiserie\Article\ArticleCont->generation_type_dynamique()
#8 E:\wamp64\www\Deputation\system\CodeIgniter.php(502): CodeIgniter\CodeIgniter->runController(Object(App\Controllers\menuiserie\Article\ArticleCont))
#9 E:\wamp64\www\Deputation\system\CodeIgniter.php(361): CodeIgniter\CodeIgniter->handleRequest(NULL, Object(Config\Cache), false)
#10 E:\wamp64\www\Deputation\index.php(79): CodeIgniter\CodeIgniter->run()
#11 {main}
ERROR - 2024-04-30 13:15:14 --> mysqli_sql_exception: La table 'mifidy.type_profil' n'existe pas in E:\wamp64\www\Deputation\system\Database\MySQLi\Connection.php:306
Stack trace:
#0 E:\wamp64\www\Deputation\system\Database\MySQLi\Connection.php(306): mysqli->query('SELECT *\nFROM `...', 0)
#1 E:\wamp64\www\Deputation\system\Database\BaseConnection.php(693): CodeIgniter\Database\MySQLi\Connection->execute('SELECT *\nFROM `...')
#2 E:\wamp64\www\Deputation\system\Database\BaseConnection.php(607): CodeIgniter\Database\BaseConnection->simpleQuery('SELECT *\nFROM `...')
#3 E:\wamp64\www\Deputation\system\Database\BaseBuilder.php(1615): CodeIgniter\Database\BaseConnection->query('SELECT *\nFROM `...', Array, false)
#4 E:\wamp64\www\Deputation\system\Model.php(237): CodeIgniter\Database\BaseBuilder->get()
#5 E:\wamp64\www\Deputation\system\BaseModel.php(624): CodeIgniter\Model->doFindAll(0, 0)
#6 E:\wamp64\www\Deputation\app\Controllers\menuiserie\article\ArticleCont.php(349): CodeIgniter\BaseModel->findAll()
#7 E:\wamp64\www\Deputation\system\CodeIgniter.php(942): App\Controllers\menuiserie\Article\ArticleCont->listes_article()
#8 E:\wamp64\www\Deputation\system\CodeIgniter.php(502): CodeIgniter\CodeIgniter->runController(Object(App\Controllers\menuiserie\Article\ArticleCont))
#9 E:\wamp64\www\Deputation\system\CodeIgniter.php(361): CodeIgniter\CodeIgniter->handleRequest(NULL, Object(Config\Cache), false)
#10 E:\wamp64\www\Deputation\index.php(79): CodeIgniter\CodeIgniter->run()
#11 {main}
ERROR - 2024-04-30 13:28:40 --> mysqli_sql_exception: La table 'mifidy.devis' n'existe pas in E:\wamp64\www\Deputation\system\Database\MySQLi\Connection.php:306
Stack trace:
#0 E:\wamp64\www\Deputation\system\Database\MySQLi\Connection.php(306): mysqli->query('SELECT *\nFROM `...', 0)
#1 E:\wamp64\www\Deputation\system\Database\BaseConnection.php(693): CodeIgniter\Database\MySQLi\Connection->execute('SELECT *\nFROM `...')
#2 E:\wamp64\www\Deputation\system\Database\BaseConnection.php(607): CodeIgniter\Database\BaseConnection->simpleQuery('SELECT *\nFROM `...')
#3 E:\wamp64\www\Deputation\system\Database\BaseBuilder.php(1615): CodeIgniter\Database\BaseConnection->query('SELECT *\nFROM `...', Array, false)
#4 E:\wamp64\www\Deputation\system\Model.php(237): CodeIgniter\Database\BaseBuilder->get()
#5 E:\wamp64\www\Deputation\system\BaseModel.php(624): CodeIgniter\Model->doFindAll(0, 0)
#6 E:\wamp64\www\Deputation\app\Controllers\dashboard\DashboardCont.php(440): CodeIgniter\BaseModel->findAll()
#7 E:\wamp64\www\Deputation\system\CodeIgniter.php(942): App\Controllers\dashboard\DashboardCont->afficher_chalenge()
#8 E:\wamp64\www\Deputation\system\CodeIgniter.php(502): CodeIgniter\CodeIgniter->runController(Object(App\Controllers\dashboard\DashboardCont))
#9 E:\wamp64\www\Deputation\system\CodeIgniter.php(361): CodeIgniter\CodeIgniter->handleRequest(NULL, Object(Config\Cache), false)
#10 E:\wamp64\www\Deputation\index.php(79): CodeIgniter\CodeIgniter->run()
#11 {main}
ERROR - 2024-04-30 13:28:40 --> mysqli_sql_exception: La table 'mifidy.facture' n'existe pas in E:\wamp64\www\Deputation\system\Database\MySQLi\Connection.php:306
Stack trace:
#0 E:\wamp64\www\Deputation\system\Database\MySQLi\Connection.php(306): mysqli->query('SELECT SUM(somm...', 0)
#1 E:\wamp64\www\Deputation\system\Database\BaseConnection.php(693): CodeIgniter\Database\MySQLi\Connection->execute('SELECT SUM(somm...')
#2 E:\wamp64\www\Deputation\system\Database\BaseConnection.php(607): CodeIgniter\Database\BaseConnection->simpleQuery('SELECT SUM(somm...')
#3 E:\wamp64\www\Deputation\system\Database\BaseBuilder.php(1615): CodeIgniter\Database\BaseConnection->query('SELECT SUM(somm...', Array, false)
#4 E:\wamp64\www\Deputation\system\Model.php(871): CodeIgniter\Database\BaseBuilder->get()
#5 E:\wamp64\www\Deputation\app\Controllers\dashboard\DashboardCont.php(49): CodeIgniter\Model->__call('get', Array)
#6 E:\wamp64\www\Deputation\app\Controllers\dashboard\DashboardCont.php(235): App\Controllers\dashboard\DashboardCont->getLabelsAndDataByGranularity('2024-03-31', '2024-04-30', 'Jour')
#7 E:\wamp64\www\Deputation\system\CodeIgniter.php(942): App\Controllers\dashboard\DashboardCont->afficher_dashboard()
#8 E:\wamp64\www\Deputation\system\CodeIgniter.php(502): CodeIgniter\CodeIgniter->runController(Object(App\Controllers\dashboard\DashboardCont))
#9 E:\wamp64\www\Deputation\system\CodeIgniter.php(361): CodeIgniter\CodeIgniter->handleRequest(NULL, Object(Config\Cache), false)
#10 E:\wamp64\www\Deputation\index.php(79): CodeIgniter\CodeIgniter->run()
#11 {main}
ERROR - 2024-04-30 13:28:40 --> mysqli_sql_exception: La table 'mifidy.facture' n'existe pas in E:\wamp64\www\Deputation\system\Database\MySQLi\Connection.php:306
Stack trace:
#0 E:\wamp64\www\Deputation\system\Database\MySQLi\Connection.php(306): mysqli->query('SELECT SUM(somm...', 0)
#1 E:\wamp64\www\Deputation\system\Database\BaseConnection.php(693): CodeIgniter\Database\MySQLi\Connection->execute('SELECT SUM(somm...')
#2 E:\wamp64\www\Deputation\system\Database\BaseConnection.php(607): CodeIgniter\Database\BaseConnection->simpleQuery('SELECT SUM(somm...')
#3 E:\wamp64\www\Deputation\system\Database\BaseBuilder.php(1615): CodeIgniter\Database\BaseConnection->query('SELECT SUM(somm...', Array, false)
#4 E:\wamp64\www\Deputation\system\Model.php(237): CodeIgniter\Database\BaseBuilder->get()
#5 E:\wamp64\www\Deputation\system\BaseModel.php(624): CodeIgniter\Model->doFindAll(0, 0)
#6 E:\wamp64\www\Deputation\app\Controllers\dashboard\DashboardCont.php(256): CodeIgniter\BaseModel->findAll()
#7 E:\wamp64\www\Deputation\system\CodeIgniter.php(942): App\Controllers\dashboard\DashboardCont->afficher_dashboard()
#8 E:\wamp64\www\Deputation\system\CodeIgniter.php(502): CodeIgniter\CodeIgniter->runController(Object(App\Controllers\dashboard\DashboardCont))
#9 E:\wamp64\www\Deputation\system\CodeIgniter.php(361): CodeIgniter\CodeIgniter->handleRequest(NULL, Object(Config\Cache), false)
#10 E:\wamp64\www\Deputation\index.php(79): CodeIgniter\CodeIgniter->run()
#11 {main}
ERROR - 2024-04-30 15:15:10 --> mysqli_sql_exception: Champ 'delegues.etat' inconnu dans where clause in E:\wamp64\www\Deputation\system\Database\MySQLi\Connection.php:306
Stack trace:
#0 E:\wamp64\www\Deputation\system\Database\MySQLi\Connection.php(306): mysqli->query('SELECT `resulta...', 0)
#1 E:\wamp64\www\Deputation\system\Database\BaseConnection.php(693): CodeIgniter\Database\MySQLi\Connection->execute('SELECT `resulta...')
#2 E:\wamp64\www\Deputation\system\Database\BaseConnection.php(607): CodeIgniter\Database\BaseConnection->simpleQuery('SELECT `resulta...')
#3 E:\wamp64\www\Deputation\system\Database\BaseBuilder.php(1615): CodeIgniter\Database\BaseConnection->query('SELECT `resulta...', Array, false)
#4 E:\wamp64\www\Deputation\system\Model.php(237): CodeIgniter\Database\BaseBuilder->get()
#5 E:\wamp64\www\Deputation\system\BaseModel.php(624): CodeIgniter\Model->doFindAll(0, 0)
#6 E:\wamp64\www\Deputation\app\Controllers\resultat\ResultatCont.php(94): CodeIgniter\BaseModel->findAll()
#7 E:\wamp64\www\Deputation\system\CodeIgniter.php(942): App\Controllers\resultat\ResultatCont->listeResultat()
#8 E:\wamp64\www\Deputation\system\CodeIgniter.php(502): CodeIgniter\CodeIgniter->runController(Object(App\Controllers\resultat\ResultatCont))
#9 E:\wamp64\www\Deputation\system\CodeIgniter.php(361): CodeIgniter\CodeIgniter->handleRequest(NULL, Object(Config\Cache), false)
#10 E:\wamp64\www\Deputation\index.php(79): CodeIgniter\CodeIgniter->run()
#11 {main}
ERROR - 2024-04-30 15:56:51 --> mysqli_sql_exception: La table 'mifidy.devis' n'existe pas in E:\wamp64\www\Deputation\system\Database\MySQLi\Connection.php:306
Stack trace:
#0 E:\wamp64\www\Deputation\system\Database\MySQLi\Connection.php(306): mysqli->query('SELECT *\nFROM `...', 0)
#1 E:\wamp64\www\Deputation\system\Database\BaseConnection.php(693): CodeIgniter\Database\MySQLi\Connection->execute('SELECT *\nFROM `...')
#2 E:\wamp64\www\Deputation\system\Database\BaseConnection.php(607): CodeIgniter\Database\BaseConnection->simpleQuery('SELECT *\nFROM `...')
#3 E:\wamp64\www\Deputation\system\Database\BaseBuilder.php(1615): CodeIgniter\Database\BaseConnection->query('SELECT *\nFROM `...', Array, false)
#4 E:\wamp64\www\Deputation\system\Model.php(237): CodeIgniter\Database\BaseBuilder->get()
#5 E:\wamp64\www\Deputation\system\BaseModel.php(624): CodeIgniter\Model->doFindAll(0, 0)
#6 E:\wamp64\www\Deputation\app\Controllers\dashboard\DashboardCont.php(440): CodeIgniter\BaseModel->findAll()
#7 E:\wamp64\www\Deputation\system\CodeIgniter.php(942): App\Controllers\dashboard\DashboardCont->afficher_chalenge()
#8 E:\wamp64\www\Deputation\system\CodeIgniter.php(502): CodeIgniter\CodeIgniter->runController(Object(App\Controllers\dashboard\DashboardCont))
#9 E:\wamp64\www\Deputation\system\CodeIgniter.php(361): CodeIgniter\CodeIgniter->handleRequest(NULL, Object(Config\Cache), false)
#10 E:\wamp64\www\Deputation\index.php(79): CodeIgniter\CodeIgniter->run()
#11 {main}
ERROR - 2024-04-30 15:56:51 --> mysqli_sql_exception: La table 'mifidy.facture' n'existe pas in E:\wamp64\www\Deputation\system\Database\MySQLi\Connection.php:306
Stack trace:
#0 E:\wamp64\www\Deputation\system\Database\MySQLi\Connection.php(306): mysqli->query('SELECT SUM(somm...', 0)
#1 E:\wamp64\www\Deputation\system\Database\BaseConnection.php(693): CodeIgniter\Database\MySQLi\Connection->execute('SELECT SUM(somm...')
#2 E:\wamp64\www\Deputation\system\Database\BaseConnection.php(607): CodeIgniter\Database\BaseConnection->simpleQuery('SELECT SUM(somm...')
#3 E:\wamp64\www\Deputation\system\Database\BaseBuilder.php(1615): CodeIgniter\Database\BaseConnection->query('SELECT SUM(somm...', Array, false)
#4 E:\wamp64\www\Deputation\system\Model.php(871): CodeIgniter\Database\BaseBuilder->get()
#5 E:\wamp64\www\Deputation\app\Controllers\dashboard\DashboardCont.php(49): CodeIgniter\Model->__call('get', Array)
#6 E:\wamp64\www\Deputation\app\Controllers\dashboard\DashboardCont.php(235): App\Controllers\dashboard\DashboardCont->getLabelsAndDataByGranularity('2024-03-31', '2024-04-30', 'Jour')
#7 E:\wamp64\www\Deputation\system\CodeIgniter.php(942): App\Controllers\dashboard\DashboardCont->afficher_dashboard()
#8 E:\wamp64\www\Deputation\system\CodeIgniter.php(502): CodeIgniter\CodeIgniter->runController(Object(App\Controllers\dashboard\DashboardCont))
#9 E:\wamp64\www\Deputation\system\CodeIgniter.php(361): CodeIgniter\CodeIgniter->handleRequest(NULL, Object(Config\Cache), false)
#10 E:\wamp64\www\Deputation\index.php(79): CodeIgniter\CodeIgniter->run()
#11 {main}
ERROR - 2024-04-30 15:56:51 --> mysqli_sql_exception: La table 'mifidy.facture' n'existe pas in E:\wamp64\www\Deputation\system\Database\MySQLi\Connection.php:306
Stack trace:
#0 E:\wamp64\www\Deputation\system\Database\MySQLi\Connection.php(306): mysqli->query('SELECT SUM(somm...', 0)
#1 E:\wamp64\www\Deputation\system\Database\BaseConnection.php(693): CodeIgniter\Database\MySQLi\Connection->execute('SELECT SUM(somm...')
#2 E:\wamp64\www\Deputation\system\Database\BaseConnection.php(607): CodeIgniter\Database\BaseConnection->simpleQuery('SELECT SUM(somm...')
#3 E:\wamp64\www\Deputation\system\Database\BaseBuilder.php(1615): CodeIgniter\Database\BaseConnection->query('SELECT SUM(somm...', Array, false)
#4 E:\wamp64\www\Deputation\system\Model.php(237): CodeIgniter\Database\BaseBuilder->get()
#5 E:\wamp64\www\Deputation\system\BaseModel.php(624): CodeIgniter\Model->doFindAll(0, 0)
#6 E:\wamp64\www\Deputation\app\Controllers\dashboard\DashboardCont.php(256): CodeIgniter\BaseModel->findAll()
#7 E:\wamp64\www\Deputation\system\CodeIgniter.php(942): App\Controllers\dashboard\DashboardCont->afficher_dashboard()
#8 E:\wamp64\www\Deputation\system\CodeIgniter.php(502): CodeIgniter\CodeIgniter->runController(Object(App\Controllers\dashboard\DashboardCont))
#9 E:\wamp64\www\Deputation\system\CodeIgniter.php(361): CodeIgniter\CodeIgniter->handleRequest(NULL, Object(Config\Cache), false)
#10 E:\wamp64\www\Deputation\index.php(79): CodeIgniter\CodeIgniter->run()
#11 {main}
ERROR - 2024-04-30 17:42:34 --> mysqli_sql_exception: La table 'mifidy.devis' n'existe pas in E:\wamp64\www\Deputation\system\Database\MySQLi\Connection.php:306
Stack trace:
#0 E:\wamp64\www\Deputation\system\Database\MySQLi\Connection.php(306): mysqli->query('SELECT *\nFROM `...', 0)
#1 E:\wamp64\www\Deputation\system\Database\BaseConnection.php(693): CodeIgniter\Database\MySQLi\Connection->execute('SELECT *\nFROM `...')
#2 E:\wamp64\www\Deputation\system\Database\BaseConnection.php(607): CodeIgniter\Database\BaseConnection->simpleQuery('SELECT *\nFROM `...')
#3 E:\wamp64\www\Deputation\system\Database\BaseBuilder.php(1615): CodeIgniter\Database\BaseConnection->query('SELECT *\nFROM `...', Array, false)
#4 E:\wamp64\www\Deputation\system\Model.php(237): CodeIgniter\Database\BaseBuilder->get()
#5 E:\wamp64\www\Deputation\system\BaseModel.php(624): CodeIgniter\Model->doFindAll(0, 0)
#6 E:\wamp64\www\Deputation\app\Controllers\dashboard\DashboardCont.php(440): CodeIgniter\BaseModel->findAll()
#7 E:\wamp64\www\Deputation\system\CodeIgniter.php(942): App\Controllers\dashboard\DashboardCont->afficher_chalenge()
#8 E:\wamp64\www\Deputation\system\CodeIgniter.php(502): CodeIgniter\CodeIgniter->runController(Object(App\Controllers\dashboard\DashboardCont))
#9 E:\wamp64\www\Deputation\system\CodeIgniter.php(361): CodeIgniter\CodeIgniter->handleRequest(NULL, Object(Config\Cache), false)
#10 E:\wamp64\www\Deputation\index.php(79): CodeIgniter\CodeIgniter->run()
#11 {main}
ERROR - 2024-04-30 17:42:35 --> mysqli_sql_exception: La table 'mifidy.facture' n'existe pas in E:\wamp64\www\Deputation\system\Database\MySQLi\Connection.php:306
Stack trace:
#0 E:\wamp64\www\Deputation\system\Database\MySQLi\Connection.php(306): mysqli->query('SELECT SUM(somm...', 0)
#1 E:\wamp64\www\Deputation\system\Database\BaseConnection.php(693): CodeIgniter\Database\MySQLi\Connection->execute('SELECT SUM(somm...')
#2 E:\wamp64\www\Deputation\system\Database\BaseConnection.php(607): CodeIgniter\Database\BaseConnection->simpleQuery('SELECT SUM(somm...')
#3 E:\wamp64\www\Deputation\system\Database\BaseBuilder.php(1615): CodeIgniter\Database\BaseConnection->query('SELECT SUM(somm...', Array, false)
#4 E:\wamp64\www\Deputation\system\Model.php(871): CodeIgniter\Database\BaseBuilder->get()
#5 E:\wamp64\www\Deputation\app\Controllers\dashboard\DashboardCont.php(49): CodeIgniter\Model->__call('get', Array)
#6 E:\wamp64\www\Deputation\app\Controllers\dashboard\DashboardCont.php(235): App\Controllers\dashboard\DashboardCont->getLabelsAndDataByGranularity('2024-03-31', '2024-04-30', 'Jour')
#7 E:\wamp64\www\Deputation\system\CodeIgniter.php(942): App\Controllers\dashboard\DashboardCont->afficher_dashboard()
#8 E:\wamp64\www\Deputation\system\CodeIgniter.php(502): CodeIgniter\CodeIgniter->runController(Object(App\Controllers\dashboard\DashboardCont))
#9 E:\wamp64\www\Deputation\system\CodeIgniter.php(361): CodeIgniter\CodeIgniter->handleRequest(NULL, Object(Config\Cache), false)
#10 E:\wamp64\www\Deputation\index.php(79): CodeIgniter\CodeIgniter->run()
#11 {main}
ERROR - 2024-04-30 17:42:35 --> mysqli_sql_exception: La table 'mifidy.facture' n'existe pas in E:\wamp64\www\Deputation\system\Database\MySQLi\Connection.php:306
Stack trace:
#0 E:\wamp64\www\Deputation\system\Database\MySQLi\Connection.php(306): mysqli->query('SELECT SUM(somm...', 0)
#1 E:\wamp64\www\Deputation\system\Database\BaseConnection.php(693): CodeIgniter\Database\MySQLi\Connection->execute('SELECT SUM(somm...')
#2 E:\wamp64\www\Deputation\system\Database\BaseConnection.php(607): CodeIgniter\Database\BaseConnection->simpleQuery('SELECT SUM(somm...')
#3 E:\wamp64\www\Deputation\system\Database\BaseBuilder.php(1615): CodeIgniter\Database\BaseConnection->query('SELECT SUM(somm...', Array, false)
#4 E:\wamp64\www\Deputation\system\Model.php(237): CodeIgniter\Database\BaseBuilder->get()
#5 E:\wamp64\www\Deputation\system\BaseModel.php(624): CodeIgniter\Model->doFindAll(0, 0)
#6 E:\wamp64\www\Deputation\app\Controllers\dashboard\DashboardCont.php(256): CodeIgniter\BaseModel->findAll()
#7 E:\wamp64\www\Deputation\system\CodeIgniter.php(942): App\Controllers\dashboard\DashboardCont->afficher_dashboard()
#8 E:\wamp64\www\Deputation\system\CodeIgniter.php(502): CodeIgniter\CodeIgniter->runController(Object(App\Controllers\dashboard\DashboardCont))
#9 E:\wamp64\www\Deputation\system\CodeIgniter.php(361): CodeIgniter\CodeIgniter->handleRequest(NULL, Object(Config\Cache), false)
#10 E:\wamp64\www\Deputation\index.php(79): CodeIgniter\CodeIgniter->run()
#11 {main}
ERROR - 2024-04-30 20:59:05 --> mysqli_sql_exception: Champ 'resultat.voix_mort' inconnu dans field list in E:\wamp64\www\Deputation\system\Database\MySQLi\Connection.php:306
Stack trace:
#0 E:\wamp64\www\Deputation\system\Database\MySQLi\Connection.php(306): mysqli->query('SELECT `resulta...', 0)
#1 E:\wamp64\www\Deputation\system\Database\BaseConnection.php(693): CodeIgniter\Database\MySQLi\Connection->execute('SELECT `resulta...')
#2 E:\wamp64\www\Deputation\system\Database\BaseConnection.php(607): CodeIgniter\Database\BaseConnection->simpleQuery('SELECT `resulta...')
#3 E:\wamp64\www\Deputation\system\Database\BaseBuilder.php(1615): CodeIgniter\Database\BaseConnection->query('SELECT `resulta...', Array, false)
#4 E:\wamp64\www\Deputation\system\Model.php(237): CodeIgniter\Database\BaseBuilder->get()
#5 E:\wamp64\www\Deputation\system\BaseModel.php(624): CodeIgniter\Model->doFindAll(0, 0)
#6 E:\wamp64\www\Deputation\app\Controllers\resultat\ResultatCont.php(96): CodeIgniter\BaseModel->findAll()
#7 E:\wamp64\www\Deputation\system\CodeIgniter.php(942): App\Controllers\resultat\ResultatCont->listeResultat()
#8 E:\wamp64\www\Deputation\system\CodeIgniter.php(502): CodeIgniter\CodeIgniter->runController(Object(App\Controllers\resultat\ResultatCont))
#9 E:\wamp64\www\Deputation\system\CodeIgniter.php(361): CodeIgniter\CodeIgniter->handleRequest(NULL, Object(Config\Cache), false)
#10 E:\wamp64\www\Deputation\index.php(79): CodeIgniter\CodeIgniter->run()
#11 {main}
ERROR - 2024-04-30 20:59:49 --> mysqli_sql_exception: Champ 'resultat.voix_mort' inconnu dans field list in E:\wamp64\www\Deputation\system\Database\MySQLi\Connection.php:306
Stack trace:
#0 E:\wamp64\www\Deputation\system\Database\MySQLi\Connection.php(306): mysqli->query('SELECT `resulta...', 0)
#1 E:\wamp64\www\Deputation\system\Database\BaseConnection.php(693): CodeIgniter\Database\MySQLi\Connection->execute('SELECT `resulta...')
#2 E:\wamp64\www\Deputation\system\Database\BaseConnection.php(607): CodeIgniter\Database\BaseConnection->simpleQuery('SELECT `resulta...')
#3 E:\wamp64\www\Deputation\system\Database\BaseBuilder.php(1615): CodeIgniter\Database\BaseConnection->query('SELECT `resulta...', Array, false)
#4 E:\wamp64\www\Deputation\system\Model.php(237): CodeIgniter\Database\BaseBuilder->get()
#5 E:\wamp64\www\Deputation\system\BaseModel.php(624): CodeIgniter\Model->doFindAll(0, 0)
#6 E:\wamp64\www\Deputation\app\Controllers\resultat\ResultatCont.php(96): CodeIgniter\BaseModel->findAll()
#7 E:\wamp64\www\Deputation\system\CodeIgniter.php(942): App\Controllers\resultat\ResultatCont->listeResultat()
#8 E:\wamp64\www\Deputation\system\CodeIgniter.php(502): CodeIgniter\CodeIgniter->runController(Object(App\Controllers\resultat\ResultatCont))
#9 E:\wamp64\www\Deputation\system\CodeIgniter.php(361): CodeIgniter\CodeIgniter->handleRequest(NULL, Object(Config\Cache), false)
#10 E:\wamp64\www\Deputation\index.php(79): CodeIgniter\CodeIgniter->run()
#11 {main}
ERROR - 2024-04-30 21:04:03 --> mysqli_sql_exception: Champ 'resultat.voix_mort' inconnu dans field list in E:\wamp64\www\Deputation\system\Database\MySQLi\Connection.php:306
Stack trace:
#0 E:\wamp64\www\Deputation\system\Database\MySQLi\Connection.php(306): mysqli->query('SELECT `resulta...', 0)
#1 E:\wamp64\www\Deputation\system\Database\BaseConnection.php(693): CodeIgniter\Database\MySQLi\Connection->execute('SELECT `resulta...')
#2 E:\wamp64\www\Deputation\system\Database\BaseConnection.php(607): CodeIgniter\Database\BaseConnection->simpleQuery('SELECT `resulta...')
#3 E:\wamp64\www\Deputation\system\Database\BaseBuilder.php(1615): CodeIgniter\Database\BaseConnection->query('SELECT `resulta...', Array, false)
#4 E:\wamp64\www\Deputation\system\Model.php(237): CodeIgniter\Database\BaseBuilder->get()
#5 E:\wamp64\www\Deputation\system\BaseModel.php(624): CodeIgniter\Model->doFindAll(0, 0)
#6 E:\wamp64\www\Deputation\app\Controllers\resultat\ResultatCont.php(96): CodeIgniter\BaseModel->findAll()
#7 E:\wamp64\www\Deputation\system\CodeIgniter.php(942): App\Controllers\resultat\ResultatCont->listeResultat()
#8 E:\wamp64\www\Deputation\system\CodeIgniter.php(502): CodeIgniter\CodeIgniter->runController(Object(App\Controllers\resultat\ResultatCont))
#9 E:\wamp64\www\Deputation\system\CodeIgniter.php(361): CodeIgniter\CodeIgniter->handleRequest(NULL, Object(Config\Cache), false)
#10 E:\wamp64\www\Deputation\index.php(79): CodeIgniter\CodeIgniter->run()
#11 {main}
