CRITICAL - 2024-08-15 14:42:32 --> filesize(): stat failed for E:\Wamp64\www\Assurance\writable\session/ci_sessionkr6rie888limgv8om516etl958jtofl8
in SYSTEMPATH\Session\Handlers\FileHandler.php on line 160.
 1 [internal function]: CodeIgniter\Debug\Exceptions->errorHandler(2, 'filesize(): stat failed for E:\\Wamp64\\www\\Assurance\\writable\\session/ci_sessionkr6rie888limgv8om516etl958jtofl8', 'E:\\Wamp64\\www\\Assurance\\system\\Session\\Handlers\\FileHandler.php', 160)
 2 SYSTEMPATH\Session\Handlers\FileHandler.php(160): filesize('E:\\Wamp64\\www\\Assurance\\writable\\session/ci_sessionkr6rie888limgv8om516etl958jtofl8')
 3 [internal function]: CodeIgniter\Session\Handlers\FileHandler->read('kr6rie888limgv8om516etl958jtofl8')
 4 SYSTEMPATH\Session\Session.php(919): session_start()
 5 SYSTEMPATH\Session\Session.php(241): CodeIgniter\Session\Session->startSession()
 6 SYSTEMPATH\Config\Services.php(693): CodeIgniter\Session\Session->start()
 7 SYSTEMPATH\Config\BaseService.php(258): CodeIgniter\Config\Services::session(Object(Config\Session), false)
 8 SYSTEMPATH\Config\BaseService.php(199): CodeIgniter\Config\BaseService::__callStatic('session', [...])
 9 SYSTEMPATH\Config\Services.php(664): CodeIgniter\Config\BaseService::getSharedInstance('session', null)
10 SYSTEMPATH\Config\BaseService.php(258): CodeIgniter\Config\Services::session()
11 APPPATH\Controllers\BaseController.php(123): CodeIgniter\Config\BaseService::__callStatic('session', [])
12 SYSTEMPATH\CodeIgniter.php(915): App\Controllers\BaseController->initController(Object(CodeIgniter\HTTP\IncomingRequest), Object(CodeIgniter\HTTP\Response), Object(CodeIgniter\Log\Logger))
13 SYSTEMPATH\CodeIgniter.php(493): CodeIgniter\CodeIgniter->createController()
14 SYSTEMPATH\CodeIgniter.php(361): CodeIgniter\CodeIgniter->handleRequest(null, Object(Config\Cache), false)
15 FCPATH\index.php(79): CodeIgniter\CodeIgniter->run()
ERROR - 2024-08-15 14:43:31 --> Error connecting to the database: mysqli_sql_exception: Access denied for user 'root'@'localhost' (using password: NO) in E:\Wamp64\www\Assurance\system\Database\MySQLi\Connection.php:184
Stack trace:
#0 E:\Wamp64\www\Assurance\system\Database\MySQLi\Connection.php(184): mysqli->real_connect('localhost', 'root', Object(SensitiveParameterValue), 'assurance', 3306, '', 0)
#1 E:\Wamp64\www\Assurance\system\Database\BaseConnection.php(392): CodeIgniter\Database\MySQLi\Connection->connect(false)
#2 E:\Wamp64\www\Assurance\system\Database\BaseConnection.php(575): CodeIgniter\Database\BaseConnection->initialize()
#3 E:\Wamp64\www\Assurance\system\Database\BaseBuilder.php(1615): CodeIgniter\Database\BaseConnection->query('SELECT *\nFROM `...', Array, false)
#4 E:\Wamp64\www\Assurance\system\Model.php(237): CodeIgniter\Database\BaseBuilder->get()
#5 E:\Wamp64\www\Assurance\system\BaseModel.php(624): CodeIgniter\Model->doFindAll(0, 0)
#6 E:\Wamp64\www\Assurance\app\Controllers\examen\ExamenCont.php(86): CodeIgniter\BaseModel->findAll()
#7 E:\Wamp64\www\Assurance\system\CodeIgniter.php(942): App\Controllers\examen\ExamenCont->listes_examen()
#8 E:\Wamp64\www\Assurance\system\CodeIgniter.php(502): CodeIgniter\CodeIgniter->runController(Object(App\Controllers\examen\ExamenCont))
#9 E:\Wamp64\www\Assurance\system\CodeIgniter.php(361): CodeIgniter\CodeIgniter->handleRequest(NULL, Object(Config\Cache), false)
#10 E:\Wamp64\www\Assurance\index.php(79): CodeIgniter\CodeIgniter->run()
#11 {main}

Next CodeIgniter\Database\Exceptions\DatabaseException: Access denied for user '****'@'localhost' (using password: NO) in E:\Wamp64\www\Assurance\system\Database\MySQLi\Connection.php:229
Stack trace:
#0 E:\Wamp64\www\Assurance\system\Database\BaseConnection.php(392): CodeIgniter\Database\MySQLi\Connection->connect(false)
#1 E:\Wamp64\www\Assurance\system\Database\BaseConnection.php(575): CodeIgniter\Database\BaseConnection->initialize()
#2 E:\Wamp64\www\Assurance\system\Database\BaseBuilder.php(1615): CodeIgniter\Database\BaseConnection->query('SELECT *\nFROM `...', Array, false)
#3 E:\Wamp64\www\Assurance\system\Model.php(237): CodeIgniter\Database\BaseBuilder->get()
#4 E:\Wamp64\www\Assurance\system\BaseModel.php(624): CodeIgniter\Model->doFindAll(0, 0)
#5 E:\Wamp64\www\Assurance\app\Controllers\examen\ExamenCont.php(86): CodeIgniter\BaseModel->findAll()
#6 E:\Wamp64\www\Assurance\system\CodeIgniter.php(942): App\Controllers\examen\ExamenCont->listes_examen()
#7 E:\Wamp64\www\Assurance\system\CodeIgniter.php(502): CodeIgniter\CodeIgniter->runController(Object(App\Controllers\examen\ExamenCont))
#8 E:\Wamp64\www\Assurance\system\CodeIgniter.php(361): CodeIgniter\CodeIgniter->handleRequest(NULL, Object(Config\Cache), false)
#9 E:\Wamp64\www\Assurance\index.php(79): CodeIgniter\CodeIgniter->run()
#10 {main}
ERROR - 2024-08-15 14:43:32 --> Error connecting to the database: mysqli_sql_exception: Access denied for user 'root'@'localhost' (using password: NO) in E:\Wamp64\www\Assurance\system\Database\MySQLi\Connection.php:184
Stack trace:
#0 E:\Wamp64\www\Assurance\system\Database\MySQLi\Connection.php(184): mysqli->real_connect('localhost', 'root', Object(SensitiveParameterValue), 'assurance', 3306, '', 0)
#1 E:\Wamp64\www\Assurance\system\Database\BaseConnection.php(392): CodeIgniter\Database\MySQLi\Connection->connect(false)
#2 E:\Wamp64\www\Assurance\system\Database\BaseConnection.php(575): CodeIgniter\Database\BaseConnection->initialize()
#3 E:\Wamp64\www\Assurance\system\Database\BaseBuilder.php(1615): CodeIgniter\Database\BaseConnection->query('SELECT `utilisa...', Array, false)
#4 E:\Wamp64\www\Assurance\system\Model.php(237): CodeIgniter\Database\BaseBuilder->get()
#5 E:\Wamp64\www\Assurance\system\BaseModel.php(624): CodeIgniter\Model->doFindAll(0, 0)
#6 E:\Wamp64\www\Assurance\app\Controllers\utilisateur\UtilisateurCont.php(82): CodeIgniter\BaseModel->findAll()
#7 E:\Wamp64\www\Assurance\system\CodeIgniter.php(942): App\Controllers\utilisateur\UtilisateurCont->afficher()
#8 E:\Wamp64\www\Assurance\system\CodeIgniter.php(502): CodeIgniter\CodeIgniter->runController(Object(App\Controllers\utilisateur\UtilisateurCont))
#9 E:\Wamp64\www\Assurance\system\CodeIgniter.php(361): CodeIgniter\CodeIgniter->handleRequest(NULL, Object(Config\Cache), false)
#10 E:\Wamp64\www\Assurance\index.php(79): CodeIgniter\CodeIgniter->run()
#11 {main}

Next CodeIgniter\Database\Exceptions\DatabaseException: Access denied for user '****'@'localhost' (using password: NO) in E:\Wamp64\www\Assurance\system\Database\MySQLi\Connection.php:229
Stack trace:
#0 E:\Wamp64\www\Assurance\system\Database\BaseConnection.php(392): CodeIgniter\Database\MySQLi\Connection->connect(false)
#1 E:\Wamp64\www\Assurance\system\Database\BaseConnection.php(575): CodeIgniter\Database\BaseConnection->initialize()
#2 E:\Wamp64\www\Assurance\system\Database\BaseBuilder.php(1615): CodeIgniter\Database\BaseConnection->query('SELECT `utilisa...', Array, false)
#3 E:\Wamp64\www\Assurance\system\Model.php(237): CodeIgniter\Database\BaseBuilder->get()
#4 E:\Wamp64\www\Assurance\system\BaseModel.php(624): CodeIgniter\Model->doFindAll(0, 0)
#5 E:\Wamp64\www\Assurance\app\Controllers\utilisateur\UtilisateurCont.php(82): CodeIgniter\BaseModel->findAll()
#6 E:\Wamp64\www\Assurance\system\CodeIgniter.php(942): App\Controllers\utilisateur\UtilisateurCont->afficher()
#7 E:\Wamp64\www\Assurance\system\CodeIgniter.php(502): CodeIgniter\CodeIgniter->runController(Object(App\Controllers\utilisateur\UtilisateurCont))
#8 E:\Wamp64\www\Assurance\system\CodeIgniter.php(361): CodeIgniter\CodeIgniter->handleRequest(NULL, Object(Config\Cache), false)
#9 E:\Wamp64\www\Assurance\index.php(79): CodeIgniter\CodeIgniter->run()
#10 {main}
ERROR - 2024-08-15 14:43:32 --> Error connecting to the database: mysqli_sql_exception: Access denied for user 'root'@'localhost' (using password: NO) in E:\Wamp64\www\Assurance\system\Database\MySQLi\Connection.php:184
Stack trace:
#0 E:\Wamp64\www\Assurance\system\Database\MySQLi\Connection.php(184): mysqli->real_connect('localhost', 'root', Object(SensitiveParameterValue), 'assurance', 3306, '', 0)
#1 E:\Wamp64\www\Assurance\system\Database\BaseConnection.php(392): CodeIgniter\Database\MySQLi\Connection->connect(false)
#2 E:\Wamp64\www\Assurance\system\Database\BaseConnection.php(575): CodeIgniter\Database\BaseConnection->initialize()
#3 E:\Wamp64\www\Assurance\system\Database\BaseBuilder.php(1615): CodeIgniter\Database\BaseConnection->query('SELECT *\nFROM `...', Array, false)
#4 E:\Wamp64\www\Assurance\system\Model.php(237): CodeIgniter\Database\BaseBuilder->get()
#5 E:\Wamp64\www\Assurance\system\BaseModel.php(624): CodeIgniter\Model->doFindAll(0, 0)
#6 E:\Wamp64\www\Assurance\app\Controllers\utilisateur\UtilisateurCont.php(26): CodeIgniter\BaseModel->findAll()
#7 E:\Wamp64\www\Assurance\system\CodeIgniter.php(942): App\Controllers\utilisateur\UtilisateurCont->getRole()
#8 E:\Wamp64\www\Assurance\system\CodeIgniter.php(502): CodeIgniter\CodeIgniter->runController(Object(App\Controllers\utilisateur\UtilisateurCont))
#9 E:\Wamp64\www\Assurance\system\CodeIgniter.php(361): CodeIgniter\CodeIgniter->handleRequest(NULL, Object(Config\Cache), false)
#10 E:\Wamp64\www\Assurance\index.php(79): CodeIgniter\CodeIgniter->run()
#11 {main}

Next CodeIgniter\Database\Exceptions\DatabaseException: Access denied for user '****'@'localhost' (using password: NO) in E:\Wamp64\www\Assurance\system\Database\MySQLi\Connection.php:229
Stack trace:
#0 E:\Wamp64\www\Assurance\system\Database\BaseConnection.php(392): CodeIgniter\Database\MySQLi\Connection->connect(false)
#1 E:\Wamp64\www\Assurance\system\Database\BaseConnection.php(575): CodeIgniter\Database\BaseConnection->initialize()
#2 E:\Wamp64\www\Assurance\system\Database\BaseBuilder.php(1615): CodeIgniter\Database\BaseConnection->query('SELECT *\nFROM `...', Array, false)
#3 E:\Wamp64\www\Assurance\system\Model.php(237): CodeIgniter\Database\BaseBuilder->get()
#4 E:\Wamp64\www\Assurance\system\BaseModel.php(624): CodeIgniter\Model->doFindAll(0, 0)
#5 E:\Wamp64\www\Assurance\app\Controllers\utilisateur\UtilisateurCont.php(26): CodeIgniter\BaseModel->findAll()
#6 E:\Wamp64\www\Assurance\system\CodeIgniter.php(942): App\Controllers\utilisateur\UtilisateurCont->getRole()
#7 E:\Wamp64\www\Assurance\system\CodeIgniter.php(502): CodeIgniter\CodeIgniter->runController(Object(App\Controllers\utilisateur\UtilisateurCont))
#8 E:\Wamp64\www\Assurance\system\CodeIgniter.php(361): CodeIgniter\CodeIgniter->handleRequest(NULL, Object(Config\Cache), false)
#9 E:\Wamp64\www\Assurance\index.php(79): CodeIgniter\CodeIgniter->run()
#10 {main}
ERROR - 2024-08-15 14:43:33 --> Error connecting to the database: mysqli_sql_exception: Access denied for user 'root'@'localhost' (using password: NO) in E:\Wamp64\www\Assurance\system\Database\MySQLi\Connection.php:184
Stack trace:
#0 E:\Wamp64\www\Assurance\system\Database\MySQLi\Connection.php(184): mysqli->real_connect('localhost', 'root', Object(SensitiveParameterValue), 'assurance', 3306, '', 0)
#1 E:\Wamp64\www\Assurance\system\Database\BaseConnection.php(392): CodeIgniter\Database\MySQLi\Connection->connect(false)
#2 E:\Wamp64\www\Assurance\system\Database\BaseConnection.php(575): CodeIgniter\Database\BaseConnection->initialize()
#3 E:\Wamp64\www\Assurance\system\Database\BaseBuilder.php(1615): CodeIgniter\Database\BaseConnection->query('SELECT *\nFROM `...', Array, false)
#4 E:\Wamp64\www\Assurance\system\Model.php(237): CodeIgniter\Database\BaseBuilder->get()
#5 E:\Wamp64\www\Assurance\system\BaseModel.php(624): CodeIgniter\Model->doFindAll(0, 0)
#6 E:\Wamp64\www\Assurance\app\Controllers\examen\ExamenCont.php(86): CodeIgniter\BaseModel->findAll()
#7 E:\Wamp64\www\Assurance\system\CodeIgniter.php(942): App\Controllers\examen\ExamenCont->listes_examen()
#8 E:\Wamp64\www\Assurance\system\CodeIgniter.php(502): CodeIgniter\CodeIgniter->runController(Object(App\Controllers\examen\ExamenCont))
#9 E:\Wamp64\www\Assurance\system\CodeIgniter.php(361): CodeIgniter\CodeIgniter->handleRequest(NULL, Object(Config\Cache), false)
#10 E:\Wamp64\www\Assurance\index.php(79): CodeIgniter\CodeIgniter->run()
#11 {main}

Next CodeIgniter\Database\Exceptions\DatabaseException: Access denied for user '****'@'localhost' (using password: NO) in E:\Wamp64\www\Assurance\system\Database\MySQLi\Connection.php:229
Stack trace:
#0 E:\Wamp64\www\Assurance\system\Database\BaseConnection.php(392): CodeIgniter\Database\MySQLi\Connection->connect(false)
#1 E:\Wamp64\www\Assurance\system\Database\BaseConnection.php(575): CodeIgniter\Database\BaseConnection->initialize()
#2 E:\Wamp64\www\Assurance\system\Database\BaseBuilder.php(1615): CodeIgniter\Database\BaseConnection->query('SELECT *\nFROM `...', Array, false)
#3 E:\Wamp64\www\Assurance\system\Model.php(237): CodeIgniter\Database\BaseBuilder->get()
#4 E:\Wamp64\www\Assurance\system\BaseModel.php(624): CodeIgniter\Model->doFindAll(0, 0)
#5 E:\Wamp64\www\Assurance\app\Controllers\examen\ExamenCont.php(86): CodeIgniter\BaseModel->findAll()
#6 E:\Wamp64\www\Assurance\system\CodeIgniter.php(942): App\Controllers\examen\ExamenCont->listes_examen()
#7 E:\Wamp64\www\Assurance\system\CodeIgniter.php(502): CodeIgniter\CodeIgniter->runController(Object(App\Controllers\examen\ExamenCont))
#8 E:\Wamp64\www\Assurance\system\CodeIgniter.php(361): CodeIgniter\CodeIgniter->handleRequest(NULL, Object(Config\Cache), false)
#9 E:\Wamp64\www\Assurance\index.php(79): CodeIgniter\CodeIgniter->run()
#10 {main}
