CRITICAL - 2024-07-01 05:45:21 --> Undefined array key "nom_user"
in APPPATH\Views\header\header.php on line 32.
 1 APPPATH\Views\header\header.php(32): CodeIgniter\Debug\Exceptions->errorHandler(2, 'Undefined array key "nom_user"', 'C:\\xampp\\htdocs\\assurance\\app\\Views\\header\\header.php', 32)
 2 SYSTEMPATH\View\View.php(228): include('C:\\xampp\\htdocs\\assurance\\app\\Views\\header\\header.php')
 3 SYSTEMPATH\View\View.php(231): CodeIgniter\View\View->CodeIgniter\View\{closure}()
 4 SYSTEMPATH\Common.php(1190): CodeIgniter\View\View->render('header/header', [], true)
 5 APPPATH\Views\layout.php(13): view('header/header')
 6 SYSTEMPATH\View\View.php(228): include('C:\\xampp\\htdocs\\assurance\\app\\Views\\layout.php')
 7 SYSTEMPATH\View\View.php(231): CodeIgniter\View\View->CodeIgniter\View\{closure}()
 8 SYSTEMPATH\Common.php(1190): CodeIgniter\View\View->render('layout', [], true)
 9 APPPATH\Controllers\Consultation\ConsultationCont.php(13): view('layout', [...])
10 SYSTEMPATH\CodeIgniter.php(942): App\Controllers\consultation\ConsultationCont->index()
11 SYSTEMPATH\CodeIgniter.php(502): CodeIgniter\CodeIgniter->runController(Object(App\Controllers\consultation\ConsultationCont))
12 SYSTEMPATH\CodeIgniter.php(361): CodeIgniter\CodeIgniter->handleRequest(null, Object(Config\Cache), false)
13 FCPATH\index.php(79): CodeIgniter\CodeIgniter->run()
CRITICAL - 2024-07-01 05:45:35 --> Undefined array key "nom_user"
in APPPATH\Views\header\header.php on line 32.
 1 APPPATH\Views\header\header.php(32): CodeIgniter\Debug\Exceptions->errorHandler(2, 'Undefined array key "nom_user"', 'C:\\xampp\\htdocs\\assurance\\app\\Views\\header\\header.php', 32)
 2 SYSTEMPATH\View\View.php(228): include('C:\\xampp\\htdocs\\assurance\\app\\Views\\header\\header.php')
 3 SYSTEMPATH\View\View.php(231): CodeIgniter\View\View->CodeIgniter\View\{closure}()
 4 SYSTEMPATH\Common.php(1190): CodeIgniter\View\View->render('header/header', [], true)
 5 APPPATH\Views\layout.php(13): view('header/header')
 6 SYSTEMPATH\View\View.php(228): include('C:\\xampp\\htdocs\\assurance\\app\\Views\\layout.php')
 7 SYSTEMPATH\View\View.php(231): CodeIgniter\View\View->CodeIgniter\View\{closure}()
 8 SYSTEMPATH\Common.php(1190): CodeIgniter\View\View->render('layout', [], true)
 9 APPPATH\Controllers\Consultation\ConsultationCont.php(13): view('layout', [...])
10 SYSTEMPATH\CodeIgniter.php(942): App\Controllers\consultation\ConsultationCont->index()
11 SYSTEMPATH\CodeIgniter.php(502): CodeIgniter\CodeIgniter->runController(Object(App\Controllers\consultation\ConsultationCont))
12 SYSTEMPATH\CodeIgniter.php(361): CodeIgniter\CodeIgniter->handleRequest(null, Object(Config\Cache), false)
13 FCPATH\index.php(79): CodeIgniter\CodeIgniter->run()
CRITICAL - 2024-07-01 05:48:30 --> Undefined array key "nom_user"
in APPPATH\Views\header\header.php on line 32.
 1 APPPATH\Views\header\header.php(32): CodeIgniter\Debug\Exceptions->errorHandler(2, 'Undefined array key "nom_user"', 'C:\\xampp\\htdocs\\assurance\\app\\Views\\header\\header.php', 32)
 2 SYSTEMPATH\View\View.php(228): include('C:\\xampp\\htdocs\\assurance\\app\\Views\\header\\header.php')
 3 SYSTEMPATH\View\View.php(231): CodeIgniter\View\View->CodeIgniter\View\{closure}()
 4 SYSTEMPATH\Common.php(1190): CodeIgniter\View\View->render('header/header', [], true)
 5 APPPATH\Views\layout.php(13): view('header/header')
 6 SYSTEMPATH\View\View.php(228): include('C:\\xampp\\htdocs\\assurance\\app\\Views\\layout.php')
 7 SYSTEMPATH\View\View.php(231): CodeIgniter\View\View->CodeIgniter\View\{closure}()
 8 SYSTEMPATH\Common.php(1190): CodeIgniter\View\View->render('layout', [], true)
 9 APPPATH\Controllers\Consultation\ConsultationCont.php(13): view('layout', [...])
10 SYSTEMPATH\CodeIgniter.php(942): App\Controllers\consultation\ConsultationCont->index()
11 SYSTEMPATH\CodeIgniter.php(502): CodeIgniter\CodeIgniter->runController(Object(App\Controllers\consultation\ConsultationCont))
12 SYSTEMPATH\CodeIgniter.php(361): CodeIgniter\CodeIgniter->handleRequest(null, Object(Config\Cache), false)
13 FCPATH\index.php(79): CodeIgniter\CodeIgniter->run()
CRITICAL - 2024-07-01 05:54:20 --> Undefined array key "nom_user"
in APPPATH\Views\header\header.php on line 32.
 1 APPPATH\Views\header\header.php(32): CodeIgniter\Debug\Exceptions->errorHandler(2, 'Undefined array key "nom_user"', 'C:\\xampp\\htdocs\\assurance\\app\\Views\\header\\header.php', 32)
 2 SYSTEMPATH\View\View.php(228): include('C:\\xampp\\htdocs\\assurance\\app\\Views\\header\\header.php')
 3 SYSTEMPATH\View\View.php(231): CodeIgniter\View\View->CodeIgniter\View\{closure}()
 4 SYSTEMPATH\Common.php(1190): CodeIgniter\View\View->render('header/header', [], true)
 5 APPPATH\Views\layout.php(13): view('header/header')
 6 SYSTEMPATH\View\View.php(228): include('C:\\xampp\\htdocs\\assurance\\app\\Views\\layout.php')
 7 SYSTEMPATH\View\View.php(231): CodeIgniter\View\View->CodeIgniter\View\{closure}()
 8 SYSTEMPATH\Common.php(1190): CodeIgniter\View\View->render('layout', [], true)
 9 APPPATH\Controllers\Consultation\ConsultationCont.php(13): view('layout', [...])
10 SYSTEMPATH\CodeIgniter.php(942): App\Controllers\consultation\ConsultationCont->index()
11 SYSTEMPATH\CodeIgniter.php(502): CodeIgniter\CodeIgniter->runController(Object(App\Controllers\consultation\ConsultationCont))
12 SYSTEMPATH\CodeIgniter.php(361): CodeIgniter\CodeIgniter->handleRequest(null, Object(Config\Cache), false)
13 FCPATH\index.php(79): CodeIgniter\CodeIgniter->run()
CRITICAL - 2024-07-01 05:55:27 --> Undefined array key "nom_user"
in APPPATH\Views\header\header.php on line 32.
 1 APPPATH\Views\header\header.php(32): CodeIgniter\Debug\Exceptions->errorHandler(2, 'Undefined array key "nom_user"', 'C:\\xampp\\htdocs\\assurance\\app\\Views\\header\\header.php', 32)
 2 SYSTEMPATH\View\View.php(228): include('C:\\xampp\\htdocs\\assurance\\app\\Views\\header\\header.php')
 3 SYSTEMPATH\View\View.php(231): CodeIgniter\View\View->CodeIgniter\View\{closure}()
 4 SYSTEMPATH\Common.php(1190): CodeIgniter\View\View->render('header/header', [], true)
 5 APPPATH\Views\layout.php(13): view('header/header')
 6 SYSTEMPATH\View\View.php(228): include('C:\\xampp\\htdocs\\assurance\\app\\Views\\layout.php')
 7 SYSTEMPATH\View\View.php(231): CodeIgniter\View\View->CodeIgniter\View\{closure}()
 8 SYSTEMPATH\Common.php(1190): CodeIgniter\View\View->render('layout', [], true)
 9 APPPATH\Controllers\Consultation\ConsultationCont.php(13): view('layout', [...])
10 SYSTEMPATH\CodeIgniter.php(942): App\Controllers\consultation\ConsultationCont->index()
11 SYSTEMPATH\CodeIgniter.php(502): CodeIgniter\CodeIgniter->runController(Object(App\Controllers\consultation\ConsultationCont))
12 SYSTEMPATH\CodeIgniter.php(361): CodeIgniter\CodeIgniter->handleRequest(null, Object(Config\Cache), false)
13 FCPATH\index.php(79): CodeIgniter\CodeIgniter->run()
CRITICAL - 2024-07-01 06:02:52 --> Undefined array key "nom_user"
in APPPATH\Views\header\header.php on line 32.
 1 APPPATH\Views\header\header.php(32): CodeIgniter\Debug\Exceptions->errorHandler(2, 'Undefined array key "nom_user"', 'C:\\xampp\\htdocs\\assurance\\app\\Views\\header\\header.php', 32)
 2 SYSTEMPATH\View\View.php(228): include('C:\\xampp\\htdocs\\assurance\\app\\Views\\header\\header.php')
 3 SYSTEMPATH\View\View.php(231): CodeIgniter\View\View->CodeIgniter\View\{closure}()
 4 SYSTEMPATH\Common.php(1190): CodeIgniter\View\View->render('header/header', [], true)
 5 APPPATH\Views\layout.php(13): view('header/header')
 6 SYSTEMPATH\View\View.php(228): include('C:\\xampp\\htdocs\\assurance\\app\\Views\\layout.php')
 7 SYSTEMPATH\View\View.php(231): CodeIgniter\View\View->CodeIgniter\View\{closure}()
 8 SYSTEMPATH\Common.php(1190): CodeIgniter\View\View->render('layout', [], true)
 9 APPPATH\Controllers\Consultation\ConsultationCont.php(13): view('layout', [...])
10 SYSTEMPATH\CodeIgniter.php(942): App\Controllers\consultation\ConsultationCont->index()
11 SYSTEMPATH\CodeIgniter.php(502): CodeIgniter\CodeIgniter->runController(Object(App\Controllers\consultation\ConsultationCont))
12 SYSTEMPATH\CodeIgniter.php(361): CodeIgniter\CodeIgniter->handleRequest(null, Object(Config\Cache), false)
13 FCPATH\index.php(79): CodeIgniter\CodeIgniter->run()
CRITICAL - 2024-07-01 06:02:55 --> Undefined array key "nom_user"
in APPPATH\Views\header\header.php on line 32.
 1 APPPATH\Views\header\header.php(32): CodeIgniter\Debug\Exceptions->errorHandler(2, 'Undefined array key "nom_user"', 'C:\\xampp\\htdocs\\assurance\\app\\Views\\header\\header.php', 32)
 2 SYSTEMPATH\View\View.php(228): include('C:\\xampp\\htdocs\\assurance\\app\\Views\\header\\header.php')
 3 SYSTEMPATH\View\View.php(231): CodeIgniter\View\View->CodeIgniter\View\{closure}()
 4 SYSTEMPATH\Common.php(1190): CodeIgniter\View\View->render('header/header', [], true)
 5 APPPATH\Views\layout.php(13): view('header/header')
 6 SYSTEMPATH\View\View.php(228): include('C:\\xampp\\htdocs\\assurance\\app\\Views\\layout.php')
 7 SYSTEMPATH\View\View.php(231): CodeIgniter\View\View->CodeIgniter\View\{closure}()
 8 SYSTEMPATH\Common.php(1190): CodeIgniter\View\View->render('layout', [], true)
 9 APPPATH\Controllers\Consultation\ConsultationCont.php(13): view('layout', [...])
10 SYSTEMPATH\CodeIgniter.php(942): App\Controllers\consultation\ConsultationCont->index()
11 SYSTEMPATH\CodeIgniter.php(502): CodeIgniter\CodeIgniter->runController(Object(App\Controllers\consultation\ConsultationCont))
12 SYSTEMPATH\CodeIgniter.php(361): CodeIgniter\CodeIgniter->handleRequest(null, Object(Config\Cache), false)
13 FCPATH\index.php(79): CodeIgniter\CodeIgniter->run()
CRITICAL - 2024-07-01 06:03:47 --> Undefined array key "nom_user"
in APPPATH\Views\header\header.php on line 32.
 1 APPPATH\Views\header\header.php(32): CodeIgniter\Debug\Exceptions->errorHandler(2, 'Undefined array key "nom_user"', 'C:\\xampp\\htdocs\\assurance\\app\\Views\\header\\header.php', 32)
 2 SYSTEMPATH\View\View.php(228): include('C:\\xampp\\htdocs\\assurance\\app\\Views\\header\\header.php')
 3 SYSTEMPATH\View\View.php(231): CodeIgniter\View\View->CodeIgniter\View\{closure}()
 4 SYSTEMPATH\Common.php(1190): CodeIgniter\View\View->render('header/header', [], true)
 5 APPPATH\Views\layout.php(13): view('header/header')
 6 SYSTEMPATH\View\View.php(228): include('C:\\xampp\\htdocs\\assurance\\app\\Views\\layout.php')
 7 SYSTEMPATH\View\View.php(231): CodeIgniter\View\View->CodeIgniter\View\{closure}()
 8 SYSTEMPATH\Common.php(1190): CodeIgniter\View\View->render('layout', [], true)
 9 APPPATH\Controllers\Consultation\ConsultationCont.php(13): view('layout', [...])
10 SYSTEMPATH\CodeIgniter.php(942): App\Controllers\consultation\ConsultationCont->index()
11 SYSTEMPATH\CodeIgniter.php(502): CodeIgniter\CodeIgniter->runController(Object(App\Controllers\consultation\ConsultationCont))
12 SYSTEMPATH\CodeIgniter.php(361): CodeIgniter\CodeIgniter->handleRequest(null, Object(Config\Cache), false)
13 FCPATH\index.php(79): CodeIgniter\CodeIgniter->run()
CRITICAL - 2024-07-01 06:13:39 --> Undefined array key "nom_user"
in APPPATH\Views\header\header.php on line 32.
 1 APPPATH\Views\header\header.php(32): CodeIgniter\Debug\Exceptions->errorHandler(2, 'Undefined array key "nom_user"', 'C:\\xampp\\htdocs\\assurance\\app\\Views\\header\\header.php', 32)
 2 SYSTEMPATH\View\View.php(228): include('C:\\xampp\\htdocs\\assurance\\app\\Views\\header\\header.php')
 3 SYSTEMPATH\View\View.php(231): CodeIgniter\View\View->CodeIgniter\View\{closure}()
 4 SYSTEMPATH\Common.php(1190): CodeIgniter\View\View->render('header/header', [], true)
 5 APPPATH\Views\layout.php(13): view('header/header')
 6 SYSTEMPATH\View\View.php(228): include('C:\\xampp\\htdocs\\assurance\\app\\Views\\layout.php')
 7 SYSTEMPATH\View\View.php(231): CodeIgniter\View\View->CodeIgniter\View\{closure}()
 8 SYSTEMPATH\Common.php(1190): CodeIgniter\View\View->render('layout', [], true)
 9 APPPATH\Controllers\Consultation\ConsultationCont.php(13): view('layout', [...])
10 SYSTEMPATH\CodeIgniter.php(942): App\Controllers\consultation\ConsultationCont->index()
11 SYSTEMPATH\CodeIgniter.php(502): CodeIgniter\CodeIgniter->runController(Object(App\Controllers\consultation\ConsultationCont))
12 SYSTEMPATH\CodeIgniter.php(361): CodeIgniter\CodeIgniter->handleRequest(null, Object(Config\Cache), false)
13 FCPATH\index.php(79): CodeIgniter\CodeIgniter->run()
CRITICAL - 2024-07-01 06:23:18 --> Undefined array key "nom_user"
in APPPATH\Views\header\header.php on line 32.
 1 APPPATH\Views\header\header.php(32): CodeIgniter\Debug\Exceptions->errorHandler(2, 'Undefined array key "nom_user"', 'C:\\xampp\\htdocs\\assurance\\app\\Views\\header\\header.php', 32)
 2 SYSTEMPATH\View\View.php(228): include('C:\\xampp\\htdocs\\assurance\\app\\Views\\header\\header.php')
 3 SYSTEMPATH\View\View.php(231): CodeIgniter\View\View->CodeIgniter\View\{closure}()
 4 SYSTEMPATH\Common.php(1190): CodeIgniter\View\View->render('header/header', [], true)
 5 APPPATH\Views\layout.php(13): view('header/header')
 6 SYSTEMPATH\View\View.php(228): include('C:\\xampp\\htdocs\\assurance\\app\\Views\\layout.php')
 7 SYSTEMPATH\View\View.php(231): CodeIgniter\View\View->CodeIgniter\View\{closure}()
 8 SYSTEMPATH\Common.php(1190): CodeIgniter\View\View->render('layout', [], true)
 9 APPPATH\Controllers\Consultation\ConsultationCont.php(13): view('layout', [...])
10 SYSTEMPATH\CodeIgniter.php(942): App\Controllers\consultation\ConsultationCont->index()
11 SYSTEMPATH\CodeIgniter.php(502): CodeIgniter\CodeIgniter->runController(Object(App\Controllers\consultation\ConsultationCont))
12 SYSTEMPATH\CodeIgniter.php(361): CodeIgniter\CodeIgniter->handleRequest(null, Object(Config\Cache), false)
13 FCPATH\index.php(79): CodeIgniter\CodeIgniter->run()
CRITICAL - 2024-07-01 06:27:27 --> Undefined array key "nom_user"
in APPPATH\Views\header\header.php on line 32.
 1 APPPATH\Views\header\header.php(32): CodeIgniter\Debug\Exceptions->errorHandler(2, 'Undefined array key "nom_user"', 'C:\\xampp\\htdocs\\assurance\\app\\Views\\header\\header.php', 32)
 2 SYSTEMPATH\View\View.php(228): include('C:\\xampp\\htdocs\\assurance\\app\\Views\\header\\header.php')
 3 SYSTEMPATH\View\View.php(231): CodeIgniter\View\View->CodeIgniter\View\{closure}()
 4 SYSTEMPATH\Common.php(1190): CodeIgniter\View\View->render('header/header', [], true)
 5 APPPATH\Views\layout.php(13): view('header/header')
 6 SYSTEMPATH\View\View.php(228): include('C:\\xampp\\htdocs\\assurance\\app\\Views\\layout.php')
 7 SYSTEMPATH\View\View.php(231): CodeIgniter\View\View->CodeIgniter\View\{closure}()
 8 SYSTEMPATH\Common.php(1190): CodeIgniter\View\View->render('layout', [], true)
 9 APPPATH\Controllers\Consultation\ConsultationCont.php(13): view('layout', [...])
10 SYSTEMPATH\CodeIgniter.php(942): App\Controllers\consultation\ConsultationCont->index()
11 SYSTEMPATH\CodeIgniter.php(502): CodeIgniter\CodeIgniter->runController(Object(App\Controllers\consultation\ConsultationCont))
12 SYSTEMPATH\CodeIgniter.php(361): CodeIgniter\CodeIgniter->handleRequest(null, Object(Config\Cache), false)
13 FCPATH\index.php(79): CodeIgniter\CodeIgniter->run()
CRITICAL - 2024-07-01 06:27:47 --> Undefined array key "nom_user"
in APPPATH\Views\header\header.php on line 32.
 1 APPPATH\Views\header\header.php(32): CodeIgniter\Debug\Exceptions->errorHandler(2, 'Undefined array key "nom_user"', 'C:\\xampp\\htdocs\\assurance\\app\\Views\\header\\header.php', 32)
 2 SYSTEMPATH\View\View.php(228): include('C:\\xampp\\htdocs\\assurance\\app\\Views\\header\\header.php')
 3 SYSTEMPATH\View\View.php(231): CodeIgniter\View\View->CodeIgniter\View\{closure}()
 4 SYSTEMPATH\Common.php(1190): CodeIgniter\View\View->render('header/header', [], true)
 5 APPPATH\Views\layout.php(13): view('header/header')
 6 SYSTEMPATH\View\View.php(228): include('C:\\xampp\\htdocs\\assurance\\app\\Views\\layout.php')
 7 SYSTEMPATH\View\View.php(231): CodeIgniter\View\View->CodeIgniter\View\{closure}()
 8 SYSTEMPATH\Common.php(1190): CodeIgniter\View\View->render('layout', [], true)
 9 APPPATH\Controllers\Consultation\ConsultationCont.php(13): view('layout', [...])
10 SYSTEMPATH\CodeIgniter.php(942): App\Controllers\consultation\ConsultationCont->index()
11 SYSTEMPATH\CodeIgniter.php(502): CodeIgniter\CodeIgniter->runController(Object(App\Controllers\consultation\ConsultationCont))
12 SYSTEMPATH\CodeIgniter.php(361): CodeIgniter\CodeIgniter->handleRequest(null, Object(Config\Cache), false)
13 FCPATH\index.php(79): CodeIgniter\CodeIgniter->run()
ERROR - 2024-07-01 20:31:13 --> mysqli_sql_exception: Unknown column 'membreId' in 'field list' in C:\xampp\htdocs\assurance\system\Database\MySQLi\Connection.php:306
Stack trace:
#0 C:\xampp\htdocs\assurance\system\Database\MySQLi\Connection.php(306): mysqli->query('INSERT INTO `ti...', 0)
#1 C:\xampp\htdocs\assurance\system\Database\BaseConnection.php(693): CodeIgniter\Database\MySQLi\Connection->execute('INSERT INTO `ti...')
#2 C:\xampp\htdocs\assurance\system\Database\BaseConnection.php(607): CodeIgniter\Database\BaseConnection->simpleQuery('INSERT INTO `ti...')
#3 C:\xampp\htdocs\assurance\system\Database\BaseBuilder.php(2308): CodeIgniter\Database\BaseConnection->query('INSERT INTO `ti...', Array, false)
#4 C:\xampp\htdocs\assurance\system\Model.php(319): CodeIgniter\Database\BaseBuilder->insert()
#5 C:\xampp\htdocs\assurance\system\BaseModel.php(788): CodeIgniter\Model->doInsert(Array)
#6 C:\xampp\htdocs\assurance\system\Model.php(715): CodeIgniter\BaseModel->insert(Array, false)
#7 C:\xampp\htdocs\assurance\system\BaseModel.php(698): CodeIgniter\Model->insert(Array, false)
#8 C:\xampp\htdocs\assurance\app\Controllers\titulaire\TitulaireCont.php(25): CodeIgniter\BaseModel->save(Array)
#9 C:\xampp\htdocs\assurance\system\CodeIgniter.php(942): App\Controllers\Titulaire\TitulaireCont->ajout_titulaire()
#10 C:\xampp\htdocs\assurance\system\CodeIgniter.php(502): CodeIgniter\CodeIgniter->runController(Object(App\Controllers\Titulaire\TitulaireCont))
#11 C:\xampp\htdocs\assurance\system\CodeIgniter.php(361): CodeIgniter\CodeIgniter->handleRequest(NULL, Object(Config\Cache), false)
#12 C:\xampp\htdocs\assurance\index.php(79): CodeIgniter\CodeIgniter->run()
#13 {main}
ERROR - 2024-07-01 20:31:26 --> mysqli_sql_exception: Unknown column 'membreId' in 'field list' in C:\xampp\htdocs\assurance\system\Database\MySQLi\Connection.php:306
Stack trace:
#0 C:\xampp\htdocs\assurance\system\Database\MySQLi\Connection.php(306): mysqli->query('INSERT INTO `ti...', 0)
#1 C:\xampp\htdocs\assurance\system\Database\BaseConnection.php(693): CodeIgniter\Database\MySQLi\Connection->execute('INSERT INTO `ti...')
#2 C:\xampp\htdocs\assurance\system\Database\BaseConnection.php(607): CodeIgniter\Database\BaseConnection->simpleQuery('INSERT INTO `ti...')
#3 C:\xampp\htdocs\assurance\system\Database\BaseBuilder.php(2308): CodeIgniter\Database\BaseConnection->query('INSERT INTO `ti...', Array, false)
#4 C:\xampp\htdocs\assurance\system\Model.php(319): CodeIgniter\Database\BaseBuilder->insert()
#5 C:\xampp\htdocs\assurance\system\BaseModel.php(788): CodeIgniter\Model->doInsert(Array)
#6 C:\xampp\htdocs\assurance\system\Model.php(715): CodeIgniter\BaseModel->insert(Array, false)
#7 C:\xampp\htdocs\assurance\system\BaseModel.php(698): CodeIgniter\Model->insert(Array, false)
#8 C:\xampp\htdocs\assurance\app\Controllers\titulaire\TitulaireCont.php(25): CodeIgniter\BaseModel->save(Array)
#9 C:\xampp\htdocs\assurance\system\CodeIgniter.php(942): App\Controllers\Titulaire\TitulaireCont->ajout_titulaire()
#10 C:\xampp\htdocs\assurance\system\CodeIgniter.php(502): CodeIgniter\CodeIgniter->runController(Object(App\Controllers\Titulaire\TitulaireCont))
#11 C:\xampp\htdocs\assurance\system\CodeIgniter.php(361): CodeIgniter\CodeIgniter->handleRequest(NULL, Object(Config\Cache), false)
#12 C:\xampp\htdocs\assurance\index.php(79): CodeIgniter\CodeIgniter->run()
#13 {main}
ERROR - 2024-07-01 20:32:24 --> mysqli_sql_exception: Unknown column 'membreId' in 'field list' in C:\xampp\htdocs\assurance\system\Database\MySQLi\Connection.php:306
Stack trace:
#0 C:\xampp\htdocs\assurance\system\Database\MySQLi\Connection.php(306): mysqli->query('INSERT INTO `ti...', 0)
#1 C:\xampp\htdocs\assurance\system\Database\BaseConnection.php(693): CodeIgniter\Database\MySQLi\Connection->execute('INSERT INTO `ti...')
#2 C:\xampp\htdocs\assurance\system\Database\BaseConnection.php(607): CodeIgniter\Database\BaseConnection->simpleQuery('INSERT INTO `ti...')
#3 C:\xampp\htdocs\assurance\system\Database\BaseBuilder.php(2308): CodeIgniter\Database\BaseConnection->query('INSERT INTO `ti...', Array, false)
#4 C:\xampp\htdocs\assurance\system\Model.php(319): CodeIgniter\Database\BaseBuilder->insert()
#5 C:\xampp\htdocs\assurance\system\BaseModel.php(788): CodeIgniter\Model->doInsert(Array)
#6 C:\xampp\htdocs\assurance\system\Model.php(715): CodeIgniter\BaseModel->insert(Array, false)
#7 C:\xampp\htdocs\assurance\system\BaseModel.php(698): CodeIgniter\Model->insert(Array, false)
#8 C:\xampp\htdocs\assurance\app\Controllers\titulaire\TitulaireCont.php(25): CodeIgniter\BaseModel->save(Array)
#9 C:\xampp\htdocs\assurance\system\CodeIgniter.php(942): App\Controllers\Titulaire\TitulaireCont->ajout_titulaire()
#10 C:\xampp\htdocs\assurance\system\CodeIgniter.php(502): CodeIgniter\CodeIgniter->runController(Object(App\Controllers\Titulaire\TitulaireCont))
#11 C:\xampp\htdocs\assurance\system\CodeIgniter.php(361): CodeIgniter\CodeIgniter->handleRequest(NULL, Object(Config\Cache), false)
#12 C:\xampp\htdocs\assurance\index.php(79): CodeIgniter\CodeIgniter->run()
#13 {main}
ERROR - 2024-07-01 20:32:55 --> mysqli_sql_exception: Unknown column 'membreId' in 'field list' in C:\xampp\htdocs\assurance\system\Database\MySQLi\Connection.php:306
Stack trace:
#0 C:\xampp\htdocs\assurance\system\Database\MySQLi\Connection.php(306): mysqli->query('INSERT INTO `ti...', 0)
#1 C:\xampp\htdocs\assurance\system\Database\BaseConnection.php(693): CodeIgniter\Database\MySQLi\Connection->execute('INSERT INTO `ti...')
#2 C:\xampp\htdocs\assurance\system\Database\BaseConnection.php(607): CodeIgniter\Database\BaseConnection->simpleQuery('INSERT INTO `ti...')
#3 C:\xampp\htdocs\assurance\system\Database\BaseBuilder.php(2308): CodeIgniter\Database\BaseConnection->query('INSERT INTO `ti...', Array, false)
#4 C:\xampp\htdocs\assurance\system\Model.php(319): CodeIgniter\Database\BaseBuilder->insert()
#5 C:\xampp\htdocs\assurance\system\BaseModel.php(788): CodeIgniter\Model->doInsert(Array)
#6 C:\xampp\htdocs\assurance\system\Model.php(715): CodeIgniter\BaseModel->insert(Array, false)
#7 C:\xampp\htdocs\assurance\system\BaseModel.php(698): CodeIgniter\Model->insert(Array, false)
#8 C:\xampp\htdocs\assurance\app\Controllers\titulaire\TitulaireCont.php(25): CodeIgniter\BaseModel->save(Array)
#9 C:\xampp\htdocs\assurance\system\CodeIgniter.php(942): App\Controllers\Titulaire\TitulaireCont->ajout_titulaire()
#10 C:\xampp\htdocs\assurance\system\CodeIgniter.php(502): CodeIgniter\CodeIgniter->runController(Object(App\Controllers\Titulaire\TitulaireCont))
#11 C:\xampp\htdocs\assurance\system\CodeIgniter.php(361): CodeIgniter\CodeIgniter->handleRequest(NULL, Object(Config\Cache), false)
#12 C:\xampp\htdocs\assurance\index.php(79): CodeIgniter\CodeIgniter->run()
#13 {main}
ERROR - 2024-07-01 20:33:31 --> mysqli_sql_exception: Unknown column 'membreId' in 'field list' in C:\xampp\htdocs\assurance\system\Database\MySQLi\Connection.php:306
Stack trace:
#0 C:\xampp\htdocs\assurance\system\Database\MySQLi\Connection.php(306): mysqli->query('INSERT INTO `ti...', 0)
#1 C:\xampp\htdocs\assurance\system\Database\BaseConnection.php(693): CodeIgniter\Database\MySQLi\Connection->execute('INSERT INTO `ti...')
#2 C:\xampp\htdocs\assurance\system\Database\BaseConnection.php(607): CodeIgniter\Database\BaseConnection->simpleQuery('INSERT INTO `ti...')
#3 C:\xampp\htdocs\assurance\system\Database\BaseBuilder.php(2308): CodeIgniter\Database\BaseConnection->query('INSERT INTO `ti...', Array, false)
#4 C:\xampp\htdocs\assurance\system\Model.php(319): CodeIgniter\Database\BaseBuilder->insert()
#5 C:\xampp\htdocs\assurance\system\BaseModel.php(788): CodeIgniter\Model->doInsert(Array)
#6 C:\xampp\htdocs\assurance\system\Model.php(715): CodeIgniter\BaseModel->insert(Array, false)
#7 C:\xampp\htdocs\assurance\system\BaseModel.php(698): CodeIgniter\Model->insert(Array, false)
#8 C:\xampp\htdocs\assurance\app\Controllers\titulaire\TitulaireCont.php(25): CodeIgniter\BaseModel->save(Array)
#9 C:\xampp\htdocs\assurance\system\CodeIgniter.php(942): App\Controllers\Titulaire\TitulaireCont->ajout_titulaire()
#10 C:\xampp\htdocs\assurance\system\CodeIgniter.php(502): CodeIgniter\CodeIgniter->runController(Object(App\Controllers\Titulaire\TitulaireCont))
#11 C:\xampp\htdocs\assurance\system\CodeIgniter.php(361): CodeIgniter\CodeIgniter->handleRequest(NULL, Object(Config\Cache), false)
#12 C:\xampp\htdocs\assurance\index.php(79): CodeIgniter\CodeIgniter->run()
#13 {main}
ERROR - 2024-07-01 20:35:50 --> mysqli_sql_exception: Unknown column 'membreId' in 'field list' in C:\xampp\htdocs\assurance\system\Database\MySQLi\Connection.php:306
Stack trace:
#0 C:\xampp\htdocs\assurance\system\Database\MySQLi\Connection.php(306): mysqli->query('INSERT INTO `ti...', 0)
#1 C:\xampp\htdocs\assurance\system\Database\BaseConnection.php(693): CodeIgniter\Database\MySQLi\Connection->execute('INSERT INTO `ti...')
#2 C:\xampp\htdocs\assurance\system\Database\BaseConnection.php(607): CodeIgniter\Database\BaseConnection->simpleQuery('INSERT INTO `ti...')
#3 C:\xampp\htdocs\assurance\system\Database\BaseBuilder.php(2308): CodeIgniter\Database\BaseConnection->query('INSERT INTO `ti...', Array, false)
#4 C:\xampp\htdocs\assurance\system\Model.php(319): CodeIgniter\Database\BaseBuilder->insert()
#5 C:\xampp\htdocs\assurance\system\BaseModel.php(788): CodeIgniter\Model->doInsert(Array)
#6 C:\xampp\htdocs\assurance\system\Model.php(715): CodeIgniter\BaseModel->insert(Array, false)
#7 C:\xampp\htdocs\assurance\system\BaseModel.php(698): CodeIgniter\Model->insert(Array, false)
#8 C:\xampp\htdocs\assurance\app\Controllers\titulaire\TitulaireCont.php(25): CodeIgniter\BaseModel->save(Array)
#9 C:\xampp\htdocs\assurance\system\CodeIgniter.php(942): App\Controllers\Titulaire\TitulaireCont->ajout_titulaire()
#10 C:\xampp\htdocs\assurance\system\CodeIgniter.php(502): CodeIgniter\CodeIgniter->runController(Object(App\Controllers\Titulaire\TitulaireCont))
#11 C:\xampp\htdocs\assurance\system\CodeIgniter.php(361): CodeIgniter\CodeIgniter->handleRequest(NULL, Object(Config\Cache), false)
#12 C:\xampp\htdocs\assurance\index.php(79): CodeIgniter\CodeIgniter->run()
#13 {main}
ERROR - 2024-07-01 20:41:24 --> mysqli_sql_exception: Unknown column 'membreId' in 'field list' in C:\xampp\htdocs\assurance\system\Database\MySQLi\Connection.php:306
Stack trace:
#0 C:\xampp\htdocs\assurance\system\Database\MySQLi\Connection.php(306): mysqli->query('INSERT INTO `ti...', 0)
#1 C:\xampp\htdocs\assurance\system\Database\BaseConnection.php(693): CodeIgniter\Database\MySQLi\Connection->execute('INSERT INTO `ti...')
#2 C:\xampp\htdocs\assurance\system\Database\BaseConnection.php(607): CodeIgniter\Database\BaseConnection->simpleQuery('INSERT INTO `ti...')
#3 C:\xampp\htdocs\assurance\system\Database\BaseBuilder.php(2308): CodeIgniter\Database\BaseConnection->query('INSERT INTO `ti...', Array, false)
#4 C:\xampp\htdocs\assurance\system\Model.php(319): CodeIgniter\Database\BaseBuilder->insert()
#5 C:\xampp\htdocs\assurance\system\BaseModel.php(788): CodeIgniter\Model->doInsert(Array)
#6 C:\xampp\htdocs\assurance\system\Model.php(715): CodeIgniter\BaseModel->insert(Array, false)
#7 C:\xampp\htdocs\assurance\system\BaseModel.php(698): CodeIgniter\Model->insert(Array, false)
#8 C:\xampp\htdocs\assurance\app\Controllers\titulaire\TitulaireCont.php(25): CodeIgniter\BaseModel->save(Array)
#9 C:\xampp\htdocs\assurance\system\CodeIgniter.php(942): App\Controllers\Titulaire\TitulaireCont->ajout_titulaire()
#10 C:\xampp\htdocs\assurance\system\CodeIgniter.php(502): CodeIgniter\CodeIgniter->runController(Object(App\Controllers\Titulaire\TitulaireCont))
#11 C:\xampp\htdocs\assurance\system\CodeIgniter.php(361): CodeIgniter\CodeIgniter->handleRequest(NULL, Object(Config\Cache), false)
#12 C:\xampp\htdocs\assurance\index.php(79): CodeIgniter\CodeIgniter->run()
#13 {main}
ERROR - 2024-07-01 20:42:02 --> mysqli_sql_exception: Unknown column 'membreId' in 'field list' in C:\xampp\htdocs\assurance\system\Database\MySQLi\Connection.php:306
Stack trace:
#0 C:\xampp\htdocs\assurance\system\Database\MySQLi\Connection.php(306): mysqli->query('INSERT INTO `ti...', 0)
#1 C:\xampp\htdocs\assurance\system\Database\BaseConnection.php(693): CodeIgniter\Database\MySQLi\Connection->execute('INSERT INTO `ti...')
#2 C:\xampp\htdocs\assurance\system\Database\BaseConnection.php(607): CodeIgniter\Database\BaseConnection->simpleQuery('INSERT INTO `ti...')
#3 C:\xampp\htdocs\assurance\system\Database\BaseBuilder.php(2308): CodeIgniter\Database\BaseConnection->query('INSERT INTO `ti...', Array, false)
#4 C:\xampp\htdocs\assurance\system\Model.php(319): CodeIgniter\Database\BaseBuilder->insert()
#5 C:\xampp\htdocs\assurance\system\BaseModel.php(788): CodeIgniter\Model->doInsert(Array)
#6 C:\xampp\htdocs\assurance\system\Model.php(715): CodeIgniter\BaseModel->insert(Array, false)
#7 C:\xampp\htdocs\assurance\system\BaseModel.php(698): CodeIgniter\Model->insert(Array, false)
#8 C:\xampp\htdocs\assurance\app\Controllers\titulaire\TitulaireCont.php(25): CodeIgniter\BaseModel->save(Array)
#9 C:\xampp\htdocs\assurance\system\CodeIgniter.php(942): App\Controllers\Titulaire\TitulaireCont->ajout_titulaire()
#10 C:\xampp\htdocs\assurance\system\CodeIgniter.php(502): CodeIgniter\CodeIgniter->runController(Object(App\Controllers\Titulaire\TitulaireCont))
#11 C:\xampp\htdocs\assurance\system\CodeIgniter.php(361): CodeIgniter\CodeIgniter->handleRequest(NULL, Object(Config\Cache), false)
#12 C:\xampp\htdocs\assurance\index.php(79): CodeIgniter\CodeIgniter->run()
#13 {main}
ERROR - 2024-07-01 20:43:53 --> mysqli_sql_exception: Unknown column 'membreId' in 'field list' in C:\xampp\htdocs\assurance\system\Database\MySQLi\Connection.php:306
Stack trace:
#0 C:\xampp\htdocs\assurance\system\Database\MySQLi\Connection.php(306): mysqli->query('INSERT INTO `ti...', 0)
#1 C:\xampp\htdocs\assurance\system\Database\BaseConnection.php(693): CodeIgniter\Database\MySQLi\Connection->execute('INSERT INTO `ti...')
#2 C:\xampp\htdocs\assurance\system\Database\BaseConnection.php(607): CodeIgniter\Database\BaseConnection->simpleQuery('INSERT INTO `ti...')
#3 C:\xampp\htdocs\assurance\system\Database\BaseBuilder.php(2308): CodeIgniter\Database\BaseConnection->query('INSERT INTO `ti...', Array, false)
#4 C:\xampp\htdocs\assurance\system\Model.php(319): CodeIgniter\Database\BaseBuilder->insert()
#5 C:\xampp\htdocs\assurance\system\BaseModel.php(788): CodeIgniter\Model->doInsert(Array)
#6 C:\xampp\htdocs\assurance\system\Model.php(715): CodeIgniter\BaseModel->insert(Array, false)
#7 C:\xampp\htdocs\assurance\system\BaseModel.php(698): CodeIgniter\Model->insert(Array, false)
#8 C:\xampp\htdocs\assurance\app\Controllers\titulaire\TitulaireCont.php(25): CodeIgniter\BaseModel->save(Array)
#9 C:\xampp\htdocs\assurance\system\CodeIgniter.php(942): App\Controllers\Titulaire\TitulaireCont->ajout_titulaire()
#10 C:\xampp\htdocs\assurance\system\CodeIgniter.php(502): CodeIgniter\CodeIgniter->runController(Object(App\Controllers\Titulaire\TitulaireCont))
#11 C:\xampp\htdocs\assurance\system\CodeIgniter.php(361): CodeIgniter\CodeIgniter->handleRequest(NULL, Object(Config\Cache), false)
#12 C:\xampp\htdocs\assurance\index.php(79): CodeIgniter\CodeIgniter->run()
#13 {main}
ERROR - 2024-07-01 20:44:02 --> mysqli_sql_exception: Unknown column 'membreId' in 'field list' in C:\xampp\htdocs\assurance\system\Database\MySQLi\Connection.php:306
Stack trace:
#0 C:\xampp\htdocs\assurance\system\Database\MySQLi\Connection.php(306): mysqli->query('INSERT INTO `ti...', 0)
#1 C:\xampp\htdocs\assurance\system\Database\BaseConnection.php(693): CodeIgniter\Database\MySQLi\Connection->execute('INSERT INTO `ti...')
#2 C:\xampp\htdocs\assurance\system\Database\BaseConnection.php(607): CodeIgniter\Database\BaseConnection->simpleQuery('INSERT INTO `ti...')
#3 C:\xampp\htdocs\assurance\system\Database\BaseBuilder.php(2308): CodeIgniter\Database\BaseConnection->query('INSERT INTO `ti...', Array, false)
#4 C:\xampp\htdocs\assurance\system\Model.php(319): CodeIgniter\Database\BaseBuilder->insert()
#5 C:\xampp\htdocs\assurance\system\BaseModel.php(788): CodeIgniter\Model->doInsert(Array)
#6 C:\xampp\htdocs\assurance\system\Model.php(715): CodeIgniter\BaseModel->insert(Array, false)
#7 C:\xampp\htdocs\assurance\system\BaseModel.php(698): CodeIgniter\Model->insert(Array, false)
#8 C:\xampp\htdocs\assurance\app\Controllers\titulaire\TitulaireCont.php(25): CodeIgniter\BaseModel->save(Array)
#9 C:\xampp\htdocs\assurance\system\CodeIgniter.php(942): App\Controllers\Titulaire\TitulaireCont->ajout_titulaire()
#10 C:\xampp\htdocs\assurance\system\CodeIgniter.php(502): CodeIgniter\CodeIgniter->runController(Object(App\Controllers\Titulaire\TitulaireCont))
#11 C:\xampp\htdocs\assurance\system\CodeIgniter.php(361): CodeIgniter\CodeIgniter->handleRequest(NULL, Object(Config\Cache), false)
#12 C:\xampp\htdocs\assurance\index.php(79): CodeIgniter\CodeIgniter->run()
#13 {main}
ERROR - 2024-07-01 20:44:10 --> mysqli_sql_exception: Unknown column 'membreId' in 'field list' in C:\xampp\htdocs\assurance\system\Database\MySQLi\Connection.php:306
Stack trace:
#0 C:\xampp\htdocs\assurance\system\Database\MySQLi\Connection.php(306): mysqli->query('INSERT INTO `ti...', 0)
#1 C:\xampp\htdocs\assurance\system\Database\BaseConnection.php(693): CodeIgniter\Database\MySQLi\Connection->execute('INSERT INTO `ti...')
#2 C:\xampp\htdocs\assurance\system\Database\BaseConnection.php(607): CodeIgniter\Database\BaseConnection->simpleQuery('INSERT INTO `ti...')
#3 C:\xampp\htdocs\assurance\system\Database\BaseBuilder.php(2308): CodeIgniter\Database\BaseConnection->query('INSERT INTO `ti...', Array, false)
#4 C:\xampp\htdocs\assurance\system\Model.php(319): CodeIgniter\Database\BaseBuilder->insert()
#5 C:\xampp\htdocs\assurance\system\BaseModel.php(788): CodeIgniter\Model->doInsert(Array)
#6 C:\xampp\htdocs\assurance\system\Model.php(715): CodeIgniter\BaseModel->insert(Array, false)
#7 C:\xampp\htdocs\assurance\system\BaseModel.php(698): CodeIgniter\Model->insert(Array, false)
#8 C:\xampp\htdocs\assurance\app\Controllers\titulaire\TitulaireCont.php(25): CodeIgniter\BaseModel->save(Array)
#9 C:\xampp\htdocs\assurance\system\CodeIgniter.php(942): App\Controllers\Titulaire\TitulaireCont->ajout_titulaire()
#10 C:\xampp\htdocs\assurance\system\CodeIgniter.php(502): CodeIgniter\CodeIgniter->runController(Object(App\Controllers\Titulaire\TitulaireCont))
#11 C:\xampp\htdocs\assurance\system\CodeIgniter.php(361): CodeIgniter\CodeIgniter->handleRequest(NULL, Object(Config\Cache), false)
#12 C:\xampp\htdocs\assurance\index.php(79): CodeIgniter\CodeIgniter->run()
#13 {main}
ERROR - 2024-07-01 20:44:12 --> mysqli_sql_exception: Unknown column 'membreId' in 'field list' in C:\xampp\htdocs\assurance\system\Database\MySQLi\Connection.php:306
Stack trace:
#0 C:\xampp\htdocs\assurance\system\Database\MySQLi\Connection.php(306): mysqli->query('INSERT INTO `ti...', 0)
#1 C:\xampp\htdocs\assurance\system\Database\BaseConnection.php(693): CodeIgniter\Database\MySQLi\Connection->execute('INSERT INTO `ti...')
#2 C:\xampp\htdocs\assurance\system\Database\BaseConnection.php(607): CodeIgniter\Database\BaseConnection->simpleQuery('INSERT INTO `ti...')
#3 C:\xampp\htdocs\assurance\system\Database\BaseBuilder.php(2308): CodeIgniter\Database\BaseConnection->query('INSERT INTO `ti...', Array, false)
#4 C:\xampp\htdocs\assurance\system\Model.php(319): CodeIgniter\Database\BaseBuilder->insert()
#5 C:\xampp\htdocs\assurance\system\BaseModel.php(788): CodeIgniter\Model->doInsert(Array)
#6 C:\xampp\htdocs\assurance\system\Model.php(715): CodeIgniter\BaseModel->insert(Array, false)
#7 C:\xampp\htdocs\assurance\system\BaseModel.php(698): CodeIgniter\Model->insert(Array, false)
#8 C:\xampp\htdocs\assurance\app\Controllers\titulaire\TitulaireCont.php(25): CodeIgniter\BaseModel->save(Array)
#9 C:\xampp\htdocs\assurance\system\CodeIgniter.php(942): App\Controllers\Titulaire\TitulaireCont->ajout_titulaire()
#10 C:\xampp\htdocs\assurance\system\CodeIgniter.php(502): CodeIgniter\CodeIgniter->runController(Object(App\Controllers\Titulaire\TitulaireCont))
#11 C:\xampp\htdocs\assurance\system\CodeIgniter.php(361): CodeIgniter\CodeIgniter->handleRequest(NULL, Object(Config\Cache), false)
#12 C:\xampp\htdocs\assurance\index.php(79): CodeIgniter\CodeIgniter->run()
#13 {main}
