ERROR - 2024-07-22 06:21:18 --> Error connecting to the database: mysqli_sql_exception: Access denied for user 'root'@'localhost' (using password: YES) in C:\xampp\htdocs\assurance\system\Database\MySQLi\Connection.php:184
Stack trace:
#0 C:\xampp\htdocs\assurance\system\Database\MySQLi\Connection.php(184): mysqli->real_connect('localhost', 'root', Object(SensitiveParameterValue), 'assurance', 3306, '', 0)
#1 C:\xampp\htdocs\assurance\system\Database\BaseConnection.php(392): CodeIgniter\Database\MySQLi\Connection->connect(false)
#2 C:\xampp\htdocs\assurance\system\Database\BaseConnection.php(575): CodeIgniter\Database\BaseConnection->initialize()
#3 C:\xampp\htdocs\assurance\system\Database\BaseBuilder.php(1615): CodeIgniter\Database\BaseConnection->query('SELECT *\nFROM `...', Array, false)
#4 C:\xampp\htdocs\assurance\system\Model.php(237): CodeIgniter\Database\BaseBuilder->get()
#5 C:\xampp\htdocs\assurance\system\BaseModel.php(624): CodeIgniter\Model->doFindAll(0, 0)
#6 C:\xampp\htdocs\assurance\app\Controllers\examen\ExamenCont.php(79): CodeIgniter\BaseModel->findAll()
#7 C:\xampp\htdocs\assurance\system\CodeIgniter.php(942): App\Controllers\examen\ExamenCont->listes_examen()
#8 C:\xampp\htdocs\assurance\system\CodeIgniter.php(502): CodeIgniter\CodeIgniter->runController(Object(App\Controllers\examen\ExamenCont))
#9 C:\xampp\htdocs\assurance\system\CodeIgniter.php(361): CodeIgniter\CodeIgniter->handleRequest(NULL, Object(Config\Cache), false)
#10 C:\xampp\htdocs\assurance\index.php(79): CodeIgniter\CodeIgniter->run()
#11 {main}

Next CodeIgniter\Database\Exceptions\DatabaseException: Access denied for user '****'@'localhost' (using password: YES) in C:\xampp\htdocs\assurance\system\Database\MySQLi\Connection.php:229
Stack trace:
#0 C:\xampp\htdocs\assurance\system\Database\BaseConnection.php(392): CodeIgniter\Database\MySQLi\Connection->connect(false)
#1 C:\xampp\htdocs\assurance\system\Database\BaseConnection.php(575): CodeIgniter\Database\BaseConnection->initialize()
#2 C:\xampp\htdocs\assurance\system\Database\BaseBuilder.php(1615): CodeIgniter\Database\BaseConnection->query('SELECT *\nFROM `...', Array, false)
#3 C:\xampp\htdocs\assurance\system\Model.php(237): CodeIgniter\Database\BaseBuilder->get()
#4 C:\xampp\htdocs\assurance\system\BaseModel.php(624): CodeIgniter\Model->doFindAll(0, 0)
#5 C:\xampp\htdocs\assurance\app\Controllers\examen\ExamenCont.php(79): CodeIgniter\BaseModel->findAll()
#6 C:\xampp\htdocs\assurance\system\CodeIgniter.php(942): App\Controllers\examen\ExamenCont->listes_examen()
#7 C:\xampp\htdocs\assurance\system\CodeIgniter.php(502): CodeIgniter\CodeIgniter->runController(Object(App\Controllers\examen\ExamenCont))
#8 C:\xampp\htdocs\assurance\system\CodeIgniter.php(361): CodeIgniter\CodeIgniter->handleRequest(NULL, Object(Config\Cache), false)
#9 C:\xampp\htdocs\assurance\index.php(79): CodeIgniter\CodeIgniter->run()
#10 {main}
CRITICAL - 2024-07-22 08:20:01 --> Undefined variable $titreBoutton
in APPPATH\Views\examen\index.php on line 875.
 1 APPPATH\Views\examen\index.php(875): CodeIgniter\Debug\Exceptions->errorHandler(2, 'Undefined variable $titreBoutton', 'C:\\xampp\\htdocs\\assurance\\app\\Views\\examen\\index.php', 875)
 2 SYSTEMPATH\View\View.php(228): include('C:\\xampp\\htdocs\\assurance\\app\\Views\\examen\\index.php')
 3 SYSTEMPATH\View\View.php(231): CodeIgniter\View\View->CodeIgniter\View\{closure}()
 4 SYSTEMPATH\Common.php(1190): CodeIgniter\View\View->render('examen/index', [], true)
 5 APPPATH\Controllers\examen\ExamenCont.php(12): view('examen/index')
 6 SYSTEMPATH\CodeIgniter.php(942): App\Controllers\examen\ExamenCont->index()
 7 SYSTEMPATH\CodeIgniter.php(502): CodeIgniter\CodeIgniter->runController(Object(App\Controllers\examen\ExamenCont))
 8 SYSTEMPATH\CodeIgniter.php(361): CodeIgniter\CodeIgniter->handleRequest(null, Object(Config\Cache), false)
 9 FCPATH\index.php(79): CodeIgniter\CodeIgniter->run()
CRITICAL - 2024-07-22 08:20:34 --> Undefined variable $titreBoutton
in APPPATH\Views\examen\index.php on line 875.
 1 APPPATH\Views\examen\index.php(875): CodeIgniter\Debug\Exceptions->errorHandler(2, 'Undefined variable $titreBoutton', 'C:\\xampp\\htdocs\\assurance\\app\\Views\\examen\\index.php', 875)
 2 SYSTEMPATH\View\View.php(228): include('C:\\xampp\\htdocs\\assurance\\app\\Views\\examen\\index.php')
 3 SYSTEMPATH\View\View.php(231): CodeIgniter\View\View->CodeIgniter\View\{closure}()
 4 SYSTEMPATH\Common.php(1190): CodeIgniter\View\View->render('examen/index', [], true)
 5 APPPATH\Controllers\examen\ExamenCont.php(12): view('examen/index')
 6 SYSTEMPATH\CodeIgniter.php(942): App\Controllers\examen\ExamenCont->index()
 7 SYSTEMPATH\CodeIgniter.php(502): CodeIgniter\CodeIgniter->runController(Object(App\Controllers\examen\ExamenCont))
 8 SYSTEMPATH\CodeIgniter.php(361): CodeIgniter\CodeIgniter->handleRequest(null, Object(Config\Cache), false)
 9 FCPATH\index.php(79): CodeIgniter\CodeIgniter->run()
CRITICAL - 2024-07-22 08:21:20 --> Undefined variable $titreBoutton
in APPPATH\Views\examen\index.php on line 875.
 1 APPPATH\Views\examen\index.php(875): CodeIgniter\Debug\Exceptions->errorHandler(2, 'Undefined variable $titreBoutton', 'C:\\xampp\\htdocs\\assurance\\app\\Views\\examen\\index.php', 875)
 2 SYSTEMPATH\View\View.php(228): include('C:\\xampp\\htdocs\\assurance\\app\\Views\\examen\\index.php')
 3 SYSTEMPATH\View\View.php(231): CodeIgniter\View\View->CodeIgniter\View\{closure}()
 4 SYSTEMPATH\Common.php(1190): CodeIgniter\View\View->render('examen/index', [], true)
 5 APPPATH\Controllers\examen\ExamenCont.php(12): view('examen/index')
 6 SYSTEMPATH\CodeIgniter.php(942): App\Controllers\examen\ExamenCont->index()
 7 SYSTEMPATH\CodeIgniter.php(502): CodeIgniter\CodeIgniter->runController(Object(App\Controllers\examen\ExamenCont))
 8 SYSTEMPATH\CodeIgniter.php(361): CodeIgniter\CodeIgniter->handleRequest(null, Object(Config\Cache), false)
 9 FCPATH\index.php(79): CodeIgniter\CodeIgniter->run()
CRITICAL - 2024-07-22 08:21:54 --> Undefined variable $titreBoutton
in APPPATH\Views\examen\index.php on line 875.
 1 APPPATH\Views\examen\index.php(875): CodeIgniter\Debug\Exceptions->errorHandler(2, 'Undefined variable $titreBoutton', 'C:\\xampp\\htdocs\\assurance\\app\\Views\\examen\\index.php', 875)
 2 SYSTEMPATH\View\View.php(228): include('C:\\xampp\\htdocs\\assurance\\app\\Views\\examen\\index.php')
 3 SYSTEMPATH\View\View.php(231): CodeIgniter\View\View->CodeIgniter\View\{closure}()
 4 SYSTEMPATH\Common.php(1190): CodeIgniter\View\View->render('examen/index', [], true)
 5 APPPATH\Controllers\examen\ExamenCont.php(18): view('examen/index')
 6 SYSTEMPATH\CodeIgniter.php(942): App\Controllers\examen\ExamenCont->lien()
 7 SYSTEMPATH\CodeIgniter.php(502): CodeIgniter\CodeIgniter->runController(Object(App\Controllers\examen\ExamenCont))
 8 SYSTEMPATH\CodeIgniter.php(361): CodeIgniter\CodeIgniter->handleRequest(null, Object(Config\Cache), false)
 9 FCPATH\index.php(79): CodeIgniter\CodeIgniter->run()
CRITICAL - 2024-07-22 08:21:56 --> Undefined variable $titreBoutton
in APPPATH\Views\examen\index.php on line 875.
 1 APPPATH\Views\examen\index.php(875): CodeIgniter\Debug\Exceptions->errorHandler(2, 'Undefined variable $titreBoutton', 'C:\\xampp\\htdocs\\assurance\\app\\Views\\examen\\index.php', 875)
 2 SYSTEMPATH\View\View.php(228): include('C:\\xampp\\htdocs\\assurance\\app\\Views\\examen\\index.php')
 3 SYSTEMPATH\View\View.php(231): CodeIgniter\View\View->CodeIgniter\View\{closure}()
 4 SYSTEMPATH\Common.php(1190): CodeIgniter\View\View->render('examen/index', [], true)
 5 APPPATH\Controllers\examen\ExamenCont.php(18): view('examen/index')
 6 SYSTEMPATH\CodeIgniter.php(942): App\Controllers\examen\ExamenCont->lien()
 7 SYSTEMPATH\CodeIgniter.php(502): CodeIgniter\CodeIgniter->runController(Object(App\Controllers\examen\ExamenCont))
 8 SYSTEMPATH\CodeIgniter.php(361): CodeIgniter\CodeIgniter->handleRequest(null, Object(Config\Cache), false)
 9 FCPATH\index.php(79): CodeIgniter\CodeIgniter->run()
CRITICAL - 2024-07-22 08:22:00 --> Undefined variable $titreBoutton
in APPPATH\Views\examen\index.php on line 875.
 1 APPPATH\Views\examen\index.php(875): CodeIgniter\Debug\Exceptions->errorHandler(2, 'Undefined variable $titreBoutton', 'C:\\xampp\\htdocs\\assurance\\app\\Views\\examen\\index.php', 875)
 2 SYSTEMPATH\View\View.php(228): include('C:\\xampp\\htdocs\\assurance\\app\\Views\\examen\\index.php')
 3 SYSTEMPATH\View\View.php(231): CodeIgniter\View\View->CodeIgniter\View\{closure}()
 4 SYSTEMPATH\Common.php(1190): CodeIgniter\View\View->render('examen/index', [], true)
 5 APPPATH\Controllers\examen\ExamenCont.php(18): view('examen/index')
 6 SYSTEMPATH\CodeIgniter.php(942): App\Controllers\examen\ExamenCont->lien()
 7 SYSTEMPATH\CodeIgniter.php(502): CodeIgniter\CodeIgniter->runController(Object(App\Controllers\examen\ExamenCont))
 8 SYSTEMPATH\CodeIgniter.php(361): CodeIgniter\CodeIgniter->handleRequest(null, Object(Config\Cache), false)
 9 FCPATH\index.php(79): CodeIgniter\CodeIgniter->run()
CRITICAL - 2024-07-22 08:22:01 --> Undefined variable $titreBoutton
in APPPATH\Views\examen\index.php on line 875.
 1 APPPATH\Views\examen\index.php(875): CodeIgniter\Debug\Exceptions->errorHandler(2, 'Undefined variable $titreBoutton', 'C:\\xampp\\htdocs\\assurance\\app\\Views\\examen\\index.php', 875)
 2 SYSTEMPATH\View\View.php(228): include('C:\\xampp\\htdocs\\assurance\\app\\Views\\examen\\index.php')
 3 SYSTEMPATH\View\View.php(231): CodeIgniter\View\View->CodeIgniter\View\{closure}()
 4 SYSTEMPATH\Common.php(1190): CodeIgniter\View\View->render('examen/index', [], true)
 5 APPPATH\Controllers\examen\ExamenCont.php(18): view('examen/index')
 6 SYSTEMPATH\CodeIgniter.php(942): App\Controllers\examen\ExamenCont->lien()
 7 SYSTEMPATH\CodeIgniter.php(502): CodeIgniter\CodeIgniter->runController(Object(App\Controllers\examen\ExamenCont))
 8 SYSTEMPATH\CodeIgniter.php(361): CodeIgniter\CodeIgniter->handleRequest(null, Object(Config\Cache), false)
 9 FCPATH\index.php(79): CodeIgniter\CodeIgniter->run()
CRITICAL - 2024-07-22 08:22:18 --> Undefined variable $titreBoutton
in APPPATH\Views\examen\index.php on line 875.
 1 APPPATH\Views\examen\index.php(875): CodeIgniter\Debug\Exceptions->errorHandler(2, 'Undefined variable $titreBoutton', 'C:\\xampp\\htdocs\\assurance\\app\\Views\\examen\\index.php', 875)
 2 SYSTEMPATH\View\View.php(228): include('C:\\xampp\\htdocs\\assurance\\app\\Views\\examen\\index.php')
 3 SYSTEMPATH\View\View.php(231): CodeIgniter\View\View->CodeIgniter\View\{closure}()
 4 SYSTEMPATH\Common.php(1190): CodeIgniter\View\View->render('examen/index', [], true)
 5 APPPATH\Controllers\examen\ExamenCont.php(12): view('examen/index')
 6 SYSTEMPATH\CodeIgniter.php(942): App\Controllers\examen\ExamenCont->index()
 7 SYSTEMPATH\CodeIgniter.php(502): CodeIgniter\CodeIgniter->runController(Object(App\Controllers\examen\ExamenCont))
 8 SYSTEMPATH\CodeIgniter.php(361): CodeIgniter\CodeIgniter->handleRequest(null, Object(Config\Cache), false)
 9 FCPATH\index.php(79): CodeIgniter\CodeIgniter->run()
CRITICAL - 2024-07-22 08:22:32 --> Undefined variable $titreBoutton
in APPPATH\Views\examen\index.php on line 875.
 1 APPPATH\Views\examen\index.php(875): CodeIgniter\Debug\Exceptions->errorHandler(2, 'Undefined variable $titreBoutton', 'C:\\xampp\\htdocs\\assurance\\app\\Views\\examen\\index.php', 875)
 2 SYSTEMPATH\View\View.php(228): include('C:\\xampp\\htdocs\\assurance\\app\\Views\\examen\\index.php')
 3 SYSTEMPATH\View\View.php(231): CodeIgniter\View\View->CodeIgniter\View\{closure}()
 4 SYSTEMPATH\Common.php(1190): CodeIgniter\View\View->render('examen/index', [], true)
 5 APPPATH\Controllers\examen\ExamenCont.php(12): view('examen/index')
 6 SYSTEMPATH\CodeIgniter.php(942): App\Controllers\examen\ExamenCont->index()
 7 SYSTEMPATH\CodeIgniter.php(502): CodeIgniter\CodeIgniter->runController(Object(App\Controllers\examen\ExamenCont))
 8 SYSTEMPATH\CodeIgniter.php(361): CodeIgniter\CodeIgniter->handleRequest(null, Object(Config\Cache), false)
 9 FCPATH\index.php(79): CodeIgniter\CodeIgniter->run()
CRITICAL - 2024-07-22 09:39:38 --> Undefined variable $titreBoutton
in APPPATH\Views\examen\index.php on line 875.
 1 APPPATH\Views\examen\index.php(875): CodeIgniter\Debug\Exceptions->errorHandler(2, 'Undefined variable $titreBoutton', 'C:\\xampp\\htdocs\\assurance\\app\\Views\\examen\\index.php', 875)
 2 SYSTEMPATH\View\View.php(228): include('C:\\xampp\\htdocs\\assurance\\app\\Views\\examen\\index.php')
 3 SYSTEMPATH\View\View.php(231): CodeIgniter\View\View->CodeIgniter\View\{closure}()
 4 SYSTEMPATH\Common.php(1190): CodeIgniter\View\View->render('examen/index', [], true)
 5 APPPATH\Controllers\examen\ExamenCont.php(12): view('examen/index')
 6 SYSTEMPATH\CodeIgniter.php(942): App\Controllers\examen\ExamenCont->index()
 7 SYSTEMPATH\CodeIgniter.php(502): CodeIgniter\CodeIgniter->runController(Object(App\Controllers\examen\ExamenCont))
 8 SYSTEMPATH\CodeIgniter.php(361): CodeIgniter\CodeIgniter->handleRequest(null, Object(Config\Cache), false)
 9 FCPATH\index.php(79): CodeIgniter\CodeIgniter->run()
ERROR - 2024-07-22 10:57:07 --> mysqli_sql_exception: Unknown column 'Exaddddddd' in 'order clause' in C:\xampp\htdocs\assurance\system\Database\MySQLi\Connection.php:306
Stack trace:
#0 C:\xampp\htdocs\assurance\system\Database\MySQLi\Connection.php(306): mysqli->query('SELECT *\nFROM `...', 0)
#1 C:\xampp\htdocs\assurance\system\Database\BaseConnection.php(693): CodeIgniter\Database\MySQLi\Connection->execute('SELECT *\nFROM `...')
#2 C:\xampp\htdocs\assurance\system\Database\BaseConnection.php(607): CodeIgniter\Database\BaseConnection->simpleQuery('SELECT *\nFROM `...')
#3 C:\xampp\htdocs\assurance\system\Database\BaseBuilder.php(1615): CodeIgniter\Database\BaseConnection->query('SELECT *\nFROM `...', Array, false)
#4 C:\xampp\htdocs\assurance\system\Model.php(199): CodeIgniter\Database\BaseBuilder->get()
#5 C:\xampp\htdocs\assurance\system\BaseModel.php(563): CodeIgniter\Model->doFind(false, NULL)
#6 C:\xampp\htdocs\assurance\app\Controllers\examen\ExamenCont.php(103): CodeIgniter\BaseModel->find()
#7 C:\xampp\htdocs\assurance\system\CodeIgniter.php(942): App\Controllers\examen\ExamenCont->listes_examen()
#8 C:\xampp\htdocs\assurance\system\CodeIgniter.php(502): CodeIgniter\CodeIgniter->runController(Object(App\Controllers\examen\ExamenCont))
#9 C:\xampp\htdocs\assurance\system\CodeIgniter.php(361): CodeIgniter\CodeIgniter->handleRequest(NULL, Object(Config\Cache), false)
#10 C:\xampp\htdocs\assurance\index.php(79): CodeIgniter\CodeIgniter->run()
#11 {main}
CRITICAL - 2024-07-22 14:51:33 --> syntax error, unexpected token ","
in APPPATH\Controllers\examen\ExamenCont.php on line 176.
 1 SYSTEMPATH\Autoloader\Autoloader.php(291): CodeIgniter\Autoloader\Autoloader->includeFile('C:\\xampp\\htdocs\\assurance\\app\\Controllers\\examen\\ExamenCont.php')
 2 SYSTEMPATH\Autoloader\Autoloader.php(269): CodeIgniter\Autoloader\Autoloader->loadInNamespace('App\\Controllers\\examen\\ExamenCont')
 3 [internal function]: CodeIgniter\Autoloader\Autoloader->loadClass('App\\Controllers\\examen\\ExamenCont')
 4 SYSTEMPATH\CodeIgniter.php(900): class_exists('\\App\\Controllers\\examen\\ExamenCont', true)
 5 SYSTEMPATH\CodeIgniter.php(489): CodeIgniter\CodeIgniter->startController()
 6 SYSTEMPATH\CodeIgniter.php(361): CodeIgniter\CodeIgniter->handleRequest(null, Object(Config\Cache), false)
 7 FCPATH\index.php(79): CodeIgniter\CodeIgniter->run()
CRITICAL - 2024-07-22 14:51:34 --> syntax error, unexpected token ","
in APPPATH\Controllers\examen\ExamenCont.php on line 176.
 1 SYSTEMPATH\Autoloader\Autoloader.php(291): CodeIgniter\Autoloader\Autoloader->includeFile('C:\\xampp\\htdocs\\assurance\\app\\Controllers\\examen\\ExamenCont.php')
 2 SYSTEMPATH\Autoloader\Autoloader.php(269): CodeIgniter\Autoloader\Autoloader->loadInNamespace('App\\Controllers\\examen\\ExamenCont')
 3 [internal function]: CodeIgniter\Autoloader\Autoloader->loadClass('App\\Controllers\\examen\\ExamenCont')
 4 SYSTEMPATH\CodeIgniter.php(900): class_exists('\\App\\Controllers\\examen\\ExamenCont', true)
 5 SYSTEMPATH\CodeIgniter.php(489): CodeIgniter\CodeIgniter->startController()
 6 SYSTEMPATH\CodeIgniter.php(361): CodeIgniter\CodeIgniter->handleRequest(null, Object(Config\Cache), false)
 7 FCPATH\index.php(79): CodeIgniter\CodeIgniter->run()
