ERROR - 2024-10-20 15:27:24 --> mysqli_sql_exception: Unknown column 'titulaire.nom_user' in 'field list' in E:\Wamp64\www\Assurance\system\Database\MySQLi\Connection.php:306
Stack trace:
#0 E:\Wamp64\www\Assurance\system\Database\MySQLi\Connection.php(306): mysqli->query('SELECT CONCAT(t...', 0)
#1 E:\Wamp64\www\Assurance\system\Database\BaseConnection.php(693): CodeIgniter\Database\MySQLi\Connection->execute('SELECT CONCAT(t...')
#2 E:\Wamp64\www\Assurance\system\Database\BaseConnection.php(607): CodeIgniter\Database\BaseConnection->simpleQuery('SELECT CONCAT(t...')
#3 E:\Wamp64\www\Assurance\system\Database\BaseBuilder.php(1615): CodeIgniter\Database\BaseConnection->query('SELECT CONCAT(t...', Array, false)
#4 E:\Wamp64\www\Assurance\system\Model.php(196): CodeIgniter\Database\BaseBuilder->get()
#5 E:\Wamp64\www\Assurance\system\BaseModel.php(563): CodeIgniter\Model->doFind(true, '3')
#6 E:\Wamp64\www\Assurance\app\Controllers\Consultation\ConsultationCont.php(1750): CodeIgniter\BaseModel->find('3')
#7 E:\Wamp64\www\Assurance\system\CodeIgniter.php(942): App\Controllers\consultation\ConsultationCont->listes_envoie_labo()
#8 E:\Wamp64\www\Assurance\system\CodeIgniter.php(502): CodeIgniter\CodeIgniter->runController(Object(App\Controllers\consultation\ConsultationCont))
#9 E:\Wamp64\www\Assurance\system\CodeIgniter.php(361): CodeIgniter\CodeIgniter->handleRequest(NULL, Object(Config\Cache), false)
#10 E:\Wamp64\www\Assurance\index.php(79): CodeIgniter\CodeIgniter->run()
#11 {main}
ERROR - 2024-10-20 15:27:46 --> mysqli_sql_exception: Unknown column 'titulaire.nom_user' in 'field list' in E:\Wamp64\www\Assurance\system\Database\MySQLi\Connection.php:306
Stack trace:
#0 E:\Wamp64\www\Assurance\system\Database\MySQLi\Connection.php(306): mysqli->query('SELECT CONCAT(t...', 0)
#1 E:\Wamp64\www\Assurance\system\Database\BaseConnection.php(693): CodeIgniter\Database\MySQLi\Connection->execute('SELECT CONCAT(t...')
#2 E:\Wamp64\www\Assurance\system\Database\BaseConnection.php(607): CodeIgniter\Database\BaseConnection->simpleQuery('SELECT CONCAT(t...')
#3 E:\Wamp64\www\Assurance\system\Database\BaseBuilder.php(1615): CodeIgniter\Database\BaseConnection->query('SELECT CONCAT(t...', Array, false)
#4 E:\Wamp64\www\Assurance\system\Model.php(196): CodeIgniter\Database\BaseBuilder->get()
#5 E:\Wamp64\www\Assurance\system\BaseModel.php(563): CodeIgniter\Model->doFind(true, '3')
#6 E:\Wamp64\www\Assurance\app\Controllers\Consultation\ConsultationCont.php(1750): CodeIgniter\BaseModel->find('3')
#7 E:\Wamp64\www\Assurance\system\CodeIgniter.php(942): App\Controllers\consultation\ConsultationCont->listes_envoie_labo()
#8 E:\Wamp64\www\Assurance\system\CodeIgniter.php(502): CodeIgniter\CodeIgniter->runController(Object(App\Controllers\consultation\ConsultationCont))
#9 E:\Wamp64\www\Assurance\system\CodeIgniter.php(361): CodeIgniter\CodeIgniter->handleRequest(NULL, Object(Config\Cache), false)
#10 E:\Wamp64\www\Assurance\index.php(79): CodeIgniter\CodeIgniter->run()
#11 {main}
ERROR - 2024-10-20 20:41:18 --> mysqli_sql_exception: Expression #2 of SELECT list is not in GROUP BY clause and contains nonaggregated column 'assurance.envoie_labo.typeDestinataire' which is not functionally dependent on columns in GROUP BY clause; this is incompatible with sql_mode=only_full_group_by in E:\Wamp64\www\Assurance\system\Database\MySQLi\Connection.php:306
Stack trace:
#0 E:\Wamp64\www\Assurance\system\Database\MySQLi\Connection.php(306): mysqli->query('SELECT `envoie_...', 0)
#1 E:\Wamp64\www\Assurance\system\Database\BaseConnection.php(693): CodeIgniter\Database\MySQLi\Connection->execute('SELECT `envoie_...')
#2 E:\Wamp64\www\Assurance\system\Database\BaseConnection.php(607): CodeIgniter\Database\BaseConnection->simpleQuery('SELECT `envoie_...')
#3 E:\Wamp64\www\Assurance\system\Database\BaseBuilder.php(1615): CodeIgniter\Database\BaseConnection->query('SELECT `envoie_...', Array, false)
#4 E:\Wamp64\www\Assurance\system\Model.php(237): CodeIgniter\Database\BaseBuilder->get()
#5 E:\Wamp64\www\Assurance\system\BaseModel.php(624): CodeIgniter\Model->doFindAll(0, 0)
#6 E:\Wamp64\www\Assurance\app\Controllers\Consultation\ConsultationCont.php(2153): CodeIgniter\BaseModel->findAll()
#7 E:\Wamp64\www\Assurance\app\Controllers\Consultation\ConsultationCont.php(950): App\Controllers\consultation\ConsultationCont->verif_visite('34', Object(CodeIgniter\Database\MySQLi\Connection))
#8 E:\Wamp64\www\Assurance\system\CodeIgniter.php(942): App\Controllers\consultation\ConsultationCont->add_Examen()
#9 E:\Wamp64\www\Assurance\system\CodeIgniter.php(502): CodeIgniter\CodeIgniter->runController(Object(App\Controllers\consultation\ConsultationCont))
#10 E:\Wamp64\www\Assurance\system\CodeIgniter.php(361): CodeIgniter\CodeIgniter->handleRequest(NULL, Object(Config\Cache), false)
#11 E:\Wamp64\www\Assurance\index.php(79): CodeIgniter\CodeIgniter->run()
#12 {main}
ERROR - 2024-10-20 20:42:59 --> mysqli_sql_exception: Expression #2 of SELECT list is not in GROUP BY clause and contains nonaggregated column 'assurance.envoie_labo.typeDestinataire' which is not functionally dependent on columns in GROUP BY clause; this is incompatible with sql_mode=only_full_group_by in E:\Wamp64\www\Assurance\system\Database\MySQLi\Connection.php:306
Stack trace:
#0 E:\Wamp64\www\Assurance\system\Database\MySQLi\Connection.php(306): mysqli->query('SELECT `envoie_...', 0)
#1 E:\Wamp64\www\Assurance\system\Database\BaseConnection.php(693): CodeIgniter\Database\MySQLi\Connection->execute('SELECT `envoie_...')
#2 E:\Wamp64\www\Assurance\system\Database\BaseConnection.php(607): CodeIgniter\Database\BaseConnection->simpleQuery('SELECT `envoie_...')
#3 E:\Wamp64\www\Assurance\system\Database\BaseBuilder.php(1615): CodeIgniter\Database\BaseConnection->query('SELECT `envoie_...', Array, false)
#4 E:\Wamp64\www\Assurance\system\Model.php(237): CodeIgniter\Database\BaseBuilder->get()
#5 E:\Wamp64\www\Assurance\system\BaseModel.php(624): CodeIgniter\Model->doFindAll(0, 0)
#6 E:\Wamp64\www\Assurance\app\Controllers\Consultation\ConsultationCont.php(2153): CodeIgniter\BaseModel->findAll()
#7 E:\Wamp64\www\Assurance\app\Controllers\Consultation\ConsultationCont.php(950): App\Controllers\consultation\ConsultationCont->verif_visite('34', Object(CodeIgniter\Database\MySQLi\Connection))
#8 E:\Wamp64\www\Assurance\system\CodeIgniter.php(942): App\Controllers\consultation\ConsultationCont->add_Examen()
#9 E:\Wamp64\www\Assurance\system\CodeIgniter.php(502): CodeIgniter\CodeIgniter->runController(Object(App\Controllers\consultation\ConsultationCont))
#10 E:\Wamp64\www\Assurance\system\CodeIgniter.php(361): CodeIgniter\CodeIgniter->handleRequest(NULL, Object(Config\Cache), false)
#11 E:\Wamp64\www\Assurance\index.php(79): CodeIgniter\CodeIgniter->run()
#12 {main}
ERROR - 2024-10-20 20:43:39 --> mysqli_sql_exception: Expression #2 of SELECT list is not in GROUP BY clause and contains nonaggregated column 'assurance.envoie_labo.typeDestinataire' which is not functionally dependent on columns in GROUP BY clause; this is incompatible with sql_mode=only_full_group_by in E:\Wamp64\www\Assurance\system\Database\MySQLi\Connection.php:306
Stack trace:
#0 E:\Wamp64\www\Assurance\system\Database\MySQLi\Connection.php(306): mysqli->query('SELECT `envoie_...', 0)
#1 E:\Wamp64\www\Assurance\system\Database\BaseConnection.php(693): CodeIgniter\Database\MySQLi\Connection->execute('SELECT `envoie_...')
#2 E:\Wamp64\www\Assurance\system\Database\BaseConnection.php(607): CodeIgniter\Database\BaseConnection->simpleQuery('SELECT `envoie_...')
#3 E:\Wamp64\www\Assurance\system\Database\BaseBuilder.php(1615): CodeIgniter\Database\BaseConnection->query('SELECT `envoie_...', Array, false)
#4 E:\Wamp64\www\Assurance\system\Model.php(237): CodeIgniter\Database\BaseBuilder->get()
#5 E:\Wamp64\www\Assurance\system\BaseModel.php(624): CodeIgniter\Model->doFindAll(0, 0)
#6 E:\Wamp64\www\Assurance\app\Controllers\Consultation\ConsultationCont.php(2153): CodeIgniter\BaseModel->findAll()
#7 E:\Wamp64\www\Assurance\app\Controllers\Consultation\ConsultationCont.php(950): App\Controllers\consultation\ConsultationCont->verif_visite('34', Object(CodeIgniter\Database\MySQLi\Connection))
#8 E:\Wamp64\www\Assurance\system\CodeIgniter.php(942): App\Controllers\consultation\ConsultationCont->add_Examen()
#9 E:\Wamp64\www\Assurance\system\CodeIgniter.php(502): CodeIgniter\CodeIgniter->runController(Object(App\Controllers\consultation\ConsultationCont))
#10 E:\Wamp64\www\Assurance\system\CodeIgniter.php(361): CodeIgniter\CodeIgniter->handleRequest(NULL, Object(Config\Cache), false)
#11 E:\Wamp64\www\Assurance\index.php(79): CodeIgniter\CodeIgniter->run()
#12 {main}
ERROR - 2024-10-20 21:31:50 --> mysqli_sql_exception: Unknown column 'detailconsultation.idconsultationcpn' in 'where clause' in E:\Wamp64\www\Assurance\system\Database\MySQLi\Connection.php:306
Stack trace:
#0 E:\Wamp64\www\Assurance\system\Database\MySQLi\Connection.php(306): mysqli->query('SELECT *\nFROM `...', 0)
#1 E:\Wamp64\www\Assurance\system\Database\BaseConnection.php(693): CodeIgniter\Database\MySQLi\Connection->execute('SELECT *\nFROM `...')
#2 E:\Wamp64\www\Assurance\system\Database\BaseConnection.php(607): CodeIgniter\Database\BaseConnection->simpleQuery('SELECT *\nFROM `...')
#3 E:\Wamp64\www\Assurance\system\Database\BaseBuilder.php(1615): CodeIgniter\Database\BaseConnection->query('SELECT *\nFROM `...', Array, false)
#4 E:\Wamp64\www\Assurance\system\Model.php(237): CodeIgniter\Database\BaseBuilder->get()
#5 E:\Wamp64\www\Assurance\system\BaseModel.php(624): CodeIgniter\Model->doFindAll(0, 0)
#6 E:\Wamp64\www\Assurance\app\Controllers\BaseController.php(198): CodeIgniter\BaseModel->findAll()
#7 E:\Wamp64\www\Assurance\app\Controllers\cpn\CpnCont.php(230): App\Controllers\BaseController->verif_CPN('26', Object(CodeIgniter\Database\MySQLi\Connection))
#8 E:\Wamp64\www\Assurance\system\CodeIgniter.php(942): App\Controllers\cpn\CpnCont->add_Examen_cpn()
#9 E:\Wamp64\www\Assurance\system\CodeIgniter.php(502): CodeIgniter\CodeIgniter->runController(Object(App\Controllers\cpn\CpnCont))
#10 E:\Wamp64\www\Assurance\system\CodeIgniter.php(361): CodeIgniter\CodeIgniter->handleRequest(NULL, Object(Config\Cache), false)
#11 E:\Wamp64\www\Assurance\index.php(79): CodeIgniter\CodeIgniter->run()
#12 {main}
